[0.034s] Invoking command in '/home/team100/roboracer_116_lehigh/team_ws/src/build/apriltag_ros': AMENT_PREFIX_PATH=/home/team100/team_ws/src/install/apriltag_msgs:${AMENT_PREFIX_PATH} CMAKE_PREFIX_PATH=/home/team100/roboracer_116_lehigh/team_ws/src/install/apriltag_msgs:/home/team100/roboracer_116_lehigh/team_ws/src/install/apriltag:/home/team100/roboracer_116_lehigh/team_ws/install/apriltag_ros:/home/team100/roboracer_116_lehigh/team_ws/install/apriltag_msgs:/home/team100/roboracer_116_lehigh/team_ws/install/apriltag:/home/team100/roboracer_116_lehigh/team_ws/install/e116:/opt/ros/humble LD_LIBRARY_PATH=/home/team100/team_ws/src/install/apriltag_msgs/lib:/home/team100/roboracer_116_lehigh/team_ws/src/install/apriltag_msgs/lib:/home/team100/roboracer_116_lehigh/team_ws/src/install/apriltag/lib:${LD_LIBRARY_PATH} PATH=/home/team100/roboracer_116_lehigh/team_ws/src/install/apriltag/bin:${PATH} PKG_CONFIG_PATH=/home/team100/roboracer_116_lehigh/team_ws/src/install/apriltag/lib/aarch64-linux-gnu/pkgconfig:/home/team100/roboracer_116_lehigh/team_ws/src/install/apriltag/lib/pkgconfig:${PKG_CONFIG_PATH} PYTHONPATH=/home/team100/team_ws/src/install/apriltag_msgs/local/lib/python3.10/dist-packages:/home/team100/roboracer_116_lehigh/team_ws/src/install/apriltag/lib/python3.10/site-packages:${PYTHONPATH} /usr/bin/cmake --build /home/team100/roboracer_116_lehigh/team_ws/src/build/apriltag_ros -- -j6 -l6
[0.050s] [0mCMake Error: The current CMakeCache.txt directory /home/team100/roboracer_116_lehigh/team_ws/src/build/apriltag_ros/CMakeCache.txt is different than the directory /home/team100/team_ws/src/build/apriltag_ros where CMakeCache.txt was created. This may result in binaries being created in the wrong place. If you are not sure, reedit the CMakeCache.txt[0m
[0.129s] -- Found rclcpp: 16.0.18 (/opt/ros/humble/share/rclcpp/cmake)
[0.530s] -- Found rosidl_generator_c: 3.1.8 (/opt/ros/humble/share/rosidl_generator_c/cmake)
[0.535s] -- Found rosidl_adapter: 3.1.8 (/opt/ros/humble/share/rosidl_adapter/cmake)
[0.548s] -- Found rosidl_generator_cpp: 3.1.8 (/opt/ros/humble/share/rosidl_generator_cpp/cmake)
[0.571s] -- Using all available rosidl_typesupport_c: rosidl_typesupport_fastrtps_c;rosidl_typesupport_introspection_c
[0.597s] -- Using all available rosidl_typesupport_cpp: rosidl_typesupport_fastrtps_cpp;rosidl_typesupport_introspection_cpp
[0.683s] -- Found rmw_implementation_cmake: 6.1.2 (/opt/ros/humble/share/rmw_implementation_cmake/cmake)
[0.689s] -- Found rmw_fastrtps_cpp: 6.2.10 (/opt/ros/humble/share/rmw_fastrtps_cpp/cmake)
[0.930s] -- Using RMW implementation 'rmw_fastrtps_cpp' as default
[1.058s] -- Found rclcpp_components: 16.0.18 (/opt/ros/humble/share/rclcpp_components/cmake)
[1.109s] -- Found sensor_msgs: 4.9.1 (/opt/ros/humble/share/sensor_msgs/cmake)
[1.185s] -- Found apriltag_msgs: 2.0.1 (/home/team100/team_ws/src/install/apriltag_msgs/share/apriltag_msgs/cmake)
[1.215s] -- Found tf2_ros: 0.25.19 (/opt/ros/humble/share/tf2_ros/cmake)
[1.380s] -- Found image_transport: 3.1.12 (/opt/ros/humble/share/image_transport/cmake)
[1.417s] -- Found cv_bridge: 3.2.1 (/opt/ros/humble/share/cv_bridge/cmake)
[1.455s] -- Found ament_lint_auto: 0.12.15 (/opt/ros/humble/share/ament_lint_auto/cmake)
[1.673s] -- Added test 'clang_format' to check C / C++ code style
[1.684s] -- Added test 'cppcheck' to perform static code analysis on C / C++ code
[1.684s] -- Configured cppcheck include dirs: 
[1.684s] -- Configured cppcheck exclude dirs and/or files: 
[1.689s] -- Configuring done
[1.783s] -- Generating done
[1.807s] -- Build files have been written to: /home/team100/team_ws/src/build/apriltag_ros
[1.880s] [35m[1mConsolidate compiler generated dependencies of target tags[0m
[1.880s] [35m[1mConsolidate compiler generated dependencies of target conversion[0m
[1.886s] [35m[1mConsolidate compiler generated dependencies of target apriltag_node[0m
[1.906s] [ 20%] Built target tags
[1.931s] [ 40%] Built target conversion
[1.947s] [ 50%] [32mBuilding CXX object CMakeFiles/apriltag_node.dir/rclcpp_components/node_main_apriltag_node.cpp.o[0m
[1.960s] [35m[1mConsolidate compiler generated dependencies of target pose_estimation[0m
[1.991s] [ 70%] Built target pose_estimation
[2.025s] [35m[1mConsolidate compiler generated dependencies of target AprilTagNode[0m
[2.074s] [ 90%] Built target AprilTagNode
[9.671s] [100%] [32m[1mLinking CXX executable apriltag_node[0m
[9.961s] [100%] Built target apriltag_node
[9.987s] Invoked command in '/home/team100/roboracer_116_lehigh/team_ws/src/build/apriltag_ros' returned '0': AMENT_PREFIX_PATH=/home/team100/team_ws/src/install/apriltag_msgs:${AMENT_PREFIX_PATH} CMAKE_PREFIX_PATH=/home/team100/roboracer_116_lehigh/team_ws/src/install/apriltag_msgs:/home/team100/roboracer_116_lehigh/team_ws/src/install/apriltag:/home/team100/roboracer_116_lehigh/team_ws/install/apriltag_ros:/home/team100/roboracer_116_lehigh/team_ws/install/apriltag_msgs:/home/team100/roboracer_116_lehigh/team_ws/install/apriltag:/home/team100/roboracer_116_lehigh/team_ws/install/e116:/opt/ros/humble LD_LIBRARY_PATH=/home/team100/team_ws/src/install/apriltag_msgs/lib:/home/team100/roboracer_116_lehigh/team_ws/src/install/apriltag_msgs/lib:/home/team100/roboracer_116_lehigh/team_ws/src/install/apriltag/lib:${LD_LIBRARY_PATH} PATH=/home/team100/roboracer_116_lehigh/team_ws/src/install/apriltag/bin:${PATH} PKG_CONFIG_PATH=/home/team100/roboracer_116_lehigh/team_ws/src/install/apriltag/lib/aarch64-linux-gnu/pkgconfig:/home/team100/roboracer_116_lehigh/team_ws/src/install/apriltag/lib/pkgconfig:${PKG_CONFIG_PATH} PYTHONPATH=/home/team100/team_ws/src/install/apriltag_msgs/local/lib/python3.10/dist-packages:/home/team100/roboracer_116_lehigh/team_ws/src/install/apriltag/lib/python3.10/site-packages:${PYTHONPATH} /usr/bin/cmake --build /home/team100/roboracer_116_lehigh/team_ws/src/build/apriltag_ros -- -j6 -l6
[9.992s] Invoking command in '/home/team100/roboracer_116_lehigh/team_ws/src/build/apriltag_ros': AMENT_PREFIX_PATH=/home/team100/team_ws/src/install/apriltag_msgs:${AMENT_PREFIX_PATH} CMAKE_PREFIX_PATH=/home/team100/roboracer_116_lehigh/team_ws/src/install/apriltag_msgs:/home/team100/roboracer_116_lehigh/team_ws/src/install/apriltag:/home/team100/roboracer_116_lehigh/team_ws/install/apriltag_ros:/home/team100/roboracer_116_lehigh/team_ws/install/apriltag_msgs:/home/team100/roboracer_116_lehigh/team_ws/install/apriltag:/home/team100/roboracer_116_lehigh/team_ws/install/e116:/opt/ros/humble LD_LIBRARY_PATH=/home/team100/team_ws/src/install/apriltag_msgs/lib:/home/team100/roboracer_116_lehigh/team_ws/src/install/apriltag_msgs/lib:/home/team100/roboracer_116_lehigh/team_ws/src/install/apriltag/lib:${LD_LIBRARY_PATH} PATH=/home/team100/roboracer_116_lehigh/team_ws/src/install/apriltag/bin:${PATH} PKG_CONFIG_PATH=/home/team100/roboracer_116_lehigh/team_ws/src/install/apriltag/lib/aarch64-linux-gnu/pkgconfig:/home/team100/roboracer_116_lehigh/team_ws/src/install/apriltag/lib/pkgconfig:${PKG_CONFIG_PATH} PYTHONPATH=/home/team100/team_ws/src/install/apriltag_msgs/local/lib/python3.10/dist-packages:/home/team100/roboracer_116_lehigh/team_ws/src/install/apriltag/lib/python3.10/site-packages:${PYTHONPATH} /usr/bin/cmake --install /home/team100/roboracer_116_lehigh/team_ws/src/build/apriltag_ros
[10.010s] -- Install configuration: ""
[10.012s] -- Up-to-date: /home/team100/team_ws/src/install/apriltag_ros/lib/apriltag_ros/apriltag_node
[10.014s] -- Up-to-date: /home/team100/team_ws/src/install/apriltag_ros/share/apriltag_ros/environment/library_path.sh
[10.014s] -- Installing: /home/team100/team_ws/src/install/apriltag_ros/share/apriltag_ros/environment/library_path.dsv
[10.016s] -- Up-to-date: /home/team100/team_ws/src/install/apriltag_ros/lib/libAprilTagNode.so
[10.016s] -- Up-to-date: /home/team100/team_ws/src/install/apriltag_ros/share/apriltag_ros/cfg
[10.017s] -- Up-to-date: /home/team100/team_ws/src/install/apriltag_ros/share/apriltag_ros/cfg/tags_36h11.yaml
[10.017s] -- Up-to-date: /home/team100/team_ws/src/install/apriltag_ros/share/apriltag_ros/launch
[10.018s] -- Up-to-date: /home/team100/team_ws/src/install/apriltag_ros/share/apriltag_ros/launch/rs2camera_tag.launch.yml
[10.018s] -- Up-to-date: /home/team100/team_ws/src/install/apriltag_ros/share/apriltag_ros/launch/camera_36h11.launch.yml
[10.018s] -- Up-to-date: /home/team100/team_ws/src/install/apriltag_ros/share/ament_index/resource_index/package_run_dependencies/apriltag_ros
[10.019s] -- Installing: /home/team100/team_ws/src/install/apriltag_ros/share/ament_index/resource_index/parent_prefix_path/apriltag_ros
[10.019s] -- Up-to-date: /home/team100/team_ws/src/install/apriltag_ros/share/apriltag_ros/environment/ament_prefix_path.sh
[10.019s] -- Installing: /home/team100/team_ws/src/install/apriltag_ros/share/apriltag_ros/environment/ament_prefix_path.dsv
[10.019s] -- Up-to-date: /home/team100/team_ws/src/install/apriltag_ros/share/apriltag_ros/environment/path.sh
[10.020s] -- Installing: /home/team100/team_ws/src/install/apriltag_ros/share/apriltag_ros/environment/path.dsv
[10.020s] -- Up-to-date: /home/team100/team_ws/src/install/apriltag_ros/share/apriltag_ros/local_setup.bash
[10.020s] -- Up-to-date: /home/team100/team_ws/src/install/apriltag_ros/share/apriltag_ros/local_setup.sh
[10.021s] -- Up-to-date: /home/team100/team_ws/src/install/apriltag_ros/share/apriltag_ros/local_setup.zsh
[10.021s] -- Installing: /home/team100/team_ws/src/install/apriltag_ros/share/apriltag_ros/local_setup.dsv
[10.021s] -- Installing: /home/team100/team_ws/src/install/apriltag_ros/share/apriltag_ros/package.dsv
[10.021s] -- Up-to-date: /home/team100/team_ws/src/install/apriltag_ros/share/ament_index/resource_index/packages/apriltag_ros
[10.022s] -- Up-to-date: /home/team100/team_ws/src/install/apriltag_ros/share/ament_index/resource_index/rclcpp_components/apriltag_ros
[10.022s] -- Up-to-date: /home/team100/team_ws/src/install/apriltag_ros/share/apriltag_ros/cmake/apriltag_rosConfig.cmake
[10.022s] -- Up-to-date: /home/team100/team_ws/src/install/apriltag_ros/share/apriltag_ros/cmake/apriltag_rosConfig-version.cmake
[10.023s] -- Up-to-date: /home/team100/team_ws/src/install/apriltag_ros/share/apriltag_ros/package.xml
[10.027s] Invoked command in '/home/team100/roboracer_116_lehigh/team_ws/src/build/apriltag_ros' returned '0': AMENT_PREFIX_PATH=/home/team100/team_ws/src/install/apriltag_msgs:${AMENT_PREFIX_PATH} CMAKE_PREFIX_PATH=/home/team100/roboracer_116_lehigh/team_ws/src/install/apriltag_msgs:/home/team100/roboracer_116_lehigh/team_ws/src/install/apriltag:/home/team100/roboracer_116_lehigh/team_ws/install/apriltag_ros:/home/team100/roboracer_116_lehigh/team_ws/install/apriltag_msgs:/home/team100/roboracer_116_lehigh/team_ws/install/apriltag:/home/team100/roboracer_116_lehigh/team_ws/install/e116:/opt/ros/humble LD_LIBRARY_PATH=/home/team100/team_ws/src/install/apriltag_msgs/lib:/home/team100/roboracer_116_lehigh/team_ws/src/install/apriltag_msgs/lib:/home/team100/roboracer_116_lehigh/team_ws/src/install/apriltag/lib:${LD_LIBRARY_PATH} PATH=/home/team100/roboracer_116_lehigh/team_ws/src/install/apriltag/bin:${PATH} PKG_CONFIG_PATH=/home/team100/roboracer_116_lehigh/team_ws/src/install/apriltag/lib/aarch64-linux-gnu/pkgconfig:/home/team100/roboracer_116_lehigh/team_ws/src/install/apriltag/lib/pkgconfig:${PKG_CONFIG_PATH} PYTHONPATH=/home/team100/team_ws/src/install/apriltag_msgs/local/lib/python3.10/dist-packages:/home/team100/roboracer_116_lehigh/team_ws/src/install/apriltag/lib/python3.10/site-packages:${PYTHONPATH} /usr/bin/cmake --install /home/team100/roboracer_116_lehigh/team_ws/src/build/apriltag_ros
