[0.263s] DEBUG:colcon:Command line arguments: ['/usr/bin/colcon', 'build']
[0.263s] DEBUG:colcon:Parsed command line arguments: Namespace(log_base=None, log_level=None, verb_name='build', build_base='build', install_base='install', merge_install=False, symlink_install=False, test_result_base=None, continue_on_error=False, executor='parallel', parallel_workers=6, event_handlers=None, ignore_user_meta=False, metas=['./colcon.meta'], base_paths=['.'], packages_ignore=None, packages_ignore_regex=None, paths=None, packages_up_to=None, packages_up_to_regex=None, packages_above=None, packages_above_and_dependencies=None, packages_above_depth=None, packages_select_by_dep=None, packages_skip_by_dep=None, packages_skip_up_to=None, packages_select_build_failed=False, packages_skip_build_finished=False, packages_select_test_failures=False, packages_skip_test_passed=False, packages_select=None, packages_skip=None, packages_select_regex=None, packages_skip_regex=None, packages_start=None, packages_end=None, allow_overriding=[], cmake_args=None, cmake_target=None, cmake_target_skip_unavailable=False, cmake_clean_cache=False, cmake_clean_first=False, cmake_force_configure=False, ament_cmake_args=None, catkin_cmake_args=None, catkin_skip_building_tests=False, mixin_files=None, mixin=None, verb_parser=<colcon_mixin.mixin.mixin_argument.MixinArgumentDecorator object at 0xffffa4462590>, verb_extension=<colcon_core.verb.build.BuildVerb object at 0xffffa4461d80>, main=<bound method BuildVerb.main of <colcon_core.verb.build.BuildVerb object at 0xffffa4461d80>>, mixin_verb=('build',))
[0.667s] Level 1:colcon.colcon_core.package_discovery:discover_packages(colcon_meta) check parameters
[0.667s] Level 1:colcon.colcon_core.package_discovery:discover_packages(recursive) check parameters
[0.667s] Level 1:colcon.colcon_core.package_discovery:discover_packages(ignore) check parameters
[0.667s] Level 1:colcon.colcon_core.package_discovery:discover_packages(path) check parameters
[0.668s] Level 1:colcon.colcon_core.package_discovery:discover_packages(colcon_meta) discover
[0.668s] Level 1:colcon.colcon_core.package_discovery:discover_packages(recursive) discover
[0.668s] INFO:colcon.colcon_core.package_discovery:Crawling recursively for packages in '/home/team100/team_ws'
[0.668s] Level 1:colcon.colcon_core.package_identification:_identify(.) by extensions ['ignore', 'ignore_ament_install']
[0.668s] Level 1:colcon.colcon_core.package_identification:_identify(.) by extension 'ignore'
[0.669s] Level 1:colcon.colcon_core.package_identification:_identify(.) by extension 'ignore_ament_install'
[0.669s] Level 1:colcon.colcon_core.package_identification:_identify(.) by extensions ['colcon_pkg']
[0.669s] Level 1:colcon.colcon_core.package_identification:_identify(.) by extension 'colcon_pkg'
[0.669s] Level 1:colcon.colcon_core.package_identification:_identify(.) by extensions ['colcon_meta']
[0.669s] Level 1:colcon.colcon_core.package_identification:_identify(.) by extension 'colcon_meta'
[0.669s] Level 1:colcon.colcon_core.package_identification:_identify(.) by extensions ['ros']
[0.669s] Level 1:colcon.colcon_core.package_identification:_identify(.) by extension 'ros'
[0.700s] Level 1:colcon.colcon_core.package_identification:_identify(.) by extensions ['cmake', 'python']
[0.700s] Level 1:colcon.colcon_core.package_identification:_identify(.) by extension 'cmake'
[0.700s] Level 1:colcon.colcon_core.package_identification:_identify(.) by extension 'python'
[0.701s] Level 1:colcon.colcon_core.package_identification:_identify(.) by extensions ['python_setup_py']
[0.701s] Level 1:colcon.colcon_core.package_identification:_identify(.) by extension 'python_setup_py'
[0.701s] Level 1:colcon.colcon_core.package_identification:_identify(build) by extensions ['ignore', 'ignore_ament_install']
[0.701s] Level 1:colcon.colcon_core.package_identification:_identify(build) by extension 'ignore'
[0.701s] Level 1:colcon.colcon_core.package_identification:_identify(build) ignored
[0.702s] Level 1:colcon.colcon_core.package_identification:_identify(install) by extensions ['ignore', 'ignore_ament_install']
[0.702s] Level 1:colcon.colcon_core.package_identification:_identify(install) by extension 'ignore'
[0.702s] Level 1:colcon.colcon_core.package_identification:_identify(install) ignored
[0.702s] Level 1:colcon.colcon_core.package_identification:_identify(log) by extensions ['ignore', 'ignore_ament_install']
[0.702s] Level 1:colcon.colcon_core.package_identification:_identify(log) by extension 'ignore'
[0.703s] Level 1:colcon.colcon_core.package_identification:_identify(log) ignored
[0.703s] Level 1:colcon.colcon_core.package_identification:_identify(src) by extensions ['ignore', 'ignore_ament_install']
[0.703s] Level 1:colcon.colcon_core.package_identification:_identify(src) by extension 'ignore'
[0.703s] Level 1:colcon.colcon_core.package_identification:_identify(src) by extension 'ignore_ament_install'
[0.703s] Level 1:colcon.colcon_core.package_identification:_identify(src) by extensions ['colcon_pkg']
[0.703s] Level 1:colcon.colcon_core.package_identification:_identify(src) by extension 'colcon_pkg'
[0.703s] Level 1:colcon.colcon_core.package_identification:_identify(src) by extensions ['colcon_meta']
[0.703s] Level 1:colcon.colcon_core.package_identification:_identify(src) by extension 'colcon_meta'
[0.704s] Level 1:colcon.colcon_core.package_identification:_identify(src) by extensions ['ros']
[0.704s] Level 1:colcon.colcon_core.package_identification:_identify(src) by extension 'ros'
[0.704s] Level 1:colcon.colcon_core.package_identification:_identify(src) by extensions ['cmake', 'python']
[0.704s] Level 1:colcon.colcon_core.package_identification:_identify(src) by extension 'cmake'
[0.704s] Level 1:colcon.colcon_core.package_identification:_identify(src) by extension 'python'
[0.704s] Level 1:colcon.colcon_core.package_identification:_identify(src) by extensions ['python_setup_py']
[0.704s] Level 1:colcon.colcon_core.package_identification:_identify(src) by extension 'python_setup_py'
[0.704s] Level 1:colcon.colcon_core.package_identification:_identify(src/apriltag) by extensions ['ignore', 'ignore_ament_install']
[0.705s] Level 1:colcon.colcon_core.package_identification:_identify(src/apriltag) by extension 'ignore'
[0.705s] Level 1:colcon.colcon_core.package_identification:_identify(src/apriltag) by extension 'ignore_ament_install'
[0.705s] Level 1:colcon.colcon_core.package_identification:_identify(src/apriltag) by extensions ['colcon_pkg']
[0.705s] Level 1:colcon.colcon_core.package_identification:_identify(src/apriltag) by extension 'colcon_pkg'
[0.705s] Level 1:colcon.colcon_core.package_identification:_identify(src/apriltag) by extensions ['colcon_meta']
[0.705s] Level 1:colcon.colcon_core.package_identification:_identify(src/apriltag) by extension 'colcon_meta'
[0.705s] Level 1:colcon.colcon_core.package_identification:_identify(src/apriltag) by extensions ['ros']
[0.705s] Level 1:colcon.colcon_core.package_identification:_identify(src/apriltag) by extension 'ros'
[0.715s] DEBUG:colcon.colcon_core.package_identification:Package 'src/apriltag' with type 'ros.cmake' and name 'apriltag'
[0.715s] Level 1:colcon.colcon_core.package_identification:_identify(src/apriltag_msgs) by extensions ['ignore', 'ignore_ament_install']
[0.715s] Level 1:colcon.colcon_core.package_identification:_identify(src/apriltag_msgs) by extension 'ignore'
[0.716s] Level 1:colcon.colcon_core.package_identification:_identify(src/apriltag_msgs) by extension 'ignore_ament_install'
[0.716s] Level 1:colcon.colcon_core.package_identification:_identify(src/apriltag_msgs) by extensions ['colcon_pkg']
[0.716s] Level 1:colcon.colcon_core.package_identification:_identify(src/apriltag_msgs) by extension 'colcon_pkg'
[0.716s] Level 1:colcon.colcon_core.package_identification:_identify(src/apriltag_msgs) by extensions ['colcon_meta']
[0.716s] Level 1:colcon.colcon_core.package_identification:_identify(src/apriltag_msgs) by extension 'colcon_meta'
[0.716s] Level 1:colcon.colcon_core.package_identification:_identify(src/apriltag_msgs) by extensions ['ros']
[0.716s] Level 1:colcon.colcon_core.package_identification:_identify(src/apriltag_msgs) by extension 'ros'
[0.718s] DEBUG:colcon.colcon_core.package_identification:Package 'src/apriltag_msgs' with type 'ros.ament_cmake' and name 'apriltag_msgs'
[0.718s] Level 1:colcon.colcon_core.package_identification:_identify(src/apriltag_ros) by extensions ['ignore', 'ignore_ament_install']
[0.718s] Level 1:colcon.colcon_core.package_identification:_identify(src/apriltag_ros) by extension 'ignore'
[0.718s] Level 1:colcon.colcon_core.package_identification:_identify(src/apriltag_ros) by extension 'ignore_ament_install'
[0.718s] Level 1:colcon.colcon_core.package_identification:_identify(src/apriltag_ros) by extensions ['colcon_pkg']
[0.718s] Level 1:colcon.colcon_core.package_identification:_identify(src/apriltag_ros) by extension 'colcon_pkg'
[0.718s] Level 1:colcon.colcon_core.package_identification:_identify(src/apriltag_ros) by extensions ['colcon_meta']
[0.719s] Level 1:colcon.colcon_core.package_identification:_identify(src/apriltag_ros) by extension 'colcon_meta'
[0.719s] Level 1:colcon.colcon_core.package_identification:_identify(src/apriltag_ros) by extensions ['ros']
[0.719s] Level 1:colcon.colcon_core.package_identification:_identify(src/apriltag_ros) by extension 'ros'
[0.722s] DEBUG:colcon.colcon_core.package_identification:Package 'src/apriltag_ros' with type 'ros.ament_cmake' and name 'apriltag_ros'
[0.722s] Level 1:colcon.colcon_core.package_identification:_identify(src/build) by extensions ['ignore', 'ignore_ament_install']
[0.723s] Level 1:colcon.colcon_core.package_identification:_identify(src/build) by extension 'ignore'
[0.723s] Level 1:colcon.colcon_core.package_identification:_identify(src/build) ignored
[0.723s] Level 1:colcon.colcon_core.package_identification:_identify(src/e116) by extensions ['ignore', 'ignore_ament_install']
[0.723s] Level 1:colcon.colcon_core.package_identification:_identify(src/e116) by extension 'ignore'
[0.723s] Level 1:colcon.colcon_core.package_identification:_identify(src/e116) by extension 'ignore_ament_install'
[0.723s] Level 1:colcon.colcon_core.package_identification:_identify(src/e116) by extensions ['colcon_pkg']
[0.724s] Level 1:colcon.colcon_core.package_identification:_identify(src/e116) by extension 'colcon_pkg'
[0.724s] Level 1:colcon.colcon_core.package_identification:_identify(src/e116) by extensions ['colcon_meta']
[0.724s] Level 1:colcon.colcon_core.package_identification:_identify(src/e116) by extension 'colcon_meta'
[0.724s] Level 1:colcon.colcon_core.package_identification:_identify(src/e116) by extensions ['ros']
[0.724s] Level 1:colcon.colcon_core.package_identification:_identify(src/e116) by extension 'ros'
[0.726s] DEBUG:colcon.colcon_core.package_identification:Package 'src/e116' with type 'ros.ament_python' and name 'e116'
[0.726s] Level 1:colcon.colcon_core.package_identification:_identify(src/install) by extensions ['ignore', 'ignore_ament_install']
[0.726s] Level 1:colcon.colcon_core.package_identification:_identify(src/install) by extension 'ignore'
[0.726s] Level 1:colcon.colcon_core.package_identification:_identify(src/install) ignored
[0.727s] Level 1:colcon.colcon_core.package_identification:_identify(src/log) by extensions ['ignore', 'ignore_ament_install']
[0.727s] Level 1:colcon.colcon_core.package_identification:_identify(src/log) by extension 'ignore'
[0.727s] Level 1:colcon.colcon_core.package_identification:_identify(src/log) ignored
[0.727s] Level 1:colcon.colcon_core.package_discovery:discover_packages(recursive) using defaults
[0.727s] Level 1:colcon.colcon_core.package_discovery:discover_packages(ignore) discover
[0.727s] Level 1:colcon.colcon_core.package_discovery:discover_packages(ignore) using defaults
[0.727s] Level 1:colcon.colcon_core.package_discovery:discover_packages(path) discover
[0.727s] Level 1:colcon.colcon_core.package_discovery:discover_packages(path) using defaults
[0.811s] Level 1:colcon.colcon_core.package_discovery:discover_packages(prefix_path) check parameters
[0.811s] Level 1:colcon.colcon_core.package_discovery:discover_packages(prefix_path) discover
[0.815s] DEBUG:colcon.colcon_installed_package_information.package_discovery:Found 4 installed packages in /home/team100/team_ws/install
[0.818s] DEBUG:colcon.colcon_installed_package_information.package_discovery:Found 296 installed packages in /opt/ros/humble
[0.821s] Level 1:colcon.colcon_core.package_discovery:discover_packages(prefix_path) using defaults
[0.912s] Level 5:colcon.colcon_core.verb:set package 'apriltag' build argument 'cmake_args' from command line to 'None'
[0.912s] Level 5:colcon.colcon_core.verb:set package 'apriltag' build argument 'cmake_target' from command line to 'None'
[0.912s] Level 5:colcon.colcon_core.verb:set package 'apriltag' build argument 'cmake_target_skip_unavailable' from command line to 'False'
[0.912s] Level 5:colcon.colcon_core.verb:set package 'apriltag' build argument 'cmake_clean_cache' from command line to 'False'
[0.912s] Level 5:colcon.colcon_core.verb:set package 'apriltag' build argument 'cmake_clean_first' from command line to 'False'
[0.912s] Level 5:colcon.colcon_core.verb:set package 'apriltag' build argument 'cmake_force_configure' from command line to 'False'
[0.912s] Level 5:colcon.colcon_core.verb:set package 'apriltag' build argument 'ament_cmake_args' from command line to 'None'
[0.912s] Level 5:colcon.colcon_core.verb:set package 'apriltag' build argument 'catkin_cmake_args' from command line to 'None'
[0.912s] Level 5:colcon.colcon_core.verb:set package 'apriltag' build argument 'catkin_skip_building_tests' from command line to 'False'
[0.912s] DEBUG:colcon.colcon_core.verb:Building package 'apriltag' with the following arguments: {'ament_cmake_args': None, 'build_base': '/home/team100/team_ws/build/apriltag', 'catkin_cmake_args': None, 'catkin_skip_building_tests': False, 'cmake_args': None, 'cmake_clean_cache': False, 'cmake_clean_first': False, 'cmake_force_configure': False, 'cmake_target': None, 'cmake_target_skip_unavailable': False, 'install_base': '/home/team100/team_ws/install/apriltag', 'merge_install': False, 'path': '/home/team100/team_ws/src/apriltag', 'symlink_install': False, 'test_result_base': None}
[0.913s] Level 5:colcon.colcon_core.verb:set package 'apriltag_msgs' build argument 'cmake_args' from command line to 'None'
[0.913s] Level 5:colcon.colcon_core.verb:set package 'apriltag_msgs' build argument 'cmake_target' from command line to 'None'
[0.913s] Level 5:colcon.colcon_core.verb:set package 'apriltag_msgs' build argument 'cmake_target_skip_unavailable' from command line to 'False'
[0.913s] Level 5:colcon.colcon_core.verb:set package 'apriltag_msgs' build argument 'cmake_clean_cache' from command line to 'False'
[0.913s] Level 5:colcon.colcon_core.verb:set package 'apriltag_msgs' build argument 'cmake_clean_first' from command line to 'False'
[0.914s] Level 5:colcon.colcon_core.verb:set package 'apriltag_msgs' build argument 'cmake_force_configure' from command line to 'False'
[0.914s] Level 5:colcon.colcon_core.verb:set package 'apriltag_msgs' build argument 'ament_cmake_args' from command line to 'None'
[0.914s] Level 5:colcon.colcon_core.verb:set package 'apriltag_msgs' build argument 'catkin_cmake_args' from command line to 'None'
[0.914s] Level 5:colcon.colcon_core.verb:set package 'apriltag_msgs' build argument 'catkin_skip_building_tests' from command line to 'False'
[0.914s] DEBUG:colcon.colcon_core.verb:Building package 'apriltag_msgs' with the following arguments: {'ament_cmake_args': None, 'build_base': '/home/team100/team_ws/build/apriltag_msgs', 'catkin_cmake_args': None, 'catkin_skip_building_tests': False, 'cmake_args': None, 'cmake_clean_cache': False, 'cmake_clean_first': False, 'cmake_force_configure': False, 'cmake_target': None, 'cmake_target_skip_unavailable': False, 'install_base': '/home/team100/team_ws/install/apriltag_msgs', 'merge_install': False, 'path': '/home/team100/team_ws/src/apriltag_msgs', 'symlink_install': False, 'test_result_base': None}
[0.914s] Level 5:colcon.colcon_core.verb:set package 'e116' build argument 'cmake_args' from command line to 'None'
[0.915s] Level 5:colcon.colcon_core.verb:set package 'e116' build argument 'cmake_target' from command line to 'None'
[0.915s] Level 5:colcon.colcon_core.verb:set package 'e116' build argument 'cmake_target_skip_unavailable' from command line to 'False'
[0.915s] Level 5:colcon.colcon_core.verb:set package 'e116' build argument 'cmake_clean_cache' from command line to 'False'
[0.915s] Level 5:colcon.colcon_core.verb:set package 'e116' build argument 'cmake_clean_first' from command line to 'False'
[0.915s] Level 5:colcon.colcon_core.verb:set package 'e116' build argument 'cmake_force_configure' from command line to 'False'
[0.915s] Level 5:colcon.colcon_core.verb:set package 'e116' build argument 'ament_cmake_args' from command line to 'None'
[0.915s] Level 5:colcon.colcon_core.verb:set package 'e116' build argument 'catkin_cmake_args' from command line to 'None'
[0.915s] Level 5:colcon.colcon_core.verb:set package 'e116' build argument 'catkin_skip_building_tests' from command line to 'False'
[0.915s] DEBUG:colcon.colcon_core.verb:Building package 'e116' with the following arguments: {'ament_cmake_args': None, 'build_base': '/home/team100/team_ws/build/e116', 'catkin_cmake_args': None, 'catkin_skip_building_tests': False, 'cmake_args': None, 'cmake_clean_cache': False, 'cmake_clean_first': False, 'cmake_force_configure': False, 'cmake_target': None, 'cmake_target_skip_unavailable': False, 'install_base': '/home/team100/team_ws/install/e116', 'merge_install': False, 'path': '/home/team100/team_ws/src/e116', 'symlink_install': False, 'test_result_base': None}
[0.916s] Level 5:colcon.colcon_core.verb:set package 'apriltag_ros' build argument 'cmake_args' from command line to 'None'
[0.916s] Level 5:colcon.colcon_core.verb:set package 'apriltag_ros' build argument 'cmake_target' from command line to 'None'
[0.916s] Level 5:colcon.colcon_core.verb:set package 'apriltag_ros' build argument 'cmake_target_skip_unavailable' from command line to 'False'
[0.916s] Level 5:colcon.colcon_core.verb:set package 'apriltag_ros' build argument 'cmake_clean_cache' from command line to 'False'
[0.916s] Level 5:colcon.colcon_core.verb:set package 'apriltag_ros' build argument 'cmake_clean_first' from command line to 'False'
[0.916s] Level 5:colcon.colcon_core.verb:set package 'apriltag_ros' build argument 'cmake_force_configure' from command line to 'False'
[0.916s] Level 5:colcon.colcon_core.verb:set package 'apriltag_ros' build argument 'ament_cmake_args' from command line to 'None'
[0.916s] Level 5:colcon.colcon_core.verb:set package 'apriltag_ros' build argument 'catkin_cmake_args' from command line to 'None'
[0.916s] Level 5:colcon.colcon_core.verb:set package 'apriltag_ros' build argument 'catkin_skip_building_tests' from command line to 'False'
[0.916s] DEBUG:colcon.colcon_core.verb:Building package 'apriltag_ros' with the following arguments: {'ament_cmake_args': None, 'build_base': '/home/team100/team_ws/build/apriltag_ros', 'catkin_cmake_args': None, 'catkin_skip_building_tests': False, 'cmake_args': None, 'cmake_clean_cache': False, 'cmake_clean_first': False, 'cmake_force_configure': False, 'cmake_target': None, 'cmake_target_skip_unavailable': False, 'install_base': '/home/team100/team_ws/install/apriltag_ros', 'merge_install': False, 'path': '/home/team100/team_ws/src/apriltag_ros', 'symlink_install': False, 'test_result_base': None}
[0.917s] INFO:colcon.colcon_core.executor:Executing jobs using 'parallel' executor
[0.919s] DEBUG:colcon.colcon_parallel_executor.executor.parallel:run_until_complete
[0.920s] INFO:colcon.colcon_ros.task.cmake.build:Building ROS package in '/home/team100/team_ws/src/apriltag' with build type 'cmake'
[0.920s] INFO:colcon.colcon_cmake.task.cmake.build:Building CMake package in '/home/team100/team_ws/src/apriltag'
[0.925s] INFO:colcon.colcon_core.plugin_system:Skipping extension 'colcon_core.shell.bat': Not used on non-Windows systems
[0.926s] INFO:colcon.colcon_core.shell:Skip shell extension 'powershell' for command environment: Not usable outside of PowerShell
[0.926s] DEBUG:colcon.colcon_core.shell:Skip shell extension 'dsv' for command environment
[0.933s] INFO:colcon.colcon_ros.task.ament_cmake.build:Building ROS package in '/home/team100/team_ws/src/apriltag_msgs' with build type 'ament_cmake'
[0.934s] INFO:colcon.colcon_cmake.task.cmake.build:Building CMake package in '/home/team100/team_ws/src/apriltag_msgs'
[0.934s] INFO:colcon.colcon_core.shell:Skip shell extension 'powershell' for command environment: Not usable outside of PowerShell
[0.934s] DEBUG:colcon.colcon_core.shell:Skip shell extension 'dsv' for command environment
[0.941s] INFO:colcon.colcon_ros.task.ament_python.build:Building ROS package in '/home/team100/team_ws/src/e116' with build type 'ament_python'
[0.942s] Level 1:colcon.colcon_core.shell:create_environment_hook('e116', 'ament_prefix_path')
[0.942s] INFO:colcon.colcon_core.shell:Creating environment hook '/home/team100/team_ws/install/e116/share/e116/hook/ament_prefix_path.ps1'
[0.944s] INFO:colcon.colcon_core.shell:Creating environment descriptor '/home/team100/team_ws/install/e116/share/e116/hook/ament_prefix_path.dsv'
[0.945s] INFO:colcon.colcon_core.shell:Creating environment hook '/home/team100/team_ws/install/e116/share/e116/hook/ament_prefix_path.sh'
[0.947s] INFO:colcon.colcon_core.shell:Skip shell extension 'powershell' for command environment: Not usable outside of PowerShell
[0.947s] DEBUG:colcon.colcon_core.shell:Skip shell extension 'dsv' for command environment
[0.961s] DEBUG:colcon.colcon_core.event_handler.log_command:Invoking command in '/home/team100/team_ws/build/apriltag': CMAKE_PREFIX_PATH=${CMAKE_PREFIX_PATH}:/home/team100/team_ws/install/e116:/opt/ros/humble /usr/bin/cmake --build /home/team100/team_ws/build/apriltag -- -j6 -l6
[0.969s] DEBUG:colcon.colcon_core.event_handler.log_command:Invoking command in '/home/team100/team_ws/build/apriltag_msgs': CMAKE_PREFIX_PATH=${CMAKE_PREFIX_PATH}:/home/team100/team_ws/install/e116:/opt/ros/humble /usr/bin/cmake --build /home/team100/team_ws/build/apriltag_msgs -- -j6 -l6
[1.642s] INFO:colcon.colcon_core.task.python.build:Building Python package in '/home/team100/team_ws/src/e116'
[1.643s] INFO:colcon.colcon_core.shell:Skip shell extension 'powershell' for command environment: Not usable outside of PowerShell
[1.643s] DEBUG:colcon.colcon_core.shell:Skip shell extension 'dsv' for command environment
[2.016s] DEBUG:colcon.colcon_core.event_handler.log_command:Invoked command in '/home/team100/team_ws/build/apriltag_msgs' returned '0': CMAKE_PREFIX_PATH=${CMAKE_PREFIX_PATH}:/home/team100/team_ws/install/e116:/opt/ros/humble /usr/bin/cmake --build /home/team100/team_ws/build/apriltag_msgs -- -j6 -l6
[2.035s] DEBUG:colcon.colcon_core.event_handler.log_command:Invoking command in '/home/team100/team_ws/build/apriltag_msgs': CMAKE_PREFIX_PATH=${CMAKE_PREFIX_PATH}:/home/team100/team_ws/install/e116:/opt/ros/humble /usr/bin/cmake --install /home/team100/team_ws/build/apriltag_msgs
[2.102s] DEBUG:colcon.colcon_core.event_handler.log_command:Invoked command in '/home/team100/team_ws/build/apriltag' returned '0': CMAKE_PREFIX_PATH=${CMAKE_PREFIX_PATH}:/home/team100/team_ws/install/e116:/opt/ros/humble /usr/bin/cmake --build /home/team100/team_ws/build/apriltag -- -j6 -l6
[2.102s] DEBUG:colcon.colcon_core.event_handler.log_command:Invoking command in '/home/team100/team_ws/build/apriltag': CMAKE_PREFIX_PATH=${CMAKE_PREFIX_PATH}:/home/team100/team_ws/install/e116:/opt/ros/humble /usr/bin/cmake --install /home/team100/team_ws/build/apriltag
[2.132s] Level 1:colcon.colcon_core.shell:create_environment_hook('apriltag', 'pkg_config_path')
[2.133s] INFO:colcon.colcon_core.shell:Creating environment hook '/home/team100/team_ws/install/apriltag/share/apriltag/hook/pkg_config_path.ps1'
[2.135s] INFO:colcon.colcon_core.shell:Creating environment descriptor '/home/team100/team_ws/install/apriltag/share/apriltag/hook/pkg_config_path.dsv'
[2.136s] INFO:colcon.colcon_core.shell:Creating environment hook '/home/team100/team_ws/install/apriltag/share/apriltag/hook/pkg_config_path.sh'
[2.139s] DEBUG:colcon.colcon_core.event_handler.log_command:Invoked command in '/home/team100/team_ws/build/apriltag' returned '0': CMAKE_PREFIX_PATH=${CMAKE_PREFIX_PATH}:/home/team100/team_ws/install/e116:/opt/ros/humble /usr/bin/cmake --install /home/team100/team_ws/build/apriltag
[2.140s] Level 1:colcon.colcon_core.shell:create_environment_hook('apriltag', 'pkg_config_path_multiarch')
[2.141s] INFO:colcon.colcon_core.shell:Creating environment hook '/home/team100/team_ws/install/apriltag/share/apriltag/hook/pkg_config_path_multiarch.ps1'
[2.142s] INFO:colcon.colcon_core.shell:Creating environment descriptor '/home/team100/team_ws/install/apriltag/share/apriltag/hook/pkg_config_path_multiarch.dsv'
[2.143s] INFO:colcon.colcon_core.shell:Creating environment hook '/home/team100/team_ws/install/apriltag/share/apriltag/hook/pkg_config_path_multiarch.sh'
[2.145s] Level 1:colcon.colcon_core.environment:create_environment_scripts_only(apriltag)
[2.150s] Level 1:colcon.colcon_core.environment:checking '/home/team100/team_ws/install/apriltag' for CMake module files
[2.151s] Level 1:colcon.colcon_core.environment:checking '/home/team100/team_ws/install/apriltag' for CMake config files
[2.152s] Level 1:colcon.colcon_core.shell:create_environment_hook('apriltag', 'cmake_prefix_path')
[2.152s] INFO:colcon.colcon_core.shell:Creating environment hook '/home/team100/team_ws/install/apriltag/share/apriltag/hook/cmake_prefix_path.ps1'
[2.153s] INFO:colcon.colcon_core.shell:Creating environment descriptor '/home/team100/team_ws/install/apriltag/share/apriltag/hook/cmake_prefix_path.dsv'
[2.154s] INFO:colcon.colcon_core.shell:Creating environment hook '/home/team100/team_ws/install/apriltag/share/apriltag/hook/cmake_prefix_path.sh'
[2.156s] Level 1:colcon.colcon_core.environment:checking '/home/team100/team_ws/install/apriltag/lib'
[2.156s] Level 1:colcon.colcon_core.shell:create_environment_hook('apriltag', 'ld_library_path_lib')
[2.157s] INFO:colcon.colcon_core.shell:Creating environment hook '/home/team100/team_ws/install/apriltag/share/apriltag/hook/ld_library_path_lib.ps1'
[2.158s] INFO:colcon.colcon_core.shell:Creating environment descriptor '/home/team100/team_ws/install/apriltag/share/apriltag/hook/ld_library_path_lib.dsv'
[2.159s] INFO:colcon.colcon_core.shell:Creating environment hook '/home/team100/team_ws/install/apriltag/share/apriltag/hook/ld_library_path_lib.sh'
[2.160s] Level 1:colcon.colcon_core.environment:checking '/home/team100/team_ws/install/apriltag/bin'
[2.160s] Level 1:colcon.colcon_core.shell:create_environment_hook('apriltag', 'path')
[2.160s] INFO:colcon.colcon_core.shell:Creating environment hook '/home/team100/team_ws/install/apriltag/share/apriltag/hook/path.ps1'
[2.161s] INFO:colcon.colcon_core.shell:Creating environment descriptor '/home/team100/team_ws/install/apriltag/share/apriltag/hook/path.dsv'
[2.162s] INFO:colcon.colcon_core.shell:Creating environment hook '/home/team100/team_ws/install/apriltag/share/apriltag/hook/path.sh'
[2.163s] Level 1:colcon.colcon_core.environment:checking '/home/team100/team_ws/install/apriltag/lib/pkgconfig/apriltag.pc'
[2.163s] Level 1:colcon.colcon_core.shell:create_environment_hook('apriltag', 'pkg_config')
[2.164s] INFO:colcon.colcon_core.shell:Creating environment hook '/home/team100/team_ws/install/apriltag/share/apriltag/hook/pkg_config.ps1'
[2.165s] INFO:colcon.colcon_core.shell:Creating environment descriptor '/home/team100/team_ws/install/apriltag/share/apriltag/hook/pkg_config.dsv'
[2.165s] INFO:colcon.colcon_core.shell:Creating environment hook '/home/team100/team_ws/install/apriltag/share/apriltag/hook/pkg_config.sh'
[2.167s] Level 1:colcon.colcon_core.environment:checking '/home/team100/team_ws/install/apriltag/lib/python3.10/site-packages'
[2.167s] Level 1:colcon.colcon_core.shell:create_environment_hook('apriltag', 'pythonpath')
[2.167s] INFO:colcon.colcon_core.shell:Creating environment hook '/home/team100/team_ws/install/apriltag/share/apriltag/hook/pythonpath.ps1'
[2.168s] INFO:colcon.colcon_core.shell:Creating environment descriptor '/home/team100/team_ws/install/apriltag/share/apriltag/hook/pythonpath.dsv'
[2.169s] INFO:colcon.colcon_core.shell:Creating environment hook '/home/team100/team_ws/install/apriltag/share/apriltag/hook/pythonpath.sh'
[2.171s] Level 1:colcon.colcon_core.environment:checking '/home/team100/team_ws/install/apriltag/bin'
[2.171s] Level 1:colcon.colcon_core.shell:create_environment_hook('apriltag', 'pythonscriptspath')
[2.172s] INFO:colcon.colcon_core.shell:Creating environment hook '/home/team100/team_ws/install/apriltag/share/apriltag/hook/pythonscriptspath.ps1'
[2.173s] INFO:colcon.colcon_core.shell:Creating environment descriptor '/home/team100/team_ws/install/apriltag/share/apriltag/hook/pythonscriptspath.dsv'
[2.174s] INFO:colcon.colcon_core.shell:Creating environment hook '/home/team100/team_ws/install/apriltag/share/apriltag/hook/pythonscriptspath.sh'
[2.176s] INFO:colcon.colcon_core.shell:Creating package script '/home/team100/team_ws/install/apriltag/share/apriltag/package.ps1'
[2.179s] INFO:colcon.colcon_core.shell:Creating package descriptor '/home/team100/team_ws/install/apriltag/share/apriltag/package.dsv'
[2.181s] INFO:colcon.colcon_core.shell:Creating package script '/home/team100/team_ws/install/apriltag/share/apriltag/package.sh'
[2.183s] INFO:colcon.colcon_core.shell:Creating package script '/home/team100/team_ws/install/apriltag/share/apriltag/package.bash'
[2.185s] INFO:colcon.colcon_core.shell:Creating package script '/home/team100/team_ws/install/apriltag/share/apriltag/package.zsh'
[2.187s] Level 1:colcon.colcon_core.environment:create_file_with_runtime_dependencies(/home/team100/team_ws/install/apriltag/share/colcon-core/packages/apriltag)
[2.210s] Level 1:colcon.colcon_core.environment:create_environment_scripts_only(apriltag_msgs)
[2.211s] Level 1:colcon.colcon_core.environment:checking '/home/team100/team_ws/install/apriltag_msgs' for CMake module files
[2.213s] DEBUG:colcon.colcon_core.event_handler.log_command:Invoked command in '/home/team100/team_ws/build/apriltag_msgs' returned '0': CMAKE_PREFIX_PATH=${CMAKE_PREFIX_PATH}:/home/team100/team_ws/install/e116:/opt/ros/humble /usr/bin/cmake --install /home/team100/team_ws/build/apriltag_msgs
[2.214s] Level 1:colcon.colcon_core.environment:checking '/home/team100/team_ws/install/apriltag_msgs' for CMake config files
[2.216s] Level 1:colcon.colcon_core.shell:create_environment_hook('apriltag_msgs', 'cmake_prefix_path')
[2.217s] INFO:colcon.colcon_core.shell:Creating environment hook '/home/team100/team_ws/install/apriltag_msgs/share/apriltag_msgs/hook/cmake_prefix_path.ps1'
[2.218s] INFO:colcon.colcon_core.shell:Creating environment descriptor '/home/team100/team_ws/install/apriltag_msgs/share/apriltag_msgs/hook/cmake_prefix_path.dsv'
[2.219s] INFO:colcon.colcon_core.shell:Creating environment hook '/home/team100/team_ws/install/apriltag_msgs/share/apriltag_msgs/hook/cmake_prefix_path.sh'
[2.221s] Level 1:colcon.colcon_core.environment:checking '/home/team100/team_ws/install/apriltag_msgs/lib'
[2.222s] Level 1:colcon.colcon_core.shell:create_environment_hook('apriltag_msgs', 'ld_library_path_lib')
[2.222s] INFO:colcon.colcon_core.shell:Creating environment hook '/home/team100/team_ws/install/apriltag_msgs/share/apriltag_msgs/hook/ld_library_path_lib.ps1'
[2.224s] INFO:colcon.colcon_core.shell:Creating environment descriptor '/home/team100/team_ws/install/apriltag_msgs/share/apriltag_msgs/hook/ld_library_path_lib.dsv'
[2.225s] INFO:colcon.colcon_core.shell:Creating environment hook '/home/team100/team_ws/install/apriltag_msgs/share/apriltag_msgs/hook/ld_library_path_lib.sh'
[2.226s] Level 1:colcon.colcon_core.environment:checking '/home/team100/team_ws/install/apriltag_msgs/bin'
[2.227s] Level 1:colcon.colcon_core.environment:checking '/home/team100/team_ws/install/apriltag_msgs/lib/pkgconfig/apriltag_msgs.pc'
[2.227s] Level 1:colcon.colcon_core.environment:checking '/home/team100/team_ws/install/apriltag_msgs/lib/python3.10/site-packages'
[2.228s] Level 1:colcon.colcon_core.environment:checking '/home/team100/team_ws/install/apriltag_msgs/bin'
[2.229s] INFO:colcon.colcon_core.shell:Creating package script '/home/team100/team_ws/install/apriltag_msgs/share/apriltag_msgs/package.ps1'
[2.231s] INFO:colcon.colcon_core.shell:Creating package descriptor '/home/team100/team_ws/install/apriltag_msgs/share/apriltag_msgs/package.dsv'
[2.233s] INFO:colcon.colcon_core.shell:Creating package script '/home/team100/team_ws/install/apriltag_msgs/share/apriltag_msgs/package.sh'
[2.234s] INFO:colcon.colcon_core.shell:Creating package script '/home/team100/team_ws/install/apriltag_msgs/share/apriltag_msgs/package.bash'
[2.235s] INFO:colcon.colcon_core.shell:Creating package script '/home/team100/team_ws/install/apriltag_msgs/share/apriltag_msgs/package.zsh'
[2.236s] Level 1:colcon.colcon_core.environment:create_file_with_runtime_dependencies(/home/team100/team_ws/install/apriltag_msgs/share/colcon-core/packages/apriltag_msgs)
[2.238s] Level 1:colcon.colcon_core.environment:create_environment_scripts_only(apriltag_msgs)
[2.239s] Level 1:colcon.colcon_core.environment:checking '/home/team100/team_ws/install/apriltag_msgs' for CMake module files
[2.240s] Level 1:colcon.colcon_core.environment:checking '/home/team100/team_ws/install/apriltag_msgs' for CMake config files
[2.242s] Level 1:colcon.colcon_core.shell:create_environment_hook('apriltag_msgs', 'cmake_prefix_path')
[2.242s] INFO:colcon.colcon_core.shell:Creating environment hook '/home/team100/team_ws/install/apriltag_msgs/share/apriltag_msgs/hook/cmake_prefix_path.ps1'
[2.243s] INFO:colcon.colcon_core.shell:Creating environment descriptor '/home/team100/team_ws/install/apriltag_msgs/share/apriltag_msgs/hook/cmake_prefix_path.dsv'
[2.244s] INFO:colcon.colcon_core.shell:Creating environment hook '/home/team100/team_ws/install/apriltag_msgs/share/apriltag_msgs/hook/cmake_prefix_path.sh'
[2.246s] Level 1:colcon.colcon_core.environment:checking '/home/team100/team_ws/install/apriltag_msgs/lib'
[2.246s] Level 1:colcon.colcon_core.shell:create_environment_hook('apriltag_msgs', 'ld_library_path_lib')
[2.246s] INFO:colcon.colcon_core.shell:Creating environment hook '/home/team100/team_ws/install/apriltag_msgs/share/apriltag_msgs/hook/ld_library_path_lib.ps1'
[2.247s] INFO:colcon.colcon_core.shell:Creating environment descriptor '/home/team100/team_ws/install/apriltag_msgs/share/apriltag_msgs/hook/ld_library_path_lib.dsv'
[2.248s] INFO:colcon.colcon_core.shell:Creating environment hook '/home/team100/team_ws/install/apriltag_msgs/share/apriltag_msgs/hook/ld_library_path_lib.sh'
[2.249s] Level 1:colcon.colcon_core.environment:checking '/home/team100/team_ws/install/apriltag_msgs/bin'
[2.249s] Level 1:colcon.colcon_core.environment:checking '/home/team100/team_ws/install/apriltag_msgs/lib/pkgconfig/apriltag_msgs.pc'
[2.250s] Level 1:colcon.colcon_core.environment:checking '/home/team100/team_ws/install/apriltag_msgs/lib/python3.10/site-packages'
[2.251s] Level 1:colcon.colcon_core.environment:checking '/home/team100/team_ws/install/apriltag_msgs/bin'
[2.252s] INFO:colcon.colcon_core.shell:Creating package script '/home/team100/team_ws/install/apriltag_msgs/share/apriltag_msgs/package.ps1'
[2.253s] INFO:colcon.colcon_core.shell:Creating package descriptor '/home/team100/team_ws/install/apriltag_msgs/share/apriltag_msgs/package.dsv'
[2.255s] INFO:colcon.colcon_core.shell:Creating package script '/home/team100/team_ws/install/apriltag_msgs/share/apriltag_msgs/package.sh'
[2.256s] INFO:colcon.colcon_core.shell:Creating package script '/home/team100/team_ws/install/apriltag_msgs/share/apriltag_msgs/package.bash'
[2.257s] INFO:colcon.colcon_core.shell:Creating package script '/home/team100/team_ws/install/apriltag_msgs/share/apriltag_msgs/package.zsh'
[2.258s] Level 1:colcon.colcon_core.environment:create_file_with_runtime_dependencies(/home/team100/team_ws/install/apriltag_msgs/share/colcon-core/packages/apriltag_msgs)
[2.259s] INFO:colcon.colcon_ros.task.ament_cmake.build:Building ROS package in '/home/team100/team_ws/src/apriltag_ros' with build type 'ament_cmake'
[2.260s] INFO:colcon.colcon_cmake.task.cmake.build:Building CMake package in '/home/team100/team_ws/src/apriltag_ros'
[2.260s] INFO:colcon.colcon_core.shell:Skip shell extension 'powershell' for command environment: Not usable outside of PowerShell
[2.261s] DEBUG:colcon.colcon_core.shell:Skip shell extension 'dsv' for command environment
[2.288s] DEBUG:colcon.colcon_core.event_handler.log_command:Invoking command in '/home/team100/team_ws/build/apriltag_ros': CMAKE_PREFIX_PATH=/home/team100/team_ws/install/apriltag_msgs:/home/team100/team_ws/install/apriltag:/home/team100/team_ws/install/apriltag_ros:/home/team100/team_ws/install/e116:/opt/ros/humble LD_LIBRARY_PATH=/home/team100/team_ws/install/apriltag_msgs/lib:/home/team100/team_ws/install/apriltag/lib:/home/team100/team_ws/install/apriltag_ros/lib:/opt/ros/humble/opt/rviz_ogre_vendor/lib:/opt/ros/humble/lib/aarch64-linux-gnu:/opt/ros/humble/lib PYTHONPATH=/home/team100/team_ws/install/apriltag/lib/python3.10/site-packages:/home/team100/team_ws/install/e116/lib/python3.10/site-packages:/home/team100/team_ws/install/apriltag_msgs/local/lib/python3.10/dist-packages:/opt/ros/humble/lib/python3.10/site-packages:/opt/ros/humble/local/lib/python3.10/dist-packages /usr/bin/cmake --build /home/team100/team_ws/build/apriltag_ros -- -j6 -l6
[2.488s] DEBUG:colcon.colcon_core.event_handler.log_command:Invoking command in '/home/team100/team_ws/src/e116': PYTHONPATH=/home/team100/team_ws/build/e116/prefix_override:/usr/lib/python3/dist-packages/colcon_core/task/python/colcon_distutils_commands:/home/team100/team_ws/install/e116/lib/python3.10/site-packages:${PYTHONPATH} /usr/bin/python3 -W ignore:setup.py install is deprecated -W ignore:easy_install command is deprecated setup.py egg_info --egg-base ../../build/e116 build --build-base /home/team100/team_ws/build/e116/build install --record /home/team100/team_ws/build/e116/install.log --single-version-externally-managed install_data
[2.545s] DEBUG:colcon.colcon_core.event_handler.log_command:Invoked command in '/home/team100/team_ws/build/apriltag_ros' returned '0': CMAKE_PREFIX_PATH=/home/team100/team_ws/install/apriltag_msgs:/home/team100/team_ws/install/apriltag:/home/team100/team_ws/install/apriltag_ros:/home/team100/team_ws/install/e116:/opt/ros/humble LD_LIBRARY_PATH=/home/team100/team_ws/install/apriltag_msgs/lib:/home/team100/team_ws/install/apriltag/lib:/home/team100/team_ws/install/apriltag_ros/lib:/opt/ros/humble/opt/rviz_ogre_vendor/lib:/opt/ros/humble/lib/aarch64-linux-gnu:/opt/ros/humble/lib PYTHONPATH=/home/team100/team_ws/install/apriltag/lib/python3.10/site-packages:/home/team100/team_ws/install/e116/lib/python3.10/site-packages:/home/team100/team_ws/install/apriltag_msgs/local/lib/python3.10/dist-packages:/opt/ros/humble/lib/python3.10/site-packages:/opt/ros/humble/local/lib/python3.10/dist-packages /usr/bin/cmake --build /home/team100/team_ws/build/apriltag_ros -- -j6 -l6
[2.548s] DEBUG:colcon.colcon_core.event_handler.log_command:Invoking command in '/home/team100/team_ws/build/apriltag_ros': CMAKE_PREFIX_PATH=/home/team100/team_ws/install/apriltag_msgs:/home/team100/team_ws/install/apriltag:/home/team100/team_ws/install/apriltag_ros:/home/team100/team_ws/install/e116:/opt/ros/humble LD_LIBRARY_PATH=/home/team100/team_ws/install/apriltag_msgs/lib:/home/team100/team_ws/install/apriltag/lib:/home/team100/team_ws/install/apriltag_ros/lib:/opt/ros/humble/opt/rviz_ogre_vendor/lib:/opt/ros/humble/lib/aarch64-linux-gnu:/opt/ros/humble/lib PYTHONPATH=/home/team100/team_ws/install/apriltag/lib/python3.10/site-packages:/home/team100/team_ws/install/e116/lib/python3.10/site-packages:/home/team100/team_ws/install/apriltag_msgs/local/lib/python3.10/dist-packages:/opt/ros/humble/lib/python3.10/site-packages:/opt/ros/humble/local/lib/python3.10/dist-packages /usr/bin/cmake --install /home/team100/team_ws/build/apriltag_ros
[2.597s] Level 1:colcon.colcon_core.environment:create_environment_scripts_only(apriltag_ros)
[2.598s] Level 1:colcon.colcon_core.environment:checking '/home/team100/team_ws/install/apriltag_ros' for CMake module files
[2.599s] DEBUG:colcon.colcon_core.event_handler.log_command:Invoked command in '/home/team100/team_ws/build/apriltag_ros' returned '0': CMAKE_PREFIX_PATH=/home/team100/team_ws/install/apriltag_msgs:/home/team100/team_ws/install/apriltag:/home/team100/team_ws/install/apriltag_ros:/home/team100/team_ws/install/e116:/opt/ros/humble LD_LIBRARY_PATH=/home/team100/team_ws/install/apriltag_msgs/lib:/home/team100/team_ws/install/apriltag/lib:/home/team100/team_ws/install/apriltag_ros/lib:/opt/ros/humble/opt/rviz_ogre_vendor/lib:/opt/ros/humble/lib/aarch64-linux-gnu:/opt/ros/humble/lib PYTHONPATH=/home/team100/team_ws/install/apriltag/lib/python3.10/site-packages:/home/team100/team_ws/install/e116/lib/python3.10/site-packages:/home/team100/team_ws/install/apriltag_msgs/local/lib/python3.10/dist-packages:/opt/ros/humble/lib/python3.10/site-packages:/opt/ros/humble/local/lib/python3.10/dist-packages /usr/bin/cmake --install /home/team100/team_ws/build/apriltag_ros
[2.599s] Level 1:colcon.colcon_core.environment:checking '/home/team100/team_ws/install/apriltag_ros' for CMake config files
[2.600s] Level 1:colcon.colcon_core.shell:create_environment_hook('apriltag_ros', 'cmake_prefix_path')
[2.600s] INFO:colcon.colcon_core.shell:Creating environment hook '/home/team100/team_ws/install/apriltag_ros/share/apriltag_ros/hook/cmake_prefix_path.ps1'
[2.602s] INFO:colcon.colcon_core.shell:Creating environment descriptor '/home/team100/team_ws/install/apriltag_ros/share/apriltag_ros/hook/cmake_prefix_path.dsv'
[2.603s] INFO:colcon.colcon_core.shell:Creating environment hook '/home/team100/team_ws/install/apriltag_ros/share/apriltag_ros/hook/cmake_prefix_path.sh'
[2.604s] Level 1:colcon.colcon_core.environment:checking '/home/team100/team_ws/install/apriltag_ros/lib'
[2.604s] Level 1:colcon.colcon_core.shell:create_environment_hook('apriltag_ros', 'ld_library_path_lib')
[2.605s] INFO:colcon.colcon_core.shell:Creating environment hook '/home/team100/team_ws/install/apriltag_ros/share/apriltag_ros/hook/ld_library_path_lib.ps1'
[2.606s] INFO:colcon.colcon_core.shell:Creating environment descriptor '/home/team100/team_ws/install/apriltag_ros/share/apriltag_ros/hook/ld_library_path_lib.dsv'
[2.607s] INFO:colcon.colcon_core.shell:Creating environment hook '/home/team100/team_ws/install/apriltag_ros/share/apriltag_ros/hook/ld_library_path_lib.sh'
[2.608s] Level 1:colcon.colcon_core.environment:checking '/home/team100/team_ws/install/apriltag_ros/bin'
[2.608s] Level 1:colcon.colcon_core.environment:checking '/home/team100/team_ws/install/apriltag_ros/lib/pkgconfig/apriltag_ros.pc'
[2.608s] Level 1:colcon.colcon_core.environment:checking '/home/team100/team_ws/install/apriltag_ros/lib/python3.10/site-packages'
[2.609s] Level 1:colcon.colcon_core.environment:checking '/home/team100/team_ws/install/apriltag_ros/bin'
[2.610s] INFO:colcon.colcon_core.shell:Creating package script '/home/team100/team_ws/install/apriltag_ros/share/apriltag_ros/package.ps1'
[2.611s] INFO:colcon.colcon_core.shell:Creating package descriptor '/home/team100/team_ws/install/apriltag_ros/share/apriltag_ros/package.dsv'
[2.612s] INFO:colcon.colcon_core.shell:Creating package script '/home/team100/team_ws/install/apriltag_ros/share/apriltag_ros/package.sh'
[2.613s] INFO:colcon.colcon_core.shell:Creating package script '/home/team100/team_ws/install/apriltag_ros/share/apriltag_ros/package.bash'
[2.614s] INFO:colcon.colcon_core.shell:Creating package script '/home/team100/team_ws/install/apriltag_ros/share/apriltag_ros/package.zsh'
[2.615s] Level 1:colcon.colcon_core.environment:create_file_with_runtime_dependencies(/home/team100/team_ws/install/apriltag_ros/share/colcon-core/packages/apriltag_ros)
[2.618s] Level 1:colcon.colcon_core.environment:create_environment_scripts_only(apriltag_ros)
[2.619s] Level 1:colcon.colcon_core.environment:checking '/home/team100/team_ws/install/apriltag_ros' for CMake module files
[2.620s] Level 1:colcon.colcon_core.environment:checking '/home/team100/team_ws/install/apriltag_ros' for CMake config files
[2.620s] Level 1:colcon.colcon_core.shell:create_environment_hook('apriltag_ros', 'cmake_prefix_path')
[2.621s] INFO:colcon.colcon_core.shell:Creating environment hook '/home/team100/team_ws/install/apriltag_ros/share/apriltag_ros/hook/cmake_prefix_path.ps1'
[2.622s] INFO:colcon.colcon_core.shell:Creating environment descriptor '/home/team100/team_ws/install/apriltag_ros/share/apriltag_ros/hook/cmake_prefix_path.dsv'
[2.623s] INFO:colcon.colcon_core.shell:Creating environment hook '/home/team100/team_ws/install/apriltag_ros/share/apriltag_ros/hook/cmake_prefix_path.sh'
[2.625s] Level 1:colcon.colcon_core.environment:checking '/home/team100/team_ws/install/apriltag_ros/lib'
[2.625s] Level 1:colcon.colcon_core.shell:create_environment_hook('apriltag_ros', 'ld_library_path_lib')
[2.625s] INFO:colcon.colcon_core.shell:Creating environment hook '/home/team100/team_ws/install/apriltag_ros/share/apriltag_ros/hook/ld_library_path_lib.ps1'
[2.626s] INFO:colcon.colcon_core.shell:Creating environment descriptor '/home/team100/team_ws/install/apriltag_ros/share/apriltag_ros/hook/ld_library_path_lib.dsv'
[2.627s] INFO:colcon.colcon_core.shell:Creating environment hook '/home/team100/team_ws/install/apriltag_ros/share/apriltag_ros/hook/ld_library_path_lib.sh'
[2.628s] Level 1:colcon.colcon_core.environment:checking '/home/team100/team_ws/install/apriltag_ros/bin'
[2.628s] Level 1:colcon.colcon_core.environment:checking '/home/team100/team_ws/install/apriltag_ros/lib/pkgconfig/apriltag_ros.pc'
[2.629s] Level 1:colcon.colcon_core.environment:checking '/home/team100/team_ws/install/apriltag_ros/lib/python3.10/site-packages'
[2.630s] Level 1:colcon.colcon_core.environment:checking '/home/team100/team_ws/install/apriltag_ros/bin'
[2.630s] INFO:colcon.colcon_core.shell:Creating package script '/home/team100/team_ws/install/apriltag_ros/share/apriltag_ros/package.ps1'
[2.632s] INFO:colcon.colcon_core.shell:Creating package descriptor '/home/team100/team_ws/install/apriltag_ros/share/apriltag_ros/package.dsv'
[2.633s] INFO:colcon.colcon_core.shell:Creating package script '/home/team100/team_ws/install/apriltag_ros/share/apriltag_ros/package.sh'
[2.634s] INFO:colcon.colcon_core.shell:Creating package script '/home/team100/team_ws/install/apriltag_ros/share/apriltag_ros/package.bash'
[2.635s] INFO:colcon.colcon_core.shell:Creating package script '/home/team100/team_ws/install/apriltag_ros/share/apriltag_ros/package.zsh'
[2.636s] Level 1:colcon.colcon_core.environment:create_file_with_runtime_dependencies(/home/team100/team_ws/install/apriltag_ros/share/colcon-core/packages/apriltag_ros)
[3.182s] Level 1:colcon.colcon_core.environment:checking '/home/team100/team_ws/install/e116' for CMake module files
[3.183s] DEBUG:colcon.colcon_core.event_handler.log_command:Invoked command in '/home/team100/team_ws/src/e116' returned '0': PYTHONPATH=/home/team100/team_ws/build/e116/prefix_override:/usr/lib/python3/dist-packages/colcon_core/task/python/colcon_distutils_commands:/home/team100/team_ws/install/e116/lib/python3.10/site-packages:${PYTHONPATH} /usr/bin/python3 -W ignore:setup.py install is deprecated -W ignore:easy_install command is deprecated setup.py egg_info --egg-base ../../build/e116 build --build-base /home/team100/team_ws/build/e116/build install --record /home/team100/team_ws/build/e116/install.log --single-version-externally-managed install_data
[3.185s] Level 1:colcon.colcon_core.environment:checking '/home/team100/team_ws/install/e116' for CMake config files
[3.187s] Level 1:colcon.colcon_core.environment:checking '/home/team100/team_ws/install/e116/lib'
[3.188s] Level 1:colcon.colcon_core.environment:checking '/home/team100/team_ws/install/e116/bin'
[3.188s] Level 1:colcon.colcon_core.environment:checking '/home/team100/team_ws/install/e116/lib/pkgconfig/e116.pc'
[3.189s] Level 1:colcon.colcon_core.environment:checking '/home/team100/team_ws/install/e116/lib/python3.10/site-packages'
[3.189s] Level 1:colcon.colcon_core.shell:create_environment_hook('e116', 'pythonpath')
[3.190s] INFO:colcon.colcon_core.shell:Creating environment hook '/home/team100/team_ws/install/e116/share/e116/hook/pythonpath.ps1'
[3.192s] INFO:colcon.colcon_core.shell:Creating environment descriptor '/home/team100/team_ws/install/e116/share/e116/hook/pythonpath.dsv'
[3.193s] INFO:colcon.colcon_core.shell:Creating environment hook '/home/team100/team_ws/install/e116/share/e116/hook/pythonpath.sh'
[3.196s] Level 1:colcon.colcon_core.environment:checking '/home/team100/team_ws/install/e116/bin'
[3.196s] Level 1:colcon.colcon_core.environment:create_environment_scripts_only(e116)
[3.197s] INFO:colcon.colcon_core.shell:Creating package script '/home/team100/team_ws/install/e116/share/e116/package.ps1'
[3.199s] INFO:colcon.colcon_core.shell:Creating package descriptor '/home/team100/team_ws/install/e116/share/e116/package.dsv'
[3.201s] INFO:colcon.colcon_core.shell:Creating package script '/home/team100/team_ws/install/e116/share/e116/package.sh'
[3.203s] INFO:colcon.colcon_core.shell:Creating package script '/home/team100/team_ws/install/e116/share/e116/package.bash'
[3.204s] INFO:colcon.colcon_core.shell:Creating package script '/home/team100/team_ws/install/e116/share/e116/package.zsh'
[3.206s] Level 1:colcon.colcon_core.environment:create_file_with_runtime_dependencies(/home/team100/team_ws/install/e116/share/colcon-core/packages/e116)
[3.207s] DEBUG:colcon.colcon_parallel_executor.executor.parallel:closing loop
[3.208s] DEBUG:colcon.colcon_parallel_executor.executor.parallel:loop closed
[3.208s] DEBUG:colcon.colcon_parallel_executor.executor.parallel:run_until_complete finished with '0'
[3.209s] DEBUG:colcon.colcon_core.event_reactor:joining thread
[3.229s] INFO:colcon.colcon_core.plugin_system:Skipping extension 'colcon_notification.desktop_notification.terminal_notifier': Not used on non-Darwin systems
[3.230s] INFO:colcon.colcon_core.plugin_system:Skipping extension 'colcon_notification.desktop_notification.win32': Not used on non-Windows systems
[3.230s] INFO:colcon.colcon_notification.desktop_notification:Sending desktop notification using 'notify2'
[3.271s] DEBUG:colcon.colcon_core.event_reactor:joined thread
[3.272s] INFO:colcon.colcon_core.shell:Creating prefix script '/home/team100/team_ws/install/local_setup.ps1'
[3.276s] INFO:colcon.colcon_core.shell:Creating prefix util module '/home/team100/team_ws/install/_local_setup_util_ps1.py'
[3.282s] INFO:colcon.colcon_core.shell:Creating prefix chain script '/home/team100/team_ws/install/setup.ps1'
[3.285s] INFO:colcon.colcon_core.shell:Creating prefix script '/home/team100/team_ws/install/local_setup.sh'
[3.287s] INFO:colcon.colcon_core.shell:Creating prefix util module '/home/team100/team_ws/install/_local_setup_util_sh.py'
[3.289s] INFO:colcon.colcon_core.shell:Creating prefix chain script '/home/team100/team_ws/install/setup.sh'
[3.293s] INFO:colcon.colcon_core.shell:Creating prefix script '/home/team100/team_ws/install/local_setup.bash'
[3.295s] INFO:colcon.colcon_core.shell:Creating prefix chain script '/home/team100/team_ws/install/setup.bash'
[3.299s] INFO:colcon.colcon_core.shell:Creating prefix script '/home/team100/team_ws/install/local_setup.zsh'
[3.301s] INFO:colcon.colcon_core.shell:Creating prefix chain script '/home/team100/team_ws/install/setup.zsh'
