[0.489s] DEBUG:colcon:Command line arguments: ['/usr/bin/colcon', 'build']
[0.489s] DEBUG:colcon:Parsed command line arguments: Namespace(log_base=None, log_level=None, verb_name='build', build_base='build', install_base='install', merge_install=False, symlink_install=False, test_result_base=None, continue_on_error=False, executor='parallel', parallel_workers=6, event_handlers=None, ignore_user_meta=False, metas=['./colcon.meta'], base_paths=['.'], packages_ignore=None, packages_ignore_regex=None, paths=None, packages_up_to=None, packages_up_to_regex=None, packages_above=None, packages_above_and_dependencies=None, packages_above_depth=None, packages_select_by_dep=None, packages_skip_by_dep=None, packages_skip_up_to=None, packages_select_build_failed=False, packages_skip_build_finished=False, packages_select_test_failures=False, packages_skip_test_passed=False, packages_select=None, packages_skip=None, packages_select_regex=None, packages_skip_regex=None, packages_start=None, packages_end=None, allow_overriding=[], cmake_args=None, cmake_target=None, cmake_target_skip_unavailable=False, cmake_clean_cache=False, cmake_clean_first=False, cmake_force_configure=False, ament_cmake_args=None, catkin_cmake_args=None, catkin_skip_building_tests=False, mixin_files=None, mixin=None, verb_parser=<colcon_mixin.mixin.mixin_argument.MixinArgumentDecorator object at 0xffffba402590>, verb_extension=<colcon_core.verb.build.BuildVerb object at 0xffffba401d80>, main=<bound method BuildVerb.main of <colcon_core.verb.build.BuildVerb object at 0xffffba401d80>>, mixin_verb=('build',))
[1.297s] Level 1:colcon.colcon_core.package_discovery:discover_packages(colcon_meta) check parameters
[1.297s] Level 1:colcon.colcon_core.package_discovery:discover_packages(recursive) check parameters
[1.297s] Level 1:colcon.colcon_core.package_discovery:discover_packages(ignore) check parameters
[1.297s] Level 1:colcon.colcon_core.package_discovery:discover_packages(path) check parameters
[1.297s] Level 1:colcon.colcon_core.package_discovery:discover_packages(colcon_meta) discover
[1.298s] Level 1:colcon.colcon_core.package_discovery:discover_packages(recursive) discover
[1.298s] INFO:colcon.colcon_core.package_discovery:Crawling recursively for packages in '/home/team100/team_ws'
[1.298s] Level 1:colcon.colcon_core.package_identification:_identify(.) by extensions ['ignore', 'ignore_ament_install']
[1.299s] Level 1:colcon.colcon_core.package_identification:_identify(.) by extension 'ignore'
[1.299s] Level 1:colcon.colcon_core.package_identification:_identify(.) by extension 'ignore_ament_install'
[1.299s] Level 1:colcon.colcon_core.package_identification:_identify(.) by extensions ['colcon_pkg']
[1.299s] Level 1:colcon.colcon_core.package_identification:_identify(.) by extension 'colcon_pkg'
[1.299s] Level 1:colcon.colcon_core.package_identification:_identify(.) by extensions ['colcon_meta']
[1.299s] Level 1:colcon.colcon_core.package_identification:_identify(.) by extension 'colcon_meta'
[1.299s] Level 1:colcon.colcon_core.package_identification:_identify(.) by extensions ['ros']
[1.299s] Level 1:colcon.colcon_core.package_identification:_identify(.) by extension 'ros'
[1.334s] Level 1:colcon.colcon_core.package_identification:_identify(.) by extensions ['cmake', 'python']
[1.334s] Level 1:colcon.colcon_core.package_identification:_identify(.) by extension 'cmake'
[1.334s] Level 1:colcon.colcon_core.package_identification:_identify(.) by extension 'python'
[1.334s] Level 1:colcon.colcon_core.package_identification:_identify(.) by extensions ['python_setup_py']
[1.334s] Level 1:colcon.colcon_core.package_identification:_identify(.) by extension 'python_setup_py'
[1.337s] Level 1:colcon.colcon_core.package_identification:_identify(build) by extensions ['ignore', 'ignore_ament_install']
[1.337s] Level 1:colcon.colcon_core.package_identification:_identify(build) by extension 'ignore'
[1.337s] Level 1:colcon.colcon_core.package_identification:_identify(build) ignored
[1.338s] Level 1:colcon.colcon_core.package_identification:_identify(install) by extensions ['ignore', 'ignore_ament_install']
[1.338s] Level 1:colcon.colcon_core.package_identification:_identify(install) by extension 'ignore'
[1.338s] Level 1:colcon.colcon_core.package_identification:_identify(install) ignored
[1.338s] Level 1:colcon.colcon_core.package_identification:_identify(log) by extensions ['ignore', 'ignore_ament_install']
[1.338s] Level 1:colcon.colcon_core.package_identification:_identify(log) by extension 'ignore'
[1.339s] Level 1:colcon.colcon_core.package_identification:_identify(log) ignored
[1.339s] Level 1:colcon.colcon_core.package_identification:_identify(src) by extensions ['ignore', 'ignore_ament_install']
[1.339s] Level 1:colcon.colcon_core.package_identification:_identify(src) by extension 'ignore'
[1.339s] Level 1:colcon.colcon_core.package_identification:_identify(src) by extension 'ignore_ament_install'
[1.339s] Level 1:colcon.colcon_core.package_identification:_identify(src) by extensions ['colcon_pkg']
[1.339s] Level 1:colcon.colcon_core.package_identification:_identify(src) by extension 'colcon_pkg'
[1.339s] Level 1:colcon.colcon_core.package_identification:_identify(src) by extensions ['colcon_meta']
[1.340s] Level 1:colcon.colcon_core.package_identification:_identify(src) by extension 'colcon_meta'
[1.340s] Level 1:colcon.colcon_core.package_identification:_identify(src) by extensions ['ros']
[1.340s] Level 1:colcon.colcon_core.package_identification:_identify(src) by extension 'ros'
[1.340s] Level 1:colcon.colcon_core.package_identification:_identify(src) by extensions ['cmake', 'python']
[1.340s] Level 1:colcon.colcon_core.package_identification:_identify(src) by extension 'cmake'
[1.340s] Level 1:colcon.colcon_core.package_identification:_identify(src) by extension 'python'
[1.340s] Level 1:colcon.colcon_core.package_identification:_identify(src) by extensions ['python_setup_py']
[1.340s] Level 1:colcon.colcon_core.package_identification:_identify(src) by extension 'python_setup_py'
[1.341s] Level 1:colcon.colcon_core.package_identification:_identify(src/apriltag) by extensions ['ignore', 'ignore_ament_install']
[1.341s] Level 1:colcon.colcon_core.package_identification:_identify(src/apriltag) by extension 'ignore'
[1.342s] Level 1:colcon.colcon_core.package_identification:_identify(src/apriltag) by extension 'ignore_ament_install'
[1.342s] Level 1:colcon.colcon_core.package_identification:_identify(src/apriltag) by extensions ['colcon_pkg']
[1.342s] Level 1:colcon.colcon_core.package_identification:_identify(src/apriltag) by extension 'colcon_pkg'
[1.342s] Level 1:colcon.colcon_core.package_identification:_identify(src/apriltag) by extensions ['colcon_meta']
[1.342s] Level 1:colcon.colcon_core.package_identification:_identify(src/apriltag) by extension 'colcon_meta'
[1.342s] Level 1:colcon.colcon_core.package_identification:_identify(src/apriltag) by extensions ['ros']
[1.342s] Level 1:colcon.colcon_core.package_identification:_identify(src/apriltag) by extension 'ros'
[1.353s] DEBUG:colcon.colcon_core.package_identification:Package 'src/apriltag' with type 'ros.cmake' and name 'apriltag'
[1.354s] Level 1:colcon.colcon_core.package_identification:_identify(src/apriltag_msgs) by extensions ['ignore', 'ignore_ament_install']
[1.354s] Level 1:colcon.colcon_core.package_identification:_identify(src/apriltag_msgs) by extension 'ignore'
[1.354s] Level 1:colcon.colcon_core.package_identification:_identify(src/apriltag_msgs) by extension 'ignore_ament_install'
[1.355s] Level 1:colcon.colcon_core.package_identification:_identify(src/apriltag_msgs) by extensions ['colcon_pkg']
[1.355s] Level 1:colcon.colcon_core.package_identification:_identify(src/apriltag_msgs) by extension 'colcon_pkg'
[1.355s] Level 1:colcon.colcon_core.package_identification:_identify(src/apriltag_msgs) by extensions ['colcon_meta']
[1.355s] Level 1:colcon.colcon_core.package_identification:_identify(src/apriltag_msgs) by extension 'colcon_meta'
[1.355s] Level 1:colcon.colcon_core.package_identification:_identify(src/apriltag_msgs) by extensions ['ros']
[1.355s] Level 1:colcon.colcon_core.package_identification:_identify(src/apriltag_msgs) by extension 'ros'
[1.357s] DEBUG:colcon.colcon_core.package_identification:Package 'src/apriltag_msgs' with type 'ros.ament_cmake' and name 'apriltag_msgs'
[1.358s] Level 1:colcon.colcon_core.package_identification:_identify(src/apriltag_ros) by extensions ['ignore', 'ignore_ament_install']
[1.358s] Level 1:colcon.colcon_core.package_identification:_identify(src/apriltag_ros) by extension 'ignore'
[1.358s] Level 1:colcon.colcon_core.package_identification:_identify(src/apriltag_ros) by extension 'ignore_ament_install'
[1.358s] Level 1:colcon.colcon_core.package_identification:_identify(src/apriltag_ros) by extensions ['colcon_pkg']
[1.358s] Level 1:colcon.colcon_core.package_identification:_identify(src/apriltag_ros) by extension 'colcon_pkg'
[1.359s] Level 1:colcon.colcon_core.package_identification:_identify(src/apriltag_ros) by extensions ['colcon_meta']
[1.359s] Level 1:colcon.colcon_core.package_identification:_identify(src/apriltag_ros) by extension 'colcon_meta'
[1.359s] Level 1:colcon.colcon_core.package_identification:_identify(src/apriltag_ros) by extensions ['ros']
[1.359s] Level 1:colcon.colcon_core.package_identification:_identify(src/apriltag_ros) by extension 'ros'
[1.363s] DEBUG:colcon.colcon_core.package_identification:Package 'src/apriltag_ros' with type 'ros.ament_cmake' and name 'apriltag_ros'
[1.364s] Level 1:colcon.colcon_core.package_identification:_identify(src/build) by extensions ['ignore', 'ignore_ament_install']
[1.364s] Level 1:colcon.colcon_core.package_identification:_identify(src/build) by extension 'ignore'
[1.364s] Level 1:colcon.colcon_core.package_identification:_identify(src/build) ignored
[1.365s] Level 1:colcon.colcon_core.package_identification:_identify(src/e116) by extensions ['ignore', 'ignore_ament_install']
[1.365s] Level 1:colcon.colcon_core.package_identification:_identify(src/e116) by extension 'ignore'
[1.365s] Level 1:colcon.colcon_core.package_identification:_identify(src/e116) by extension 'ignore_ament_install'
[1.365s] Level 1:colcon.colcon_core.package_identification:_identify(src/e116) by extensions ['colcon_pkg']
[1.365s] Level 1:colcon.colcon_core.package_identification:_identify(src/e116) by extension 'colcon_pkg'
[1.365s] Level 1:colcon.colcon_core.package_identification:_identify(src/e116) by extensions ['colcon_meta']
[1.366s] Level 1:colcon.colcon_core.package_identification:_identify(src/e116) by extension 'colcon_meta'
[1.366s] Level 1:colcon.colcon_core.package_identification:_identify(src/e116) by extensions ['ros']
[1.366s] Level 1:colcon.colcon_core.package_identification:_identify(src/e116) by extension 'ros'
[1.368s] DEBUG:colcon.colcon_core.package_identification:Package 'src/e116' with type 'ros.ament_python' and name 'e116'
[1.369s] Level 1:colcon.colcon_core.package_identification:_identify(src/install) by extensions ['ignore', 'ignore_ament_install']
[1.369s] Level 1:colcon.colcon_core.package_identification:_identify(src/install) by extension 'ignore'
[1.369s] Level 1:colcon.colcon_core.package_identification:_identify(src/install) ignored
[1.370s] Level 1:colcon.colcon_core.package_identification:_identify(src/log) by extensions ['ignore', 'ignore_ament_install']
[1.370s] Level 1:colcon.colcon_core.package_identification:_identify(src/log) by extension 'ignore'
[1.370s] Level 1:colcon.colcon_core.package_identification:_identify(src/log) ignored
[1.370s] Level 1:colcon.colcon_core.package_discovery:discover_packages(recursive) using defaults
[1.370s] Level 1:colcon.colcon_core.package_discovery:discover_packages(ignore) discover
[1.370s] Level 1:colcon.colcon_core.package_discovery:discover_packages(ignore) using defaults
[1.371s] Level 1:colcon.colcon_core.package_discovery:discover_packages(path) discover
[1.371s] Level 1:colcon.colcon_core.package_discovery:discover_packages(path) using defaults
[1.466s] Level 1:colcon.colcon_core.package_discovery:discover_packages(prefix_path) check parameters
[1.466s] Level 1:colcon.colcon_core.package_discovery:discover_packages(prefix_path) discover
[1.472s] DEBUG:colcon.colcon_installed_package_information.package_discovery:Found 4 installed packages in /home/team100/team_ws/install
[1.477s] DEBUG:colcon.colcon_installed_package_information.package_discovery:Found 296 installed packages in /opt/ros/humble
[1.480s] Level 1:colcon.colcon_core.package_discovery:discover_packages(prefix_path) using defaults
[1.667s] Level 5:colcon.colcon_core.verb:set package 'apriltag' build argument 'cmake_args' from command line to 'None'
[1.667s] Level 5:colcon.colcon_core.verb:set package 'apriltag' build argument 'cmake_target' from command line to 'None'
[1.667s] Level 5:colcon.colcon_core.verb:set package 'apriltag' build argument 'cmake_target_skip_unavailable' from command line to 'False'
[1.667s] Level 5:colcon.colcon_core.verb:set package 'apriltag' build argument 'cmake_clean_cache' from command line to 'False'
[1.667s] Level 5:colcon.colcon_core.verb:set package 'apriltag' build argument 'cmake_clean_first' from command line to 'False'
[1.667s] Level 5:colcon.colcon_core.verb:set package 'apriltag' build argument 'cmake_force_configure' from command line to 'False'
[1.667s] Level 5:colcon.colcon_core.verb:set package 'apriltag' build argument 'ament_cmake_args' from command line to 'None'
[1.667s] Level 5:colcon.colcon_core.verb:set package 'apriltag' build argument 'catkin_cmake_args' from command line to 'None'
[1.667s] Level 5:colcon.colcon_core.verb:set package 'apriltag' build argument 'catkin_skip_building_tests' from command line to 'False'
[1.668s] DEBUG:colcon.colcon_core.verb:Building package 'apriltag' with the following arguments: {'ament_cmake_args': None, 'build_base': '/home/team100/team_ws/build/apriltag', 'catkin_cmake_args': None, 'catkin_skip_building_tests': False, 'cmake_args': None, 'cmake_clean_cache': False, 'cmake_clean_first': False, 'cmake_force_configure': False, 'cmake_target': None, 'cmake_target_skip_unavailable': False, 'install_base': '/home/team100/team_ws/install/apriltag', 'merge_install': False, 'path': '/home/team100/team_ws/src/apriltag', 'symlink_install': False, 'test_result_base': None}
[1.668s] Level 5:colcon.colcon_core.verb:set package 'apriltag_msgs' build argument 'cmake_args' from command line to 'None'
[1.669s] Level 5:colcon.colcon_core.verb:set package 'apriltag_msgs' build argument 'cmake_target' from command line to 'None'
[1.669s] Level 5:colcon.colcon_core.verb:set package 'apriltag_msgs' build argument 'cmake_target_skip_unavailable' from command line to 'False'
[1.669s] Level 5:colcon.colcon_core.verb:set package 'apriltag_msgs' build argument 'cmake_clean_cache' from command line to 'False'
[1.669s] Level 5:colcon.colcon_core.verb:set package 'apriltag_msgs' build argument 'cmake_clean_first' from command line to 'False'
[1.669s] Level 5:colcon.colcon_core.verb:set package 'apriltag_msgs' build argument 'cmake_force_configure' from command line to 'False'
[1.669s] Level 5:colcon.colcon_core.verb:set package 'apriltag_msgs' build argument 'ament_cmake_args' from command line to 'None'
[1.669s] Level 5:colcon.colcon_core.verb:set package 'apriltag_msgs' build argument 'catkin_cmake_args' from command line to 'None'
[1.669s] Level 5:colcon.colcon_core.verb:set package 'apriltag_msgs' build argument 'catkin_skip_building_tests' from command line to 'False'
[1.669s] DEBUG:colcon.colcon_core.verb:Building package 'apriltag_msgs' with the following arguments: {'ament_cmake_args': None, 'build_base': '/home/team100/team_ws/build/apriltag_msgs', 'catkin_cmake_args': None, 'catkin_skip_building_tests': False, 'cmake_args': None, 'cmake_clean_cache': False, 'cmake_clean_first': False, 'cmake_force_configure': False, 'cmake_target': None, 'cmake_target_skip_unavailable': False, 'install_base': '/home/team100/team_ws/install/apriltag_msgs', 'merge_install': False, 'path': '/home/team100/team_ws/src/apriltag_msgs', 'symlink_install': False, 'test_result_base': None}
[1.670s] Level 5:colcon.colcon_core.verb:set package 'e116' build argument 'cmake_args' from command line to 'None'
[1.670s] Level 5:colcon.colcon_core.verb:set package 'e116' build argument 'cmake_target' from command line to 'None'
[1.670s] Level 5:colcon.colcon_core.verb:set package 'e116' build argument 'cmake_target_skip_unavailable' from command line to 'False'
[1.670s] Level 5:colcon.colcon_core.verb:set package 'e116' build argument 'cmake_clean_cache' from command line to 'False'
[1.670s] Level 5:colcon.colcon_core.verb:set package 'e116' build argument 'cmake_clean_first' from command line to 'False'
[1.670s] Level 5:colcon.colcon_core.verb:set package 'e116' build argument 'cmake_force_configure' from command line to 'False'
[1.670s] Level 5:colcon.colcon_core.verb:set package 'e116' build argument 'ament_cmake_args' from command line to 'None'
[1.670s] Level 5:colcon.colcon_core.verb:set package 'e116' build argument 'catkin_cmake_args' from command line to 'None'
[1.670s] Level 5:colcon.colcon_core.verb:set package 'e116' build argument 'catkin_skip_building_tests' from command line to 'False'
[1.670s] DEBUG:colcon.colcon_core.verb:Building package 'e116' with the following arguments: {'ament_cmake_args': None, 'build_base': '/home/team100/team_ws/build/e116', 'catkin_cmake_args': None, 'catkin_skip_building_tests': False, 'cmake_args': None, 'cmake_clean_cache': False, 'cmake_clean_first': False, 'cmake_force_configure': False, 'cmake_target': None, 'cmake_target_skip_unavailable': False, 'install_base': '/home/team100/team_ws/install/e116', 'merge_install': False, 'path': '/home/team100/team_ws/src/e116', 'symlink_install': False, 'test_result_base': None}
[1.671s] Level 5:colcon.colcon_core.verb:set package 'apriltag_ros' build argument 'cmake_args' from command line to 'None'
[1.671s] Level 5:colcon.colcon_core.verb:set package 'apriltag_ros' build argument 'cmake_target' from command line to 'None'
[1.671s] Level 5:colcon.colcon_core.verb:set package 'apriltag_ros' build argument 'cmake_target_skip_unavailable' from command line to 'False'
[1.671s] Level 5:colcon.colcon_core.verb:set package 'apriltag_ros' build argument 'cmake_clean_cache' from command line to 'False'
[1.671s] Level 5:colcon.colcon_core.verb:set package 'apriltag_ros' build argument 'cmake_clean_first' from command line to 'False'
[1.671s] Level 5:colcon.colcon_core.verb:set package 'apriltag_ros' build argument 'cmake_force_configure' from command line to 'False'
[1.671s] Level 5:colcon.colcon_core.verb:set package 'apriltag_ros' build argument 'ament_cmake_args' from command line to 'None'
[1.671s] Level 5:colcon.colcon_core.verb:set package 'apriltag_ros' build argument 'catkin_cmake_args' from command line to 'None'
[1.671s] Level 5:colcon.colcon_core.verb:set package 'apriltag_ros' build argument 'catkin_skip_building_tests' from command line to 'False'
[1.672s] DEBUG:colcon.colcon_core.verb:Building package 'apriltag_ros' with the following arguments: {'ament_cmake_args': None, 'build_base': '/home/team100/team_ws/build/apriltag_ros', 'catkin_cmake_args': None, 'catkin_skip_building_tests': False, 'cmake_args': None, 'cmake_clean_cache': False, 'cmake_clean_first': False, 'cmake_force_configure': False, 'cmake_target': None, 'cmake_target_skip_unavailable': False, 'install_base': '/home/team100/team_ws/install/apriltag_ros', 'merge_install': False, 'path': '/home/team100/team_ws/src/apriltag_ros', 'symlink_install': False, 'test_result_base': None}
[1.672s] INFO:colcon.colcon_core.executor:Executing jobs using 'parallel' executor
[1.674s] DEBUG:colcon.colcon_parallel_executor.executor.parallel:run_until_complete
[1.675s] INFO:colcon.colcon_ros.task.cmake.build:Building ROS package in '/home/team100/team_ws/src/apriltag' with build type 'cmake'
[1.676s] INFO:colcon.colcon_cmake.task.cmake.build:Building CMake package in '/home/team100/team_ws/src/apriltag'
[1.685s] INFO:colcon.colcon_core.plugin_system:Skipping extension 'colcon_core.shell.bat': Not used on non-Windows systems
[1.685s] INFO:colcon.colcon_core.shell:Skip shell extension 'powershell' for command environment: Not usable outside of PowerShell
[1.685s] DEBUG:colcon.colcon_core.shell:Skip shell extension 'dsv' for command environment
[1.694s] INFO:colcon.colcon_ros.task.ament_cmake.build:Building ROS package in '/home/team100/team_ws/src/apriltag_msgs' with build type 'ament_cmake'
[1.695s] INFO:colcon.colcon_cmake.task.cmake.build:Building CMake package in '/home/team100/team_ws/src/apriltag_msgs'
[1.696s] INFO:colcon.colcon_core.shell:Skip shell extension 'powershell' for command environment: Not usable outside of PowerShell
[1.696s] DEBUG:colcon.colcon_core.shell:Skip shell extension 'dsv' for command environment
[1.703s] INFO:colcon.colcon_ros.task.ament_python.build:Building ROS package in '/home/team100/team_ws/src/e116' with build type 'ament_python'
[1.703s] Level 1:colcon.colcon_core.shell:create_environment_hook('e116', 'ament_prefix_path')
[1.704s] INFO:colcon.colcon_core.shell:Creating environment hook '/home/team100/team_ws/install/e116/share/e116/hook/ament_prefix_path.ps1'
[1.706s] INFO:colcon.colcon_core.shell:Creating environment descriptor '/home/team100/team_ws/install/e116/share/e116/hook/ament_prefix_path.dsv'
[1.707s] INFO:colcon.colcon_core.shell:Creating environment hook '/home/team100/team_ws/install/e116/share/e116/hook/ament_prefix_path.sh'
[1.709s] INFO:colcon.colcon_core.shell:Skip shell extension 'powershell' for command environment: Not usable outside of PowerShell
[1.709s] DEBUG:colcon.colcon_core.shell:Skip shell extension 'dsv' for command environment
[1.727s] DEBUG:colcon.colcon_core.event_handler.log_command:Invoking command in '/home/team100/team_ws/build/apriltag': CMAKE_PREFIX_PATH=${CMAKE_PREFIX_PATH}:/home/team100/team_ws/install/e116:/opt/ros/humble /usr/bin/cmake --build /home/team100/team_ws/build/apriltag -- -j6 -l6
[1.779s] DEBUG:colcon.colcon_core.event_handler.log_command:Invoking command in '/home/team100/team_ws/build/apriltag_msgs': CMAKE_PREFIX_PATH=${CMAKE_PREFIX_PATH}:/home/team100/team_ws/install/e116:/opt/ros/humble /usr/bin/cmake --build /home/team100/team_ws/build/apriltag_msgs -- -j6 -l6
[2.651s] INFO:colcon.colcon_core.task.python.build:Building Python package in '/home/team100/team_ws/src/e116'
[2.652s] INFO:colcon.colcon_core.shell:Skip shell extension 'powershell' for command environment: Not usable outside of PowerShell
[2.652s] DEBUG:colcon.colcon_core.shell:Skip shell extension 'dsv' for command environment
[3.216s] DEBUG:colcon.colcon_core.event_handler.log_command:Invoked command in '/home/team100/team_ws/build/apriltag_msgs' returned '0': CMAKE_PREFIX_PATH=${CMAKE_PREFIX_PATH}:/home/team100/team_ws/install/e116:/opt/ros/humble /usr/bin/cmake --build /home/team100/team_ws/build/apriltag_msgs -- -j6 -l6
[3.238s] DEBUG:colcon.colcon_core.event_handler.log_command:Invoking command in '/home/team100/team_ws/build/apriltag_msgs': CMAKE_PREFIX_PATH=${CMAKE_PREFIX_PATH}:/home/team100/team_ws/install/e116:/opt/ros/humble /usr/bin/cmake --install /home/team100/team_ws/build/apriltag_msgs
[3.393s] DEBUG:colcon.colcon_core.event_handler.log_command:Invoked command in '/home/team100/team_ws/build/apriltag' returned '0': CMAKE_PREFIX_PATH=${CMAKE_PREFIX_PATH}:/home/team100/team_ws/install/e116:/opt/ros/humble /usr/bin/cmake --build /home/team100/team_ws/build/apriltag -- -j6 -l6
[3.393s] DEBUG:colcon.colcon_core.event_handler.log_command:Invoking command in '/home/team100/team_ws/build/apriltag': CMAKE_PREFIX_PATH=${CMAKE_PREFIX_PATH}:/home/team100/team_ws/install/e116:/opt/ros/humble /usr/bin/cmake --install /home/team100/team_ws/build/apriltag
[3.425s] Level 1:colcon.colcon_core.shell:create_environment_hook('apriltag', 'pkg_config_path')
[3.426s] INFO:colcon.colcon_core.shell:Creating environment hook '/home/team100/team_ws/install/apriltag/share/apriltag/hook/pkg_config_path.ps1'
[3.427s] DEBUG:colcon.colcon_core.event_handler.log_command:Invoked command in '/home/team100/team_ws/build/apriltag' returned '0': CMAKE_PREFIX_PATH=${CMAKE_PREFIX_PATH}:/home/team100/team_ws/install/e116:/opt/ros/humble /usr/bin/cmake --install /home/team100/team_ws/build/apriltag
[3.428s] INFO:colcon.colcon_core.shell:Creating environment descriptor '/home/team100/team_ws/install/apriltag/share/apriltag/hook/pkg_config_path.dsv'
[3.430s] INFO:colcon.colcon_core.shell:Creating environment hook '/home/team100/team_ws/install/apriltag/share/apriltag/hook/pkg_config_path.sh'
[3.436s] Level 1:colcon.colcon_core.shell:create_environment_hook('apriltag', 'pkg_config_path_multiarch')
[3.437s] INFO:colcon.colcon_core.shell:Creating environment hook '/home/team100/team_ws/install/apriltag/share/apriltag/hook/pkg_config_path_multiarch.ps1'
[3.438s] INFO:colcon.colcon_core.shell:Creating environment descriptor '/home/team100/team_ws/install/apriltag/share/apriltag/hook/pkg_config_path_multiarch.dsv'
[3.439s] INFO:colcon.colcon_core.shell:Creating environment hook '/home/team100/team_ws/install/apriltag/share/apriltag/hook/pkg_config_path_multiarch.sh'
[3.441s] Level 1:colcon.colcon_core.environment:create_environment_scripts_only(apriltag)
[3.447s] Level 1:colcon.colcon_core.environment:checking '/home/team100/team_ws/install/apriltag' for CMake module files
[3.449s] Level 1:colcon.colcon_core.environment:checking '/home/team100/team_ws/install/apriltag' for CMake config files
[3.449s] Level 1:colcon.colcon_core.shell:create_environment_hook('apriltag', 'cmake_prefix_path')
[3.450s] INFO:colcon.colcon_core.shell:Creating environment hook '/home/team100/team_ws/install/apriltag/share/apriltag/hook/cmake_prefix_path.ps1'
[3.451s] INFO:colcon.colcon_core.shell:Creating environment descriptor '/home/team100/team_ws/install/apriltag/share/apriltag/hook/cmake_prefix_path.dsv'
[3.452s] INFO:colcon.colcon_core.shell:Creating environment hook '/home/team100/team_ws/install/apriltag/share/apriltag/hook/cmake_prefix_path.sh'
[3.454s] Level 1:colcon.colcon_core.environment:checking '/home/team100/team_ws/install/apriltag/lib'
[3.455s] Level 1:colcon.colcon_core.shell:create_environment_hook('apriltag', 'ld_library_path_lib')
[3.455s] INFO:colcon.colcon_core.shell:Creating environment hook '/home/team100/team_ws/install/apriltag/share/apriltag/hook/ld_library_path_lib.ps1'
[3.457s] INFO:colcon.colcon_core.shell:Creating environment descriptor '/home/team100/team_ws/install/apriltag/share/apriltag/hook/ld_library_path_lib.dsv'
[3.458s] INFO:colcon.colcon_core.shell:Creating environment hook '/home/team100/team_ws/install/apriltag/share/apriltag/hook/ld_library_path_lib.sh'
[3.459s] Level 1:colcon.colcon_core.environment:checking '/home/team100/team_ws/install/apriltag/bin'
[3.459s] Level 1:colcon.colcon_core.shell:create_environment_hook('apriltag', 'path')
[3.460s] INFO:colcon.colcon_core.shell:Creating environment hook '/home/team100/team_ws/install/apriltag/share/apriltag/hook/path.ps1'
[3.461s] INFO:colcon.colcon_core.shell:Creating environment descriptor '/home/team100/team_ws/install/apriltag/share/apriltag/hook/path.dsv'
[3.462s] INFO:colcon.colcon_core.shell:Creating environment hook '/home/team100/team_ws/install/apriltag/share/apriltag/hook/path.sh'
[3.463s] Level 1:colcon.colcon_core.environment:checking '/home/team100/team_ws/install/apriltag/lib/pkgconfig/apriltag.pc'
[3.463s] Level 1:colcon.colcon_core.shell:create_environment_hook('apriltag', 'pkg_config')
[3.463s] INFO:colcon.colcon_core.shell:Creating environment hook '/home/team100/team_ws/install/apriltag/share/apriltag/hook/pkg_config.ps1'
[3.464s] INFO:colcon.colcon_core.shell:Creating environment descriptor '/home/team100/team_ws/install/apriltag/share/apriltag/hook/pkg_config.dsv'
[3.465s] INFO:colcon.colcon_core.shell:Creating environment hook '/home/team100/team_ws/install/apriltag/share/apriltag/hook/pkg_config.sh'
[3.467s] Level 1:colcon.colcon_core.environment:checking '/home/team100/team_ws/install/apriltag/lib/python3.10/site-packages'
[3.467s] Level 1:colcon.colcon_core.shell:create_environment_hook('apriltag', 'pythonpath')
[3.468s] INFO:colcon.colcon_core.shell:Creating environment hook '/home/team100/team_ws/install/apriltag/share/apriltag/hook/pythonpath.ps1'
[3.469s] INFO:colcon.colcon_core.shell:Creating environment descriptor '/home/team100/team_ws/install/apriltag/share/apriltag/hook/pythonpath.dsv'
[3.470s] INFO:colcon.colcon_core.shell:Creating environment hook '/home/team100/team_ws/install/apriltag/share/apriltag/hook/pythonpath.sh'
[3.472s] Level 1:colcon.colcon_core.environment:checking '/home/team100/team_ws/install/apriltag/bin'
[3.473s] Level 1:colcon.colcon_core.shell:create_environment_hook('apriltag', 'pythonscriptspath')
[3.473s] INFO:colcon.colcon_core.shell:Creating environment hook '/home/team100/team_ws/install/apriltag/share/apriltag/hook/pythonscriptspath.ps1'
[3.475s] INFO:colcon.colcon_core.shell:Creating environment descriptor '/home/team100/team_ws/install/apriltag/share/apriltag/hook/pythonscriptspath.dsv'
[3.476s] INFO:colcon.colcon_core.shell:Creating environment hook '/home/team100/team_ws/install/apriltag/share/apriltag/hook/pythonscriptspath.sh'
[3.478s] INFO:colcon.colcon_core.shell:Creating package script '/home/team100/team_ws/install/apriltag/share/apriltag/package.ps1'
[3.481s] INFO:colcon.colcon_core.shell:Creating package descriptor '/home/team100/team_ws/install/apriltag/share/apriltag/package.dsv'
[3.483s] INFO:colcon.colcon_core.shell:Creating package script '/home/team100/team_ws/install/apriltag/share/apriltag/package.sh'
[3.485s] INFO:colcon.colcon_core.shell:Creating package script '/home/team100/team_ws/install/apriltag/share/apriltag/package.bash'
[3.487s] INFO:colcon.colcon_core.shell:Creating package script '/home/team100/team_ws/install/apriltag/share/apriltag/package.zsh'
[3.488s] Level 1:colcon.colcon_core.environment:create_file_with_runtime_dependencies(/home/team100/team_ws/install/apriltag/share/colcon-core/packages/apriltag)
[3.530s] Level 1:colcon.colcon_core.environment:create_environment_scripts_only(apriltag_msgs)
[3.531s] Level 1:colcon.colcon_core.environment:checking '/home/team100/team_ws/install/apriltag_msgs' for CMake module files
[3.532s] DEBUG:colcon.colcon_core.event_handler.log_command:Invoked command in '/home/team100/team_ws/build/apriltag_msgs' returned '0': CMAKE_PREFIX_PATH=${CMAKE_PREFIX_PATH}:/home/team100/team_ws/install/e116:/opt/ros/humble /usr/bin/cmake --install /home/team100/team_ws/build/apriltag_msgs
[3.533s] Level 1:colcon.colcon_core.environment:checking '/home/team100/team_ws/install/apriltag_msgs' for CMake config files
[3.535s] Level 1:colcon.colcon_core.shell:create_environment_hook('apriltag_msgs', 'cmake_prefix_path')
[3.536s] INFO:colcon.colcon_core.shell:Creating environment hook '/home/team100/team_ws/install/apriltag_msgs/share/apriltag_msgs/hook/cmake_prefix_path.ps1'
[3.537s] INFO:colcon.colcon_core.shell:Creating environment descriptor '/home/team100/team_ws/install/apriltag_msgs/share/apriltag_msgs/hook/cmake_prefix_path.dsv'
[3.538s] INFO:colcon.colcon_core.shell:Creating environment hook '/home/team100/team_ws/install/apriltag_msgs/share/apriltag_msgs/hook/cmake_prefix_path.sh'
[3.540s] Level 1:colcon.colcon_core.environment:checking '/home/team100/team_ws/install/apriltag_msgs/lib'
[3.540s] Level 1:colcon.colcon_core.shell:create_environment_hook('apriltag_msgs', 'ld_library_path_lib')
[3.541s] INFO:colcon.colcon_core.shell:Creating environment hook '/home/team100/team_ws/install/apriltag_msgs/share/apriltag_msgs/hook/ld_library_path_lib.ps1'
[3.542s] INFO:colcon.colcon_core.shell:Creating environment descriptor '/home/team100/team_ws/install/apriltag_msgs/share/apriltag_msgs/hook/ld_library_path_lib.dsv'
[3.543s] INFO:colcon.colcon_core.shell:Creating environment hook '/home/team100/team_ws/install/apriltag_msgs/share/apriltag_msgs/hook/ld_library_path_lib.sh'
[3.545s] Level 1:colcon.colcon_core.environment:checking '/home/team100/team_ws/install/apriltag_msgs/bin'
[3.545s] Level 1:colcon.colcon_core.environment:checking '/home/team100/team_ws/install/apriltag_msgs/lib/pkgconfig/apriltag_msgs.pc'
[3.545s] Level 1:colcon.colcon_core.environment:checking '/home/team100/team_ws/install/apriltag_msgs/lib/python3.10/site-packages'
[3.546s] Level 1:colcon.colcon_core.environment:checking '/home/team100/team_ws/install/apriltag_msgs/bin'
[3.547s] INFO:colcon.colcon_core.shell:Creating package script '/home/team100/team_ws/install/apriltag_msgs/share/apriltag_msgs/package.ps1'
[3.548s] INFO:colcon.colcon_core.shell:Creating package descriptor '/home/team100/team_ws/install/apriltag_msgs/share/apriltag_msgs/package.dsv'
[3.550s] INFO:colcon.colcon_core.shell:Creating package script '/home/team100/team_ws/install/apriltag_msgs/share/apriltag_msgs/package.sh'
[3.551s] INFO:colcon.colcon_core.shell:Creating package script '/home/team100/team_ws/install/apriltag_msgs/share/apriltag_msgs/package.bash'
[3.552s] INFO:colcon.colcon_core.shell:Creating package script '/home/team100/team_ws/install/apriltag_msgs/share/apriltag_msgs/package.zsh'
[3.553s] Level 1:colcon.colcon_core.environment:create_file_with_runtime_dependencies(/home/team100/team_ws/install/apriltag_msgs/share/colcon-core/packages/apriltag_msgs)
[3.555s] Level 1:colcon.colcon_core.environment:create_environment_scripts_only(apriltag_msgs)
[3.555s] Level 1:colcon.colcon_core.environment:checking '/home/team100/team_ws/install/apriltag_msgs' for CMake module files
[3.557s] Level 1:colcon.colcon_core.environment:checking '/home/team100/team_ws/install/apriltag_msgs' for CMake config files
[3.558s] Level 1:colcon.colcon_core.shell:create_environment_hook('apriltag_msgs', 'cmake_prefix_path')
[3.559s] INFO:colcon.colcon_core.shell:Creating environment hook '/home/team100/team_ws/install/apriltag_msgs/share/apriltag_msgs/hook/cmake_prefix_path.ps1'
[3.560s] INFO:colcon.colcon_core.shell:Creating environment descriptor '/home/team100/team_ws/install/apriltag_msgs/share/apriltag_msgs/hook/cmake_prefix_path.dsv'
[3.560s] INFO:colcon.colcon_core.shell:Creating environment hook '/home/team100/team_ws/install/apriltag_msgs/share/apriltag_msgs/hook/cmake_prefix_path.sh'
[3.562s] Level 1:colcon.colcon_core.environment:checking '/home/team100/team_ws/install/apriltag_msgs/lib'
[3.562s] Level 1:colcon.colcon_core.shell:create_environment_hook('apriltag_msgs', 'ld_library_path_lib')
[3.563s] INFO:colcon.colcon_core.shell:Creating environment hook '/home/team100/team_ws/install/apriltag_msgs/share/apriltag_msgs/hook/ld_library_path_lib.ps1'
[3.563s] INFO:colcon.colcon_core.shell:Creating environment descriptor '/home/team100/team_ws/install/apriltag_msgs/share/apriltag_msgs/hook/ld_library_path_lib.dsv'
[3.564s] INFO:colcon.colcon_core.shell:Creating environment hook '/home/team100/team_ws/install/apriltag_msgs/share/apriltag_msgs/hook/ld_library_path_lib.sh'
[3.565s] Level 1:colcon.colcon_core.environment:checking '/home/team100/team_ws/install/apriltag_msgs/bin'
[3.566s] Level 1:colcon.colcon_core.environment:checking '/home/team100/team_ws/install/apriltag_msgs/lib/pkgconfig/apriltag_msgs.pc'
[3.566s] Level 1:colcon.colcon_core.environment:checking '/home/team100/team_ws/install/apriltag_msgs/lib/python3.10/site-packages'
[3.567s] Level 1:colcon.colcon_core.environment:checking '/home/team100/team_ws/install/apriltag_msgs/bin'
[3.568s] INFO:colcon.colcon_core.shell:Creating package script '/home/team100/team_ws/install/apriltag_msgs/share/apriltag_msgs/package.ps1'
[3.569s] INFO:colcon.colcon_core.shell:Creating package descriptor '/home/team100/team_ws/install/apriltag_msgs/share/apriltag_msgs/package.dsv'
[3.570s] INFO:colcon.colcon_core.shell:Creating package script '/home/team100/team_ws/install/apriltag_msgs/share/apriltag_msgs/package.sh'
[3.572s] INFO:colcon.colcon_core.shell:Creating package script '/home/team100/team_ws/install/apriltag_msgs/share/apriltag_msgs/package.bash'
[3.573s] INFO:colcon.colcon_core.shell:Creating package script '/home/team100/team_ws/install/apriltag_msgs/share/apriltag_msgs/package.zsh'
[3.574s] Level 1:colcon.colcon_core.environment:create_file_with_runtime_dependencies(/home/team100/team_ws/install/apriltag_msgs/share/colcon-core/packages/apriltag_msgs)
[3.576s] INFO:colcon.colcon_ros.task.ament_cmake.build:Building ROS package in '/home/team100/team_ws/src/apriltag_ros' with build type 'ament_cmake'
[3.576s] INFO:colcon.colcon_cmake.task.cmake.build:Building CMake package in '/home/team100/team_ws/src/apriltag_ros'
[3.577s] INFO:colcon.colcon_core.shell:Skip shell extension 'powershell' for command environment: Not usable outside of PowerShell
[3.577s] DEBUG:colcon.colcon_core.shell:Skip shell extension 'dsv' for command environment
[3.623s] DEBUG:colcon.colcon_core.event_handler.log_command:Invoking command in '/home/team100/team_ws/build/apriltag_ros': CMAKE_PREFIX_PATH=/home/team100/team_ws/install/apriltag_msgs:/home/team100/team_ws/install/apriltag:/home/team100/team_ws/install/apriltag_ros:/home/team100/team_ws/install/e116:/opt/ros/humble LD_LIBRARY_PATH=/home/team100/team_ws/install/apriltag_msgs/lib:/home/team100/team_ws/install/apriltag/lib:/home/team100/team_ws/install/apriltag_ros/lib:/opt/ros/humble/opt/rviz_ogre_vendor/lib:/opt/ros/humble/lib/aarch64-linux-gnu:/opt/ros/humble/lib PYTHONPATH=/home/team100/team_ws/install/apriltag/lib/python3.10/site-packages:/home/team100/team_ws/install/e116/lib/python3.10/site-packages:/home/team100/team_ws/install/apriltag_msgs/local/lib/python3.10/dist-packages:/opt/ros/humble/lib/python3.10/site-packages:/opt/ros/humble/local/lib/python3.10/dist-packages /usr/bin/cmake --build /home/team100/team_ws/build/apriltag_ros -- -j6 -l6
[3.732s] DEBUG:colcon.colcon_core.event_handler.log_command:Invoking command in '/home/team100/team_ws/src/e116': PYTHONPATH=/home/team100/team_ws/build/e116/prefix_override:/usr/lib/python3/dist-packages/colcon_core/task/python/colcon_distutils_commands:/home/team100/team_ws/install/e116/lib/python3.10/site-packages:${PYTHONPATH} /usr/bin/python3 -W ignore:setup.py install is deprecated -W ignore:easy_install command is deprecated setup.py egg_info --egg-base ../../build/e116 build --build-base /home/team100/team_ws/build/e116/build install --record /home/team100/team_ws/build/e116/install.log --single-version-externally-managed install_data
[3.952s] DEBUG:colcon.colcon_core.event_handler.log_command:Invoked command in '/home/team100/team_ws/build/apriltag_ros' returned '0': CMAKE_PREFIX_PATH=/home/team100/team_ws/install/apriltag_msgs:/home/team100/team_ws/install/apriltag:/home/team100/team_ws/install/apriltag_ros:/home/team100/team_ws/install/e116:/opt/ros/humble LD_LIBRARY_PATH=/home/team100/team_ws/install/apriltag_msgs/lib:/home/team100/team_ws/install/apriltag/lib:/home/team100/team_ws/install/apriltag_ros/lib:/opt/ros/humble/opt/rviz_ogre_vendor/lib:/opt/ros/humble/lib/aarch64-linux-gnu:/opt/ros/humble/lib PYTHONPATH=/home/team100/team_ws/install/apriltag/lib/python3.10/site-packages:/home/team100/team_ws/install/e116/lib/python3.10/site-packages:/home/team100/team_ws/install/apriltag_msgs/local/lib/python3.10/dist-packages:/opt/ros/humble/lib/python3.10/site-packages:/opt/ros/humble/local/lib/python3.10/dist-packages /usr/bin/cmake --build /home/team100/team_ws/build/apriltag_ros -- -j6 -l6
[3.955s] DEBUG:colcon.colcon_core.event_handler.log_command:Invoking command in '/home/team100/team_ws/build/apriltag_ros': CMAKE_PREFIX_PATH=/home/team100/team_ws/install/apriltag_msgs:/home/team100/team_ws/install/apriltag:/home/team100/team_ws/install/apriltag_ros:/home/team100/team_ws/install/e116:/opt/ros/humble LD_LIBRARY_PATH=/home/team100/team_ws/install/apriltag_msgs/lib:/home/team100/team_ws/install/apriltag/lib:/home/team100/team_ws/install/apriltag_ros/lib:/opt/ros/humble/opt/rviz_ogre_vendor/lib:/opt/ros/humble/lib/aarch64-linux-gnu:/opt/ros/humble/lib PYTHONPATH=/home/team100/team_ws/install/apriltag/lib/python3.10/site-packages:/home/team100/team_ws/install/e116/lib/python3.10/site-packages:/home/team100/team_ws/install/apriltag_msgs/local/lib/python3.10/dist-packages:/opt/ros/humble/lib/python3.10/site-packages:/opt/ros/humble/local/lib/python3.10/dist-packages /usr/bin/cmake --install /home/team100/team_ws/build/apriltag_ros
[4.028s] Level 1:colcon.colcon_core.environment:create_environment_scripts_only(apriltag_ros)
[4.029s] Level 1:colcon.colcon_core.environment:checking '/home/team100/team_ws/install/apriltag_ros' for CMake module files
[4.030s] DEBUG:colcon.colcon_core.event_handler.log_command:Invoked command in '/home/team100/team_ws/build/apriltag_ros' returned '0': CMAKE_PREFIX_PATH=/home/team100/team_ws/install/apriltag_msgs:/home/team100/team_ws/install/apriltag:/home/team100/team_ws/install/apriltag_ros:/home/team100/team_ws/install/e116:/opt/ros/humble LD_LIBRARY_PATH=/home/team100/team_ws/install/apriltag_msgs/lib:/home/team100/team_ws/install/apriltag/lib:/home/team100/team_ws/install/apriltag_ros/lib:/opt/ros/humble/opt/rviz_ogre_vendor/lib:/opt/ros/humble/lib/aarch64-linux-gnu:/opt/ros/humble/lib PYTHONPATH=/home/team100/team_ws/install/apriltag/lib/python3.10/site-packages:/home/team100/team_ws/install/e116/lib/python3.10/site-packages:/home/team100/team_ws/install/apriltag_msgs/local/lib/python3.10/dist-packages:/opt/ros/humble/lib/python3.10/site-packages:/opt/ros/humble/local/lib/python3.10/dist-packages /usr/bin/cmake --install /home/team100/team_ws/build/apriltag_ros
[4.032s] Level 1:colcon.colcon_core.environment:checking '/home/team100/team_ws/install/apriltag_ros' for CMake config files
[4.032s] Level 1:colcon.colcon_core.shell:create_environment_hook('apriltag_ros', 'cmake_prefix_path')
[4.033s] INFO:colcon.colcon_core.shell:Creating environment hook '/home/team100/team_ws/install/apriltag_ros/share/apriltag_ros/hook/cmake_prefix_path.ps1'
[4.034s] INFO:colcon.colcon_core.shell:Creating environment descriptor '/home/team100/team_ws/install/apriltag_ros/share/apriltag_ros/hook/cmake_prefix_path.dsv'
[4.035s] INFO:colcon.colcon_core.shell:Creating environment hook '/home/team100/team_ws/install/apriltag_ros/share/apriltag_ros/hook/cmake_prefix_path.sh'
[4.037s] Level 1:colcon.colcon_core.environment:checking '/home/team100/team_ws/install/apriltag_ros/lib'
[4.037s] Level 1:colcon.colcon_core.shell:create_environment_hook('apriltag_ros', 'ld_library_path_lib')
[4.037s] INFO:colcon.colcon_core.shell:Creating environment hook '/home/team100/team_ws/install/apriltag_ros/share/apriltag_ros/hook/ld_library_path_lib.ps1'
[4.038s] INFO:colcon.colcon_core.shell:Creating environment descriptor '/home/team100/team_ws/install/apriltag_ros/share/apriltag_ros/hook/ld_library_path_lib.dsv'
[4.039s] INFO:colcon.colcon_core.shell:Creating environment hook '/home/team100/team_ws/install/apriltag_ros/share/apriltag_ros/hook/ld_library_path_lib.sh'
[4.040s] Level 1:colcon.colcon_core.environment:checking '/home/team100/team_ws/install/apriltag_ros/bin'
[4.043s] Level 1:colcon.colcon_core.environment:checking '/home/team100/team_ws/install/apriltag_ros/lib/pkgconfig/apriltag_ros.pc'
[4.044s] Level 1:colcon.colcon_core.environment:checking '/home/team100/team_ws/install/apriltag_ros/lib/python3.10/site-packages'
[4.044s] Level 1:colcon.colcon_core.environment:checking '/home/team100/team_ws/install/apriltag_ros/bin'
[4.045s] INFO:colcon.colcon_core.shell:Creating package script '/home/team100/team_ws/install/apriltag_ros/share/apriltag_ros/package.ps1'
[4.049s] INFO:colcon.colcon_core.shell:Creating package descriptor '/home/team100/team_ws/install/apriltag_ros/share/apriltag_ros/package.dsv'
[4.050s] INFO:colcon.colcon_core.shell:Creating package script '/home/team100/team_ws/install/apriltag_ros/share/apriltag_ros/package.sh'
[4.052s] INFO:colcon.colcon_core.shell:Creating package script '/home/team100/team_ws/install/apriltag_ros/share/apriltag_ros/package.bash'
[4.053s] INFO:colcon.colcon_core.shell:Creating package script '/home/team100/team_ws/install/apriltag_ros/share/apriltag_ros/package.zsh'
[4.054s] Level 1:colcon.colcon_core.environment:create_file_with_runtime_dependencies(/home/team100/team_ws/install/apriltag_ros/share/colcon-core/packages/apriltag_ros)
[4.055s] Level 1:colcon.colcon_core.environment:create_environment_scripts_only(apriltag_ros)
[4.056s] Level 1:colcon.colcon_core.environment:checking '/home/team100/team_ws/install/apriltag_ros' for CMake module files
[4.058s] Level 1:colcon.colcon_core.environment:checking '/home/team100/team_ws/install/apriltag_ros' for CMake config files
[4.058s] Level 1:colcon.colcon_core.shell:create_environment_hook('apriltag_ros', 'cmake_prefix_path')
[4.059s] INFO:colcon.colcon_core.shell:Creating environment hook '/home/team100/team_ws/install/apriltag_ros/share/apriltag_ros/hook/cmake_prefix_path.ps1'
[4.060s] INFO:colcon.colcon_core.shell:Creating environment descriptor '/home/team100/team_ws/install/apriltag_ros/share/apriltag_ros/hook/cmake_prefix_path.dsv'
[4.061s] INFO:colcon.colcon_core.shell:Creating environment hook '/home/team100/team_ws/install/apriltag_ros/share/apriltag_ros/hook/cmake_prefix_path.sh'
[4.062s] Level 1:colcon.colcon_core.environment:checking '/home/team100/team_ws/install/apriltag_ros/lib'
[4.062s] Level 1:colcon.colcon_core.shell:create_environment_hook('apriltag_ros', 'ld_library_path_lib')
[4.063s] INFO:colcon.colcon_core.shell:Creating environment hook '/home/team100/team_ws/install/apriltag_ros/share/apriltag_ros/hook/ld_library_path_lib.ps1'
[4.064s] INFO:colcon.colcon_core.shell:Creating environment descriptor '/home/team100/team_ws/install/apriltag_ros/share/apriltag_ros/hook/ld_library_path_lib.dsv'
[4.065s] INFO:colcon.colcon_core.shell:Creating environment hook '/home/team100/team_ws/install/apriltag_ros/share/apriltag_ros/hook/ld_library_path_lib.sh'
[4.066s] Level 1:colcon.colcon_core.environment:checking '/home/team100/team_ws/install/apriltag_ros/bin'
[4.066s] Level 1:colcon.colcon_core.environment:checking '/home/team100/team_ws/install/apriltag_ros/lib/pkgconfig/apriltag_ros.pc'
[4.067s] Level 1:colcon.colcon_core.environment:checking '/home/team100/team_ws/install/apriltag_ros/lib/python3.10/site-packages'
[4.068s] Level 1:colcon.colcon_core.environment:checking '/home/team100/team_ws/install/apriltag_ros/bin'
[4.068s] INFO:colcon.colcon_core.shell:Creating package script '/home/team100/team_ws/install/apriltag_ros/share/apriltag_ros/package.ps1'
[4.070s] INFO:colcon.colcon_core.shell:Creating package descriptor '/home/team100/team_ws/install/apriltag_ros/share/apriltag_ros/package.dsv'
[4.071s] INFO:colcon.colcon_core.shell:Creating package script '/home/team100/team_ws/install/apriltag_ros/share/apriltag_ros/package.sh'
[4.072s] INFO:colcon.colcon_core.shell:Creating package script '/home/team100/team_ws/install/apriltag_ros/share/apriltag_ros/package.bash'
[4.073s] INFO:colcon.colcon_core.shell:Creating package script '/home/team100/team_ws/install/apriltag_ros/share/apriltag_ros/package.zsh'
[4.075s] Level 1:colcon.colcon_core.environment:create_file_with_runtime_dependencies(/home/team100/team_ws/install/apriltag_ros/share/colcon-core/packages/apriltag_ros)
[4.489s] Level 1:colcon.colcon_core.environment:checking '/home/team100/team_ws/install/e116' for CMake module files
[4.490s] DEBUG:colcon.colcon_core.event_handler.log_command:Invoked command in '/home/team100/team_ws/src/e116' returned '0': PYTHONPATH=/home/team100/team_ws/build/e116/prefix_override:/usr/lib/python3/dist-packages/colcon_core/task/python/colcon_distutils_commands:/home/team100/team_ws/install/e116/lib/python3.10/site-packages:${PYTHONPATH} /usr/bin/python3 -W ignore:setup.py install is deprecated -W ignore:easy_install command is deprecated setup.py egg_info --egg-base ../../build/e116 build --build-base /home/team100/team_ws/build/e116/build install --record /home/team100/team_ws/build/e116/install.log --single-version-externally-managed install_data
[4.494s] Level 1:colcon.colcon_core.environment:checking '/home/team100/team_ws/install/e116' for CMake config files
[4.496s] Level 1:colcon.colcon_core.environment:checking '/home/team100/team_ws/install/e116/lib'
[4.496s] Level 1:colcon.colcon_core.environment:checking '/home/team100/team_ws/install/e116/bin'
[4.497s] Level 1:colcon.colcon_core.environment:checking '/home/team100/team_ws/install/e116/lib/pkgconfig/e116.pc'
[4.497s] Level 1:colcon.colcon_core.environment:checking '/home/team100/team_ws/install/e116/lib/python3.10/site-packages'
[4.498s] Level 1:colcon.colcon_core.shell:create_environment_hook('e116', 'pythonpath')
[4.498s] INFO:colcon.colcon_core.shell:Creating environment hook '/home/team100/team_ws/install/e116/share/e116/hook/pythonpath.ps1'
[4.500s] INFO:colcon.colcon_core.shell:Creating environment descriptor '/home/team100/team_ws/install/e116/share/e116/hook/pythonpath.dsv'
[4.501s] INFO:colcon.colcon_core.shell:Creating environment hook '/home/team100/team_ws/install/e116/share/e116/hook/pythonpath.sh'
[4.502s] Level 1:colcon.colcon_core.environment:checking '/home/team100/team_ws/install/e116/bin'
[4.503s] Level 1:colcon.colcon_core.environment:create_environment_scripts_only(e116)
[4.503s] INFO:colcon.colcon_core.shell:Creating package script '/home/team100/team_ws/install/e116/share/e116/package.ps1'
[4.505s] INFO:colcon.colcon_core.shell:Creating package descriptor '/home/team100/team_ws/install/e116/share/e116/package.dsv'
[4.506s] INFO:colcon.colcon_core.shell:Creating package script '/home/team100/team_ws/install/e116/share/e116/package.sh'
[4.507s] INFO:colcon.colcon_core.shell:Creating package script '/home/team100/team_ws/install/e116/share/e116/package.bash'
[4.508s] INFO:colcon.colcon_core.shell:Creating package script '/home/team100/team_ws/install/e116/share/e116/package.zsh'
[4.508s] Level 1:colcon.colcon_core.environment:create_file_with_runtime_dependencies(/home/team100/team_ws/install/e116/share/colcon-core/packages/e116)
[4.510s] DEBUG:colcon.colcon_parallel_executor.executor.parallel:closing loop
[4.510s] DEBUG:colcon.colcon_parallel_executor.executor.parallel:loop closed
[4.511s] DEBUG:colcon.colcon_parallel_executor.executor.parallel:run_until_complete finished with '0'
[4.511s] DEBUG:colcon.colcon_core.event_reactor:joining thread
[4.529s] INFO:colcon.colcon_core.plugin_system:Skipping extension 'colcon_notification.desktop_notification.terminal_notifier': Not used on non-Darwin systems
[4.530s] INFO:colcon.colcon_core.plugin_system:Skipping extension 'colcon_notification.desktop_notification.win32': Not used on non-Windows systems
[4.530s] INFO:colcon.colcon_notification.desktop_notification:Sending desktop notification using 'notify2'
[4.571s] DEBUG:colcon.colcon_core.event_reactor:joined thread
[4.572s] INFO:colcon.colcon_core.shell:Creating prefix script '/home/team100/team_ws/install/local_setup.ps1'
[4.576s] INFO:colcon.colcon_core.shell:Creating prefix util module '/home/team100/team_ws/install/_local_setup_util_ps1.py'
[4.583s] INFO:colcon.colcon_core.shell:Creating prefix chain script '/home/team100/team_ws/install/setup.ps1'
[4.588s] INFO:colcon.colcon_core.shell:Creating prefix script '/home/team100/team_ws/install/local_setup.sh'
[4.591s] INFO:colcon.colcon_core.shell:Creating prefix util module '/home/team100/team_ws/install/_local_setup_util_sh.py'
[4.593s] INFO:colcon.colcon_core.shell:Creating prefix chain script '/home/team100/team_ws/install/setup.sh'
[4.598s] INFO:colcon.colcon_core.shell:Creating prefix script '/home/team100/team_ws/install/local_setup.bash'
[4.600s] INFO:colcon.colcon_core.shell:Creating prefix chain script '/home/team100/team_ws/install/setup.bash'
[4.603s] INFO:colcon.colcon_core.shell:Creating prefix script '/home/team100/team_ws/install/local_setup.zsh'
[4.605s] INFO:colcon.colcon_core.shell:Creating prefix chain script '/home/team100/team_ws/install/setup.zsh'
