[0.265s] DEBUG:colcon:Command line arguments: ['/usr/bin/colcon', 'build']
[0.266s] DEBUG:colcon:Parsed command line arguments: Namespace(log_base=None, log_level=None, verb_name='build', build_base='build', install_base='install', merge_install=False, symlink_install=False, test_result_base=None, continue_on_error=False, executor='parallel', parallel_workers=6, event_handlers=None, ignore_user_meta=False, metas=['./colcon.meta'], base_paths=['.'], packages_ignore=None, packages_ignore_regex=None, paths=None, packages_up_to=None, packages_up_to_regex=None, packages_above=None, packages_above_and_dependencies=None, packages_above_depth=None, packages_select_by_dep=None, packages_skip_by_dep=None, packages_skip_up_to=None, packages_select_build_failed=False, packages_skip_build_finished=False, packages_select_test_failures=False, packages_skip_test_passed=False, packages_select=None, packages_skip=None, packages_select_regex=None, packages_skip_regex=None, packages_start=None, packages_end=None, allow_overriding=[], cmake_args=None, cmake_target=None, cmake_target_skip_unavailable=False, cmake_clean_cache=False, cmake_clean_first=False, cmake_force_configure=False, ament_cmake_args=None, catkin_cmake_args=None, catkin_skip_building_tests=False, mixin_files=None, mixin=None, verb_parser=<colcon_mixin.mixin.mixin_argument.MixinArgumentDecorator object at 0xffffb8c12a40>, verb_extension=<colcon_core.verb.build.BuildVerb object at 0xffffb8c12230>, main=<bound method BuildVerb.main of <colcon_core.verb.build.BuildVerb object at 0xffffb8c12230>>, mixin_verb=('build',))
[0.665s] Level 1:colcon.colcon_core.package_discovery:discover_packages(colcon_meta) check parameters
[0.665s] Level 1:colcon.colcon_core.package_discovery:discover_packages(recursive) check parameters
[0.665s] Level 1:colcon.colcon_core.package_discovery:discover_packages(ignore) check parameters
[0.666s] Level 1:colcon.colcon_core.package_discovery:discover_packages(path) check parameters
[0.666s] Level 1:colcon.colcon_core.package_discovery:discover_packages(colcon_meta) discover
[0.666s] Level 1:colcon.colcon_core.package_discovery:discover_packages(recursive) discover
[0.666s] INFO:colcon.colcon_core.package_discovery:Crawling recursively for packages in '/home/team100/roboracer_116_lehigh/team_ws'
[0.666s] Level 1:colcon.colcon_core.package_identification:_identify(.) by extensions ['ignore', 'ignore_ament_install']
[0.666s] Level 1:colcon.colcon_core.package_identification:_identify(.) by extension 'ignore'
[0.667s] Level 1:colcon.colcon_core.package_identification:_identify(.) by extension 'ignore_ament_install'
[0.667s] Level 1:colcon.colcon_core.package_identification:_identify(.) by extensions ['colcon_pkg']
[0.667s] Level 1:colcon.colcon_core.package_identification:_identify(.) by extension 'colcon_pkg'
[0.667s] Level 1:colcon.colcon_core.package_identification:_identify(.) by extensions ['colcon_meta']
[0.667s] Level 1:colcon.colcon_core.package_identification:_identify(.) by extension 'colcon_meta'
[0.667s] Level 1:colcon.colcon_core.package_identification:_identify(.) by extensions ['ros']
[0.667s] Level 1:colcon.colcon_core.package_identification:_identify(.) by extension 'ros'
[0.693s] Level 1:colcon.colcon_core.package_identification:_identify(.) by extensions ['cmake', 'python']
[0.693s] Level 1:colcon.colcon_core.package_identification:_identify(.) by extension 'cmake'
[0.693s] Level 1:colcon.colcon_core.package_identification:_identify(.) by extension 'python'
[0.693s] Level 1:colcon.colcon_core.package_identification:_identify(.) by extensions ['python_setup_py']
[0.693s] Level 1:colcon.colcon_core.package_identification:_identify(.) by extension 'python_setup_py'
[0.694s] Level 1:colcon.colcon_core.package_identification:_identify(build) by extensions ['ignore', 'ignore_ament_install']
[0.694s] Level 1:colcon.colcon_core.package_identification:_identify(build) by extension 'ignore'
[0.694s] Level 1:colcon.colcon_core.package_identification:_identify(build) ignored
[0.694s] Level 1:colcon.colcon_core.package_identification:_identify(install) by extensions ['ignore', 'ignore_ament_install']
[0.694s] Level 1:colcon.colcon_core.package_identification:_identify(install) by extension 'ignore'
[0.695s] Level 1:colcon.colcon_core.package_identification:_identify(install) ignored
[0.695s] Level 1:colcon.colcon_core.package_identification:_identify(log) by extensions ['ignore', 'ignore_ament_install']
[0.695s] Level 1:colcon.colcon_core.package_identification:_identify(log) by extension 'ignore'
[0.695s] Level 1:colcon.colcon_core.package_identification:_identify(log) ignored
[0.695s] Level 1:colcon.colcon_core.package_identification:_identify(src) by extensions ['ignore', 'ignore_ament_install']
[0.696s] Level 1:colcon.colcon_core.package_identification:_identify(src) by extension 'ignore'
[0.696s] Level 1:colcon.colcon_core.package_identification:_identify(src) by extension 'ignore_ament_install'
[0.696s] Level 1:colcon.colcon_core.package_identification:_identify(src) by extensions ['colcon_pkg']
[0.696s] Level 1:colcon.colcon_core.package_identification:_identify(src) by extension 'colcon_pkg'
[0.696s] Level 1:colcon.colcon_core.package_identification:_identify(src) by extensions ['colcon_meta']
[0.696s] Level 1:colcon.colcon_core.package_identification:_identify(src) by extension 'colcon_meta'
[0.696s] Level 1:colcon.colcon_core.package_identification:_identify(src) by extensions ['ros']
[0.696s] Level 1:colcon.colcon_core.package_identification:_identify(src) by extension 'ros'
[0.697s] Level 1:colcon.colcon_core.package_identification:_identify(src) by extensions ['cmake', 'python']
[0.697s] Level 1:colcon.colcon_core.package_identification:_identify(src) by extension 'cmake'
[0.697s] Level 1:colcon.colcon_core.package_identification:_identify(src) by extension 'python'
[0.697s] Level 1:colcon.colcon_core.package_identification:_identify(src) by extensions ['python_setup_py']
[0.697s] Level 1:colcon.colcon_core.package_identification:_identify(src) by extension 'python_setup_py'
[0.697s] Level 1:colcon.colcon_core.package_identification:_identify(src/apriltag) by extensions ['ignore', 'ignore_ament_install']
[0.697s] Level 1:colcon.colcon_core.package_identification:_identify(src/apriltag) by extension 'ignore'
[0.698s] Level 1:colcon.colcon_core.package_identification:_identify(src/apriltag) by extension 'ignore_ament_install'
[0.698s] Level 1:colcon.colcon_core.package_identification:_identify(src/apriltag) by extensions ['colcon_pkg']
[0.698s] Level 1:colcon.colcon_core.package_identification:_identify(src/apriltag) by extension 'colcon_pkg'
[0.698s] Level 1:colcon.colcon_core.package_identification:_identify(src/apriltag) by extensions ['colcon_meta']
[0.698s] Level 1:colcon.colcon_core.package_identification:_identify(src/apriltag) by extension 'colcon_meta'
[0.698s] Level 1:colcon.colcon_core.package_identification:_identify(src/apriltag) by extensions ['ros']
[0.698s] Level 1:colcon.colcon_core.package_identification:_identify(src/apriltag) by extension 'ros'
[0.708s] DEBUG:colcon.colcon_core.package_identification:Package 'src/apriltag' with type 'ros.cmake' and name 'apriltag'
[0.709s] Level 1:colcon.colcon_core.package_identification:_identify(src/apriltag_msgs) by extensions ['ignore', 'ignore_ament_install']
[0.709s] Level 1:colcon.colcon_core.package_identification:_identify(src/apriltag_msgs) by extension 'ignore'
[0.709s] Level 1:colcon.colcon_core.package_identification:_identify(src/apriltag_msgs) by extension 'ignore_ament_install'
[0.709s] Level 1:colcon.colcon_core.package_identification:_identify(src/apriltag_msgs) by extensions ['colcon_pkg']
[0.709s] Level 1:colcon.colcon_core.package_identification:_identify(src/apriltag_msgs) by extension 'colcon_pkg'
[0.709s] Level 1:colcon.colcon_core.package_identification:_identify(src/apriltag_msgs) by extensions ['colcon_meta']
[0.709s] Level 1:colcon.colcon_core.package_identification:_identify(src/apriltag_msgs) by extension 'colcon_meta'
[0.710s] Level 1:colcon.colcon_core.package_identification:_identify(src/apriltag_msgs) by extensions ['ros']
[0.710s] Level 1:colcon.colcon_core.package_identification:_identify(src/apriltag_msgs) by extension 'ros'
[0.711s] DEBUG:colcon.colcon_core.package_identification:Package 'src/apriltag_msgs' with type 'ros.ament_cmake' and name 'apriltag_msgs'
[0.712s] Level 1:colcon.colcon_core.package_identification:_identify(src/apriltag_ros) by extensions ['ignore', 'ignore_ament_install']
[0.712s] Level 1:colcon.colcon_core.package_identification:_identify(src/apriltag_ros) by extension 'ignore'
[0.712s] Level 1:colcon.colcon_core.package_identification:_identify(src/apriltag_ros) by extension 'ignore_ament_install'
[0.712s] Level 1:colcon.colcon_core.package_identification:_identify(src/apriltag_ros) by extensions ['colcon_pkg']
[0.712s] Level 1:colcon.colcon_core.package_identification:_identify(src/apriltag_ros) by extension 'colcon_pkg'
[0.712s] Level 1:colcon.colcon_core.package_identification:_identify(src/apriltag_ros) by extensions ['colcon_meta']
[0.712s] Level 1:colcon.colcon_core.package_identification:_identify(src/apriltag_ros) by extension 'colcon_meta'
[0.712s] Level 1:colcon.colcon_core.package_identification:_identify(src/apriltag_ros) by extensions ['ros']
[0.713s] Level 1:colcon.colcon_core.package_identification:_identify(src/apriltag_ros) by extension 'ros'
[0.716s] DEBUG:colcon.colcon_core.package_identification:Package 'src/apriltag_ros' with type 'ros.ament_cmake' and name 'apriltag_ros'
[0.717s] Level 1:colcon.colcon_core.package_identification:_identify(src/build) by extensions ['ignore', 'ignore_ament_install']
[0.717s] Level 1:colcon.colcon_core.package_identification:_identify(src/build) by extension 'ignore'
[0.717s] Level 1:colcon.colcon_core.package_identification:_identify(src/build) ignored
[0.717s] Level 1:colcon.colcon_core.package_identification:_identify(src/e116) by extensions ['ignore', 'ignore_ament_install']
[0.717s] Level 1:colcon.colcon_core.package_identification:_identify(src/e116) by extension 'ignore'
[0.717s] Level 1:colcon.colcon_core.package_identification:_identify(src/e116) by extension 'ignore_ament_install'
[0.718s] Level 1:colcon.colcon_core.package_identification:_identify(src/e116) by extensions ['colcon_pkg']
[0.718s] Level 1:colcon.colcon_core.package_identification:_identify(src/e116) by extension 'colcon_pkg'
[0.718s] Level 1:colcon.colcon_core.package_identification:_identify(src/e116) by extensions ['colcon_meta']
[0.718s] Level 1:colcon.colcon_core.package_identification:_identify(src/e116) by extension 'colcon_meta'
[0.718s] Level 1:colcon.colcon_core.package_identification:_identify(src/e116) by extensions ['ros']
[0.718s] Level 1:colcon.colcon_core.package_identification:_identify(src/e116) by extension 'ros'
[0.720s] DEBUG:colcon.colcon_core.package_identification:Package 'src/e116' with type 'ros.ament_python' and name 'e116'
[0.720s] Level 1:colcon.colcon_core.package_identification:_identify(src/install) by extensions ['ignore', 'ignore_ament_install']
[0.720s] Level 1:colcon.colcon_core.package_identification:_identify(src/install) by extension 'ignore'
[0.720s] Level 1:colcon.colcon_core.package_identification:_identify(src/install) ignored
[0.721s] Level 1:colcon.colcon_core.package_identification:_identify(src/log) by extensions ['ignore', 'ignore_ament_install']
[0.721s] Level 1:colcon.colcon_core.package_identification:_identify(src/log) by extension 'ignore'
[0.721s] Level 1:colcon.colcon_core.package_identification:_identify(src/log) ignored
[0.721s] Level 1:colcon.colcon_core.package_discovery:discover_packages(recursive) using defaults
[0.721s] Level 1:colcon.colcon_core.package_discovery:discover_packages(ignore) discover
[0.721s] Level 1:colcon.colcon_core.package_discovery:discover_packages(ignore) using defaults
[0.721s] Level 1:colcon.colcon_core.package_discovery:discover_packages(path) discover
[0.721s] Level 1:colcon.colcon_core.package_discovery:discover_packages(path) using defaults
[0.801s] Level 1:colcon.colcon_core.package_discovery:discover_packages(prefix_path) check parameters
[0.801s] Level 1:colcon.colcon_core.package_discovery:discover_packages(prefix_path) discover
[0.806s] DEBUG:colcon.colcon_installed_package_information.package_discovery:Found 4 installed packages in /home/team100/roboracer_116_lehigh/team_ws/install
[0.809s] DEBUG:colcon.colcon_installed_package_information.package_discovery:Found 298 installed packages in /opt/ros/humble
[0.812s] Level 1:colcon.colcon_core.package_discovery:discover_packages(prefix_path) using defaults
[0.904s] Level 5:colcon.colcon_core.verb:set package 'apriltag' build argument 'cmake_args' from command line to 'None'
[0.905s] Level 5:colcon.colcon_core.verb:set package 'apriltag' build argument 'cmake_target' from command line to 'None'
[0.905s] Level 5:colcon.colcon_core.verb:set package 'apriltag' build argument 'cmake_target_skip_unavailable' from command line to 'False'
[0.905s] Level 5:colcon.colcon_core.verb:set package 'apriltag' build argument 'cmake_clean_cache' from command line to 'False'
[0.905s] Level 5:colcon.colcon_core.verb:set package 'apriltag' build argument 'cmake_clean_first' from command line to 'False'
[0.905s] Level 5:colcon.colcon_core.verb:set package 'apriltag' build argument 'cmake_force_configure' from command line to 'False'
[0.905s] Level 5:colcon.colcon_core.verb:set package 'apriltag' build argument 'ament_cmake_args' from command line to 'None'
[0.905s] Level 5:colcon.colcon_core.verb:set package 'apriltag' build argument 'catkin_cmake_args' from command line to 'None'
[0.905s] Level 5:colcon.colcon_core.verb:set package 'apriltag' build argument 'catkin_skip_building_tests' from command line to 'False'
[0.905s] DEBUG:colcon.colcon_core.verb:Building package 'apriltag' with the following arguments: {'ament_cmake_args': None, 'build_base': '/home/team100/roboracer_116_lehigh/team_ws/build/apriltag', 'catkin_cmake_args': None, 'catkin_skip_building_tests': False, 'cmake_args': None, 'cmake_clean_cache': False, 'cmake_clean_first': False, 'cmake_force_configure': False, 'cmake_target': None, 'cmake_target_skip_unavailable': False, 'install_base': '/home/team100/roboracer_116_lehigh/team_ws/install/apriltag', 'merge_install': False, 'path': '/home/team100/roboracer_116_lehigh/team_ws/src/apriltag', 'symlink_install': False, 'test_result_base': None}
[0.906s] Level 5:colcon.colcon_core.verb:set package 'apriltag_msgs' build argument 'cmake_args' from command line to 'None'
[0.906s] Level 5:colcon.colcon_core.verb:set package 'apriltag_msgs' build argument 'cmake_target' from command line to 'None'
[0.906s] Level 5:colcon.colcon_core.verb:set package 'apriltag_msgs' build argument 'cmake_target_skip_unavailable' from command line to 'False'
[0.906s] Level 5:colcon.colcon_core.verb:set package 'apriltag_msgs' build argument 'cmake_clean_cache' from command line to 'False'
[0.906s] Level 5:colcon.colcon_core.verb:set package 'apriltag_msgs' build argument 'cmake_clean_first' from command line to 'False'
[0.907s] Level 5:colcon.colcon_core.verb:set package 'apriltag_msgs' build argument 'cmake_force_configure' from command line to 'False'
[0.907s] Level 5:colcon.colcon_core.verb:set package 'apriltag_msgs' build argument 'ament_cmake_args' from command line to 'None'
[0.907s] Level 5:colcon.colcon_core.verb:set package 'apriltag_msgs' build argument 'catkin_cmake_args' from command line to 'None'
[0.907s] Level 5:colcon.colcon_core.verb:set package 'apriltag_msgs' build argument 'catkin_skip_building_tests' from command line to 'False'
[0.907s] DEBUG:colcon.colcon_core.verb:Building package 'apriltag_msgs' with the following arguments: {'ament_cmake_args': None, 'build_base': '/home/team100/roboracer_116_lehigh/team_ws/build/apriltag_msgs', 'catkin_cmake_args': None, 'catkin_skip_building_tests': False, 'cmake_args': None, 'cmake_clean_cache': False, 'cmake_clean_first': False, 'cmake_force_configure': False, 'cmake_target': None, 'cmake_target_skip_unavailable': False, 'install_base': '/home/team100/roboracer_116_lehigh/team_ws/install/apriltag_msgs', 'merge_install': False, 'path': '/home/team100/roboracer_116_lehigh/team_ws/src/apriltag_msgs', 'symlink_install': False, 'test_result_base': None}
[0.907s] Level 5:colcon.colcon_core.verb:set package 'e116' build argument 'cmake_args' from command line to 'None'
[0.908s] Level 5:colcon.colcon_core.verb:set package 'e116' build argument 'cmake_target' from command line to 'None'
[0.908s] Level 5:colcon.colcon_core.verb:set package 'e116' build argument 'cmake_target_skip_unavailable' from command line to 'False'
[0.908s] Level 5:colcon.colcon_core.verb:set package 'e116' build argument 'cmake_clean_cache' from command line to 'False'
[0.908s] Level 5:colcon.colcon_core.verb:set package 'e116' build argument 'cmake_clean_first' from command line to 'False'
[0.908s] Level 5:colcon.colcon_core.verb:set package 'e116' build argument 'cmake_force_configure' from command line to 'False'
[0.908s] Level 5:colcon.colcon_core.verb:set package 'e116' build argument 'ament_cmake_args' from command line to 'None'
[0.908s] Level 5:colcon.colcon_core.verb:set package 'e116' build argument 'catkin_cmake_args' from command line to 'None'
[0.908s] Level 5:colcon.colcon_core.verb:set package 'e116' build argument 'catkin_skip_building_tests' from command line to 'False'
[0.908s] DEBUG:colcon.colcon_core.verb:Building package 'e116' with the following arguments: {'ament_cmake_args': None, 'build_base': '/home/team100/roboracer_116_lehigh/team_ws/build/e116', 'catkin_cmake_args': None, 'catkin_skip_building_tests': False, 'cmake_args': None, 'cmake_clean_cache': False, 'cmake_clean_first': False, 'cmake_force_configure': False, 'cmake_target': None, 'cmake_target_skip_unavailable': False, 'install_base': '/home/team100/roboracer_116_lehigh/team_ws/install/e116', 'merge_install': False, 'path': '/home/team100/roboracer_116_lehigh/team_ws/src/e116', 'symlink_install': False, 'test_result_base': None}
[0.909s] Level 5:colcon.colcon_core.verb:set package 'apriltag_ros' build argument 'cmake_args' from command line to 'None'
[0.909s] Level 5:colcon.colcon_core.verb:set package 'apriltag_ros' build argument 'cmake_target' from command line to 'None'
[0.909s] Level 5:colcon.colcon_core.verb:set package 'apriltag_ros' build argument 'cmake_target_skip_unavailable' from command line to 'False'
[0.909s] Level 5:colcon.colcon_core.verb:set package 'apriltag_ros' build argument 'cmake_clean_cache' from command line to 'False'
[0.909s] Level 5:colcon.colcon_core.verb:set package 'apriltag_ros' build argument 'cmake_clean_first' from command line to 'False'
[0.909s] Level 5:colcon.colcon_core.verb:set package 'apriltag_ros' build argument 'cmake_force_configure' from command line to 'False'
[0.909s] Level 5:colcon.colcon_core.verb:set package 'apriltag_ros' build argument 'ament_cmake_args' from command line to 'None'
[0.909s] Level 5:colcon.colcon_core.verb:set package 'apriltag_ros' build argument 'catkin_cmake_args' from command line to 'None'
[0.909s] Level 5:colcon.colcon_core.verb:set package 'apriltag_ros' build argument 'catkin_skip_building_tests' from command line to 'False'
[0.909s] DEBUG:colcon.colcon_core.verb:Building package 'apriltag_ros' with the following arguments: {'ament_cmake_args': None, 'build_base': '/home/team100/roboracer_116_lehigh/team_ws/build/apriltag_ros', 'catkin_cmake_args': None, 'catkin_skip_building_tests': False, 'cmake_args': None, 'cmake_clean_cache': False, 'cmake_clean_first': False, 'cmake_force_configure': False, 'cmake_target': None, 'cmake_target_skip_unavailable': False, 'install_base': '/home/team100/roboracer_116_lehigh/team_ws/install/apriltag_ros', 'merge_install': False, 'path': '/home/team100/roboracer_116_lehigh/team_ws/src/apriltag_ros', 'symlink_install': False, 'test_result_base': None}
[0.910s] INFO:colcon.colcon_core.executor:Executing jobs using 'parallel' executor
[0.912s] DEBUG:colcon.colcon_parallel_executor.executor.parallel:run_until_complete
[0.913s] INFO:colcon.colcon_ros.task.cmake.build:Building ROS package in '/home/team100/roboracer_116_lehigh/team_ws/src/apriltag' with build type 'cmake'
[0.913s] INFO:colcon.colcon_cmake.task.cmake.build:Building CMake package in '/home/team100/roboracer_116_lehigh/team_ws/src/apriltag'
[0.918s] INFO:colcon.colcon_core.plugin_system:Skipping extension 'colcon_core.shell.bat': Not used on non-Windows systems
[0.918s] INFO:colcon.colcon_core.shell:Skip shell extension 'powershell' for command environment: Not usable outside of PowerShell
[0.919s] DEBUG:colcon.colcon_core.shell:Skip shell extension 'dsv' for command environment
[0.927s] INFO:colcon.colcon_ros.task.ament_cmake.build:Building ROS package in '/home/team100/roboracer_116_lehigh/team_ws/src/apriltag_msgs' with build type 'ament_cmake'
[0.927s] INFO:colcon.colcon_cmake.task.cmake.build:Building CMake package in '/home/team100/roboracer_116_lehigh/team_ws/src/apriltag_msgs'
[0.928s] INFO:colcon.colcon_core.shell:Skip shell extension 'powershell' for command environment: Not usable outside of PowerShell
[0.928s] DEBUG:colcon.colcon_core.shell:Skip shell extension 'dsv' for command environment
[0.936s] INFO:colcon.colcon_ros.task.ament_python.build:Building ROS package in '/home/team100/roboracer_116_lehigh/team_ws/src/e116' with build type 'ament_python'
[0.936s] Level 1:colcon.colcon_core.shell:create_environment_hook('e116', 'ament_prefix_path')
[0.937s] INFO:colcon.colcon_core.shell:Creating environment hook '/home/team100/roboracer_116_lehigh/team_ws/install/e116/share/e116/hook/ament_prefix_path.ps1'
[0.939s] INFO:colcon.colcon_core.shell:Creating environment descriptor '/home/team100/roboracer_116_lehigh/team_ws/install/e116/share/e116/hook/ament_prefix_path.dsv'
[0.940s] INFO:colcon.colcon_core.shell:Creating environment hook '/home/team100/roboracer_116_lehigh/team_ws/install/e116/share/e116/hook/ament_prefix_path.sh'
[0.942s] INFO:colcon.colcon_core.shell:Skip shell extension 'powershell' for command environment: Not usable outside of PowerShell
[0.943s] DEBUG:colcon.colcon_core.shell:Skip shell extension 'dsv' for command environment
[0.959s] DEBUG:colcon.colcon_core.event_handler.log_command:Invoking command in '/home/team100/roboracer_116_lehigh/team_ws/build/apriltag': CMAKE_PREFIX_PATH=${CMAKE_PREFIX_PATH}:/home/team100/roboracer_116_lehigh/team_ws/install/e116:/opt/ros/humble /usr/bin/cmake --build /home/team100/roboracer_116_lehigh/team_ws/build/apriltag -- -j6 -l6
[0.970s] DEBUG:colcon.colcon_core.event_handler.log_command:Invoking command in '/home/team100/roboracer_116_lehigh/team_ws/build/apriltag_msgs': CMAKE_PREFIX_PATH=${CMAKE_PREFIX_PATH}:/home/team100/roboracer_116_lehigh/team_ws/install/e116:/opt/ros/humble /usr/bin/cmake --build /home/team100/roboracer_116_lehigh/team_ws/build/apriltag_msgs -- -j6 -l6
[1.631s] INFO:colcon.colcon_core.task.python.build:Building Python package in '/home/team100/roboracer_116_lehigh/team_ws/src/e116'
[1.632s] INFO:colcon.colcon_core.shell:Skip shell extension 'powershell' for command environment: Not usable outside of PowerShell
[1.632s] DEBUG:colcon.colcon_core.shell:Skip shell extension 'dsv' for command environment
[1.899s] DEBUG:colcon.colcon_core.event_handler.log_command:Invoked command in '/home/team100/roboracer_116_lehigh/team_ws/build/apriltag' returned '0': CMAKE_PREFIX_PATH=${CMAKE_PREFIX_PATH}:/home/team100/roboracer_116_lehigh/team_ws/install/e116:/opt/ros/humble /usr/bin/cmake --build /home/team100/roboracer_116_lehigh/team_ws/build/apriltag -- -j6 -l6
[1.923s] DEBUG:colcon.colcon_core.event_handler.log_command:Invoking command in '/home/team100/roboracer_116_lehigh/team_ws/build/apriltag': CMAKE_PREFIX_PATH=${CMAKE_PREFIX_PATH}:/home/team100/roboracer_116_lehigh/team_ws/install/e116:/opt/ros/humble /usr/bin/cmake --install /home/team100/roboracer_116_lehigh/team_ws/build/apriltag
[1.961s] Level 1:colcon.colcon_core.shell:create_environment_hook('apriltag', 'pkg_config_path')
[1.962s] INFO:colcon.colcon_core.shell:Creating environment hook '/home/team100/roboracer_116_lehigh/team_ws/install/apriltag/share/apriltag/hook/pkg_config_path.ps1'
[1.963s] DEBUG:colcon.colcon_core.event_handler.log_command:Invoked command in '/home/team100/roboracer_116_lehigh/team_ws/build/apriltag_msgs' returned '0': CMAKE_PREFIX_PATH=${CMAKE_PREFIX_PATH}:/home/team100/roboracer_116_lehigh/team_ws/install/e116:/opt/ros/humble /usr/bin/cmake --build /home/team100/roboracer_116_lehigh/team_ws/build/apriltag_msgs -- -j6 -l6
[1.965s] DEBUG:colcon.colcon_core.event_handler.log_command:Invoking command in '/home/team100/roboracer_116_lehigh/team_ws/build/apriltag_msgs': CMAKE_PREFIX_PATH=${CMAKE_PREFIX_PATH}:/home/team100/roboracer_116_lehigh/team_ws/install/e116:/opt/ros/humble /usr/bin/cmake --install /home/team100/roboracer_116_lehigh/team_ws/build/apriltag_msgs
[1.965s] INFO:colcon.colcon_core.shell:Creating environment descriptor '/home/team100/roboracer_116_lehigh/team_ws/install/apriltag/share/apriltag/hook/pkg_config_path.dsv'
[1.966s] DEBUG:colcon.colcon_core.event_handler.log_command:Invoked command in '/home/team100/roboracer_116_lehigh/team_ws/build/apriltag' returned '0': CMAKE_PREFIX_PATH=${CMAKE_PREFIX_PATH}:/home/team100/roboracer_116_lehigh/team_ws/install/e116:/opt/ros/humble /usr/bin/cmake --install /home/team100/roboracer_116_lehigh/team_ws/build/apriltag
[1.966s] INFO:colcon.colcon_core.shell:Creating environment hook '/home/team100/roboracer_116_lehigh/team_ws/install/apriltag/share/apriltag/hook/pkg_config_path.sh'
[1.971s] Level 1:colcon.colcon_core.shell:create_environment_hook('apriltag', 'pkg_config_path_multiarch')
[1.972s] INFO:colcon.colcon_core.shell:Creating environment hook '/home/team100/roboracer_116_lehigh/team_ws/install/apriltag/share/apriltag/hook/pkg_config_path_multiarch.ps1'
[1.973s] INFO:colcon.colcon_core.shell:Creating environment descriptor '/home/team100/roboracer_116_lehigh/team_ws/install/apriltag/share/apriltag/hook/pkg_config_path_multiarch.dsv'
[1.974s] INFO:colcon.colcon_core.shell:Creating environment hook '/home/team100/roboracer_116_lehigh/team_ws/install/apriltag/share/apriltag/hook/pkg_config_path_multiarch.sh'
[1.975s] Level 1:colcon.colcon_core.environment:create_environment_scripts_only(apriltag)
[1.987s] Level 1:colcon.colcon_core.environment:checking '/home/team100/roboracer_116_lehigh/team_ws/install/apriltag' for CMake module files
[1.990s] Level 1:colcon.colcon_core.environment:checking '/home/team100/roboracer_116_lehigh/team_ws/install/apriltag' for CMake config files
[1.992s] Level 1:colcon.colcon_core.shell:create_environment_hook('apriltag', 'cmake_prefix_path')
[1.993s] INFO:colcon.colcon_core.shell:Creating environment hook '/home/team100/roboracer_116_lehigh/team_ws/install/apriltag/share/apriltag/hook/cmake_prefix_path.ps1'
[1.995s] INFO:colcon.colcon_core.shell:Creating environment descriptor '/home/team100/roboracer_116_lehigh/team_ws/install/apriltag/share/apriltag/hook/cmake_prefix_path.dsv'
[1.997s] INFO:colcon.colcon_core.shell:Creating environment hook '/home/team100/roboracer_116_lehigh/team_ws/install/apriltag/share/apriltag/hook/cmake_prefix_path.sh'
[2.000s] Level 1:colcon.colcon_core.environment:checking '/home/team100/roboracer_116_lehigh/team_ws/install/apriltag/lib'
[2.001s] Level 1:colcon.colcon_core.shell:create_environment_hook('apriltag', 'ld_library_path_lib')
[2.001s] INFO:colcon.colcon_core.shell:Creating environment hook '/home/team100/roboracer_116_lehigh/team_ws/install/apriltag/share/apriltag/hook/ld_library_path_lib.ps1'
[2.006s] INFO:colcon.colcon_core.shell:Creating environment descriptor '/home/team100/roboracer_116_lehigh/team_ws/install/apriltag/share/apriltag/hook/ld_library_path_lib.dsv'
[2.008s] INFO:colcon.colcon_core.shell:Creating environment hook '/home/team100/roboracer_116_lehigh/team_ws/install/apriltag/share/apriltag/hook/ld_library_path_lib.sh'
[2.010s] Level 1:colcon.colcon_core.environment:checking '/home/team100/roboracer_116_lehigh/team_ws/install/apriltag/bin'
[2.011s] Level 1:colcon.colcon_core.shell:create_environment_hook('apriltag', 'path')
[2.011s] INFO:colcon.colcon_core.shell:Creating environment hook '/home/team100/roboracer_116_lehigh/team_ws/install/apriltag/share/apriltag/hook/path.ps1'
[2.014s] INFO:colcon.colcon_core.shell:Creating environment descriptor '/home/team100/roboracer_116_lehigh/team_ws/install/apriltag/share/apriltag/hook/path.dsv'
[2.015s] INFO:colcon.colcon_core.shell:Creating environment hook '/home/team100/roboracer_116_lehigh/team_ws/install/apriltag/share/apriltag/hook/path.sh'
[2.017s] Level 1:colcon.colcon_core.environment:checking '/home/team100/roboracer_116_lehigh/team_ws/install/apriltag/lib/pkgconfig/apriltag.pc'
[2.018s] Level 1:colcon.colcon_core.shell:create_environment_hook('apriltag', 'pkg_config')
[2.018s] INFO:colcon.colcon_core.shell:Creating environment hook '/home/team100/roboracer_116_lehigh/team_ws/install/apriltag/share/apriltag/hook/pkg_config.ps1'
[2.021s] INFO:colcon.colcon_core.shell:Creating environment descriptor '/home/team100/roboracer_116_lehigh/team_ws/install/apriltag/share/apriltag/hook/pkg_config.dsv'
[2.023s] INFO:colcon.colcon_core.shell:Creating environment hook '/home/team100/roboracer_116_lehigh/team_ws/install/apriltag/share/apriltag/hook/pkg_config.sh'
[2.025s] Level 1:colcon.colcon_core.environment:checking '/home/team100/roboracer_116_lehigh/team_ws/install/apriltag/lib/python3.10/site-packages'
[2.025s] Level 1:colcon.colcon_core.shell:create_environment_hook('apriltag', 'pythonpath')
[2.026s] INFO:colcon.colcon_core.shell:Creating environment hook '/home/team100/roboracer_116_lehigh/team_ws/install/apriltag/share/apriltag/hook/pythonpath.ps1'
[2.028s] INFO:colcon.colcon_core.shell:Creating environment descriptor '/home/team100/roboracer_116_lehigh/team_ws/install/apriltag/share/apriltag/hook/pythonpath.dsv'
[2.029s] INFO:colcon.colcon_core.shell:Creating environment hook '/home/team100/roboracer_116_lehigh/team_ws/install/apriltag/share/apriltag/hook/pythonpath.sh'
[2.031s] Level 1:colcon.colcon_core.environment:checking '/home/team100/roboracer_116_lehigh/team_ws/install/apriltag/bin'
[2.031s] Level 1:colcon.colcon_core.shell:create_environment_hook('apriltag', 'pythonscriptspath')
[2.031s] INFO:colcon.colcon_core.shell:Creating environment hook '/home/team100/roboracer_116_lehigh/team_ws/install/apriltag/share/apriltag/hook/pythonscriptspath.ps1'
[2.032s] INFO:colcon.colcon_core.shell:Creating environment descriptor '/home/team100/roboracer_116_lehigh/team_ws/install/apriltag/share/apriltag/hook/pythonscriptspath.dsv'
[2.033s] INFO:colcon.colcon_core.shell:Creating environment hook '/home/team100/roboracer_116_lehigh/team_ws/install/apriltag/share/apriltag/hook/pythonscriptspath.sh'
[2.035s] INFO:colcon.colcon_core.shell:Creating package script '/home/team100/roboracer_116_lehigh/team_ws/install/apriltag/share/apriltag/package.ps1'
[2.038s] INFO:colcon.colcon_core.shell:Creating package descriptor '/home/team100/roboracer_116_lehigh/team_ws/install/apriltag/share/apriltag/package.dsv'
[2.040s] INFO:colcon.colcon_core.shell:Creating package script '/home/team100/roboracer_116_lehigh/team_ws/install/apriltag/share/apriltag/package.sh'
[2.042s] INFO:colcon.colcon_core.shell:Creating package script '/home/team100/roboracer_116_lehigh/team_ws/install/apriltag/share/apriltag/package.bash'
[2.044s] INFO:colcon.colcon_core.shell:Creating package script '/home/team100/roboracer_116_lehigh/team_ws/install/apriltag/share/apriltag/package.zsh'
[2.046s] Level 1:colcon.colcon_core.environment:create_file_with_runtime_dependencies(/home/team100/roboracer_116_lehigh/team_ws/install/apriltag/share/colcon-core/packages/apriltag)
[2.094s] Level 1:colcon.colcon_core.environment:create_environment_scripts_only(apriltag_msgs)
[2.095s] Level 1:colcon.colcon_core.environment:checking '/home/team100/roboracer_116_lehigh/team_ws/install/apriltag_msgs' for CMake module files
[2.096s] DEBUG:colcon.colcon_core.event_handler.log_command:Invoked command in '/home/team100/roboracer_116_lehigh/team_ws/build/apriltag_msgs' returned '0': CMAKE_PREFIX_PATH=${CMAKE_PREFIX_PATH}:/home/team100/roboracer_116_lehigh/team_ws/install/e116:/opt/ros/humble /usr/bin/cmake --install /home/team100/roboracer_116_lehigh/team_ws/build/apriltag_msgs
[2.097s] Level 1:colcon.colcon_core.environment:checking '/home/team100/roboracer_116_lehigh/team_ws/install/apriltag_msgs' for CMake config files
[2.099s] Level 1:colcon.colcon_core.shell:create_environment_hook('apriltag_msgs', 'cmake_prefix_path')
[2.099s] INFO:colcon.colcon_core.shell:Creating environment hook '/home/team100/roboracer_116_lehigh/team_ws/install/apriltag_msgs/share/apriltag_msgs/hook/cmake_prefix_path.ps1'
[2.101s] INFO:colcon.colcon_core.shell:Creating environment descriptor '/home/team100/roboracer_116_lehigh/team_ws/install/apriltag_msgs/share/apriltag_msgs/hook/cmake_prefix_path.dsv'
[2.103s] INFO:colcon.colcon_core.shell:Creating environment hook '/home/team100/roboracer_116_lehigh/team_ws/install/apriltag_msgs/share/apriltag_msgs/hook/cmake_prefix_path.sh'
[2.105s] Level 1:colcon.colcon_core.environment:checking '/home/team100/roboracer_116_lehigh/team_ws/install/apriltag_msgs/lib'
[2.105s] Level 1:colcon.colcon_core.shell:create_environment_hook('apriltag_msgs', 'ld_library_path_lib')
[2.106s] INFO:colcon.colcon_core.shell:Creating environment hook '/home/team100/roboracer_116_lehigh/team_ws/install/apriltag_msgs/share/apriltag_msgs/hook/ld_library_path_lib.ps1'
[2.107s] INFO:colcon.colcon_core.shell:Creating environment descriptor '/home/team100/roboracer_116_lehigh/team_ws/install/apriltag_msgs/share/apriltag_msgs/hook/ld_library_path_lib.dsv'
[2.108s] INFO:colcon.colcon_core.shell:Creating environment hook '/home/team100/roboracer_116_lehigh/team_ws/install/apriltag_msgs/share/apriltag_msgs/hook/ld_library_path_lib.sh'
[2.110s] Level 1:colcon.colcon_core.environment:checking '/home/team100/roboracer_116_lehigh/team_ws/install/apriltag_msgs/bin'
[2.110s] Level 1:colcon.colcon_core.environment:checking '/home/team100/roboracer_116_lehigh/team_ws/install/apriltag_msgs/lib/pkgconfig/apriltag_msgs.pc'
[2.111s] Level 1:colcon.colcon_core.environment:checking '/home/team100/roboracer_116_lehigh/team_ws/install/apriltag_msgs/lib/python3.10/site-packages'
[2.112s] Level 1:colcon.colcon_core.environment:checking '/home/team100/roboracer_116_lehigh/team_ws/install/apriltag_msgs/bin'
[2.113s] INFO:colcon.colcon_core.shell:Creating package script '/home/team100/roboracer_116_lehigh/team_ws/install/apriltag_msgs/share/apriltag_msgs/package.ps1'
[2.116s] INFO:colcon.colcon_core.shell:Creating package descriptor '/home/team100/roboracer_116_lehigh/team_ws/install/apriltag_msgs/share/apriltag_msgs/package.dsv'
[2.118s] INFO:colcon.colcon_core.shell:Creating package script '/home/team100/roboracer_116_lehigh/team_ws/install/apriltag_msgs/share/apriltag_msgs/package.sh'
[2.119s] INFO:colcon.colcon_core.shell:Creating package script '/home/team100/roboracer_116_lehigh/team_ws/install/apriltag_msgs/share/apriltag_msgs/package.bash'
[2.121s] INFO:colcon.colcon_core.shell:Creating package script '/home/team100/roboracer_116_lehigh/team_ws/install/apriltag_msgs/share/apriltag_msgs/package.zsh'
[2.122s] Level 1:colcon.colcon_core.environment:create_file_with_runtime_dependencies(/home/team100/roboracer_116_lehigh/team_ws/install/apriltag_msgs/share/colcon-core/packages/apriltag_msgs)
[2.124s] Level 1:colcon.colcon_core.environment:create_environment_scripts_only(apriltag_msgs)
[2.125s] Level 1:colcon.colcon_core.environment:checking '/home/team100/roboracer_116_lehigh/team_ws/install/apriltag_msgs' for CMake module files
[2.127s] Level 1:colcon.colcon_core.environment:checking '/home/team100/roboracer_116_lehigh/team_ws/install/apriltag_msgs' for CMake config files
[2.128s] Level 1:colcon.colcon_core.shell:create_environment_hook('apriltag_msgs', 'cmake_prefix_path')
[2.129s] INFO:colcon.colcon_core.shell:Creating environment hook '/home/team100/roboracer_116_lehigh/team_ws/install/apriltag_msgs/share/apriltag_msgs/hook/cmake_prefix_path.ps1'
[2.130s] INFO:colcon.colcon_core.shell:Creating environment descriptor '/home/team100/roboracer_116_lehigh/team_ws/install/apriltag_msgs/share/apriltag_msgs/hook/cmake_prefix_path.dsv'
[2.131s] INFO:colcon.colcon_core.shell:Creating environment hook '/home/team100/roboracer_116_lehigh/team_ws/install/apriltag_msgs/share/apriltag_msgs/hook/cmake_prefix_path.sh'
[2.133s] Level 1:colcon.colcon_core.environment:checking '/home/team100/roboracer_116_lehigh/team_ws/install/apriltag_msgs/lib'
[2.134s] Level 1:colcon.colcon_core.shell:create_environment_hook('apriltag_msgs', 'ld_library_path_lib')
[2.134s] INFO:colcon.colcon_core.shell:Creating environment hook '/home/team100/roboracer_116_lehigh/team_ws/install/apriltag_msgs/share/apriltag_msgs/hook/ld_library_path_lib.ps1'
[2.135s] INFO:colcon.colcon_core.shell:Creating environment descriptor '/home/team100/roboracer_116_lehigh/team_ws/install/apriltag_msgs/share/apriltag_msgs/hook/ld_library_path_lib.dsv'
[2.136s] INFO:colcon.colcon_core.shell:Creating environment hook '/home/team100/roboracer_116_lehigh/team_ws/install/apriltag_msgs/share/apriltag_msgs/hook/ld_library_path_lib.sh'
[2.138s] Level 1:colcon.colcon_core.environment:checking '/home/team100/roboracer_116_lehigh/team_ws/install/apriltag_msgs/bin'
[2.138s] Level 1:colcon.colcon_core.environment:checking '/home/team100/roboracer_116_lehigh/team_ws/install/apriltag_msgs/lib/pkgconfig/apriltag_msgs.pc'
[2.138s] Level 1:colcon.colcon_core.environment:checking '/home/team100/roboracer_116_lehigh/team_ws/install/apriltag_msgs/lib/python3.10/site-packages'
[2.139s] Level 1:colcon.colcon_core.environment:checking '/home/team100/roboracer_116_lehigh/team_ws/install/apriltag_msgs/bin'
[2.140s] INFO:colcon.colcon_core.shell:Creating package script '/home/team100/roboracer_116_lehigh/team_ws/install/apriltag_msgs/share/apriltag_msgs/package.ps1'
[2.142s] INFO:colcon.colcon_core.shell:Creating package descriptor '/home/team100/roboracer_116_lehigh/team_ws/install/apriltag_msgs/share/apriltag_msgs/package.dsv'
[2.143s] INFO:colcon.colcon_core.shell:Creating package script '/home/team100/roboracer_116_lehigh/team_ws/install/apriltag_msgs/share/apriltag_msgs/package.sh'
[2.144s] INFO:colcon.colcon_core.shell:Creating package script '/home/team100/roboracer_116_lehigh/team_ws/install/apriltag_msgs/share/apriltag_msgs/package.bash'
[2.146s] INFO:colcon.colcon_core.shell:Creating package script '/home/team100/roboracer_116_lehigh/team_ws/install/apriltag_msgs/share/apriltag_msgs/package.zsh'
[2.147s] Level 1:colcon.colcon_core.environment:create_file_with_runtime_dependencies(/home/team100/roboracer_116_lehigh/team_ws/install/apriltag_msgs/share/colcon-core/packages/apriltag_msgs)
[2.148s] INFO:colcon.colcon_ros.task.ament_cmake.build:Building ROS package in '/home/team100/roboracer_116_lehigh/team_ws/src/apriltag_ros' with build type 'ament_cmake'
[2.149s] INFO:colcon.colcon_cmake.task.cmake.build:Building CMake package in '/home/team100/roboracer_116_lehigh/team_ws/src/apriltag_ros'
[2.149s] INFO:colcon.colcon_core.shell:Skip shell extension 'powershell' for command environment: Not usable outside of PowerShell
[2.150s] DEBUG:colcon.colcon_core.shell:Skip shell extension 'dsv' for command environment
[2.181s] DEBUG:colcon.colcon_core.event_handler.log_command:Invoking command in '/home/team100/roboracer_116_lehigh/team_ws/build/apriltag_ros': CMAKE_PREFIX_PATH=/home/team100/roboracer_116_lehigh/team_ws/install/apriltag_msgs:/home/team100/roboracer_116_lehigh/team_ws/install/apriltag:/home/team100/roboracer_116_lehigh/team_ws/install/apriltag_ros:/home/team100/roboracer_116_lehigh/team_ws/install/e116:/opt/ros/humble LD_LIBRARY_PATH=/home/team100/roboracer_116_lehigh/team_ws/install/apriltag_msgs/lib:/home/team100/roboracer_116_lehigh/team_ws/install/apriltag/lib:/home/team100/roboracer_116_lehigh/team_ws/install/apriltag_ros/lib:/opt/ros/humble/opt/rviz_ogre_vendor/lib:/opt/ros/humble/lib/aarch64-linux-gnu:/opt/ros/humble/lib PYTHONPATH=/home/team100/roboracer_116_lehigh/team_ws/install/apriltag/lib/python3.10/site-packages:/home/team100/roboracer_116_lehigh/team_ws/install/e116/lib/python3.10/site-packages:/home/team100/roboracer_116_lehigh/team_ws/install/apriltag_msgs/local/lib/python3.10/dist-packages:/opt/ros/humble/lib/python3.10/site-packages:/opt/ros/humble/local/lib/python3.10/dist-packages /usr/bin/cmake --build /home/team100/roboracer_116_lehigh/team_ws/build/apriltag_ros -- -j6 -l6
[2.448s] DEBUG:colcon.colcon_core.event_handler.log_command:Invoked command in '/home/team100/roboracer_116_lehigh/team_ws/build/apriltag_ros' returned '0': CMAKE_PREFIX_PATH=/home/team100/roboracer_116_lehigh/team_ws/install/apriltag_msgs:/home/team100/roboracer_116_lehigh/team_ws/install/apriltag:/home/team100/roboracer_116_lehigh/team_ws/install/apriltag_ros:/home/team100/roboracer_116_lehigh/team_ws/install/e116:/opt/ros/humble LD_LIBRARY_PATH=/home/team100/roboracer_116_lehigh/team_ws/install/apriltag_msgs/lib:/home/team100/roboracer_116_lehigh/team_ws/install/apriltag/lib:/home/team100/roboracer_116_lehigh/team_ws/install/apriltag_ros/lib:/opt/ros/humble/opt/rviz_ogre_vendor/lib:/opt/ros/humble/lib/aarch64-linux-gnu:/opt/ros/humble/lib PYTHONPATH=/home/team100/roboracer_116_lehigh/team_ws/install/apriltag/lib/python3.10/site-packages:/home/team100/roboracer_116_lehigh/team_ws/install/e116/lib/python3.10/site-packages:/home/team100/roboracer_116_lehigh/team_ws/install/apriltag_msgs/local/lib/python3.10/dist-packages:/opt/ros/humble/lib/python3.10/site-packages:/opt/ros/humble/local/lib/python3.10/dist-packages /usr/bin/cmake --build /home/team100/roboracer_116_lehigh/team_ws/build/apriltag_ros -- -j6 -l6
[2.454s] DEBUG:colcon.colcon_core.event_handler.log_command:Invoking command in '/home/team100/roboracer_116_lehigh/team_ws/build/apriltag_ros': CMAKE_PREFIX_PATH=/home/team100/roboracer_116_lehigh/team_ws/install/apriltag_msgs:/home/team100/roboracer_116_lehigh/team_ws/install/apriltag:/home/team100/roboracer_116_lehigh/team_ws/install/apriltag_ros:/home/team100/roboracer_116_lehigh/team_ws/install/e116:/opt/ros/humble LD_LIBRARY_PATH=/home/team100/roboracer_116_lehigh/team_ws/install/apriltag_msgs/lib:/home/team100/roboracer_116_lehigh/team_ws/install/apriltag/lib:/home/team100/roboracer_116_lehigh/team_ws/install/apriltag_ros/lib:/opt/ros/humble/opt/rviz_ogre_vendor/lib:/opt/ros/humble/lib/aarch64-linux-gnu:/opt/ros/humble/lib PYTHONPATH=/home/team100/roboracer_116_lehigh/team_ws/install/apriltag/lib/python3.10/site-packages:/home/team100/roboracer_116_lehigh/team_ws/install/e116/lib/python3.10/site-packages:/home/team100/roboracer_116_lehigh/team_ws/install/apriltag_msgs/local/lib/python3.10/dist-packages:/opt/ros/humble/lib/python3.10/site-packages:/opt/ros/humble/local/lib/python3.10/dist-packages /usr/bin/cmake --install /home/team100/roboracer_116_lehigh/team_ws/build/apriltag_ros
[2.481s] DEBUG:colcon.colcon_core.event_handler.log_command:Invoking command in '/home/team100/roboracer_116_lehigh/team_ws/src/e116': PYTHONPATH=/home/team100/roboracer_116_lehigh/team_ws/build/e116/prefix_override:/usr/lib/python3/dist-packages/colcon_core/task/python/colcon_distutils_commands:/home/team100/roboracer_116_lehigh/team_ws/install/e116/lib/python3.10/site-packages:${PYTHONPATH} /usr/bin/python3 -W ignore:setup.py install is deprecated -W ignore:easy_install command is deprecated setup.py egg_info --egg-base ../../build/e116 build --build-base /home/team100/roboracer_116_lehigh/team_ws/build/e116/build install --record /home/team100/roboracer_116_lehigh/team_ws/build/e116/install.log --single-version-externally-managed install_data
[2.484s] Level 1:colcon.colcon_core.environment:create_environment_scripts_only(apriltag_ros)
[2.485s] DEBUG:colcon.colcon_core.event_handler.log_command:Invoked command in '/home/team100/roboracer_116_lehigh/team_ws/build/apriltag_ros' returned '0': CMAKE_PREFIX_PATH=/home/team100/roboracer_116_lehigh/team_ws/install/apriltag_msgs:/home/team100/roboracer_116_lehigh/team_ws/install/apriltag:/home/team100/roboracer_116_lehigh/team_ws/install/apriltag_ros:/home/team100/roboracer_116_lehigh/team_ws/install/e116:/opt/ros/humble LD_LIBRARY_PATH=/home/team100/roboracer_116_lehigh/team_ws/install/apriltag_msgs/lib:/home/team100/roboracer_116_lehigh/team_ws/install/apriltag/lib:/home/team100/roboracer_116_lehigh/team_ws/install/apriltag_ros/lib:/opt/ros/humble/opt/rviz_ogre_vendor/lib:/opt/ros/humble/lib/aarch64-linux-gnu:/opt/ros/humble/lib PYTHONPATH=/home/team100/roboracer_116_lehigh/team_ws/install/apriltag/lib/python3.10/site-packages:/home/team100/roboracer_116_lehigh/team_ws/install/e116/lib/python3.10/site-packages:/home/team100/roboracer_116_lehigh/team_ws/install/apriltag_msgs/local/lib/python3.10/dist-packages:/opt/ros/humble/lib/python3.10/site-packages:/opt/ros/humble/local/lib/python3.10/dist-packages /usr/bin/cmake --install /home/team100/roboracer_116_lehigh/team_ws/build/apriltag_ros
[2.486s] Level 1:colcon.colcon_core.environment:checking '/home/team100/roboracer_116_lehigh/team_ws/install/apriltag_ros' for CMake module files
[2.487s] Level 1:colcon.colcon_core.environment:checking '/home/team100/roboracer_116_lehigh/team_ws/install/apriltag_ros' for CMake config files
[2.488s] Level 1:colcon.colcon_core.shell:create_environment_hook('apriltag_ros', 'cmake_prefix_path')
[2.489s] INFO:colcon.colcon_core.shell:Creating environment hook '/home/team100/roboracer_116_lehigh/team_ws/install/apriltag_ros/share/apriltag_ros/hook/cmake_prefix_path.ps1'
[2.490s] INFO:colcon.colcon_core.shell:Creating environment descriptor '/home/team100/roboracer_116_lehigh/team_ws/install/apriltag_ros/share/apriltag_ros/hook/cmake_prefix_path.dsv'
[2.491s] INFO:colcon.colcon_core.shell:Creating environment hook '/home/team100/roboracer_116_lehigh/team_ws/install/apriltag_ros/share/apriltag_ros/hook/cmake_prefix_path.sh'
[2.493s] Level 1:colcon.colcon_core.environment:checking '/home/team100/roboracer_116_lehigh/team_ws/install/apriltag_ros/lib'
[2.493s] Level 1:colcon.colcon_core.shell:create_environment_hook('apriltag_ros', 'ld_library_path_lib')
[2.494s] INFO:colcon.colcon_core.shell:Creating environment hook '/home/team100/roboracer_116_lehigh/team_ws/install/apriltag_ros/share/apriltag_ros/hook/ld_library_path_lib.ps1'
[2.495s] INFO:colcon.colcon_core.shell:Creating environment descriptor '/home/team100/roboracer_116_lehigh/team_ws/install/apriltag_ros/share/apriltag_ros/hook/ld_library_path_lib.dsv'
[2.496s] INFO:colcon.colcon_core.shell:Creating environment hook '/home/team100/roboracer_116_lehigh/team_ws/install/apriltag_ros/share/apriltag_ros/hook/ld_library_path_lib.sh'
[2.497s] Level 1:colcon.colcon_core.environment:checking '/home/team100/roboracer_116_lehigh/team_ws/install/apriltag_ros/bin'
[2.497s] Level 1:colcon.colcon_core.environment:checking '/home/team100/roboracer_116_lehigh/team_ws/install/apriltag_ros/lib/pkgconfig/apriltag_ros.pc'
[2.498s] Level 1:colcon.colcon_core.environment:checking '/home/team100/roboracer_116_lehigh/team_ws/install/apriltag_ros/lib/python3.10/site-packages'
[2.499s] Level 1:colcon.colcon_core.environment:checking '/home/team100/roboracer_116_lehigh/team_ws/install/apriltag_ros/bin'
[2.500s] INFO:colcon.colcon_core.shell:Creating package script '/home/team100/roboracer_116_lehigh/team_ws/install/apriltag_ros/share/apriltag_ros/package.ps1'
[2.501s] INFO:colcon.colcon_core.shell:Creating package descriptor '/home/team100/roboracer_116_lehigh/team_ws/install/apriltag_ros/share/apriltag_ros/package.dsv'
[2.502s] INFO:colcon.colcon_core.shell:Creating package script '/home/team100/roboracer_116_lehigh/team_ws/install/apriltag_ros/share/apriltag_ros/package.sh'
[2.504s] INFO:colcon.colcon_core.shell:Creating package script '/home/team100/roboracer_116_lehigh/team_ws/install/apriltag_ros/share/apriltag_ros/package.bash'
[2.505s] INFO:colcon.colcon_core.shell:Creating package script '/home/team100/roboracer_116_lehigh/team_ws/install/apriltag_ros/share/apriltag_ros/package.zsh'
[2.506s] Level 1:colcon.colcon_core.environment:create_file_with_runtime_dependencies(/home/team100/roboracer_116_lehigh/team_ws/install/apriltag_ros/share/colcon-core/packages/apriltag_ros)
[2.507s] Level 1:colcon.colcon_core.environment:create_environment_scripts_only(apriltag_ros)
[2.508s] Level 1:colcon.colcon_core.environment:checking '/home/team100/roboracer_116_lehigh/team_ws/install/apriltag_ros' for CMake module files
[2.509s] Level 1:colcon.colcon_core.environment:checking '/home/team100/roboracer_116_lehigh/team_ws/install/apriltag_ros' for CMake config files
[2.509s] Level 1:colcon.colcon_core.shell:create_environment_hook('apriltag_ros', 'cmake_prefix_path')
[2.510s] INFO:colcon.colcon_core.shell:Creating environment hook '/home/team100/roboracer_116_lehigh/team_ws/install/apriltag_ros/share/apriltag_ros/hook/cmake_prefix_path.ps1'
[2.511s] INFO:colcon.colcon_core.shell:Creating environment descriptor '/home/team100/roboracer_116_lehigh/team_ws/install/apriltag_ros/share/apriltag_ros/hook/cmake_prefix_path.dsv'
[2.512s] INFO:colcon.colcon_core.shell:Creating environment hook '/home/team100/roboracer_116_lehigh/team_ws/install/apriltag_ros/share/apriltag_ros/hook/cmake_prefix_path.sh'
[2.513s] Level 1:colcon.colcon_core.environment:checking '/home/team100/roboracer_116_lehigh/team_ws/install/apriltag_ros/lib'
[2.514s] Level 1:colcon.colcon_core.shell:create_environment_hook('apriltag_ros', 'ld_library_path_lib')
[2.514s] INFO:colcon.colcon_core.shell:Creating environment hook '/home/team100/roboracer_116_lehigh/team_ws/install/apriltag_ros/share/apriltag_ros/hook/ld_library_path_lib.ps1'
[2.515s] INFO:colcon.colcon_core.shell:Creating environment descriptor '/home/team100/roboracer_116_lehigh/team_ws/install/apriltag_ros/share/apriltag_ros/hook/ld_library_path_lib.dsv'
[2.517s] INFO:colcon.colcon_core.shell:Creating environment hook '/home/team100/roboracer_116_lehigh/team_ws/install/apriltag_ros/share/apriltag_ros/hook/ld_library_path_lib.sh'
[2.518s] Level 1:colcon.colcon_core.environment:checking '/home/team100/roboracer_116_lehigh/team_ws/install/apriltag_ros/bin'
[2.518s] Level 1:colcon.colcon_core.environment:checking '/home/team100/roboracer_116_lehigh/team_ws/install/apriltag_ros/lib/pkgconfig/apriltag_ros.pc'
[2.518s] Level 1:colcon.colcon_core.environment:checking '/home/team100/roboracer_116_lehigh/team_ws/install/apriltag_ros/lib/python3.10/site-packages'
[2.519s] Level 1:colcon.colcon_core.environment:checking '/home/team100/roboracer_116_lehigh/team_ws/install/apriltag_ros/bin'
[2.520s] INFO:colcon.colcon_core.shell:Creating package script '/home/team100/roboracer_116_lehigh/team_ws/install/apriltag_ros/share/apriltag_ros/package.ps1'
[2.521s] INFO:colcon.colcon_core.shell:Creating package descriptor '/home/team100/roboracer_116_lehigh/team_ws/install/apriltag_ros/share/apriltag_ros/package.dsv'
[2.522s] INFO:colcon.colcon_core.shell:Creating package script '/home/team100/roboracer_116_lehigh/team_ws/install/apriltag_ros/share/apriltag_ros/package.sh'
[2.524s] INFO:colcon.colcon_core.shell:Creating package script '/home/team100/roboracer_116_lehigh/team_ws/install/apriltag_ros/share/apriltag_ros/package.bash'
[2.525s] INFO:colcon.colcon_core.shell:Creating package script '/home/team100/roboracer_116_lehigh/team_ws/install/apriltag_ros/share/apriltag_ros/package.zsh'
[2.526s] Level 1:colcon.colcon_core.environment:create_file_with_runtime_dependencies(/home/team100/roboracer_116_lehigh/team_ws/install/apriltag_ros/share/colcon-core/packages/apriltag_ros)
[3.179s] Level 1:colcon.colcon_core.environment:checking '/home/team100/roboracer_116_lehigh/team_ws/install/e116' for CMake module files
[3.181s] DEBUG:colcon.colcon_core.event_handler.log_command:Invoked command in '/home/team100/roboracer_116_lehigh/team_ws/src/e116' returned '0': PYTHONPATH=/home/team100/roboracer_116_lehigh/team_ws/build/e116/prefix_override:/usr/lib/python3/dist-packages/colcon_core/task/python/colcon_distutils_commands:/home/team100/roboracer_116_lehigh/team_ws/install/e116/lib/python3.10/site-packages:${PYTHONPATH} /usr/bin/python3 -W ignore:setup.py install is deprecated -W ignore:easy_install command is deprecated setup.py egg_info --egg-base ../../build/e116 build --build-base /home/team100/roboracer_116_lehigh/team_ws/build/e116/build install --record /home/team100/roboracer_116_lehigh/team_ws/build/e116/install.log --single-version-externally-managed install_data
[3.182s] Level 1:colcon.colcon_core.environment:checking '/home/team100/roboracer_116_lehigh/team_ws/install/e116' for CMake config files
[3.185s] Level 1:colcon.colcon_core.environment:checking '/home/team100/roboracer_116_lehigh/team_ws/install/e116/lib'
[3.185s] Level 1:colcon.colcon_core.environment:checking '/home/team100/roboracer_116_lehigh/team_ws/install/e116/bin'
[3.185s] Level 1:colcon.colcon_core.environment:checking '/home/team100/roboracer_116_lehigh/team_ws/install/e116/lib/pkgconfig/e116.pc'
[3.186s] Level 1:colcon.colcon_core.environment:checking '/home/team100/roboracer_116_lehigh/team_ws/install/e116/lib/python3.10/site-packages'
[3.187s] Level 1:colcon.colcon_core.shell:create_environment_hook('e116', 'pythonpath')
[3.187s] INFO:colcon.colcon_core.shell:Creating environment hook '/home/team100/roboracer_116_lehigh/team_ws/install/e116/share/e116/hook/pythonpath.ps1'
[3.189s] INFO:colcon.colcon_core.shell:Creating environment descriptor '/home/team100/roboracer_116_lehigh/team_ws/install/e116/share/e116/hook/pythonpath.dsv'
[3.191s] INFO:colcon.colcon_core.shell:Creating environment hook '/home/team100/roboracer_116_lehigh/team_ws/install/e116/share/e116/hook/pythonpath.sh'
[3.194s] Level 1:colcon.colcon_core.environment:checking '/home/team100/roboracer_116_lehigh/team_ws/install/e116/bin'
[3.194s] Level 1:colcon.colcon_core.environment:create_environment_scripts_only(e116)
[3.195s] INFO:colcon.colcon_core.shell:Creating package script '/home/team100/roboracer_116_lehigh/team_ws/install/e116/share/e116/package.ps1'
[3.197s] INFO:colcon.colcon_core.shell:Creating package descriptor '/home/team100/roboracer_116_lehigh/team_ws/install/e116/share/e116/package.dsv'
[3.199s] INFO:colcon.colcon_core.shell:Creating package script '/home/team100/roboracer_116_lehigh/team_ws/install/e116/share/e116/package.sh'
[3.200s] INFO:colcon.colcon_core.shell:Creating package script '/home/team100/roboracer_116_lehigh/team_ws/install/e116/share/e116/package.bash'
[3.202s] INFO:colcon.colcon_core.shell:Creating package script '/home/team100/roboracer_116_lehigh/team_ws/install/e116/share/e116/package.zsh'
[3.203s] Level 1:colcon.colcon_core.environment:create_file_with_runtime_dependencies(/home/team100/roboracer_116_lehigh/team_ws/install/e116/share/colcon-core/packages/e116)
[3.204s] DEBUG:colcon.colcon_parallel_executor.executor.parallel:closing loop
[3.205s] DEBUG:colcon.colcon_parallel_executor.executor.parallel:loop closed
[3.206s] DEBUG:colcon.colcon_parallel_executor.executor.parallel:run_until_complete finished with '0'
[3.206s] DEBUG:colcon.colcon_core.event_reactor:joining thread
[3.226s] INFO:colcon.colcon_core.plugin_system:Skipping extension 'colcon_notification.desktop_notification.terminal_notifier': Not used on non-Darwin systems
[3.226s] INFO:colcon.colcon_core.plugin_system:Skipping extension 'colcon_notification.desktop_notification.win32': Not used on non-Windows systems
[3.226s] INFO:colcon.colcon_notification.desktop_notification:Sending desktop notification using 'notify2'
[3.273s] DEBUG:colcon.colcon_core.event_reactor:joined thread
[3.274s] INFO:colcon.colcon_core.shell:Creating prefix script '/home/team100/roboracer_116_lehigh/team_ws/install/local_setup.ps1'
[3.279s] INFO:colcon.colcon_core.shell:Creating prefix util module '/home/team100/roboracer_116_lehigh/team_ws/install/_local_setup_util_ps1.py'
[3.285s] INFO:colcon.colcon_core.shell:Creating prefix chain script '/home/team100/roboracer_116_lehigh/team_ws/install/setup.ps1'
[3.289s] INFO:colcon.colcon_core.shell:Creating prefix script '/home/team100/roboracer_116_lehigh/team_ws/install/local_setup.sh'
[3.290s] INFO:colcon.colcon_core.shell:Creating prefix util module '/home/team100/roboracer_116_lehigh/team_ws/install/_local_setup_util_sh.py'
[3.292s] INFO:colcon.colcon_core.shell:Creating prefix chain script '/home/team100/roboracer_116_lehigh/team_ws/install/setup.sh'
[3.295s] INFO:colcon.colcon_core.shell:Creating prefix script '/home/team100/roboracer_116_lehigh/team_ws/install/local_setup.bash'
[3.297s] INFO:colcon.colcon_core.shell:Creating prefix chain script '/home/team100/roboracer_116_lehigh/team_ws/install/setup.bash'
[3.301s] INFO:colcon.colcon_core.shell:Creating prefix script '/home/team100/roboracer_116_lehigh/team_ws/install/local_setup.zsh'
[3.303s] INFO:colcon.colcon_core.shell:Creating prefix chain script '/home/team100/roboracer_116_lehigh/team_ws/install/setup.zsh'
