[0.104s] Invoking command in '/home/team100/team_ws/src/build/apriltag': CMAKE_PREFIX_PATH=/opt/ros/humble /usr/bin/cmake --build /home/team100/team_ws/src/build/apriltag -- -j6 -l6
[0.474s] [  6%] [34m[1mGenerating apriltag_estimate_tag_pose_docstring.h, apriltag_estimate_tag_pose_docstring.cxx[0m
[0.474s] [  6%] [34m[1mGenerating apriltag_detect_docstring.h, apriltag_detect_docstring.cxx[0m
[0.474s] [  6%] [34m[1mGenerating apriltag_py_type_docstring.h, apriltag_py_type_docstring.cxx[0m
[0.505s] [35m[1mConsolidate compiler generated dependencies of target apriltag[0m
[0.537s] [  6%] Built target apriltag_py_docstrings
[0.632s] [ 86%] Built target apriltag
[0.720s] [35m[1mConsolidate compiler generated dependencies of target apriltag.cpython-310-aarch64-linux-gnu[0m
[0.721s] [35m[1mConsolidate compiler generated dependencies of target apriltag_demo[0m
[0.722s] [35m[1mConsolidate compiler generated dependencies of target opencv_demo[0m
[0.765s] [ 90%] Built target apriltag_demo
[0.846s] [ 93%] [32mBuilding C object CMakeFiles/apriltag.cpython-310-aarch64-linux-gnu.dir/apriltag_pywrap.c.o[0m
[1.022s] [ 97%] Built target opencv_demo
[2.643s] [100%] [32m[1mLinking C shared module apriltag.cpython-310-aarch64-linux-gnu.so[0m
[2.803s] [100%] Built target apriltag.cpython-310-aarch64-linux-gnu
[2.827s] Invoked command in '/home/team100/team_ws/src/build/apriltag' returned '0': CMAKE_PREFIX_PATH=/opt/ros/humble /usr/bin/cmake --build /home/team100/team_ws/src/build/apriltag -- -j6 -l6
[2.836s] Invoking command in '/home/team100/team_ws/src/build/apriltag': CMAKE_PREFIX_PATH=/opt/ros/humble /usr/bin/cmake --install /home/team100/team_ws/src/build/apriltag
[2.856s] -- Install configuration: "Release"
[2.857s] -- Up-to-date: /home/team100/team_ws/src/install/apriltag/include/apriltag/apriltag.h
[2.857s] -- Up-to-date: /home/team100/team_ws/src/install/apriltag/include/apriltag/apriltag_math.h
[2.858s] -- Up-to-date: /home/team100/team_ws/src/install/apriltag/include/apriltag/apriltag_pose.h
[2.877s] -- Up-to-date: /home/team100/team_ws/src/install/apriltag/include/apriltag/common/debug_print.h
[2.878s] -- Up-to-date: /home/team100/team_ws/src/install/apriltag/include/apriltag/common/doubles.h
[2.878s] -- Up-to-date: /home/team100/team_ws/src/install/apriltag/include/apriltag/common/doubles_floats_impl.h
[2.878s] -- Up-to-date: /home/team100/team_ws/src/install/apriltag/include/apriltag/common/floats.h
[2.878s] -- Up-to-date: /home/team100/team_ws/src/install/apriltag/include/apriltag/common/g2d.h
[2.878s] -- Up-to-date: /home/team100/team_ws/src/install/apriltag/include/apriltag/common/getopt.h
[2.879s] -- Up-to-date: /home/team100/team_ws/src/install/apriltag/include/apriltag/common/homography.h
[2.879s] -- Up-to-date: /home/team100/team_ws/src/install/apriltag/include/apriltag/common/image_types.h
[2.879s] -- Up-to-date: /home/team100/team_ws/src/install/apriltag/include/apriltag/common/image_u8.h
[2.879s] -- Up-to-date: /home/team100/team_ws/src/install/apriltag/include/apriltag/common/image_u8_parallel.h
[2.880s] -- Up-to-date: /home/team100/team_ws/src/install/apriltag/include/apriltag/common/image_u8x3.h
[2.880s] -- Up-to-date: /home/team100/team_ws/src/install/apriltag/include/apriltag/common/image_u8x4.h
[2.880s] -- Up-to-date: /home/team100/team_ws/src/install/apriltag/include/apriltag/common/matd.h
[2.880s] -- Up-to-date: /home/team100/team_ws/src/install/apriltag/include/apriltag/common/math_util.h
[2.880s] -- Up-to-date: /home/team100/team_ws/src/install/apriltag/include/apriltag/common/pam.h
[2.881s] -- Up-to-date: /home/team100/team_ws/src/install/apriltag/include/apriltag/common/pjpeg.h
[2.881s] -- Up-to-date: /home/team100/team_ws/src/install/apriltag/include/apriltag/common/pnm.h
[2.881s] -- Up-to-date: /home/team100/team_ws/src/install/apriltag/include/apriltag/common/postscript_utils.h
[2.881s] -- Up-to-date: /home/team100/team_ws/src/install/apriltag/include/apriltag/common/pthreads_cross.h
[2.881s] -- Up-to-date: /home/team100/team_ws/src/install/apriltag/include/apriltag/common/string_util.h
[2.881s] -- Up-to-date: /home/team100/team_ws/src/install/apriltag/include/apriltag/common/svd22.h
[2.881s] -- Up-to-date: /home/team100/team_ws/src/install/apriltag/include/apriltag/common/time_util.h
[2.882s] -- Up-to-date: /home/team100/team_ws/src/install/apriltag/include/apriltag/common/timeprofile.h
[2.882s] -- Up-to-date: /home/team100/team_ws/src/install/apriltag/include/apriltag/common/unionfind.h
[2.882s] -- Up-to-date: /home/team100/team_ws/src/install/apriltag/include/apriltag/common/workerpool.h
[2.882s] -- Up-to-date: /home/team100/team_ws/src/install/apriltag/include/apriltag/common/zarray.h
[2.882s] -- Up-to-date: /home/team100/team_ws/src/install/apriltag/include/apriltag/common/zhash.h
[2.882s] -- Up-to-date: /home/team100/team_ws/src/install/apriltag/include/apriltag/common/zmaxheap.h
[2.882s] -- Up-to-date: /home/team100/team_ws/src/install/apriltag/include/apriltag/tag16h5.h
[2.883s] -- Up-to-date: /home/team100/team_ws/src/install/apriltag/include/apriltag/tag25h9.h
[2.883s] -- Up-to-date: /home/team100/team_ws/src/install/apriltag/include/apriltag/tag36h10.h
[2.883s] -- Up-to-date: /home/team100/team_ws/src/install/apriltag/include/apriltag/tag36h11.h
[2.883s] -- Up-to-date: /home/team100/team_ws/src/install/apriltag/include/apriltag/tagCircle21h7.h
[2.883s] -- Up-to-date: /home/team100/team_ws/src/install/apriltag/include/apriltag/tagCircle49h12.h
[2.883s] -- Up-to-date: /home/team100/team_ws/src/install/apriltag/include/apriltag/tagCustom48h12.h
[2.883s] -- Up-to-date: /home/team100/team_ws/src/install/apriltag/include/apriltag/tagStandard41h12.h
[2.884s] -- Up-to-date: /home/team100/team_ws/src/install/apriltag/include/apriltag/tagStandard52h13.h
[2.887s] -- Up-to-date: /home/team100/team_ws/src/install/apriltag/lib/libapriltag.so.3.4.5
[2.887s] -- Up-to-date: /home/team100/team_ws/src/install/apriltag/lib/libapriltag.so.3
[2.887s] -- Up-to-date: /home/team100/team_ws/src/install/apriltag/lib/libapriltag.so
[2.890s] -- Up-to-date: /home/team100/team_ws/src/install/apriltag/lib/apriltag/cmake/apriltagTargets.cmake
[2.890s] -- Up-to-date: /home/team100/team_ws/src/install/apriltag/lib/apriltag/cmake/apriltagTargets-release.cmake
[2.890s] -- Up-to-date: /home/team100/team_ws/src/install/apriltag/lib/apriltag/cmake/apriltagConfig.cmake
[2.890s] -- Up-to-date: /home/team100/team_ws/src/install/apriltag/lib/apriltag/cmake/apriltagConfigVersion.cmake
[2.890s] -- Up-to-date: /home/team100/team_ws/src/install/apriltag/lib/pkgconfig/apriltag.pc
[2.892s] -- Installing: /home/team100/team_ws/src/install/apriltag/lib/python3.10/site-packages/apriltag.cpython-310-aarch64-linux-gnu.so
[2.893s] -- Set runtime path of "/home/team100/team_ws/src/install/apriltag/lib/python3.10/site-packages/apriltag.cpython-310-aarch64-linux-gnu.so" to ""
[2.895s] -- Up-to-date: /home/team100/team_ws/src/install/apriltag/bin/opencv_demo
[2.896s] -- Up-to-date: /home/team100/team_ws/src/install/apriltag/bin/apriltag_demo
[2.901s] Invoked command in '/home/team100/team_ws/src/build/apriltag' returned '0': CMAKE_PREFIX_PATH=/opt/ros/humble /usr/bin/cmake --install /home/team100/team_ws/src/build/apriltag
