[1.534s] Invoking command in '/home/team100/team_ws/src/e116': PYTHONPATH=/home/team100/team_ws/build/e116/prefix_override:/usr/lib/python3/dist-packages/colcon_core/task/python/colcon_distutils_commands:/home/team100/team_ws/install/e116/lib/python3.10/site-packages:${PYTHONPATH} /usr/bin/python3 -W ignore:setup.py install is deprecated -W ignore:easy_install command is deprecated setup.py egg_info --egg-base ../../build/e116 build --build-base /home/team100/team_ws/build/e116/build install --record /home/team100/team_ws/build/e116/install.log --single-version-externally-managed install_data
[2.078s] running egg_info
[2.079s] writing ../../build/e116/e116.egg-info/PKG-INFO
[2.080s] writing dependency_links to ../../build/e116/e116.egg-info/dependency_links.txt
[2.080s] writing entry points to ../../build/e116/e116.egg-info/entry_points.txt
[2.080s] writing requirements to ../../build/e116/e116.egg-info/requires.txt
[2.081s] writing top-level names to ../../build/e116/e116.egg-info/top_level.txt
[2.085s] reading manifest file '../../build/e116/e116.egg-info/SOURCES.txt'
[2.087s] writing manifest file '../../build/e116/e116.egg-info/SOURCES.txt'
[2.087s] running build
[2.087s] running build_py
[2.088s] running install
[2.089s] running install_lib
[2.094s] running install_data
[2.095s] copying launch/e116race.launch.py -> /home/team100/team_ws/install/e116/share/e116/launch
[2.095s] running install_egg_info
[2.099s] removing '/home/team100/team_ws/install/e116/lib/python3.10/site-packages/e116-0.0.0-py3.10.egg-info' (and everything under it)
[2.100s] Copying ../../build/e116/e116.egg-info to /home/team100/team_ws/install/e116/lib/python3.10/site-packages/e116-0.0.0-py3.10.egg-info
[2.102s] running install_scripts
[2.146s] Installing e116_OLED script to /home/team100/team_ws/install/e116/lib/e116
[2.146s] Installing e116_racecar script to /home/team100/team_ws/install/e116/lib/e116
[2.147s] Installing gap_follow script to /home/team100/team_ws/install/e116/lib/e116
[2.147s] Installing keyJoy script to /home/team100/team_ws/install/e116/lib/e116
[2.148s] writing list of installed files to '/home/team100/team_ws/build/e116/install.log'
[2.219s] Invoked command in '/home/team100/team_ws/src/e116' returned '0': PYTHONPATH=/home/team100/team_ws/build/e116/prefix_override:/usr/lib/python3/dist-packages/colcon_core/task/python/colcon_distutils_commands:/home/team100/team_ws/install/e116/lib/python3.10/site-packages:${PYTHONPATH} /usr/bin/python3 -W ignore:setup.py install is deprecated -W ignore:easy_install command is deprecated setup.py egg_info --egg-base ../../build/e116 build --build-base /home/team100/team_ws/build/e116/build install --record /home/team100/team_ws/build/e116/install.log --single-version-externally-managed install_data
