[0.034s] Invoking command in '/home/team100/team_ws/build/apriltag_msgs': CMAKE_PREFIX_PATH=/opt/ros/humble /usr/bin/cmake --build /home/team100/team_ws/build/apriltag_msgs -- -j6 -l6
[0.147s] [  2%] Built target apriltag_msgs__cpp
[0.163s] [ 12%] Built target apriltag_msgs__rosidl_generator_c
[0.177s] [ 12%] Built target ament_cmake_python_symlink_apriltag_msgs
[0.235s] [ 23%] Built target apriltag_msgs__rosidl_typesupport_fastrtps_cpp
[0.240s] [ 34%] Built target apriltag_msgs__rosidl_typesupport_cpp
[0.259s] [ 44%] Built target apriltag_msgs__rosidl_typesupport_fastrtps_c
[0.263s] [ 55%] Built target apriltag_msgs__rosidl_typesupport_c
[0.264s] [ 65%] Built target apriltag_msgs__rosidl_typesupport_introspection_cpp
[0.269s] [ 76%] Built target apriltag_msgs__rosidl_typesupport_introspection_c
[0.312s] [ 76%] Built target apriltag_msgs
[0.354s] [ 78%] Built target apriltag_msgs__py
[0.404s] [ 87%] Built target apriltag_msgs__rosidl_generator_py
[0.451s] [ 95%] Built target apriltag_msgs__rosidl_typesupport_c__pyext
[0.452s] [ 95%] Built target apriltag_msgs__rosidl_typesupport_fastrtps_c__pyext
[0.452s] [100%] Built target apriltag_msgs__rosidl_typesupport_introspection_c__pyext
[0.831s] running egg_info
[0.835s] writing apriltag_msgs.egg-info/PKG-INFO
[0.835s] writing dependency_links to apriltag_msgs.egg-info/dependency_links.txt
[0.835s] writing top-level names to apriltag_msgs.egg-info/top_level.txt
[0.841s] reading manifest file 'apriltag_msgs.egg-info/SOURCES.txt'
[0.843s] writing manifest file 'apriltag_msgs.egg-info/SOURCES.txt'
[0.929s] [100%] Built target ament_cmake_python_build_apriltag_msgs_egg
[0.954s] Invoked command in '/home/team100/team_ws/build/apriltag_msgs' returned '0': CMAKE_PREFIX_PATH=/opt/ros/humble /usr/bin/cmake --build /home/team100/team_ws/build/apriltag_msgs -- -j6 -l6
[0.975s] Invoking command in '/home/team100/team_ws/build/apriltag_msgs': CMAKE_PREFIX_PATH=/opt/ros/humble /usr/bin/cmake --install /home/team100/team_ws/build/apriltag_msgs
[0.990s] -- Install configuration: ""
[0.991s] -- Execute custom install script
[0.992s] -- Up-to-date symlink: /home/team100/team_ws/install/apriltag_msgs/share/ament_index/resource_index/rosidl_interfaces/apriltag_msgs
[0.993s] -- Up-to-date symlink: /home/team100/team_ws/install/apriltag_msgs/include/apriltag_msgs/apriltag_msgs/msg/april_tag_detection.h
[0.994s] -- Up-to-date symlink: /home/team100/team_ws/install/apriltag_msgs/include/apriltag_msgs/apriltag_msgs/msg/april_tag_detection_array.h
[0.994s] -- Up-to-date symlink: /home/team100/team_ws/install/apriltag_msgs/include/apriltag_msgs/apriltag_msgs/msg/detail/april_tag_detection__functions.h
[0.994s] -- Up-to-date symlink: /home/team100/team_ws/install/apriltag_msgs/include/apriltag_msgs/apriltag_msgs/msg/detail/april_tag_detection__struct.h
[0.995s] -- Up-to-date symlink: /home/team100/team_ws/install/apriltag_msgs/include/apriltag_msgs/apriltag_msgs/msg/detail/april_tag_detection__type_support.h
[0.995s] -- Up-to-date symlink: /home/team100/team_ws/install/apriltag_msgs/include/apriltag_msgs/apriltag_msgs/msg/detail/april_tag_detection_array__functions.h
[0.995s] -- Up-to-date symlink: /home/team100/team_ws/install/apriltag_msgs/include/apriltag_msgs/apriltag_msgs/msg/detail/april_tag_detection_array__struct.h
[0.995s] -- Up-to-date symlink: /home/team100/team_ws/install/apriltag_msgs/include/apriltag_msgs/apriltag_msgs/msg/detail/april_tag_detection_array__type_support.h
[0.995s] -- Up-to-date symlink: /home/team100/team_ws/install/apriltag_msgs/include/apriltag_msgs/apriltag_msgs/msg/detail/point__functions.h
[0.996s] -- Up-to-date symlink: /home/team100/team_ws/install/apriltag_msgs/include/apriltag_msgs/apriltag_msgs/msg/detail/point__struct.h
[0.996s] -- Up-to-date symlink: /home/team100/team_ws/install/apriltag_msgs/include/apriltag_msgs/apriltag_msgs/msg/detail/point__type_support.h
[0.997s] -- Up-to-date symlink: /home/team100/team_ws/install/apriltag_msgs/include/apriltag_msgs/apriltag_msgs/msg/point.h
[0.999s] -- Up-to-date symlink: /home/team100/team_ws/install/apriltag_msgs/include/apriltag_msgs/apriltag_msgs/msg/rosidl_generator_c__visibility_control.h
[1.001s] -- Up-to-date symlink: /home/team100/team_ws/install/apriltag_msgs/share/apriltag_msgs/environment/library_path.sh
[1.002s] -- Up-to-date symlink: /home/team100/team_ws/install/apriltag_msgs/share/apriltag_msgs/environment/library_path.dsv
[1.005s] -- Up-to-date symlink: /home/team100/team_ws/install/apriltag_msgs/include/apriltag_msgs/apriltag_msgs/msg/detail/april_tag_detection__rosidl_typesupport_fastrtps_c.h
[1.008s] -- Up-to-date symlink: /home/team100/team_ws/install/apriltag_msgs/include/apriltag_msgs/apriltag_msgs/msg/detail/april_tag_detection_array__rosidl_typesupport_fastrtps_c.h
[1.009s] -- Up-to-date symlink: /home/team100/team_ws/install/apriltag_msgs/include/apriltag_msgs/apriltag_msgs/msg/detail/point__rosidl_typesupport_fastrtps_c.h
[1.012s] -- Up-to-date symlink: /home/team100/team_ws/install/apriltag_msgs/include/apriltag_msgs/apriltag_msgs/msg/rosidl_typesupport_fastrtps_c__visibility_control.h
[1.017s] -- Up-to-date symlink: /home/team100/team_ws/install/apriltag_msgs/include/apriltag_msgs/apriltag_msgs/msg/detail/april_tag_detection__rosidl_typesupport_introspection_c.h
[1.018s] -- Up-to-date symlink: /home/team100/team_ws/install/apriltag_msgs/include/apriltag_msgs/apriltag_msgs/msg/detail/april_tag_detection_array__rosidl_typesupport_introspection_c.h
[1.018s] -- Up-to-date symlink: /home/team100/team_ws/install/apriltag_msgs/include/apriltag_msgs/apriltag_msgs/msg/detail/point__rosidl_typesupport_introspection_c.h
[1.019s] -- Up-to-date symlink: /home/team100/team_ws/install/apriltag_msgs/include/apriltag_msgs/apriltag_msgs/msg/rosidl_typesupport_introspection_c__visibility_control.h
[1.020s] -- Up-to-date symlink: /home/team100/team_ws/install/apriltag_msgs/include/apriltag_msgs/apriltag_msgs/msg/april_tag_detection.hpp
[1.020s] -- Up-to-date symlink: /home/team100/team_ws/install/apriltag_msgs/include/apriltag_msgs/apriltag_msgs/msg/april_tag_detection_array.hpp
[1.022s] -- Up-to-date symlink: /home/team100/team_ws/install/apriltag_msgs/include/apriltag_msgs/apriltag_msgs/msg/detail/april_tag_detection__builder.hpp
[1.023s] -- Up-to-date symlink: /home/team100/team_ws/install/apriltag_msgs/include/apriltag_msgs/apriltag_msgs/msg/detail/april_tag_detection__struct.hpp
[1.024s] -- Up-to-date symlink: /home/team100/team_ws/install/apriltag_msgs/include/apriltag_msgs/apriltag_msgs/msg/detail/april_tag_detection__traits.hpp
[1.027s] -- Up-to-date symlink: /home/team100/team_ws/install/apriltag_msgs/include/apriltag_msgs/apriltag_msgs/msg/detail/april_tag_detection__type_support.hpp
[1.028s] -- Up-to-date symlink: /home/team100/team_ws/install/apriltag_msgs/include/apriltag_msgs/apriltag_msgs/msg/detail/april_tag_detection_array__builder.hpp
[1.028s] -- Up-to-date symlink: /home/team100/team_ws/install/apriltag_msgs/include/apriltag_msgs/apriltag_msgs/msg/detail/april_tag_detection_array__struct.hpp
[1.028s] -- Up-to-date symlink: /home/team100/team_ws/install/apriltag_msgs/include/apriltag_msgs/apriltag_msgs/msg/detail/april_tag_detection_array__traits.hpp
[1.028s] -- Up-to-date symlink: /home/team100/team_ws/install/apriltag_msgs/include/apriltag_msgs/apriltag_msgs/msg/detail/april_tag_detection_array__type_support.hpp
[1.029s] -- Up-to-date symlink: /home/team100/team_ws/install/apriltag_msgs/include/apriltag_msgs/apriltag_msgs/msg/detail/point__builder.hpp
[1.029s] -- Up-to-date symlink: /home/team100/team_ws/install/apriltag_msgs/include/apriltag_msgs/apriltag_msgs/msg/detail/point__struct.hpp
[1.029s] -- Up-to-date symlink: /home/team100/team_ws/install/apriltag_msgs/include/apriltag_msgs/apriltag_msgs/msg/detail/point__traits.hpp
[1.030s] -- Up-to-date symlink: /home/team100/team_ws/install/apriltag_msgs/include/apriltag_msgs/apriltag_msgs/msg/detail/point__type_support.hpp
[1.030s] -- Up-to-date symlink: /home/team100/team_ws/install/apriltag_msgs/include/apriltag_msgs/apriltag_msgs/msg/point.hpp
[1.030s] -- Up-to-date symlink: /home/team100/team_ws/install/apriltag_msgs/include/apriltag_msgs/apriltag_msgs/msg/rosidl_generator_cpp__visibility_control.hpp
[1.031s] -- Up-to-date symlink: /home/team100/team_ws/install/apriltag_msgs/include/apriltag_msgs/apriltag_msgs/msg/detail/april_tag_detection__rosidl_typesupport_fastrtps_cpp.hpp
[1.031s] -- Up-to-date symlink: /home/team100/team_ws/install/apriltag_msgs/include/apriltag_msgs/apriltag_msgs/msg/detail/april_tag_detection_array__rosidl_typesupport_fastrtps_cpp.hpp
[1.032s] -- Up-to-date symlink: /home/team100/team_ws/install/apriltag_msgs/include/apriltag_msgs/apriltag_msgs/msg/detail/point__rosidl_typesupport_fastrtps_cpp.hpp
[1.033s] -- Up-to-date symlink: /home/team100/team_ws/install/apriltag_msgs/include/apriltag_msgs/apriltag_msgs/msg/rosidl_typesupport_fastrtps_cpp__visibility_control.h
[1.033s] -- Up-to-date symlink: /home/team100/team_ws/install/apriltag_msgs/include/apriltag_msgs/apriltag_msgs/msg/detail/april_tag_detection__rosidl_typesupport_introspection_cpp.hpp
[1.034s] -- Up-to-date symlink: /home/team100/team_ws/install/apriltag_msgs/include/apriltag_msgs/apriltag_msgs/msg/detail/april_tag_detection_array__rosidl_typesupport_introspection_cpp.hpp
[1.035s] -- Up-to-date symlink: /home/team100/team_ws/install/apriltag_msgs/include/apriltag_msgs/apriltag_msgs/msg/detail/point__rosidl_typesupport_introspection_cpp.hpp
[1.035s] -- Up-to-date symlink: /home/team100/team_ws/install/apriltag_msgs/share/apriltag_msgs/environment/pythonpath.sh
[1.036s] -- Up-to-date symlink: /home/team100/team_ws/install/apriltag_msgs/share/apriltag_msgs/environment/pythonpath.dsv
[1.036s] -- Up-to-date symlink: /home/team100/team_ws/install/apriltag_msgs/local/lib/python3.10/dist-packages/apriltag_msgs-2.0.1-py3.10.egg-info/PKG-INFO
[1.036s] -- Up-to-date symlink: /home/team100/team_ws/install/apriltag_msgs/local/lib/python3.10/dist-packages/apriltag_msgs-2.0.1-py3.10.egg-info/SOURCES.txt
[1.037s] -- Up-to-date symlink: /home/team100/team_ws/install/apriltag_msgs/local/lib/python3.10/dist-packages/apriltag_msgs-2.0.1-py3.10.egg-info/dependency_links.txt
[1.037s] -- Up-to-date symlink: /home/team100/team_ws/install/apriltag_msgs/local/lib/python3.10/dist-packages/apriltag_msgs-2.0.1-py3.10.egg-info/top_level.txt
[1.038s] -- Up-to-date symlink: /home/team100/team_ws/install/apriltag_msgs/local/lib/python3.10/dist-packages/apriltag_msgs/__init__.py
[1.038s] -- Up-to-date symlink: /home/team100/team_ws/install/apriltag_msgs/local/lib/python3.10/dist-packages/apriltag_msgs/_apriltag_msgs_s.ep.rosidl_typesupport_c.c
[1.038s] -- Up-to-date symlink: /home/team100/team_ws/install/apriltag_msgs/local/lib/python3.10/dist-packages/apriltag_msgs/_apriltag_msgs_s.ep.rosidl_typesupport_fastrtps_c.c
[1.039s] -- Up-to-date symlink: /home/team100/team_ws/install/apriltag_msgs/local/lib/python3.10/dist-packages/apriltag_msgs/_apriltag_msgs_s.ep.rosidl_typesupport_introspection_c.c
[1.039s] -- Up-to-date symlink: /home/team100/team_ws/install/apriltag_msgs/local/lib/python3.10/dist-packages/apriltag_msgs/apriltag_msgs_s__rosidl_typesupport_c.cpython-310-aarch64-linux-gnu.so
[1.040s] -- Up-to-date symlink: /home/team100/team_ws/install/apriltag_msgs/local/lib/python3.10/dist-packages/apriltag_msgs/apriltag_msgs_s__rosidl_typesupport_fastrtps_c.cpython-310-aarch64-linux-gnu.so
[1.040s] -- Up-to-date symlink: /home/team100/team_ws/install/apriltag_msgs/local/lib/python3.10/dist-packages/apriltag_msgs/apriltag_msgs_s__rosidl_typesupport_introspection_c.cpython-310-aarch64-linux-gnu.so
[1.040s] -- Up-to-date symlink: /home/team100/team_ws/install/apriltag_msgs/local/lib/python3.10/dist-packages/apriltag_msgs/libapriltag_msgs__rosidl_generator_py.so
[1.041s] -- Up-to-date symlink: /home/team100/team_ws/install/apriltag_msgs/local/lib/python3.10/dist-packages/apriltag_msgs/msg/__init__.py
[1.041s] -- Up-to-date symlink: /home/team100/team_ws/install/apriltag_msgs/local/lib/python3.10/dist-packages/apriltag_msgs/msg/_april_tag_detection.py
[1.041s] -- Up-to-date symlink: /home/team100/team_ws/install/apriltag_msgs/local/lib/python3.10/dist-packages/apriltag_msgs/msg/_april_tag_detection_array.py
[1.041s] -- Up-to-date symlink: /home/team100/team_ws/install/apriltag_msgs/local/lib/python3.10/dist-packages/apriltag_msgs/msg/_april_tag_detection_array_s.c
[1.042s] -- Up-to-date symlink: /home/team100/team_ws/install/apriltag_msgs/local/lib/python3.10/dist-packages/apriltag_msgs/msg/_april_tag_detection_s.c
[1.042s] -- Up-to-date symlink: /home/team100/team_ws/install/apriltag_msgs/local/lib/python3.10/dist-packages/apriltag_msgs/msg/_point.py
[1.042s] -- Up-to-date symlink: /home/team100/team_ws/install/apriltag_msgs/local/lib/python3.10/dist-packages/apriltag_msgs/msg/_point_s.c
[1.043s] -- Up-to-date symlink: /home/team100/team_ws/install/apriltag_msgs/local/lib/python3.10/dist-packages/apriltag_msgs/apriltag_msgs_s__rosidl_typesupport_fastrtps_c.cpython-310-aarch64-linux-gnu.so
[1.043s] -- Up-to-date symlink: /home/team100/team_ws/install/apriltag_msgs/local/lib/python3.10/dist-packages/apriltag_msgs/apriltag_msgs_s__rosidl_typesupport_introspection_c.cpython-310-aarch64-linux-gnu.so
[1.044s] -- Up-to-date symlink: /home/team100/team_ws/install/apriltag_msgs/local/lib/python3.10/dist-packages/apriltag_msgs/apriltag_msgs_s__rosidl_typesupport_c.cpython-310-aarch64-linux-gnu.so
[1.044s] -- Up-to-date symlink: /home/team100/team_ws/install/apriltag_msgs/share/apriltag_msgs/msg/Point.idl
[1.044s] -- Up-to-date symlink: /home/team100/team_ws/install/apriltag_msgs/share/apriltag_msgs/msg/AprilTagDetection.idl
[1.045s] -- Up-to-date symlink: /home/team100/team_ws/install/apriltag_msgs/share/apriltag_msgs/msg/AprilTagDetectionArray.idl
[1.045s] -- Up-to-date symlink: /home/team100/team_ws/install/apriltag_msgs/share/apriltag_msgs/msg/Point.msg
[1.045s] -- Up-to-date symlink: /home/team100/team_ws/install/apriltag_msgs/share/apriltag_msgs/msg/AprilTagDetection.msg
[1.046s] -- Up-to-date symlink: /home/team100/team_ws/install/apriltag_msgs/share/apriltag_msgs/msg/AprilTagDetectionArray.msg
[1.046s] -- Up-to-date symlink: /home/team100/team_ws/install/apriltag_msgs/share/ament_index/resource_index/package_run_dependencies/apriltag_msgs
[1.047s] -- Up-to-date symlink: /home/team100/team_ws/install/apriltag_msgs/share/ament_index/resource_index/parent_prefix_path/apriltag_msgs
[1.047s] -- Up-to-date symlink: /home/team100/team_ws/install/apriltag_msgs/share/apriltag_msgs/environment/ament_prefix_path.sh
[1.048s] -- Up-to-date symlink: /home/team100/team_ws/install/apriltag_msgs/share/apriltag_msgs/environment/ament_prefix_path.dsv
[1.048s] -- Up-to-date symlink: /home/team100/team_ws/install/apriltag_msgs/share/apriltag_msgs/environment/path.sh
[1.048s] -- Up-to-date symlink: /home/team100/team_ws/install/apriltag_msgs/share/apriltag_msgs/environment/path.dsv
[1.049s] -- Up-to-date symlink: /home/team100/team_ws/install/apriltag_msgs/share/apriltag_msgs/local_setup.bash
[1.049s] -- Up-to-date symlink: /home/team100/team_ws/install/apriltag_msgs/share/apriltag_msgs/local_setup.sh
[1.050s] -- Up-to-date symlink: /home/team100/team_ws/install/apriltag_msgs/share/apriltag_msgs/local_setup.zsh
[1.050s] -- Up-to-date symlink: /home/team100/team_ws/install/apriltag_msgs/share/apriltag_msgs/local_setup.dsv
[1.050s] -- Symlinking: /home/team100/team_ws/install/apriltag_msgs/share/apriltag_msgs/package.dsv
[1.050s] -- Up-to-date symlink: /home/team100/team_ws/install/apriltag_msgs/share/ament_index/resource_index/packages/apriltag_msgs
[1.050s] -- Up-to-date symlink: /home/team100/team_ws/install/apriltag_msgs/share/apriltag_msgs/cmake/rosidl_cmake-extras.cmake
[1.051s] -- Up-to-date symlink: /home/team100/team_ws/install/apriltag_msgs/share/apriltag_msgs/cmake/ament_cmake_export_dependencies-extras.cmake
[1.051s] -- Up-to-date symlink: /home/team100/team_ws/install/apriltag_msgs/share/apriltag_msgs/cmake/ament_cmake_export_include_directories-extras.cmake
[1.051s] -- Up-to-date symlink: /home/team100/team_ws/install/apriltag_msgs/share/apriltag_msgs/cmake/ament_cmake_export_libraries-extras.cmake
[1.051s] -- Up-to-date symlink: /home/team100/team_ws/install/apriltag_msgs/share/apriltag_msgs/cmake/ament_cmake_export_targets-extras.cmake
[1.052s] -- Up-to-date symlink: /home/team100/team_ws/install/apriltag_msgs/share/apriltag_msgs/cmake/rosidl_cmake_export_typesupport_targets-extras.cmake
[1.053s] -- Up-to-date symlink: /home/team100/team_ws/install/apriltag_msgs/share/apriltag_msgs/cmake/rosidl_cmake_export_typesupport_libraries-extras.cmake
[1.054s] -- Up-to-date symlink: /home/team100/team_ws/install/apriltag_msgs/share/apriltag_msgs/cmake/apriltag_msgsConfig.cmake
[1.054s] -- Up-to-date symlink: /home/team100/team_ws/install/apriltag_msgs/share/apriltag_msgs/cmake/apriltag_msgsConfig-version.cmake
[1.054s] -- Up-to-date symlink: /home/team100/team_ws/install/apriltag_msgs/share/apriltag_msgs/package.xml
[1.054s] -- Up-to-date: /home/team100/team_ws/install/apriltag_msgs/lib/libapriltag_msgs__rosidl_generator_c.so
[1.054s] -- Up-to-date: /home/team100/team_ws/install/apriltag_msgs/lib/libapriltag_msgs__rosidl_typesupport_fastrtps_c.so
[1.055s] -- Up-to-date: /home/team100/team_ws/install/apriltag_msgs/lib/libapriltag_msgs__rosidl_typesupport_introspection_c.so
[1.055s] -- Up-to-date: /home/team100/team_ws/install/apriltag_msgs/lib/libapriltag_msgs__rosidl_typesupport_c.so
[1.055s] -- Up-to-date: /home/team100/team_ws/install/apriltag_msgs/lib/libapriltag_msgs__rosidl_typesupport_fastrtps_cpp.so
[1.055s] -- Up-to-date: /home/team100/team_ws/install/apriltag_msgs/lib/libapriltag_msgs__rosidl_typesupport_introspection_cpp.so
[1.056s] -- Up-to-date: /home/team100/team_ws/install/apriltag_msgs/lib/libapriltag_msgs__rosidl_typesupport_cpp.so
[1.130s] Listing '/home/team100/team_ws/install/apriltag_msgs/local/lib/python3.10/dist-packages/apriltag_msgs'...
[1.131s] Listing '/home/team100/team_ws/install/apriltag_msgs/local/lib/python3.10/dist-packages/apriltag_msgs/msg'...
[1.146s] -- Up-to-date: /home/team100/team_ws/install/apriltag_msgs/lib/libapriltag_msgs__rosidl_generator_py.so
[1.146s] -- Up-to-date: /home/team100/team_ws/install/apriltag_msgs/share/apriltag_msgs/cmake/export_apriltag_msgs__rosidl_generator_cExport.cmake
[1.146s] -- Up-to-date: /home/team100/team_ws/install/apriltag_msgs/share/apriltag_msgs/cmake/export_apriltag_msgs__rosidl_generator_cExport-noconfig.cmake
[1.147s] -- Up-to-date: /home/team100/team_ws/install/apriltag_msgs/share/apriltag_msgs/cmake/export_apriltag_msgs__rosidl_typesupport_fastrtps_cExport.cmake
[1.147s] -- Up-to-date: /home/team100/team_ws/install/apriltag_msgs/share/apriltag_msgs/cmake/export_apriltag_msgs__rosidl_typesupport_fastrtps_cExport-noconfig.cmake
[1.147s] -- Up-to-date: /home/team100/team_ws/install/apriltag_msgs/share/apriltag_msgs/cmake/apriltag_msgs__rosidl_typesupport_introspection_cExport.cmake
[1.147s] -- Up-to-date: /home/team100/team_ws/install/apriltag_msgs/share/apriltag_msgs/cmake/apriltag_msgs__rosidl_typesupport_introspection_cExport-noconfig.cmake
[1.148s] -- Up-to-date: /home/team100/team_ws/install/apriltag_msgs/share/apriltag_msgs/cmake/apriltag_msgs__rosidl_typesupport_cExport.cmake
[1.148s] -- Up-to-date: /home/team100/team_ws/install/apriltag_msgs/share/apriltag_msgs/cmake/apriltag_msgs__rosidl_typesupport_cExport-noconfig.cmake
[1.148s] -- Up-to-date: /home/team100/team_ws/install/apriltag_msgs/share/apriltag_msgs/cmake/export_apriltag_msgs__rosidl_generator_cppExport.cmake
[1.148s] -- Up-to-date: /home/team100/team_ws/install/apriltag_msgs/share/apriltag_msgs/cmake/export_apriltag_msgs__rosidl_typesupport_fastrtps_cppExport.cmake
[1.148s] -- Up-to-date: /home/team100/team_ws/install/apriltag_msgs/share/apriltag_msgs/cmake/export_apriltag_msgs__rosidl_typesupport_fastrtps_cppExport-noconfig.cmake
[1.148s] -- Up-to-date: /home/team100/team_ws/install/apriltag_msgs/share/apriltag_msgs/cmake/apriltag_msgs__rosidl_typesupport_introspection_cppExport.cmake
[1.149s] -- Up-to-date: /home/team100/team_ws/install/apriltag_msgs/share/apriltag_msgs/cmake/apriltag_msgs__rosidl_typesupport_introspection_cppExport-noconfig.cmake
[1.149s] -- Up-to-date: /home/team100/team_ws/install/apriltag_msgs/share/apriltag_msgs/cmake/apriltag_msgs__rosidl_typesupport_cppExport.cmake
[1.149s] -- Up-to-date: /home/team100/team_ws/install/apriltag_msgs/share/apriltag_msgs/cmake/apriltag_msgs__rosidl_typesupport_cppExport-noconfig.cmake
[1.149s] -- Up-to-date: /home/team100/team_ws/install/apriltag_msgs/share/apriltag_msgs/cmake/export_apriltag_msgs__rosidl_generator_pyExport.cmake
[1.149s] -- Up-to-date: /home/team100/team_ws/install/apriltag_msgs/share/apriltag_msgs/cmake/export_apriltag_msgs__rosidl_generator_pyExport-noconfig.cmake
[1.155s] Invoked command in '/home/team100/team_ws/build/apriltag_msgs' returned '0': CMAKE_PREFIX_PATH=/opt/ros/humble /usr/bin/cmake --install /home/team100/team_ws/build/apriltag_msgs
