[0.252s] DEBUG:colcon:Command line arguments: ['/usr/bin/colcon', 'build']
[0.252s] DEBUG:colcon:Parsed command line arguments: Namespace(log_base=None, log_level=None, verb_name='build', build_base='build', install_base='install', merge_install=False, symlink_install=False, test_result_base=None, continue_on_error=False, executor='parallel', parallel_workers=6, event_handlers=None, ignore_user_meta=False, metas=['./colcon.meta'], base_paths=['.'], packages_ignore=None, packages_ignore_regex=None, paths=None, packages_up_to=None, packages_up_to_regex=None, packages_above=None, packages_above_and_dependencies=None, packages_above_depth=None, packages_select_by_dep=None, packages_skip_by_dep=None, packages_skip_up_to=None, packages_select_build_failed=False, packages_skip_build_finished=False, packages_select_test_failures=False, packages_skip_test_passed=False, packages_select=None, packages_skip=None, packages_select_regex=None, packages_skip_regex=None, packages_start=None, packages_end=None, allow_overriding=[], cmake_args=None, cmake_target=None, cmake_target_skip_unavailable=False, cmake_clean_cache=False, cmake_clean_first=False, cmake_force_configure=False, ament_cmake_args=None, catkin_cmake_args=None, catkin_skip_building_tests=False, mixin_files=None, mixin=None, verb_parser=<colcon_mixin.mixin.mixin_argument.MixinArgumentDecorator object at 0xffff987b2530>, verb_extension=<colcon_core.verb.build.BuildVerb object at 0xffff987b1d20>, main=<bound method BuildVerb.main of <colcon_core.verb.build.BuildVerb object at 0xffff987b1d20>>, mixin_verb=('build',))
[0.642s] Level 1:colcon.colcon_core.package_discovery:discover_packages(colcon_meta) check parameters
[0.643s] Level 1:colcon.colcon_core.package_discovery:discover_packages(recursive) check parameters
[0.643s] Level 1:colcon.colcon_core.package_discovery:discover_packages(ignore) check parameters
[0.643s] Level 1:colcon.colcon_core.package_discovery:discover_packages(path) check parameters
[0.643s] Level 1:colcon.colcon_core.package_discovery:discover_packages(colcon_meta) discover
[0.643s] Level 1:colcon.colcon_core.package_discovery:discover_packages(recursive) discover
[0.643s] INFO:colcon.colcon_core.package_discovery:Crawling recursively for packages in '/home/team100/team_ws/src'
[0.644s] Level 1:colcon.colcon_core.package_identification:_identify(.) by extensions ['ignore', 'ignore_ament_install']
[0.644s] Level 1:colcon.colcon_core.package_identification:_identify(.) by extension 'ignore'
[0.644s] Level 1:colcon.colcon_core.package_identification:_identify(.) by extension 'ignore_ament_install'
[0.644s] Level 1:colcon.colcon_core.package_identification:_identify(.) by extensions ['colcon_pkg']
[0.644s] Level 1:colcon.colcon_core.package_identification:_identify(.) by extension 'colcon_pkg'
[0.644s] Level 1:colcon.colcon_core.package_identification:_identify(.) by extensions ['colcon_meta']
[0.644s] Level 1:colcon.colcon_core.package_identification:_identify(.) by extension 'colcon_meta'
[0.644s] Level 1:colcon.colcon_core.package_identification:_identify(.) by extensions ['ros']
[0.645s] Level 1:colcon.colcon_core.package_identification:_identify(.) by extension 'ros'
[0.669s] Level 1:colcon.colcon_core.package_identification:_identify(.) by extensions ['cmake', 'python']
[0.669s] Level 1:colcon.colcon_core.package_identification:_identify(.) by extension 'cmake'
[0.669s] Level 1:colcon.colcon_core.package_identification:_identify(.) by extension 'python'
[0.669s] Level 1:colcon.colcon_core.package_identification:_identify(.) by extensions ['python_setup_py']
[0.669s] Level 1:colcon.colcon_core.package_identification:_identify(.) by extension 'python_setup_py'
[0.670s] Level 1:colcon.colcon_core.package_identification:_identify(apriltag) by extensions ['ignore', 'ignore_ament_install']
[0.670s] Level 1:colcon.colcon_core.package_identification:_identify(apriltag) by extension 'ignore'
[0.670s] Level 1:colcon.colcon_core.package_identification:_identify(apriltag) by extension 'ignore_ament_install'
[0.670s] Level 1:colcon.colcon_core.package_identification:_identify(apriltag) by extensions ['colcon_pkg']
[0.670s] Level 1:colcon.colcon_core.package_identification:_identify(apriltag) by extension 'colcon_pkg'
[0.670s] Level 1:colcon.colcon_core.package_identification:_identify(apriltag) by extensions ['colcon_meta']
[0.670s] Level 1:colcon.colcon_core.package_identification:_identify(apriltag) by extension 'colcon_meta'
[0.670s] Level 1:colcon.colcon_core.package_identification:_identify(apriltag) by extensions ['ros']
[0.671s] Level 1:colcon.colcon_core.package_identification:_identify(apriltag) by extension 'ros'
[0.680s] DEBUG:colcon.colcon_core.package_identification:Package 'apriltag' with type 'ros.cmake' and name 'apriltag'
[0.680s] Level 1:colcon.colcon_core.package_identification:_identify(apriltag_msgs) by extensions ['ignore', 'ignore_ament_install']
[0.680s] Level 1:colcon.colcon_core.package_identification:_identify(apriltag_msgs) by extension 'ignore'
[0.681s] Level 1:colcon.colcon_core.package_identification:_identify(apriltag_msgs) by extension 'ignore_ament_install'
[0.681s] Level 1:colcon.colcon_core.package_identification:_identify(apriltag_msgs) by extensions ['colcon_pkg']
[0.681s] Level 1:colcon.colcon_core.package_identification:_identify(apriltag_msgs) by extension 'colcon_pkg'
[0.681s] Level 1:colcon.colcon_core.package_identification:_identify(apriltag_msgs) by extensions ['colcon_meta']
[0.681s] Level 1:colcon.colcon_core.package_identification:_identify(apriltag_msgs) by extension 'colcon_meta'
[0.681s] Level 1:colcon.colcon_core.package_identification:_identify(apriltag_msgs) by extensions ['ros']
[0.681s] Level 1:colcon.colcon_core.package_identification:_identify(apriltag_msgs) by extension 'ros'
[0.682s] DEBUG:colcon.colcon_core.package_identification:Package 'apriltag_msgs' with type 'ros.ament_cmake' and name 'apriltag_msgs'
[0.683s] Level 1:colcon.colcon_core.package_identification:_identify(apriltag_ros) by extensions ['ignore', 'ignore_ament_install']
[0.683s] Level 1:colcon.colcon_core.package_identification:_identify(apriltag_ros) by extension 'ignore'
[0.683s] Level 1:colcon.colcon_core.package_identification:_identify(apriltag_ros) by extension 'ignore_ament_install'
[0.683s] Level 1:colcon.colcon_core.package_identification:_identify(apriltag_ros) by extensions ['colcon_pkg']
[0.683s] Level 1:colcon.colcon_core.package_identification:_identify(apriltag_ros) by extension 'colcon_pkg'
[0.683s] Level 1:colcon.colcon_core.package_identification:_identify(apriltag_ros) by extensions ['colcon_meta']
[0.683s] Level 1:colcon.colcon_core.package_identification:_identify(apriltag_ros) by extension 'colcon_meta'
[0.684s] Level 1:colcon.colcon_core.package_identification:_identify(apriltag_ros) by extensions ['ros']
[0.684s] Level 1:colcon.colcon_core.package_identification:_identify(apriltag_ros) by extension 'ros'
[0.687s] DEBUG:colcon.colcon_core.package_identification:Package 'apriltag_ros' with type 'ros.ament_cmake' and name 'apriltag_ros'
[0.687s] Level 1:colcon.colcon_core.package_identification:_identify(build) by extensions ['ignore', 'ignore_ament_install']
[0.687s] Level 1:colcon.colcon_core.package_identification:_identify(build) by extension 'ignore'
[0.688s] Level 1:colcon.colcon_core.package_identification:_identify(build) ignored
[0.688s] Level 1:colcon.colcon_core.package_identification:_identify(e116) by extensions ['ignore', 'ignore_ament_install']
[0.688s] Level 1:colcon.colcon_core.package_identification:_identify(e116) by extension 'ignore'
[0.688s] Level 1:colcon.colcon_core.package_identification:_identify(e116) by extension 'ignore_ament_install'
[0.688s] Level 1:colcon.colcon_core.package_identification:_identify(e116) by extensions ['colcon_pkg']
[0.688s] Level 1:colcon.colcon_core.package_identification:_identify(e116) by extension 'colcon_pkg'
[0.689s] Level 1:colcon.colcon_core.package_identification:_identify(e116) by extensions ['colcon_meta']
[0.689s] Level 1:colcon.colcon_core.package_identification:_identify(e116) by extension 'colcon_meta'
[0.689s] Level 1:colcon.colcon_core.package_identification:_identify(e116) by extensions ['ros']
[0.689s] Level 1:colcon.colcon_core.package_identification:_identify(e116) by extension 'ros'
[0.691s] DEBUG:colcon.colcon_core.package_identification:Package 'e116' with type 'ros.ament_python' and name 'e116'
[0.691s] Level 1:colcon.colcon_core.package_identification:_identify(install) by extensions ['ignore', 'ignore_ament_install']
[0.691s] Level 1:colcon.colcon_core.package_identification:_identify(install) by extension 'ignore'
[0.691s] Level 1:colcon.colcon_core.package_identification:_identify(install) ignored
[0.691s] Level 1:colcon.colcon_core.package_identification:_identify(log) by extensions ['ignore', 'ignore_ament_install']
[0.692s] Level 1:colcon.colcon_core.package_identification:_identify(log) by extension 'ignore'
[0.692s] Level 1:colcon.colcon_core.package_identification:_identify(log) ignored
[0.692s] Level 1:colcon.colcon_core.package_discovery:discover_packages(recursive) using defaults
[0.692s] Level 1:colcon.colcon_core.package_discovery:discover_packages(ignore) discover
[0.692s] Level 1:colcon.colcon_core.package_discovery:discover_packages(ignore) using defaults
[0.692s] Level 1:colcon.colcon_core.package_discovery:discover_packages(path) discover
[0.692s] Level 1:colcon.colcon_core.package_discovery:discover_packages(path) using defaults
[0.768s] Level 1:colcon.colcon_core.package_discovery:discover_packages(prefix_path) check parameters
[0.768s] Level 1:colcon.colcon_core.package_discovery:discover_packages(prefix_path) discover
[0.772s] DEBUG:colcon.colcon_installed_package_information.package_discovery:Found 4 installed packages in /home/team100/team_ws/install
[0.775s] DEBUG:colcon.colcon_installed_package_information.package_discovery:Found 296 installed packages in /opt/ros/humble
[0.778s] Level 1:colcon.colcon_core.package_discovery:discover_packages(prefix_path) using defaults
[0.870s] Level 5:colcon.colcon_core.verb:set package 'apriltag' build argument 'cmake_args' from command line to 'None'
[0.870s] Level 5:colcon.colcon_core.verb:set package 'apriltag' build argument 'cmake_target' from command line to 'None'
[0.870s] Level 5:colcon.colcon_core.verb:set package 'apriltag' build argument 'cmake_target_skip_unavailable' from command line to 'False'
[0.870s] Level 5:colcon.colcon_core.verb:set package 'apriltag' build argument 'cmake_clean_cache' from command line to 'False'
[0.870s] Level 5:colcon.colcon_core.verb:set package 'apriltag' build argument 'cmake_clean_first' from command line to 'False'
[0.870s] Level 5:colcon.colcon_core.verb:set package 'apriltag' build argument 'cmake_force_configure' from command line to 'False'
[0.870s] Level 5:colcon.colcon_core.verb:set package 'apriltag' build argument 'ament_cmake_args' from command line to 'None'
[0.870s] Level 5:colcon.colcon_core.verb:set package 'apriltag' build argument 'catkin_cmake_args' from command line to 'None'
[0.870s] Level 5:colcon.colcon_core.verb:set package 'apriltag' build argument 'catkin_skip_building_tests' from command line to 'False'
[0.871s] DEBUG:colcon.colcon_core.verb:Building package 'apriltag' with the following arguments: {'ament_cmake_args': None, 'build_base': '/home/team100/team_ws/src/build/apriltag', 'catkin_cmake_args': None, 'catkin_skip_building_tests': False, 'cmake_args': None, 'cmake_clean_cache': False, 'cmake_clean_first': False, 'cmake_force_configure': False, 'cmake_target': None, 'cmake_target_skip_unavailable': False, 'install_base': '/home/team100/team_ws/src/install/apriltag', 'merge_install': False, 'path': '/home/team100/team_ws/src/apriltag', 'symlink_install': False, 'test_result_base': None}
[0.871s] Level 5:colcon.colcon_core.verb:set package 'apriltag_msgs' build argument 'cmake_args' from command line to 'None'
[0.871s] Level 5:colcon.colcon_core.verb:set package 'apriltag_msgs' build argument 'cmake_target' from command line to 'None'
[0.871s] Level 5:colcon.colcon_core.verb:set package 'apriltag_msgs' build argument 'cmake_target_skip_unavailable' from command line to 'False'
[0.872s] Level 5:colcon.colcon_core.verb:set package 'apriltag_msgs' build argument 'cmake_clean_cache' from command line to 'False'
[0.872s] Level 5:colcon.colcon_core.verb:set package 'apriltag_msgs' build argument 'cmake_clean_first' from command line to 'False'
[0.872s] Level 5:colcon.colcon_core.verb:set package 'apriltag_msgs' build argument 'cmake_force_configure' from command line to 'False'
[0.872s] Level 5:colcon.colcon_core.verb:set package 'apriltag_msgs' build argument 'ament_cmake_args' from command line to 'None'
[0.872s] Level 5:colcon.colcon_core.verb:set package 'apriltag_msgs' build argument 'catkin_cmake_args' from command line to 'None'
[0.872s] Level 5:colcon.colcon_core.verb:set package 'apriltag_msgs' build argument 'catkin_skip_building_tests' from command line to 'False'
[0.872s] DEBUG:colcon.colcon_core.verb:Building package 'apriltag_msgs' with the following arguments: {'ament_cmake_args': None, 'build_base': '/home/team100/team_ws/src/build/apriltag_msgs', 'catkin_cmake_args': None, 'catkin_skip_building_tests': False, 'cmake_args': None, 'cmake_clean_cache': False, 'cmake_clean_first': False, 'cmake_force_configure': False, 'cmake_target': None, 'cmake_target_skip_unavailable': False, 'install_base': '/home/team100/team_ws/src/install/apriltag_msgs', 'merge_install': False, 'path': '/home/team100/team_ws/src/apriltag_msgs', 'symlink_install': False, 'test_result_base': None}
[0.873s] Level 5:colcon.colcon_core.verb:set package 'e116' build argument 'cmake_args' from command line to 'None'
[0.873s] Level 5:colcon.colcon_core.verb:set package 'e116' build argument 'cmake_target' from command line to 'None'
[0.873s] Level 5:colcon.colcon_core.verb:set package 'e116' build argument 'cmake_target_skip_unavailable' from command line to 'False'
[0.873s] Level 5:colcon.colcon_core.verb:set package 'e116' build argument 'cmake_clean_cache' from command line to 'False'
[0.873s] Level 5:colcon.colcon_core.verb:set package 'e116' build argument 'cmake_clean_first' from command line to 'False'
[0.873s] Level 5:colcon.colcon_core.verb:set package 'e116' build argument 'cmake_force_configure' from command line to 'False'
[0.873s] Level 5:colcon.colcon_core.verb:set package 'e116' build argument 'ament_cmake_args' from command line to 'None'
[0.873s] Level 5:colcon.colcon_core.verb:set package 'e116' build argument 'catkin_cmake_args' from command line to 'None'
[0.873s] Level 5:colcon.colcon_core.verb:set package 'e116' build argument 'catkin_skip_building_tests' from command line to 'False'
[0.873s] DEBUG:colcon.colcon_core.verb:Building package 'e116' with the following arguments: {'ament_cmake_args': None, 'build_base': '/home/team100/team_ws/src/build/e116', 'catkin_cmake_args': None, 'catkin_skip_building_tests': False, 'cmake_args': None, 'cmake_clean_cache': False, 'cmake_clean_first': False, 'cmake_force_configure': False, 'cmake_target': None, 'cmake_target_skip_unavailable': False, 'install_base': '/home/team100/team_ws/src/install/e116', 'merge_install': False, 'path': '/home/team100/team_ws/src/e116', 'symlink_install': False, 'test_result_base': None}
[0.874s] Level 5:colcon.colcon_core.verb:set package 'apriltag_ros' build argument 'cmake_args' from command line to 'None'
[0.874s] Level 5:colcon.colcon_core.verb:set package 'apriltag_ros' build argument 'cmake_target' from command line to 'None'
[0.874s] Level 5:colcon.colcon_core.verb:set package 'apriltag_ros' build argument 'cmake_target_skip_unavailable' from command line to 'False'
[0.874s] Level 5:colcon.colcon_core.verb:set package 'apriltag_ros' build argument 'cmake_clean_cache' from command line to 'False'
[0.874s] Level 5:colcon.colcon_core.verb:set package 'apriltag_ros' build argument 'cmake_clean_first' from command line to 'False'
[0.874s] Level 5:colcon.colcon_core.verb:set package 'apriltag_ros' build argument 'cmake_force_configure' from command line to 'False'
[0.874s] Level 5:colcon.colcon_core.verb:set package 'apriltag_ros' build argument 'ament_cmake_args' from command line to 'None'
[0.874s] Level 5:colcon.colcon_core.verb:set package 'apriltag_ros' build argument 'catkin_cmake_args' from command line to 'None'
[0.874s] Level 5:colcon.colcon_core.verb:set package 'apriltag_ros' build argument 'catkin_skip_building_tests' from command line to 'False'
[0.874s] DEBUG:colcon.colcon_core.verb:Building package 'apriltag_ros' with the following arguments: {'ament_cmake_args': None, 'build_base': '/home/team100/team_ws/src/build/apriltag_ros', 'catkin_cmake_args': None, 'catkin_skip_building_tests': False, 'cmake_args': None, 'cmake_clean_cache': False, 'cmake_clean_first': False, 'cmake_force_configure': False, 'cmake_target': None, 'cmake_target_skip_unavailable': False, 'install_base': '/home/team100/team_ws/src/install/apriltag_ros', 'merge_install': False, 'path': '/home/team100/team_ws/src/apriltag_ros', 'symlink_install': False, 'test_result_base': None}
[0.875s] INFO:colcon.colcon_core.executor:Executing jobs using 'parallel' executor
[0.877s] DEBUG:colcon.colcon_parallel_executor.executor.parallel:run_until_complete
[0.878s] INFO:colcon.colcon_ros.task.cmake.build:Building ROS package in '/home/team100/team_ws/src/apriltag' with build type 'cmake'
[0.878s] INFO:colcon.colcon_cmake.task.cmake.build:Building CMake package in '/home/team100/team_ws/src/apriltag'
[0.883s] INFO:colcon.colcon_core.plugin_system:Skipping extension 'colcon_core.shell.bat': Not used on non-Windows systems
[0.883s] INFO:colcon.colcon_core.shell:Skip shell extension 'powershell' for command environment: Not usable outside of PowerShell
[0.883s] DEBUG:colcon.colcon_core.shell:Skip shell extension 'dsv' for command environment
[0.891s] INFO:colcon.colcon_ros.task.ament_cmake.build:Building ROS package in '/home/team100/team_ws/src/apriltag_msgs' with build type 'ament_cmake'
[0.891s] INFO:colcon.colcon_cmake.task.cmake.build:Building CMake package in '/home/team100/team_ws/src/apriltag_msgs'
[0.892s] INFO:colcon.colcon_core.shell:Skip shell extension 'powershell' for command environment: Not usable outside of PowerShell
[0.892s] DEBUG:colcon.colcon_core.shell:Skip shell extension 'dsv' for command environment
[0.899s] INFO:colcon.colcon_ros.task.ament_python.build:Building ROS package in '/home/team100/team_ws/src/e116' with build type 'ament_python'
[0.899s] Level 1:colcon.colcon_core.shell:create_environment_hook('e116', 'ament_prefix_path')
[0.899s] INFO:colcon.colcon_core.shell:Creating environment hook '/home/team100/team_ws/src/install/e116/share/e116/hook/ament_prefix_path.ps1'
[0.901s] INFO:colcon.colcon_core.shell:Creating environment descriptor '/home/team100/team_ws/src/install/e116/share/e116/hook/ament_prefix_path.dsv'
[0.902s] INFO:colcon.colcon_core.shell:Creating environment hook '/home/team100/team_ws/src/install/e116/share/e116/hook/ament_prefix_path.sh'
[0.904s] INFO:colcon.colcon_core.shell:Skip shell extension 'powershell' for command environment: Not usable outside of PowerShell
[0.904s] DEBUG:colcon.colcon_core.shell:Skip shell extension 'dsv' for command environment
[0.918s] DEBUG:colcon.colcon_core.event_handler.log_command:Invoking command in '/home/team100/team_ws/src/build/apriltag': CMAKE_PREFIX_PATH=${CMAKE_PREFIX_PATH}:/home/team100/team_ws/install/e116:/opt/ros/humble /usr/bin/cmake --build /home/team100/team_ws/src/build/apriltag -- -j6 -l6
[0.926s] DEBUG:colcon.colcon_core.event_handler.log_command:Invoking command in '/home/team100/team_ws/src/build/apriltag_msgs': CMAKE_PREFIX_PATH=${CMAKE_PREFIX_PATH}:/home/team100/team_ws/install/e116:/opt/ros/humble /usr/bin/cmake --build /home/team100/team_ws/src/build/apriltag_msgs -- -j6 -l6
[1.551s] INFO:colcon.colcon_core.task.python.build:Building Python package in '/home/team100/team_ws/src/e116'
[1.552s] INFO:colcon.colcon_core.shell:Skip shell extension 'powershell' for command environment: Not usable outside of PowerShell
[1.552s] DEBUG:colcon.colcon_core.shell:Skip shell extension 'dsv' for command environment
[1.799s] DEBUG:colcon.colcon_core.event_handler.log_command:Invoked command in '/home/team100/team_ws/src/build/apriltag' returned '0': CMAKE_PREFIX_PATH=${CMAKE_PREFIX_PATH}:/home/team100/team_ws/install/e116:/opt/ros/humble /usr/bin/cmake --build /home/team100/team_ws/src/build/apriltag -- -j6 -l6
[1.820s] DEBUG:colcon.colcon_core.event_handler.log_command:Invoking command in '/home/team100/team_ws/src/build/apriltag': CMAKE_PREFIX_PATH=${CMAKE_PREFIX_PATH}:/home/team100/team_ws/install/e116:/opt/ros/humble /usr/bin/cmake --install /home/team100/team_ws/src/build/apriltag
[1.822s] DEBUG:colcon.colcon_core.event_handler.log_command:Invoked command in '/home/team100/team_ws/src/build/apriltag_msgs' returned '0': CMAKE_PREFIX_PATH=${CMAKE_PREFIX_PATH}:/home/team100/team_ws/install/e116:/opt/ros/humble /usr/bin/cmake --build /home/team100/team_ws/src/build/apriltag_msgs -- -j6 -l6
[1.825s] DEBUG:colcon.colcon_core.event_handler.log_command:Invoking command in '/home/team100/team_ws/src/build/apriltag_msgs': CMAKE_PREFIX_PATH=${CMAKE_PREFIX_PATH}:/home/team100/team_ws/install/e116:/opt/ros/humble /usr/bin/cmake --install /home/team100/team_ws/src/build/apriltag_msgs
[1.849s] Level 1:colcon.colcon_core.shell:create_environment_hook('apriltag', 'pkg_config_path')
[1.850s] INFO:colcon.colcon_core.shell:Creating environment hook '/home/team100/team_ws/src/install/apriltag/share/apriltag/hook/pkg_config_path.ps1'
[1.852s] INFO:colcon.colcon_core.shell:Creating environment descriptor '/home/team100/team_ws/src/install/apriltag/share/apriltag/hook/pkg_config_path.dsv'
[1.854s] INFO:colcon.colcon_core.shell:Creating environment hook '/home/team100/team_ws/src/install/apriltag/share/apriltag/hook/pkg_config_path.sh'
[1.859s] Level 1:colcon.colcon_core.shell:create_environment_hook('apriltag', 'pkg_config_path_multiarch')
[1.860s] INFO:colcon.colcon_core.shell:Creating environment hook '/home/team100/team_ws/src/install/apriltag/share/apriltag/hook/pkg_config_path_multiarch.ps1'
[1.862s] INFO:colcon.colcon_core.shell:Creating environment descriptor '/home/team100/team_ws/src/install/apriltag/share/apriltag/hook/pkg_config_path_multiarch.dsv'
[1.864s] INFO:colcon.colcon_core.shell:Creating environment hook '/home/team100/team_ws/src/install/apriltag/share/apriltag/hook/pkg_config_path_multiarch.sh'
[1.866s] Level 1:colcon.colcon_core.environment:create_environment_scripts_only(apriltag)
[1.876s] DEBUG:colcon.colcon_core.event_handler.log_command:Invoked command in '/home/team100/team_ws/src/build/apriltag' returned '0': CMAKE_PREFIX_PATH=${CMAKE_PREFIX_PATH}:/home/team100/team_ws/install/e116:/opt/ros/humble /usr/bin/cmake --install /home/team100/team_ws/src/build/apriltag
[1.880s] Level 1:colcon.colcon_core.environment:checking '/home/team100/team_ws/src/install/apriltag' for CMake module files
[1.882s] Level 1:colcon.colcon_core.environment:checking '/home/team100/team_ws/src/install/apriltag' for CMake config files
[1.885s] Level 1:colcon.colcon_core.shell:create_environment_hook('apriltag', 'cmake_prefix_path')
[1.885s] INFO:colcon.colcon_core.shell:Creating environment hook '/home/team100/team_ws/src/install/apriltag/share/apriltag/hook/cmake_prefix_path.ps1'
[1.887s] INFO:colcon.colcon_core.shell:Creating environment descriptor '/home/team100/team_ws/src/install/apriltag/share/apriltag/hook/cmake_prefix_path.dsv'
[1.889s] INFO:colcon.colcon_core.shell:Creating environment hook '/home/team100/team_ws/src/install/apriltag/share/apriltag/hook/cmake_prefix_path.sh'
[1.892s] Level 1:colcon.colcon_core.environment:checking '/home/team100/team_ws/src/install/apriltag/lib'
[1.892s] Level 1:colcon.colcon_core.shell:create_environment_hook('apriltag', 'ld_library_path_lib')
[1.893s] INFO:colcon.colcon_core.shell:Creating environment hook '/home/team100/team_ws/src/install/apriltag/share/apriltag/hook/ld_library_path_lib.ps1'
[1.894s] INFO:colcon.colcon_core.shell:Creating environment descriptor '/home/team100/team_ws/src/install/apriltag/share/apriltag/hook/ld_library_path_lib.dsv'
[1.895s] INFO:colcon.colcon_core.shell:Creating environment hook '/home/team100/team_ws/src/install/apriltag/share/apriltag/hook/ld_library_path_lib.sh'
[1.896s] Level 1:colcon.colcon_core.environment:checking '/home/team100/team_ws/src/install/apriltag/bin'
[1.896s] Level 1:colcon.colcon_core.shell:create_environment_hook('apriltag', 'path')
[1.897s] INFO:colcon.colcon_core.shell:Creating environment hook '/home/team100/team_ws/src/install/apriltag/share/apriltag/hook/path.ps1'
[1.898s] INFO:colcon.colcon_core.shell:Creating environment descriptor '/home/team100/team_ws/src/install/apriltag/share/apriltag/hook/path.dsv'
[1.899s] INFO:colcon.colcon_core.shell:Creating environment hook '/home/team100/team_ws/src/install/apriltag/share/apriltag/hook/path.sh'
[1.900s] Level 1:colcon.colcon_core.environment:checking '/home/team100/team_ws/src/install/apriltag/lib/pkgconfig/apriltag.pc'
[1.900s] Level 1:colcon.colcon_core.shell:create_environment_hook('apriltag', 'pkg_config')
[1.900s] INFO:colcon.colcon_core.shell:Creating environment hook '/home/team100/team_ws/src/install/apriltag/share/apriltag/hook/pkg_config.ps1'
[1.901s] INFO:colcon.colcon_core.shell:Creating environment descriptor '/home/team100/team_ws/src/install/apriltag/share/apriltag/hook/pkg_config.dsv'
[1.902s] INFO:colcon.colcon_core.shell:Creating environment hook '/home/team100/team_ws/src/install/apriltag/share/apriltag/hook/pkg_config.sh'
[1.904s] Level 1:colcon.colcon_core.environment:checking '/home/team100/team_ws/src/install/apriltag/lib/python3.10/site-packages'
[1.904s] Level 1:colcon.colcon_core.shell:create_environment_hook('apriltag', 'pythonpath')
[1.904s] INFO:colcon.colcon_core.shell:Creating environment hook '/home/team100/team_ws/src/install/apriltag/share/apriltag/hook/pythonpath.ps1'
[1.906s] INFO:colcon.colcon_core.shell:Creating environment descriptor '/home/team100/team_ws/src/install/apriltag/share/apriltag/hook/pythonpath.dsv'
[1.907s] INFO:colcon.colcon_core.shell:Creating environment hook '/home/team100/team_ws/src/install/apriltag/share/apriltag/hook/pythonpath.sh'
[1.908s] Level 1:colcon.colcon_core.environment:checking '/home/team100/team_ws/src/install/apriltag/bin'
[1.909s] Level 1:colcon.colcon_core.shell:create_environment_hook('apriltag', 'pythonscriptspath')
[1.909s] INFO:colcon.colcon_core.shell:Creating environment hook '/home/team100/team_ws/src/install/apriltag/share/apriltag/hook/pythonscriptspath.ps1'
[1.910s] INFO:colcon.colcon_core.shell:Creating environment descriptor '/home/team100/team_ws/src/install/apriltag/share/apriltag/hook/pythonscriptspath.dsv'
[1.911s] INFO:colcon.colcon_core.shell:Creating environment hook '/home/team100/team_ws/src/install/apriltag/share/apriltag/hook/pythonscriptspath.sh'
[1.913s] INFO:colcon.colcon_core.shell:Creating package script '/home/team100/team_ws/src/install/apriltag/share/apriltag/package.ps1'
[1.916s] INFO:colcon.colcon_core.shell:Creating package descriptor '/home/team100/team_ws/src/install/apriltag/share/apriltag/package.dsv'
[1.918s] INFO:colcon.colcon_core.shell:Creating package script '/home/team100/team_ws/src/install/apriltag/share/apriltag/package.sh'
[1.920s] INFO:colcon.colcon_core.shell:Creating package script '/home/team100/team_ws/src/install/apriltag/share/apriltag/package.bash'
[1.922s] INFO:colcon.colcon_core.shell:Creating package script '/home/team100/team_ws/src/install/apriltag/share/apriltag/package.zsh'
[1.924s] Level 1:colcon.colcon_core.environment:create_file_with_runtime_dependencies(/home/team100/team_ws/src/install/apriltag/share/colcon-core/packages/apriltag)
[1.950s] Level 1:colcon.colcon_core.environment:create_environment_scripts_only(apriltag_msgs)
[1.951s] Level 1:colcon.colcon_core.environment:checking '/home/team100/team_ws/src/install/apriltag_msgs' for CMake module files
[1.952s] DEBUG:colcon.colcon_core.event_handler.log_command:Invoked command in '/home/team100/team_ws/src/build/apriltag_msgs' returned '0': CMAKE_PREFIX_PATH=${CMAKE_PREFIX_PATH}:/home/team100/team_ws/install/e116:/opt/ros/humble /usr/bin/cmake --install /home/team100/team_ws/src/build/apriltag_msgs
[1.954s] Level 1:colcon.colcon_core.environment:checking '/home/team100/team_ws/src/install/apriltag_msgs' for CMake config files
[1.955s] Level 1:colcon.colcon_core.shell:create_environment_hook('apriltag_msgs', 'cmake_prefix_path')
[1.956s] INFO:colcon.colcon_core.shell:Creating environment hook '/home/team100/team_ws/src/install/apriltag_msgs/share/apriltag_msgs/hook/cmake_prefix_path.ps1'
[1.957s] INFO:colcon.colcon_core.shell:Creating environment descriptor '/home/team100/team_ws/src/install/apriltag_msgs/share/apriltag_msgs/hook/cmake_prefix_path.dsv'
[1.959s] INFO:colcon.colcon_core.shell:Creating environment hook '/home/team100/team_ws/src/install/apriltag_msgs/share/apriltag_msgs/hook/cmake_prefix_path.sh'
[1.960s] Level 1:colcon.colcon_core.environment:checking '/home/team100/team_ws/src/install/apriltag_msgs/lib'
[1.961s] Level 1:colcon.colcon_core.shell:create_environment_hook('apriltag_msgs', 'ld_library_path_lib')
[1.961s] INFO:colcon.colcon_core.shell:Creating environment hook '/home/team100/team_ws/src/install/apriltag_msgs/share/apriltag_msgs/hook/ld_library_path_lib.ps1'
[1.963s] INFO:colcon.colcon_core.shell:Creating environment descriptor '/home/team100/team_ws/src/install/apriltag_msgs/share/apriltag_msgs/hook/ld_library_path_lib.dsv'
[1.964s] INFO:colcon.colcon_core.shell:Creating environment hook '/home/team100/team_ws/src/install/apriltag_msgs/share/apriltag_msgs/hook/ld_library_path_lib.sh'
[1.965s] Level 1:colcon.colcon_core.environment:checking '/home/team100/team_ws/src/install/apriltag_msgs/bin'
[1.965s] Level 1:colcon.colcon_core.environment:checking '/home/team100/team_ws/src/install/apriltag_msgs/lib/pkgconfig/apriltag_msgs.pc'
[1.966s] Level 1:colcon.colcon_core.environment:checking '/home/team100/team_ws/src/install/apriltag_msgs/lib/python3.10/site-packages'
[1.967s] Level 1:colcon.colcon_core.environment:checking '/home/team100/team_ws/src/install/apriltag_msgs/bin'
[1.968s] INFO:colcon.colcon_core.shell:Creating package script '/home/team100/team_ws/src/install/apriltag_msgs/share/apriltag_msgs/package.ps1'
[1.970s] INFO:colcon.colcon_core.shell:Creating package descriptor '/home/team100/team_ws/src/install/apriltag_msgs/share/apriltag_msgs/package.dsv'
[1.971s] INFO:colcon.colcon_core.shell:Creating package script '/home/team100/team_ws/src/install/apriltag_msgs/share/apriltag_msgs/package.sh'
[1.972s] INFO:colcon.colcon_core.shell:Creating package script '/home/team100/team_ws/src/install/apriltag_msgs/share/apriltag_msgs/package.bash'
[1.973s] INFO:colcon.colcon_core.shell:Creating package script '/home/team100/team_ws/src/install/apriltag_msgs/share/apriltag_msgs/package.zsh'
[1.974s] Level 1:colcon.colcon_core.environment:create_file_with_runtime_dependencies(/home/team100/team_ws/src/install/apriltag_msgs/share/colcon-core/packages/apriltag_msgs)
[1.976s] Level 1:colcon.colcon_core.environment:create_environment_scripts_only(apriltag_msgs)
[1.977s] Level 1:colcon.colcon_core.environment:checking '/home/team100/team_ws/src/install/apriltag_msgs' for CMake module files
[1.978s] Level 1:colcon.colcon_core.environment:checking '/home/team100/team_ws/src/install/apriltag_msgs' for CMake config files
[1.979s] Level 1:colcon.colcon_core.shell:create_environment_hook('apriltag_msgs', 'cmake_prefix_path')
[1.979s] INFO:colcon.colcon_core.shell:Creating environment hook '/home/team100/team_ws/src/install/apriltag_msgs/share/apriltag_msgs/hook/cmake_prefix_path.ps1'
[1.981s] INFO:colcon.colcon_core.shell:Creating environment descriptor '/home/team100/team_ws/src/install/apriltag_msgs/share/apriltag_msgs/hook/cmake_prefix_path.dsv'
[1.982s] INFO:colcon.colcon_core.shell:Creating environment hook '/home/team100/team_ws/src/install/apriltag_msgs/share/apriltag_msgs/hook/cmake_prefix_path.sh'
[1.984s] Level 1:colcon.colcon_core.environment:checking '/home/team100/team_ws/src/install/apriltag_msgs/lib'
[1.984s] Level 1:colcon.colcon_core.shell:create_environment_hook('apriltag_msgs', 'ld_library_path_lib')
[1.984s] INFO:colcon.colcon_core.shell:Creating environment hook '/home/team100/team_ws/src/install/apriltag_msgs/share/apriltag_msgs/hook/ld_library_path_lib.ps1'
[1.986s] INFO:colcon.colcon_core.shell:Creating environment descriptor '/home/team100/team_ws/src/install/apriltag_msgs/share/apriltag_msgs/hook/ld_library_path_lib.dsv'
[1.986s] INFO:colcon.colcon_core.shell:Creating environment hook '/home/team100/team_ws/src/install/apriltag_msgs/share/apriltag_msgs/hook/ld_library_path_lib.sh'
[1.988s] Level 1:colcon.colcon_core.environment:checking '/home/team100/team_ws/src/install/apriltag_msgs/bin'
[1.988s] Level 1:colcon.colcon_core.environment:checking '/home/team100/team_ws/src/install/apriltag_msgs/lib/pkgconfig/apriltag_msgs.pc'
[1.988s] Level 1:colcon.colcon_core.environment:checking '/home/team100/team_ws/src/install/apriltag_msgs/lib/python3.10/site-packages'
[1.989s] Level 1:colcon.colcon_core.environment:checking '/home/team100/team_ws/src/install/apriltag_msgs/bin'
[1.990s] INFO:colcon.colcon_core.shell:Creating package script '/home/team100/team_ws/src/install/apriltag_msgs/share/apriltag_msgs/package.ps1'
[1.991s] INFO:colcon.colcon_core.shell:Creating package descriptor '/home/team100/team_ws/src/install/apriltag_msgs/share/apriltag_msgs/package.dsv'
[1.993s] INFO:colcon.colcon_core.shell:Creating package script '/home/team100/team_ws/src/install/apriltag_msgs/share/apriltag_msgs/package.sh'
[1.994s] INFO:colcon.colcon_core.shell:Creating package script '/home/team100/team_ws/src/install/apriltag_msgs/share/apriltag_msgs/package.bash'
[1.995s] INFO:colcon.colcon_core.shell:Creating package script '/home/team100/team_ws/src/install/apriltag_msgs/share/apriltag_msgs/package.zsh'
[1.997s] Level 1:colcon.colcon_core.environment:create_file_with_runtime_dependencies(/home/team100/team_ws/src/install/apriltag_msgs/share/colcon-core/packages/apriltag_msgs)
[1.998s] INFO:colcon.colcon_ros.task.ament_cmake.build:Building ROS package in '/home/team100/team_ws/src/apriltag_ros' with build type 'ament_cmake'
[1.998s] INFO:colcon.colcon_cmake.task.cmake.build:Building CMake package in '/home/team100/team_ws/src/apriltag_ros'
[1.999s] INFO:colcon.colcon_core.shell:Skip shell extension 'powershell' for command environment: Not usable outside of PowerShell
[1.999s] DEBUG:colcon.colcon_core.shell:Skip shell extension 'dsv' for command environment
[2.028s] DEBUG:colcon.colcon_core.event_handler.log_command:Invoking command in '/home/team100/team_ws/src/build/apriltag_ros': AMENT_PREFIX_PATH=/home/team100/team_ws/src/install/apriltag_msgs:${AMENT_PREFIX_PATH} CMAKE_PREFIX_PATH=/home/team100/team_ws/src/install/apriltag_msgs:/home/team100/team_ws/src/install/apriltag:/home/team100/team_ws/install/apriltag_ros:/home/team100/team_ws/install/apriltag_msgs:/home/team100/team_ws/install/apriltag:/home/team100/team_ws/install/e116:/opt/ros/humble LD_LIBRARY_PATH=/home/team100/team_ws/src/install/apriltag_msgs/lib:/home/team100/team_ws/src/install/apriltag/lib:${LD_LIBRARY_PATH} PATH=/home/team100/team_ws/src/install/apriltag/bin:${PATH} PKG_CONFIG_PATH=/home/team100/team_ws/src/install/apriltag/lib/aarch64-linux-gnu/pkgconfig:/home/team100/team_ws/src/install/apriltag/lib/pkgconfig:${PKG_CONFIG_PATH} PYTHONPATH=/home/team100/team_ws/src/install/apriltag_msgs/local/lib/python3.10/dist-packages:/home/team100/team_ws/src/install/apriltag/lib/python3.10/site-packages:${PYTHONPATH} /usr/bin/cmake --build /home/team100/team_ws/src/build/apriltag_ros -- -j6 -l6
[2.268s] DEBUG:colcon.colcon_core.event_handler.log_command:Invoked command in '/home/team100/team_ws/src/build/apriltag_ros' returned '0': AMENT_PREFIX_PATH=/home/team100/team_ws/src/install/apriltag_msgs:${AMENT_PREFIX_PATH} CMAKE_PREFIX_PATH=/home/team100/team_ws/src/install/apriltag_msgs:/home/team100/team_ws/src/install/apriltag:/home/team100/team_ws/install/apriltag_ros:/home/team100/team_ws/install/apriltag_msgs:/home/team100/team_ws/install/apriltag:/home/team100/team_ws/install/e116:/opt/ros/humble LD_LIBRARY_PATH=/home/team100/team_ws/src/install/apriltag_msgs/lib:/home/team100/team_ws/src/install/apriltag/lib:${LD_LIBRARY_PATH} PATH=/home/team100/team_ws/src/install/apriltag/bin:${PATH} PKG_CONFIG_PATH=/home/team100/team_ws/src/install/apriltag/lib/aarch64-linux-gnu/pkgconfig:/home/team100/team_ws/src/install/apriltag/lib/pkgconfig:${PKG_CONFIG_PATH} PYTHONPATH=/home/team100/team_ws/src/install/apriltag_msgs/local/lib/python3.10/dist-packages:/home/team100/team_ws/src/install/apriltag/lib/python3.10/site-packages:${PYTHONPATH} /usr/bin/cmake --build /home/team100/team_ws/src/build/apriltag_ros -- -j6 -l6
[2.273s] DEBUG:colcon.colcon_core.event_handler.log_command:Invoking command in '/home/team100/team_ws/src/build/apriltag_ros': AMENT_PREFIX_PATH=/home/team100/team_ws/src/install/apriltag_msgs:${AMENT_PREFIX_PATH} CMAKE_PREFIX_PATH=/home/team100/team_ws/src/install/apriltag_msgs:/home/team100/team_ws/src/install/apriltag:/home/team100/team_ws/install/apriltag_ros:/home/team100/team_ws/install/apriltag_msgs:/home/team100/team_ws/install/apriltag:/home/team100/team_ws/install/e116:/opt/ros/humble LD_LIBRARY_PATH=/home/team100/team_ws/src/install/apriltag_msgs/lib:/home/team100/team_ws/src/install/apriltag/lib:${LD_LIBRARY_PATH} PATH=/home/team100/team_ws/src/install/apriltag/bin:${PATH} PKG_CONFIG_PATH=/home/team100/team_ws/src/install/apriltag/lib/aarch64-linux-gnu/pkgconfig:/home/team100/team_ws/src/install/apriltag/lib/pkgconfig:${PKG_CONFIG_PATH} PYTHONPATH=/home/team100/team_ws/src/install/apriltag_msgs/local/lib/python3.10/dist-packages:/home/team100/team_ws/src/install/apriltag/lib/python3.10/site-packages:${PYTHONPATH} /usr/bin/cmake --install /home/team100/team_ws/src/build/apriltag_ros
[2.298s] Level 1:colcon.colcon_core.environment:create_environment_scripts_only(apriltag_ros)
[2.299s] Level 1:colcon.colcon_core.environment:checking '/home/team100/team_ws/src/install/apriltag_ros' for CMake module files
[2.300s] DEBUG:colcon.colcon_core.event_handler.log_command:Invoked command in '/home/team100/team_ws/src/build/apriltag_ros' returned '0': AMENT_PREFIX_PATH=/home/team100/team_ws/src/install/apriltag_msgs:${AMENT_PREFIX_PATH} CMAKE_PREFIX_PATH=/home/team100/team_ws/src/install/apriltag_msgs:/home/team100/team_ws/src/install/apriltag:/home/team100/team_ws/install/apriltag_ros:/home/team100/team_ws/install/apriltag_msgs:/home/team100/team_ws/install/apriltag:/home/team100/team_ws/install/e116:/opt/ros/humble LD_LIBRARY_PATH=/home/team100/team_ws/src/install/apriltag_msgs/lib:/home/team100/team_ws/src/install/apriltag/lib:${LD_LIBRARY_PATH} PATH=/home/team100/team_ws/src/install/apriltag/bin:${PATH} PKG_CONFIG_PATH=/home/team100/team_ws/src/install/apriltag/lib/aarch64-linux-gnu/pkgconfig:/home/team100/team_ws/src/install/apriltag/lib/pkgconfig:${PKG_CONFIG_PATH} PYTHONPATH=/home/team100/team_ws/src/install/apriltag_msgs/local/lib/python3.10/dist-packages:/home/team100/team_ws/src/install/apriltag/lib/python3.10/site-packages:${PYTHONPATH} /usr/bin/cmake --install /home/team100/team_ws/src/build/apriltag_ros
[2.301s] Level 1:colcon.colcon_core.environment:checking '/home/team100/team_ws/src/install/apriltag_ros' for CMake config files
[2.302s] Level 1:colcon.colcon_core.shell:create_environment_hook('apriltag_ros', 'cmake_prefix_path')
[2.303s] INFO:colcon.colcon_core.shell:Creating environment hook '/home/team100/team_ws/src/install/apriltag_ros/share/apriltag_ros/hook/cmake_prefix_path.ps1'
[2.305s] INFO:colcon.colcon_core.shell:Creating environment descriptor '/home/team100/team_ws/src/install/apriltag_ros/share/apriltag_ros/hook/cmake_prefix_path.dsv'
[2.306s] INFO:colcon.colcon_core.shell:Creating environment hook '/home/team100/team_ws/src/install/apriltag_ros/share/apriltag_ros/hook/cmake_prefix_path.sh'
[2.308s] Level 1:colcon.colcon_core.environment:checking '/home/team100/team_ws/src/install/apriltag_ros/lib'
[2.309s] Level 1:colcon.colcon_core.shell:create_environment_hook('apriltag_ros', 'ld_library_path_lib')
[2.309s] INFO:colcon.colcon_core.shell:Creating environment hook '/home/team100/team_ws/src/install/apriltag_ros/share/apriltag_ros/hook/ld_library_path_lib.ps1'
[2.311s] INFO:colcon.colcon_core.shell:Creating environment descriptor '/home/team100/team_ws/src/install/apriltag_ros/share/apriltag_ros/hook/ld_library_path_lib.dsv'
[2.312s] INFO:colcon.colcon_core.shell:Creating environment hook '/home/team100/team_ws/src/install/apriltag_ros/share/apriltag_ros/hook/ld_library_path_lib.sh'
[2.314s] Level 1:colcon.colcon_core.environment:checking '/home/team100/team_ws/src/install/apriltag_ros/bin'
[2.314s] Level 1:colcon.colcon_core.environment:checking '/home/team100/team_ws/src/install/apriltag_ros/lib/pkgconfig/apriltag_ros.pc'
[2.315s] Level 1:colcon.colcon_core.environment:checking '/home/team100/team_ws/src/install/apriltag_ros/lib/python3.10/site-packages'
[2.316s] Level 1:colcon.colcon_core.environment:checking '/home/team100/team_ws/src/install/apriltag_ros/bin'
[2.317s] INFO:colcon.colcon_core.shell:Creating package script '/home/team100/team_ws/src/install/apriltag_ros/share/apriltag_ros/package.ps1'
[2.319s] INFO:colcon.colcon_core.shell:Creating package descriptor '/home/team100/team_ws/src/install/apriltag_ros/share/apriltag_ros/package.dsv'
[2.321s] INFO:colcon.colcon_core.shell:Creating package script '/home/team100/team_ws/src/install/apriltag_ros/share/apriltag_ros/package.sh'
[2.323s] INFO:colcon.colcon_core.shell:Creating package script '/home/team100/team_ws/src/install/apriltag_ros/share/apriltag_ros/package.bash'
[2.324s] INFO:colcon.colcon_core.shell:Creating package script '/home/team100/team_ws/src/install/apriltag_ros/share/apriltag_ros/package.zsh'
[2.326s] Level 1:colcon.colcon_core.environment:create_file_with_runtime_dependencies(/home/team100/team_ws/src/install/apriltag_ros/share/colcon-core/packages/apriltag_ros)
[2.328s] Level 1:colcon.colcon_core.environment:create_environment_scripts_only(apriltag_ros)
[2.328s] Level 1:colcon.colcon_core.environment:checking '/home/team100/team_ws/src/install/apriltag_ros' for CMake module files
[2.330s] Level 1:colcon.colcon_core.environment:checking '/home/team100/team_ws/src/install/apriltag_ros' for CMake config files
[2.331s] Level 1:colcon.colcon_core.shell:create_environment_hook('apriltag_ros', 'cmake_prefix_path')
[2.332s] INFO:colcon.colcon_core.shell:Creating environment hook '/home/team100/team_ws/src/install/apriltag_ros/share/apriltag_ros/hook/cmake_prefix_path.ps1'
[2.333s] INFO:colcon.colcon_core.shell:Creating environment descriptor '/home/team100/team_ws/src/install/apriltag_ros/share/apriltag_ros/hook/cmake_prefix_path.dsv'
[2.334s] INFO:colcon.colcon_core.shell:Creating environment hook '/home/team100/team_ws/src/install/apriltag_ros/share/apriltag_ros/hook/cmake_prefix_path.sh'
[2.336s] Level 1:colcon.colcon_core.environment:checking '/home/team100/team_ws/src/install/apriltag_ros/lib'
[2.337s] Level 1:colcon.colcon_core.shell:create_environment_hook('apriltag_ros', 'ld_library_path_lib')
[2.338s] INFO:colcon.colcon_core.shell:Creating environment hook '/home/team100/team_ws/src/install/apriltag_ros/share/apriltag_ros/hook/ld_library_path_lib.ps1'
[2.339s] INFO:colcon.colcon_core.shell:Creating environment descriptor '/home/team100/team_ws/src/install/apriltag_ros/share/apriltag_ros/hook/ld_library_path_lib.dsv'
[2.340s] INFO:colcon.colcon_core.shell:Creating environment hook '/home/team100/team_ws/src/install/apriltag_ros/share/apriltag_ros/hook/ld_library_path_lib.sh'
[2.342s] Level 1:colcon.colcon_core.environment:checking '/home/team100/team_ws/src/install/apriltag_ros/bin'
[2.342s] Level 1:colcon.colcon_core.environment:checking '/home/team100/team_ws/src/install/apriltag_ros/lib/pkgconfig/apriltag_ros.pc'
[2.343s] Level 1:colcon.colcon_core.environment:checking '/home/team100/team_ws/src/install/apriltag_ros/lib/python3.10/site-packages'
[2.344s] Level 1:colcon.colcon_core.environment:checking '/home/team100/team_ws/src/install/apriltag_ros/bin'
[2.345s] INFO:colcon.colcon_core.shell:Creating package script '/home/team100/team_ws/src/install/apriltag_ros/share/apriltag_ros/package.ps1'
[2.348s] INFO:colcon.colcon_core.shell:Creating package descriptor '/home/team100/team_ws/src/install/apriltag_ros/share/apriltag_ros/package.dsv'
[2.350s] INFO:colcon.colcon_core.shell:Creating package script '/home/team100/team_ws/src/install/apriltag_ros/share/apriltag_ros/package.sh'
[2.351s] INFO:colcon.colcon_core.shell:Creating package script '/home/team100/team_ws/src/install/apriltag_ros/share/apriltag_ros/package.bash'
[2.353s] INFO:colcon.colcon_core.shell:Creating package script '/home/team100/team_ws/src/install/apriltag_ros/share/apriltag_ros/package.zsh'
[2.355s] Level 1:colcon.colcon_core.environment:create_file_with_runtime_dependencies(/home/team100/team_ws/src/install/apriltag_ros/share/colcon-core/packages/apriltag_ros)
[2.364s] DEBUG:colcon.colcon_core.event_handler.log_command:Invoking command in '/home/team100/team_ws/src/e116': PYTHONPATH=/home/team100/team_ws/src/build/e116/prefix_override:/usr/lib/python3/dist-packages/colcon_core/task/python/colcon_distutils_commands:/home/team100/team_ws/src/install/e116/lib/python3.10/site-packages:${PYTHONPATH} /usr/bin/python3 -W ignore:setup.py install is deprecated -W ignore:easy_install command is deprecated setup.py egg_info --egg-base ../build/e116 build --build-base /home/team100/team_ws/src/build/e116/build install --record /home/team100/team_ws/src/build/e116/install.log --single-version-externally-managed install_data
[3.046s] Level 1:colcon.colcon_core.environment:checking '/home/team100/team_ws/src/install/e116' for CMake module files
[3.048s] DEBUG:colcon.colcon_core.event_handler.log_command:Invoked command in '/home/team100/team_ws/src/e116' returned '0': PYTHONPATH=/home/team100/team_ws/src/build/e116/prefix_override:/usr/lib/python3/dist-packages/colcon_core/task/python/colcon_distutils_commands:/home/team100/team_ws/src/install/e116/lib/python3.10/site-packages:${PYTHONPATH} /usr/bin/python3 -W ignore:setup.py install is deprecated -W ignore:easy_install command is deprecated setup.py egg_info --egg-base ../build/e116 build --build-base /home/team100/team_ws/src/build/e116/build install --record /home/team100/team_ws/src/build/e116/install.log --single-version-externally-managed install_data
[3.049s] Level 1:colcon.colcon_core.environment:checking '/home/team100/team_ws/src/install/e116' for CMake config files
[3.051s] Level 1:colcon.colcon_core.environment:checking '/home/team100/team_ws/src/install/e116/lib'
[3.051s] Level 1:colcon.colcon_core.environment:checking '/home/team100/team_ws/src/install/e116/bin'
[3.052s] Level 1:colcon.colcon_core.environment:checking '/home/team100/team_ws/src/install/e116/lib/pkgconfig/e116.pc'
[3.052s] Level 1:colcon.colcon_core.environment:checking '/home/team100/team_ws/src/install/e116/lib/python3.10/site-packages'
[3.053s] Level 1:colcon.colcon_core.shell:create_environment_hook('e116', 'pythonpath')
[3.053s] INFO:colcon.colcon_core.shell:Creating environment hook '/home/team100/team_ws/src/install/e116/share/e116/hook/pythonpath.ps1'
[3.055s] INFO:colcon.colcon_core.shell:Creating environment descriptor '/home/team100/team_ws/src/install/e116/share/e116/hook/pythonpath.dsv'
[3.057s] INFO:colcon.colcon_core.shell:Creating environment hook '/home/team100/team_ws/src/install/e116/share/e116/hook/pythonpath.sh'
[3.060s] Level 1:colcon.colcon_core.environment:checking '/home/team100/team_ws/src/install/e116/bin'
[3.060s] Level 1:colcon.colcon_core.environment:create_environment_scripts_only(e116)
[3.061s] INFO:colcon.colcon_core.shell:Creating package script '/home/team100/team_ws/src/install/e116/share/e116/package.ps1'
[3.063s] INFO:colcon.colcon_core.shell:Creating package descriptor '/home/team100/team_ws/src/install/e116/share/e116/package.dsv'
[3.065s] INFO:colcon.colcon_core.shell:Creating package script '/home/team100/team_ws/src/install/e116/share/e116/package.sh'
[3.066s] INFO:colcon.colcon_core.shell:Creating package script '/home/team100/team_ws/src/install/e116/share/e116/package.bash'
[3.068s] INFO:colcon.colcon_core.shell:Creating package script '/home/team100/team_ws/src/install/e116/share/e116/package.zsh'
[3.069s] Level 1:colcon.colcon_core.environment:create_file_with_runtime_dependencies(/home/team100/team_ws/src/install/e116/share/colcon-core/packages/e116)
[3.070s] DEBUG:colcon.colcon_parallel_executor.executor.parallel:closing loop
[3.071s] DEBUG:colcon.colcon_parallel_executor.executor.parallel:loop closed
[3.071s] DEBUG:colcon.colcon_parallel_executor.executor.parallel:run_until_complete finished with '0'
[3.072s] DEBUG:colcon.colcon_core.event_reactor:joining thread
[3.090s] INFO:colcon.colcon_core.plugin_system:Skipping extension 'colcon_notification.desktop_notification.terminal_notifier': Not used on non-Darwin systems
[3.090s] INFO:colcon.colcon_core.plugin_system:Skipping extension 'colcon_notification.desktop_notification.win32': Not used on non-Windows systems
[3.091s] INFO:colcon.colcon_notification.desktop_notification:Sending desktop notification using 'notify2'
[3.163s] DEBUG:colcon.colcon_core.event_reactor:joined thread
[3.164s] INFO:colcon.colcon_core.shell:Creating prefix script '/home/team100/team_ws/src/install/local_setup.ps1'
[3.168s] INFO:colcon.colcon_core.shell:Creating prefix util module '/home/team100/team_ws/src/install/_local_setup_util_ps1.py'
[3.173s] INFO:colcon.colcon_core.shell:Creating prefix chain script '/home/team100/team_ws/src/install/setup.ps1'
[3.176s] INFO:colcon.colcon_core.shell:Creating prefix script '/home/team100/team_ws/src/install/local_setup.sh'
[3.178s] INFO:colcon.colcon_core.shell:Creating prefix util module '/home/team100/team_ws/src/install/_local_setup_util_sh.py'
[3.180s] INFO:colcon.colcon_core.shell:Creating prefix chain script '/home/team100/team_ws/src/install/setup.sh'
[3.184s] INFO:colcon.colcon_core.shell:Creating prefix script '/home/team100/team_ws/src/install/local_setup.bash'
[3.186s] INFO:colcon.colcon_core.shell:Creating prefix chain script '/home/team100/team_ws/src/install/setup.bash'
[3.189s] INFO:colcon.colcon_core.shell:Creating prefix script '/home/team100/team_ws/src/install/local_setup.zsh'
[3.191s] INFO:colcon.colcon_core.shell:Creating prefix chain script '/home/team100/team_ws/src/install/setup.zsh'
