[0.355s] DEBUG:colcon:Command line arguments: ['/usr/bin/colcon', 'build']
[0.355s] DEBUG:colcon:Parsed command line arguments: Namespace(log_base=None, log_level=None, verb_name='build', build_base='build', install_base='install', merge_install=False, symlink_install=False, test_result_base=None, continue_on_error=False, executor='parallel', parallel_workers=6, event_handlers=None, ignore_user_meta=False, metas=['./colcon.meta'], base_paths=['.'], packages_ignore=None, packages_ignore_regex=None, paths=None, packages_up_to=None, packages_up_to_regex=None, packages_above=None, packages_above_and_dependencies=None, packages_above_depth=None, packages_select_by_dep=None, packages_skip_by_dep=None, packages_skip_up_to=None, packages_select_build_failed=False, packages_skip_build_finished=False, packages_select_test_failures=False, packages_skip_test_passed=False, packages_select=None, packages_skip=None, packages_select_regex=None, packages_skip_regex=None, packages_start=None, packages_end=None, allow_overriding=[], cmake_args=None, cmake_target=None, cmake_target_skip_unavailable=False, cmake_clean_cache=False, cmake_clean_first=False, cmake_force_configure=False, ament_cmake_args=None, catkin_cmake_args=None, catkin_skip_building_tests=False, mixin_files=None, mixin=None, verb_parser=<colcon_mixin.mixin.mixin_argument.MixinArgumentDecorator object at 0xffff977e2590>, verb_extension=<colcon_core.verb.build.BuildVerb object at 0xffff977e1d80>, main=<bound method BuildVerb.main of <colcon_core.verb.build.BuildVerb object at 0xffff977e1d80>>, mixin_verb=('build',))
[0.810s] Level 1:colcon.colcon_core.package_discovery:discover_packages(colcon_meta) check parameters
[0.810s] Level 1:colcon.colcon_core.package_discovery:discover_packages(recursive) check parameters
[0.811s] Level 1:colcon.colcon_core.package_discovery:discover_packages(ignore) check parameters
[0.811s] Level 1:colcon.colcon_core.package_discovery:discover_packages(path) check parameters
[0.811s] Level 1:colcon.colcon_core.package_discovery:discover_packages(colcon_meta) discover
[0.811s] Level 1:colcon.colcon_core.package_discovery:discover_packages(recursive) discover
[0.811s] INFO:colcon.colcon_core.package_discovery:Crawling recursively for packages in '/home/team100/team_ws'
[0.811s] Level 1:colcon.colcon_core.package_identification:_identify(.) by extensions ['ignore', 'ignore_ament_install']
[0.812s] Level 1:colcon.colcon_core.package_identification:_identify(.) by extension 'ignore'
[0.812s] Level 1:colcon.colcon_core.package_identification:_identify(.) by extension 'ignore_ament_install'
[0.812s] Level 1:colcon.colcon_core.package_identification:_identify(.) by extensions ['colcon_pkg']
[0.812s] Level 1:colcon.colcon_core.package_identification:_identify(.) by extension 'colcon_pkg'
[0.812s] Level 1:colcon.colcon_core.package_identification:_identify(.) by extensions ['colcon_meta']
[0.813s] Level 1:colcon.colcon_core.package_identification:_identify(.) by extension 'colcon_meta'
[0.813s] Level 1:colcon.colcon_core.package_identification:_identify(.) by extensions ['ros']
[0.813s] Level 1:colcon.colcon_core.package_identification:_identify(.) by extension 'ros'
[0.842s] Level 1:colcon.colcon_core.package_identification:_identify(.) by extensions ['cmake', 'python']
[0.843s] Level 1:colcon.colcon_core.package_identification:_identify(.) by extension 'cmake'
[0.843s] Level 1:colcon.colcon_core.package_identification:_identify(.) by extension 'python'
[0.843s] Level 1:colcon.colcon_core.package_identification:_identify(.) by extensions ['python_setup_py']
[0.843s] Level 1:colcon.colcon_core.package_identification:_identify(.) by extension 'python_setup_py'
[0.843s] Level 1:colcon.colcon_core.package_identification:_identify(build) by extensions ['ignore', 'ignore_ament_install']
[0.844s] Level 1:colcon.colcon_core.package_identification:_identify(build) by extension 'ignore'
[0.844s] Level 1:colcon.colcon_core.package_identification:_identify(build) ignored
[0.844s] Level 1:colcon.colcon_core.package_identification:_identify(install) by extensions ['ignore', 'ignore_ament_install']
[0.844s] Level 1:colcon.colcon_core.package_identification:_identify(install) by extension 'ignore'
[0.844s] Level 1:colcon.colcon_core.package_identification:_identify(install) ignored
[0.845s] Level 1:colcon.colcon_core.package_identification:_identify(log) by extensions ['ignore', 'ignore_ament_install']
[0.845s] Level 1:colcon.colcon_core.package_identification:_identify(log) by extension 'ignore'
[0.845s] Level 1:colcon.colcon_core.package_identification:_identify(log) ignored
[0.845s] Level 1:colcon.colcon_core.package_identification:_identify(src) by extensions ['ignore', 'ignore_ament_install']
[0.846s] Level 1:colcon.colcon_core.package_identification:_identify(src) by extension 'ignore'
[0.846s] Level 1:colcon.colcon_core.package_identification:_identify(src) by extension 'ignore_ament_install'
[0.846s] Level 1:colcon.colcon_core.package_identification:_identify(src) by extensions ['colcon_pkg']
[0.846s] Level 1:colcon.colcon_core.package_identification:_identify(src) by extension 'colcon_pkg'
[0.846s] Level 1:colcon.colcon_core.package_identification:_identify(src) by extensions ['colcon_meta']
[0.846s] Level 1:colcon.colcon_core.package_identification:_identify(src) by extension 'colcon_meta'
[0.846s] Level 1:colcon.colcon_core.package_identification:_identify(src) by extensions ['ros']
[0.846s] Level 1:colcon.colcon_core.package_identification:_identify(src) by extension 'ros'
[0.847s] Level 1:colcon.colcon_core.package_identification:_identify(src) by extensions ['cmake', 'python']
[0.847s] Level 1:colcon.colcon_core.package_identification:_identify(src) by extension 'cmake'
[0.847s] Level 1:colcon.colcon_core.package_identification:_identify(src) by extension 'python'
[0.847s] Level 1:colcon.colcon_core.package_identification:_identify(src) by extensions ['python_setup_py']
[0.847s] Level 1:colcon.colcon_core.package_identification:_identify(src) by extension 'python_setup_py'
[0.847s] Level 1:colcon.colcon_core.package_identification:_identify(src/apriltag) by extensions ['ignore', 'ignore_ament_install']
[0.848s] Level 1:colcon.colcon_core.package_identification:_identify(src/apriltag) by extension 'ignore'
[0.848s] Level 1:colcon.colcon_core.package_identification:_identify(src/apriltag) by extension 'ignore_ament_install'
[0.848s] Level 1:colcon.colcon_core.package_identification:_identify(src/apriltag) by extensions ['colcon_pkg']
[0.848s] Level 1:colcon.colcon_core.package_identification:_identify(src/apriltag) by extension 'colcon_pkg'
[0.848s] Level 1:colcon.colcon_core.package_identification:_identify(src/apriltag) by extensions ['colcon_meta']
[0.848s] Level 1:colcon.colcon_core.package_identification:_identify(src/apriltag) by extension 'colcon_meta'
[0.848s] Level 1:colcon.colcon_core.package_identification:_identify(src/apriltag) by extensions ['ros']
[0.848s] Level 1:colcon.colcon_core.package_identification:_identify(src/apriltag) by extension 'ros'
[0.860s] DEBUG:colcon.colcon_core.package_identification:Package 'src/apriltag' with type 'ros.cmake' and name 'apriltag'
[0.861s] Level 1:colcon.colcon_core.package_identification:_identify(src/apriltag_msgs) by extensions ['ignore', 'ignore_ament_install']
[0.861s] Level 1:colcon.colcon_core.package_identification:_identify(src/apriltag_msgs) by extension 'ignore'
[0.861s] Level 1:colcon.colcon_core.package_identification:_identify(src/apriltag_msgs) by extension 'ignore_ament_install'
[0.861s] Level 1:colcon.colcon_core.package_identification:_identify(src/apriltag_msgs) by extensions ['colcon_pkg']
[0.861s] Level 1:colcon.colcon_core.package_identification:_identify(src/apriltag_msgs) by extension 'colcon_pkg'
[0.861s] Level 1:colcon.colcon_core.package_identification:_identify(src/apriltag_msgs) by extensions ['colcon_meta']
[0.861s] Level 1:colcon.colcon_core.package_identification:_identify(src/apriltag_msgs) by extension 'colcon_meta'
[0.862s] Level 1:colcon.colcon_core.package_identification:_identify(src/apriltag_msgs) by extensions ['ros']
[0.862s] Level 1:colcon.colcon_core.package_identification:_identify(src/apriltag_msgs) by extension 'ros'
[0.863s] DEBUG:colcon.colcon_core.package_identification:Package 'src/apriltag_msgs' with type 'ros.ament_cmake' and name 'apriltag_msgs'
[0.864s] Level 1:colcon.colcon_core.package_identification:_identify(src/apriltag_ros) by extensions ['ignore', 'ignore_ament_install']
[0.864s] Level 1:colcon.colcon_core.package_identification:_identify(src/apriltag_ros) by extension 'ignore'
[0.864s] Level 1:colcon.colcon_core.package_identification:_identify(src/apriltag_ros) by extension 'ignore_ament_install'
[0.864s] Level 1:colcon.colcon_core.package_identification:_identify(src/apriltag_ros) by extensions ['colcon_pkg']
[0.864s] Level 1:colcon.colcon_core.package_identification:_identify(src/apriltag_ros) by extension 'colcon_pkg'
[0.864s] Level 1:colcon.colcon_core.package_identification:_identify(src/apriltag_ros) by extensions ['colcon_meta']
[0.864s] Level 1:colcon.colcon_core.package_identification:_identify(src/apriltag_ros) by extension 'colcon_meta'
[0.865s] Level 1:colcon.colcon_core.package_identification:_identify(src/apriltag_ros) by extensions ['ros']
[0.865s] Level 1:colcon.colcon_core.package_identification:_identify(src/apriltag_ros) by extension 'ros'
[0.869s] DEBUG:colcon.colcon_core.package_identification:Package 'src/apriltag_ros' with type 'ros.ament_cmake' and name 'apriltag_ros'
[0.869s] Level 1:colcon.colcon_core.package_identification:_identify(src/build) by extensions ['ignore', 'ignore_ament_install']
[0.870s] Level 1:colcon.colcon_core.package_identification:_identify(src/build) by extension 'ignore'
[0.870s] Level 1:colcon.colcon_core.package_identification:_identify(src/build) ignored
[0.870s] Level 1:colcon.colcon_core.package_identification:_identify(src/e116) by extensions ['ignore', 'ignore_ament_install']
[0.870s] Level 1:colcon.colcon_core.package_identification:_identify(src/e116) by extension 'ignore'
[0.870s] Level 1:colcon.colcon_core.package_identification:_identify(src/e116) by extension 'ignore_ament_install'
[0.870s] Level 1:colcon.colcon_core.package_identification:_identify(src/e116) by extensions ['colcon_pkg']
[0.871s] Level 1:colcon.colcon_core.package_identification:_identify(src/e116) by extension 'colcon_pkg'
[0.871s] Level 1:colcon.colcon_core.package_identification:_identify(src/e116) by extensions ['colcon_meta']
[0.871s] Level 1:colcon.colcon_core.package_identification:_identify(src/e116) by extension 'colcon_meta'
[0.871s] Level 1:colcon.colcon_core.package_identification:_identify(src/e116) by extensions ['ros']
[0.871s] Level 1:colcon.colcon_core.package_identification:_identify(src/e116) by extension 'ros'
[0.873s] DEBUG:colcon.colcon_core.package_identification:Package 'src/e116' with type 'ros.ament_python' and name 'e116'
[0.874s] Level 1:colcon.colcon_core.package_identification:_identify(src/install) by extensions ['ignore', 'ignore_ament_install']
[0.874s] Level 1:colcon.colcon_core.package_identification:_identify(src/install) by extension 'ignore'
[0.874s] Level 1:colcon.colcon_core.package_identification:_identify(src/install) ignored
[0.874s] Level 1:colcon.colcon_core.package_identification:_identify(src/log) by extensions ['ignore', 'ignore_ament_install']
[0.875s] Level 1:colcon.colcon_core.package_identification:_identify(src/log) by extension 'ignore'
[0.875s] Level 1:colcon.colcon_core.package_identification:_identify(src/log) ignored
[0.875s] Level 1:colcon.colcon_core.package_discovery:discover_packages(recursive) using defaults
[0.875s] Level 1:colcon.colcon_core.package_discovery:discover_packages(ignore) discover
[0.875s] Level 1:colcon.colcon_core.package_discovery:discover_packages(ignore) using defaults
[0.875s] Level 1:colcon.colcon_core.package_discovery:discover_packages(path) discover
[0.875s] Level 1:colcon.colcon_core.package_discovery:discover_packages(path) using defaults
[0.971s] Level 1:colcon.colcon_core.package_discovery:discover_packages(prefix_path) check parameters
[0.971s] Level 1:colcon.colcon_core.package_discovery:discover_packages(prefix_path) discover
[0.977s] DEBUG:colcon.colcon_installed_package_information.package_discovery:Found 4 installed packages in /home/team100/team_ws/install
[0.980s] DEBUG:colcon.colcon_installed_package_information.package_discovery:Found 296 installed packages in /opt/ros/humble
[0.983s] Level 1:colcon.colcon_core.package_discovery:discover_packages(prefix_path) using defaults
[1.081s] Level 5:colcon.colcon_core.verb:set package 'apriltag' build argument 'cmake_args' from command line to 'None'
[1.082s] Level 5:colcon.colcon_core.verb:set package 'apriltag' build argument 'cmake_target' from command line to 'None'
[1.082s] Level 5:colcon.colcon_core.verb:set package 'apriltag' build argument 'cmake_target_skip_unavailable' from command line to 'False'
[1.082s] Level 5:colcon.colcon_core.verb:set package 'apriltag' build argument 'cmake_clean_cache' from command line to 'False'
[1.082s] Level 5:colcon.colcon_core.verb:set package 'apriltag' build argument 'cmake_clean_first' from command line to 'False'
[1.082s] Level 5:colcon.colcon_core.verb:set package 'apriltag' build argument 'cmake_force_configure' from command line to 'False'
[1.082s] Level 5:colcon.colcon_core.verb:set package 'apriltag' build argument 'ament_cmake_args' from command line to 'None'
[1.082s] Level 5:colcon.colcon_core.verb:set package 'apriltag' build argument 'catkin_cmake_args' from command line to 'None'
[1.082s] Level 5:colcon.colcon_core.verb:set package 'apriltag' build argument 'catkin_skip_building_tests' from command line to 'False'
[1.082s] DEBUG:colcon.colcon_core.verb:Building package 'apriltag' with the following arguments: {'ament_cmake_args': None, 'build_base': '/home/team100/team_ws/build/apriltag', 'catkin_cmake_args': None, 'catkin_skip_building_tests': False, 'cmake_args': None, 'cmake_clean_cache': False, 'cmake_clean_first': False, 'cmake_force_configure': False, 'cmake_target': None, 'cmake_target_skip_unavailable': False, 'install_base': '/home/team100/team_ws/install/apriltag', 'merge_install': False, 'path': '/home/team100/team_ws/src/apriltag', 'symlink_install': False, 'test_result_base': None}
[1.083s] Level 5:colcon.colcon_core.verb:set package 'apriltag_msgs' build argument 'cmake_args' from command line to 'None'
[1.083s] Level 5:colcon.colcon_core.verb:set package 'apriltag_msgs' build argument 'cmake_target' from command line to 'None'
[1.083s] Level 5:colcon.colcon_core.verb:set package 'apriltag_msgs' build argument 'cmake_target_skip_unavailable' from command line to 'False'
[1.083s] Level 5:colcon.colcon_core.verb:set package 'apriltag_msgs' build argument 'cmake_clean_cache' from command line to 'False'
[1.083s] Level 5:colcon.colcon_core.verb:set package 'apriltag_msgs' build argument 'cmake_clean_first' from command line to 'False'
[1.083s] Level 5:colcon.colcon_core.verb:set package 'apriltag_msgs' build argument 'cmake_force_configure' from command line to 'False'
[1.083s] Level 5:colcon.colcon_core.verb:set package 'apriltag_msgs' build argument 'ament_cmake_args' from command line to 'None'
[1.083s] Level 5:colcon.colcon_core.verb:set package 'apriltag_msgs' build argument 'catkin_cmake_args' from command line to 'None'
[1.083s] Level 5:colcon.colcon_core.verb:set package 'apriltag_msgs' build argument 'catkin_skip_building_tests' from command line to 'False'
[1.083s] DEBUG:colcon.colcon_core.verb:Building package 'apriltag_msgs' with the following arguments: {'ament_cmake_args': None, 'build_base': '/home/team100/team_ws/build/apriltag_msgs', 'catkin_cmake_args': None, 'catkin_skip_building_tests': False, 'cmake_args': None, 'cmake_clean_cache': False, 'cmake_clean_first': False, 'cmake_force_configure': False, 'cmake_target': None, 'cmake_target_skip_unavailable': False, 'install_base': '/home/team100/team_ws/install/apriltag_msgs', 'merge_install': False, 'path': '/home/team100/team_ws/src/apriltag_msgs', 'symlink_install': False, 'test_result_base': None}
[1.084s] Level 5:colcon.colcon_core.verb:set package 'e116' build argument 'cmake_args' from command line to 'None'
[1.084s] Level 5:colcon.colcon_core.verb:set package 'e116' build argument 'cmake_target' from command line to 'None'
[1.084s] Level 5:colcon.colcon_core.verb:set package 'e116' build argument 'cmake_target_skip_unavailable' from command line to 'False'
[1.084s] Level 5:colcon.colcon_core.verb:set package 'e116' build argument 'cmake_clean_cache' from command line to 'False'
[1.085s] Level 5:colcon.colcon_core.verb:set package 'e116' build argument 'cmake_clean_first' from command line to 'False'
[1.085s] Level 5:colcon.colcon_core.verb:set package 'e116' build argument 'cmake_force_configure' from command line to 'False'
[1.085s] Level 5:colcon.colcon_core.verb:set package 'e116' build argument 'ament_cmake_args' from command line to 'None'
[1.085s] Level 5:colcon.colcon_core.verb:set package 'e116' build argument 'catkin_cmake_args' from command line to 'None'
[1.085s] Level 5:colcon.colcon_core.verb:set package 'e116' build argument 'catkin_skip_building_tests' from command line to 'False'
[1.085s] DEBUG:colcon.colcon_core.verb:Building package 'e116' with the following arguments: {'ament_cmake_args': None, 'build_base': '/home/team100/team_ws/build/e116', 'catkin_cmake_args': None, 'catkin_skip_building_tests': False, 'cmake_args': None, 'cmake_clean_cache': False, 'cmake_clean_first': False, 'cmake_force_configure': False, 'cmake_target': None, 'cmake_target_skip_unavailable': False, 'install_base': '/home/team100/team_ws/install/e116', 'merge_install': False, 'path': '/home/team100/team_ws/src/e116', 'symlink_install': False, 'test_result_base': None}
[1.086s] Level 5:colcon.colcon_core.verb:set package 'apriltag_ros' build argument 'cmake_args' from command line to 'None'
[1.086s] Level 5:colcon.colcon_core.verb:set package 'apriltag_ros' build argument 'cmake_target' from command line to 'None'
[1.086s] Level 5:colcon.colcon_core.verb:set package 'apriltag_ros' build argument 'cmake_target_skip_unavailable' from command line to 'False'
[1.086s] Level 5:colcon.colcon_core.verb:set package 'apriltag_ros' build argument 'cmake_clean_cache' from command line to 'False'
[1.086s] Level 5:colcon.colcon_core.verb:set package 'apriltag_ros' build argument 'cmake_clean_first' from command line to 'False'
[1.086s] Level 5:colcon.colcon_core.verb:set package 'apriltag_ros' build argument 'cmake_force_configure' from command line to 'False'
[1.086s] Level 5:colcon.colcon_core.verb:set package 'apriltag_ros' build argument 'ament_cmake_args' from command line to 'None'
[1.086s] Level 5:colcon.colcon_core.verb:set package 'apriltag_ros' build argument 'catkin_cmake_args' from command line to 'None'
[1.086s] Level 5:colcon.colcon_core.verb:set package 'apriltag_ros' build argument 'catkin_skip_building_tests' from command line to 'False'
[1.086s] DEBUG:colcon.colcon_core.verb:Building package 'apriltag_ros' with the following arguments: {'ament_cmake_args': None, 'build_base': '/home/team100/team_ws/build/apriltag_ros', 'catkin_cmake_args': None, 'catkin_skip_building_tests': False, 'cmake_args': None, 'cmake_clean_cache': False, 'cmake_clean_first': False, 'cmake_force_configure': False, 'cmake_target': None, 'cmake_target_skip_unavailable': False, 'install_base': '/home/team100/team_ws/install/apriltag_ros', 'merge_install': False, 'path': '/home/team100/team_ws/src/apriltag_ros', 'symlink_install': False, 'test_result_base': None}
[1.086s] INFO:colcon.colcon_core.executor:Executing jobs using 'parallel' executor
[1.089s] DEBUG:colcon.colcon_parallel_executor.executor.parallel:run_until_complete
[1.090s] INFO:colcon.colcon_ros.task.cmake.build:Building ROS package in '/home/team100/team_ws/src/apriltag' with build type 'cmake'
[1.091s] INFO:colcon.colcon_cmake.task.cmake.build:Building CMake package in '/home/team100/team_ws/src/apriltag'
[1.096s] INFO:colcon.colcon_core.plugin_system:Skipping extension 'colcon_core.shell.bat': Not used on non-Windows systems
[1.097s] INFO:colcon.colcon_core.shell:Skip shell extension 'powershell' for command environment: Not usable outside of PowerShell
[1.097s] DEBUG:colcon.colcon_core.shell:Skip shell extension 'dsv' for command environment
[1.105s] INFO:colcon.colcon_ros.task.ament_cmake.build:Building ROS package in '/home/team100/team_ws/src/apriltag_msgs' with build type 'ament_cmake'
[1.106s] INFO:colcon.colcon_cmake.task.cmake.build:Building CMake package in '/home/team100/team_ws/src/apriltag_msgs'
[1.106s] INFO:colcon.colcon_core.shell:Skip shell extension 'powershell' for command environment: Not usable outside of PowerShell
[1.107s] DEBUG:colcon.colcon_core.shell:Skip shell extension 'dsv' for command environment
[1.116s] INFO:colcon.colcon_ros.task.ament_python.build:Building ROS package in '/home/team100/team_ws/src/e116' with build type 'ament_python'
[1.117s] Level 1:colcon.colcon_core.shell:create_environment_hook('e116', 'ament_prefix_path')
[1.117s] INFO:colcon.colcon_core.shell:Creating environment hook '/home/team100/team_ws/install/e116/share/e116/hook/ament_prefix_path.ps1'
[1.119s] INFO:colcon.colcon_core.shell:Creating environment descriptor '/home/team100/team_ws/install/e116/share/e116/hook/ament_prefix_path.dsv'
[1.121s] INFO:colcon.colcon_core.shell:Creating environment hook '/home/team100/team_ws/install/e116/share/e116/hook/ament_prefix_path.sh'
[1.123s] INFO:colcon.colcon_core.shell:Skip shell extension 'powershell' for command environment: Not usable outside of PowerShell
[1.123s] DEBUG:colcon.colcon_core.shell:Skip shell extension 'dsv' for command environment
[1.141s] DEBUG:colcon.colcon_core.event_handler.log_command:Invoking command in '/home/team100/team_ws/build/apriltag': CMAKE_PREFIX_PATH=${CMAKE_PREFIX_PATH}:/home/team100/team_ws/install/e116:/opt/ros/humble /usr/bin/cmake --build /home/team100/team_ws/build/apriltag -- -j6 -l6
[1.153s] DEBUG:colcon.colcon_core.event_handler.log_command:Invoking command in '/home/team100/team_ws/build/apriltag_msgs': CMAKE_PREFIX_PATH=${CMAKE_PREFIX_PATH}:/home/team100/team_ws/install/e116:/opt/ros/humble /usr/bin/cmake --build /home/team100/team_ws/build/apriltag_msgs -- -j6 -l6
[1.881s] INFO:colcon.colcon_core.task.python.build:Building Python package in '/home/team100/team_ws/src/e116'
[1.882s] INFO:colcon.colcon_core.shell:Skip shell extension 'powershell' for command environment: Not usable outside of PowerShell
[1.882s] DEBUG:colcon.colcon_core.shell:Skip shell extension 'dsv' for command environment
[2.660s] DEBUG:colcon.colcon_core.event_handler.log_command:Invoked command in '/home/team100/team_ws/build/apriltag' returned '0': CMAKE_PREFIX_PATH=${CMAKE_PREFIX_PATH}:/home/team100/team_ws/install/e116:/opt/ros/humble /usr/bin/cmake --build /home/team100/team_ws/build/apriltag -- -j6 -l6
[2.680s] DEBUG:colcon.colcon_core.event_handler.log_command:Invoking command in '/home/team100/team_ws/build/apriltag': CMAKE_PREFIX_PATH=${CMAKE_PREFIX_PATH}:/home/team100/team_ws/install/e116:/opt/ros/humble /usr/bin/cmake --install /home/team100/team_ws/build/apriltag
[2.726s] DEBUG:colcon.colcon_core.event_handler.log_command:Invoked command in '/home/team100/team_ws/build/apriltag_msgs' returned '0': CMAKE_PREFIX_PATH=${CMAKE_PREFIX_PATH}:/home/team100/team_ws/install/e116:/opt/ros/humble /usr/bin/cmake --build /home/team100/team_ws/build/apriltag_msgs -- -j6 -l6
[2.729s] DEBUG:colcon.colcon_core.event_handler.log_command:Invoking command in '/home/team100/team_ws/build/apriltag_msgs': CMAKE_PREFIX_PATH=${CMAKE_PREFIX_PATH}:/home/team100/team_ws/install/e116:/opt/ros/humble /usr/bin/cmake --install /home/team100/team_ws/build/apriltag_msgs
[2.736s] DEBUG:colcon.colcon_core.event_handler.log_command:Invoked command in '/home/team100/team_ws/build/apriltag' returned '0': CMAKE_PREFIX_PATH=${CMAKE_PREFIX_PATH}:/home/team100/team_ws/install/e116:/opt/ros/humble /usr/bin/cmake --install /home/team100/team_ws/build/apriltag
[2.737s] Level 1:colcon.colcon_core.shell:create_environment_hook('apriltag', 'pkg_config_path')
[2.738s] INFO:colcon.colcon_core.shell:Creating environment hook '/home/team100/team_ws/install/apriltag/share/apriltag/hook/pkg_config_path.ps1'
[2.747s] INFO:colcon.colcon_core.shell:Creating environment descriptor '/home/team100/team_ws/install/apriltag/share/apriltag/hook/pkg_config_path.dsv'
[2.751s] INFO:colcon.colcon_core.shell:Creating environment hook '/home/team100/team_ws/install/apriltag/share/apriltag/hook/pkg_config_path.sh'
[2.774s] Level 1:colcon.colcon_core.shell:create_environment_hook('apriltag', 'pkg_config_path_multiarch')
[2.775s] INFO:colcon.colcon_core.shell:Creating environment hook '/home/team100/team_ws/install/apriltag/share/apriltag/hook/pkg_config_path_multiarch.ps1'
[2.778s] INFO:colcon.colcon_core.shell:Creating environment descriptor '/home/team100/team_ws/install/apriltag/share/apriltag/hook/pkg_config_path_multiarch.dsv'
[2.780s] INFO:colcon.colcon_core.shell:Creating environment hook '/home/team100/team_ws/install/apriltag/share/apriltag/hook/pkg_config_path_multiarch.sh'
[2.782s] Level 1:colcon.colcon_core.environment:create_environment_scripts_only(apriltag)
[2.826s] Level 1:colcon.colcon_core.environment:checking '/home/team100/team_ws/install/apriltag' for CMake module files
[2.827s] Level 1:colcon.colcon_core.environment:checking '/home/team100/team_ws/install/apriltag' for CMake config files
[2.828s] Level 1:colcon.colcon_core.shell:create_environment_hook('apriltag', 'cmake_prefix_path')
[2.829s] INFO:colcon.colcon_core.shell:Creating environment hook '/home/team100/team_ws/install/apriltag/share/apriltag/hook/cmake_prefix_path.ps1'
[2.830s] INFO:colcon.colcon_core.shell:Creating environment descriptor '/home/team100/team_ws/install/apriltag/share/apriltag/hook/cmake_prefix_path.dsv'
[2.831s] INFO:colcon.colcon_core.shell:Creating environment hook '/home/team100/team_ws/install/apriltag/share/apriltag/hook/cmake_prefix_path.sh'
[2.833s] Level 1:colcon.colcon_core.environment:checking '/home/team100/team_ws/install/apriltag/lib'
[2.834s] Level 1:colcon.colcon_core.shell:create_environment_hook('apriltag', 'ld_library_path_lib')
[2.835s] INFO:colcon.colcon_core.shell:Creating environment hook '/home/team100/team_ws/install/apriltag/share/apriltag/hook/ld_library_path_lib.ps1'
[2.838s] INFO:colcon.colcon_core.shell:Creating environment descriptor '/home/team100/team_ws/install/apriltag/share/apriltag/hook/ld_library_path_lib.dsv'
[2.839s] INFO:colcon.colcon_core.shell:Creating environment hook '/home/team100/team_ws/install/apriltag/share/apriltag/hook/ld_library_path_lib.sh'
[2.841s] Level 1:colcon.colcon_core.environment:checking '/home/team100/team_ws/install/apriltag/bin'
[2.841s] Level 1:colcon.colcon_core.shell:create_environment_hook('apriltag', 'path')
[2.841s] INFO:colcon.colcon_core.shell:Creating environment hook '/home/team100/team_ws/install/apriltag/share/apriltag/hook/path.ps1'
[2.842s] INFO:colcon.colcon_core.shell:Creating environment descriptor '/home/team100/team_ws/install/apriltag/share/apriltag/hook/path.dsv'
[2.843s] INFO:colcon.colcon_core.shell:Creating environment hook '/home/team100/team_ws/install/apriltag/share/apriltag/hook/path.sh'
[2.844s] Level 1:colcon.colcon_core.environment:checking '/home/team100/team_ws/install/apriltag/lib/pkgconfig/apriltag.pc'
[2.845s] Level 1:colcon.colcon_core.shell:create_environment_hook('apriltag', 'pkg_config')
[2.852s] INFO:colcon.colcon_core.shell:Creating environment hook '/home/team100/team_ws/install/apriltag/share/apriltag/hook/pkg_config.ps1'
[2.853s] INFO:colcon.colcon_core.shell:Creating environment descriptor '/home/team100/team_ws/install/apriltag/share/apriltag/hook/pkg_config.dsv'
[2.856s] INFO:colcon.colcon_core.shell:Creating environment hook '/home/team100/team_ws/install/apriltag/share/apriltag/hook/pkg_config.sh'
[2.857s] Level 1:colcon.colcon_core.environment:checking '/home/team100/team_ws/install/apriltag/lib/python3.10/site-packages'
[2.857s] Level 1:colcon.colcon_core.shell:create_environment_hook('apriltag', 'pythonpath')
[2.858s] INFO:colcon.colcon_core.shell:Creating environment hook '/home/team100/team_ws/install/apriltag/share/apriltag/hook/pythonpath.ps1'
[2.859s] INFO:colcon.colcon_core.shell:Creating environment descriptor '/home/team100/team_ws/install/apriltag/share/apriltag/hook/pythonpath.dsv'
[2.860s] INFO:colcon.colcon_core.shell:Creating environment hook '/home/team100/team_ws/install/apriltag/share/apriltag/hook/pythonpath.sh'
[2.862s] Level 1:colcon.colcon_core.environment:checking '/home/team100/team_ws/install/apriltag/bin'
[2.862s] Level 1:colcon.colcon_core.shell:create_environment_hook('apriltag', 'pythonscriptspath')
[2.863s] INFO:colcon.colcon_core.shell:Creating environment hook '/home/team100/team_ws/install/apriltag/share/apriltag/hook/pythonscriptspath.ps1'
[2.864s] INFO:colcon.colcon_core.shell:Creating environment descriptor '/home/team100/team_ws/install/apriltag/share/apriltag/hook/pythonscriptspath.dsv'
[2.865s] INFO:colcon.colcon_core.shell:Creating environment hook '/home/team100/team_ws/install/apriltag/share/apriltag/hook/pythonscriptspath.sh'
[2.867s] INFO:colcon.colcon_core.shell:Creating package script '/home/team100/team_ws/install/apriltag/share/apriltag/package.ps1'
[2.869s] INFO:colcon.colcon_core.shell:Creating package descriptor '/home/team100/team_ws/install/apriltag/share/apriltag/package.dsv'
[2.871s] INFO:colcon.colcon_core.shell:Creating package script '/home/team100/team_ws/install/apriltag/share/apriltag/package.sh'
[2.875s] INFO:colcon.colcon_core.shell:Creating package script '/home/team100/team_ws/install/apriltag/share/apriltag/package.bash'
[2.877s] INFO:colcon.colcon_core.shell:Creating package script '/home/team100/team_ws/install/apriltag/share/apriltag/package.zsh'
[2.878s] Level 1:colcon.colcon_core.environment:create_file_with_runtime_dependencies(/home/team100/team_ws/install/apriltag/share/colcon-core/packages/apriltag)
[2.922s] DEBUG:colcon.colcon_core.event_handler.log_command:Invoking command in '/home/team100/team_ws/src/e116': PYTHONPATH=/home/team100/team_ws/build/e116/prefix_override:/usr/lib/python3/dist-packages/colcon_core/task/python/colcon_distutils_commands:/home/team100/team_ws/install/e116/lib/python3.10/site-packages:${PYTHONPATH} /usr/bin/python3 -W ignore:setup.py install is deprecated -W ignore:easy_install command is deprecated setup.py egg_info --egg-base ../../build/e116 build --build-base /home/team100/team_ws/build/e116/build install --record /home/team100/team_ws/build/e116/install.log --single-version-externally-managed install_data
[2.951s] Level 1:colcon.colcon_core.environment:create_environment_scripts_only(apriltag_msgs)
[2.952s] Level 1:colcon.colcon_core.environment:checking '/home/team100/team_ws/install/apriltag_msgs' for CMake module files
[2.954s] Level 1:colcon.colcon_core.environment:checking '/home/team100/team_ws/install/apriltag_msgs' for CMake config files
[2.956s] Level 1:colcon.colcon_core.shell:create_environment_hook('apriltag_msgs', 'cmake_prefix_path')
[2.957s] INFO:colcon.colcon_core.shell:Creating environment hook '/home/team100/team_ws/install/apriltag_msgs/share/apriltag_msgs/hook/cmake_prefix_path.ps1'
[2.960s] DEBUG:colcon.colcon_core.event_handler.log_command:Invoked command in '/home/team100/team_ws/build/apriltag_msgs' returned '0': CMAKE_PREFIX_PATH=${CMAKE_PREFIX_PATH}:/home/team100/team_ws/install/e116:/opt/ros/humble /usr/bin/cmake --install /home/team100/team_ws/build/apriltag_msgs
[2.961s] INFO:colcon.colcon_core.shell:Creating environment descriptor '/home/team100/team_ws/install/apriltag_msgs/share/apriltag_msgs/hook/cmake_prefix_path.dsv'
[2.962s] INFO:colcon.colcon_core.shell:Creating environment hook '/home/team100/team_ws/install/apriltag_msgs/share/apriltag_msgs/hook/cmake_prefix_path.sh'
[2.964s] Level 1:colcon.colcon_core.environment:checking '/home/team100/team_ws/install/apriltag_msgs/lib'
[2.964s] Level 1:colcon.colcon_core.shell:create_environment_hook('apriltag_msgs', 'ld_library_path_lib')
[2.965s] INFO:colcon.colcon_core.shell:Creating environment hook '/home/team100/team_ws/install/apriltag_msgs/share/apriltag_msgs/hook/ld_library_path_lib.ps1'
[2.966s] INFO:colcon.colcon_core.shell:Creating environment descriptor '/home/team100/team_ws/install/apriltag_msgs/share/apriltag_msgs/hook/ld_library_path_lib.dsv'
[2.968s] INFO:colcon.colcon_core.shell:Creating environment hook '/home/team100/team_ws/install/apriltag_msgs/share/apriltag_msgs/hook/ld_library_path_lib.sh'
[2.970s] Level 1:colcon.colcon_core.environment:checking '/home/team100/team_ws/install/apriltag_msgs/bin'
[2.970s] Level 1:colcon.colcon_core.environment:checking '/home/team100/team_ws/install/apriltag_msgs/lib/pkgconfig/apriltag_msgs.pc'
[2.971s] Level 1:colcon.colcon_core.environment:checking '/home/team100/team_ws/install/apriltag_msgs/lib/python3.10/site-packages'
[2.972s] Level 1:colcon.colcon_core.environment:checking '/home/team100/team_ws/install/apriltag_msgs/bin'
[2.973s] INFO:colcon.colcon_core.shell:Creating package script '/home/team100/team_ws/install/apriltag_msgs/share/apriltag_msgs/package.ps1'
[2.976s] INFO:colcon.colcon_core.shell:Creating package descriptor '/home/team100/team_ws/install/apriltag_msgs/share/apriltag_msgs/package.dsv'
[2.978s] INFO:colcon.colcon_core.shell:Creating package script '/home/team100/team_ws/install/apriltag_msgs/share/apriltag_msgs/package.sh'
[2.981s] INFO:colcon.colcon_core.shell:Creating package script '/home/team100/team_ws/install/apriltag_msgs/share/apriltag_msgs/package.bash'
[2.983s] INFO:colcon.colcon_core.shell:Creating package script '/home/team100/team_ws/install/apriltag_msgs/share/apriltag_msgs/package.zsh'
[2.985s] Level 1:colcon.colcon_core.environment:create_file_with_runtime_dependencies(/home/team100/team_ws/install/apriltag_msgs/share/colcon-core/packages/apriltag_msgs)
[2.987s] Level 1:colcon.colcon_core.environment:create_environment_scripts_only(apriltag_msgs)
[2.988s] Level 1:colcon.colcon_core.environment:checking '/home/team100/team_ws/install/apriltag_msgs' for CMake module files
[2.989s] Level 1:colcon.colcon_core.environment:checking '/home/team100/team_ws/install/apriltag_msgs' for CMake config files
[2.991s] Level 1:colcon.colcon_core.shell:create_environment_hook('apriltag_msgs', 'cmake_prefix_path')
[2.992s] INFO:colcon.colcon_core.shell:Creating environment hook '/home/team100/team_ws/install/apriltag_msgs/share/apriltag_msgs/hook/cmake_prefix_path.ps1'
[2.995s] INFO:colcon.colcon_core.shell:Creating environment descriptor '/home/team100/team_ws/install/apriltag_msgs/share/apriltag_msgs/hook/cmake_prefix_path.dsv'
[2.997s] INFO:colcon.colcon_core.shell:Creating environment hook '/home/team100/team_ws/install/apriltag_msgs/share/apriltag_msgs/hook/cmake_prefix_path.sh'
[2.999s] Level 1:colcon.colcon_core.environment:checking '/home/team100/team_ws/install/apriltag_msgs/lib'
[2.999s] Level 1:colcon.colcon_core.shell:create_environment_hook('apriltag_msgs', 'ld_library_path_lib')
[3.001s] INFO:colcon.colcon_core.shell:Creating environment hook '/home/team100/team_ws/install/apriltag_msgs/share/apriltag_msgs/hook/ld_library_path_lib.ps1'
[3.002s] INFO:colcon.colcon_core.shell:Creating environment descriptor '/home/team100/team_ws/install/apriltag_msgs/share/apriltag_msgs/hook/ld_library_path_lib.dsv'
[3.003s] INFO:colcon.colcon_core.shell:Creating environment hook '/home/team100/team_ws/install/apriltag_msgs/share/apriltag_msgs/hook/ld_library_path_lib.sh'
[3.005s] Level 1:colcon.colcon_core.environment:checking '/home/team100/team_ws/install/apriltag_msgs/bin'
[3.005s] Level 1:colcon.colcon_core.environment:checking '/home/team100/team_ws/install/apriltag_msgs/lib/pkgconfig/apriltag_msgs.pc'
[3.006s] Level 1:colcon.colcon_core.environment:checking '/home/team100/team_ws/install/apriltag_msgs/lib/python3.10/site-packages'
[3.007s] Level 1:colcon.colcon_core.environment:checking '/home/team100/team_ws/install/apriltag_msgs/bin'
[3.008s] INFO:colcon.colcon_core.shell:Creating package script '/home/team100/team_ws/install/apriltag_msgs/share/apriltag_msgs/package.ps1'
[3.010s] INFO:colcon.colcon_core.shell:Creating package descriptor '/home/team100/team_ws/install/apriltag_msgs/share/apriltag_msgs/package.dsv'
[3.013s] INFO:colcon.colcon_core.shell:Creating package script '/home/team100/team_ws/install/apriltag_msgs/share/apriltag_msgs/package.sh'
[3.015s] INFO:colcon.colcon_core.shell:Creating package script '/home/team100/team_ws/install/apriltag_msgs/share/apriltag_msgs/package.bash'
[3.017s] INFO:colcon.colcon_core.shell:Creating package script '/home/team100/team_ws/install/apriltag_msgs/share/apriltag_msgs/package.zsh'
[3.018s] Level 1:colcon.colcon_core.environment:create_file_with_runtime_dependencies(/home/team100/team_ws/install/apriltag_msgs/share/colcon-core/packages/apriltag_msgs)
[3.019s] INFO:colcon.colcon_ros.task.ament_cmake.build:Building ROS package in '/home/team100/team_ws/src/apriltag_ros' with build type 'ament_cmake'
[3.020s] INFO:colcon.colcon_cmake.task.cmake.build:Building CMake package in '/home/team100/team_ws/src/apriltag_ros'
[3.020s] INFO:colcon.colcon_core.shell:Skip shell extension 'powershell' for command environment: Not usable outside of PowerShell
[3.021s] DEBUG:colcon.colcon_core.shell:Skip shell extension 'dsv' for command environment
[3.066s] DEBUG:colcon.colcon_core.event_handler.log_command:Invoking command in '/home/team100/team_ws/build/apriltag_ros': CMAKE_PREFIX_PATH=/home/team100/team_ws/install/apriltag_msgs:/home/team100/team_ws/install/apriltag:/home/team100/team_ws/install/apriltag_ros:/home/team100/team_ws/install/e116:/opt/ros/humble LD_LIBRARY_PATH=/home/team100/team_ws/install/apriltag_msgs/lib:/home/team100/team_ws/install/apriltag/lib:/home/team100/team_ws/install/apriltag_ros/lib:/opt/ros/humble/opt/rviz_ogre_vendor/lib:/opt/ros/humble/lib/aarch64-linux-gnu:/opt/ros/humble/lib PYTHONPATH=/home/team100/team_ws/install/apriltag/lib/python3.10/site-packages:/home/team100/team_ws/install/e116/lib/python3.10/site-packages:/home/team100/team_ws/install/apriltag_msgs/local/lib/python3.10/dist-packages:/opt/ros/humble/lib/python3.10/site-packages:/opt/ros/humble/local/lib/python3.10/dist-packages /usr/bin/cmake --build /home/team100/team_ws/build/apriltag_ros -- -j6 -l6
[3.543s] DEBUG:colcon.colcon_core.event_handler.log_command:Invoked command in '/home/team100/team_ws/build/apriltag_ros' returned '0': CMAKE_PREFIX_PATH=/home/team100/team_ws/install/apriltag_msgs:/home/team100/team_ws/install/apriltag:/home/team100/team_ws/install/apriltag_ros:/home/team100/team_ws/install/e116:/opt/ros/humble LD_LIBRARY_PATH=/home/team100/team_ws/install/apriltag_msgs/lib:/home/team100/team_ws/install/apriltag/lib:/home/team100/team_ws/install/apriltag_ros/lib:/opt/ros/humble/opt/rviz_ogre_vendor/lib:/opt/ros/humble/lib/aarch64-linux-gnu:/opt/ros/humble/lib PYTHONPATH=/home/team100/team_ws/install/apriltag/lib/python3.10/site-packages:/home/team100/team_ws/install/e116/lib/python3.10/site-packages:/home/team100/team_ws/install/apriltag_msgs/local/lib/python3.10/dist-packages:/opt/ros/humble/lib/python3.10/site-packages:/opt/ros/humble/local/lib/python3.10/dist-packages /usr/bin/cmake --build /home/team100/team_ws/build/apriltag_ros -- -j6 -l6
[3.544s] DEBUG:colcon.colcon_core.event_handler.log_command:Invoking command in '/home/team100/team_ws/build/apriltag_ros': CMAKE_PREFIX_PATH=/home/team100/team_ws/install/apriltag_msgs:/home/team100/team_ws/install/apriltag:/home/team100/team_ws/install/apriltag_ros:/home/team100/team_ws/install/e116:/opt/ros/humble LD_LIBRARY_PATH=/home/team100/team_ws/install/apriltag_msgs/lib:/home/team100/team_ws/install/apriltag/lib:/home/team100/team_ws/install/apriltag_ros/lib:/opt/ros/humble/opt/rviz_ogre_vendor/lib:/opt/ros/humble/lib/aarch64-linux-gnu:/opt/ros/humble/lib PYTHONPATH=/home/team100/team_ws/install/apriltag/lib/python3.10/site-packages:/home/team100/team_ws/install/e116/lib/python3.10/site-packages:/home/team100/team_ws/install/apriltag_msgs/local/lib/python3.10/dist-packages:/opt/ros/humble/lib/python3.10/site-packages:/opt/ros/humble/local/lib/python3.10/dist-packages /usr/bin/cmake --install /home/team100/team_ws/build/apriltag_ros
[3.618s] Level 1:colcon.colcon_core.environment:create_environment_scripts_only(apriltag_ros)
[3.620s] Level 1:colcon.colcon_core.environment:checking '/home/team100/team_ws/install/apriltag_ros' for CMake module files
[3.626s] Level 1:colcon.colcon_core.environment:checking '/home/team100/team_ws/install/apriltag_ros' for CMake config files
[3.628s] Level 1:colcon.colcon_core.shell:create_environment_hook('apriltag_ros', 'cmake_prefix_path')
[3.629s] INFO:colcon.colcon_core.shell:Creating environment hook '/home/team100/team_ws/install/apriltag_ros/share/apriltag_ros/hook/cmake_prefix_path.ps1'
[3.631s] INFO:colcon.colcon_core.shell:Creating environment descriptor '/home/team100/team_ws/install/apriltag_ros/share/apriltag_ros/hook/cmake_prefix_path.dsv'
[3.632s] INFO:colcon.colcon_core.shell:Creating environment hook '/home/team100/team_ws/install/apriltag_ros/share/apriltag_ros/hook/cmake_prefix_path.sh'
[3.621s] DEBUG:colcon.colcon_core.event_handler.log_command:Invoked command in '/home/team100/team_ws/build/apriltag_ros' returned '0': CMAKE_PREFIX_PATH=/home/team100/team_ws/install/apriltag_msgs:/home/team100/team_ws/install/apriltag:/home/team100/team_ws/install/apriltag_ros:/home/team100/team_ws/install/e116:/opt/ros/humble LD_LIBRARY_PATH=/home/team100/team_ws/install/apriltag_msgs/lib:/home/team100/team_ws/install/apriltag/lib:/home/team100/team_ws/install/apriltag_ros/lib:/opt/ros/humble/opt/rviz_ogre_vendor/lib:/opt/ros/humble/lib/aarch64-linux-gnu:/opt/ros/humble/lib PYTHONPATH=/home/team100/team_ws/install/apriltag/lib/python3.10/site-packages:/home/team100/team_ws/install/e116/lib/python3.10/site-packages:/home/team100/team_ws/install/apriltag_msgs/local/lib/python3.10/dist-packages:/opt/ros/humble/lib/python3.10/site-packages:/opt/ros/humble/local/lib/python3.10/dist-packages /usr/bin/cmake --install /home/team100/team_ws/build/apriltag_ros
[3.636s] Level 1:colcon.colcon_core.environment:checking '/home/team100/team_ws/install/apriltag_ros/lib'
[3.637s] Level 1:colcon.colcon_core.shell:create_environment_hook('apriltag_ros', 'ld_library_path_lib')
[3.637s] INFO:colcon.colcon_core.shell:Creating environment hook '/home/team100/team_ws/install/apriltag_ros/share/apriltag_ros/hook/ld_library_path_lib.ps1'
[3.639s] INFO:colcon.colcon_core.shell:Creating environment descriptor '/home/team100/team_ws/install/apriltag_ros/share/apriltag_ros/hook/ld_library_path_lib.dsv'
[3.640s] INFO:colcon.colcon_core.shell:Creating environment hook '/home/team100/team_ws/install/apriltag_ros/share/apriltag_ros/hook/ld_library_path_lib.sh'
[3.641s] Level 1:colcon.colcon_core.environment:checking '/home/team100/team_ws/install/apriltag_ros/bin'
[3.641s] Level 1:colcon.colcon_core.environment:checking '/home/team100/team_ws/install/apriltag_ros/lib/pkgconfig/apriltag_ros.pc'
[3.642s] Level 1:colcon.colcon_core.environment:checking '/home/team100/team_ws/install/apriltag_ros/lib/python3.10/site-packages'
[3.650s] Level 1:colcon.colcon_core.environment:checking '/home/team100/team_ws/install/apriltag_ros/bin'
[3.652s] INFO:colcon.colcon_core.shell:Creating package script '/home/team100/team_ws/install/apriltag_ros/share/apriltag_ros/package.ps1'
[3.654s] INFO:colcon.colcon_core.shell:Creating package descriptor '/home/team100/team_ws/install/apriltag_ros/share/apriltag_ros/package.dsv'
[3.655s] INFO:colcon.colcon_core.shell:Creating package script '/home/team100/team_ws/install/apriltag_ros/share/apriltag_ros/package.sh'
[3.656s] INFO:colcon.colcon_core.shell:Creating package script '/home/team100/team_ws/install/apriltag_ros/share/apriltag_ros/package.bash'
[3.657s] INFO:colcon.colcon_core.shell:Creating package script '/home/team100/team_ws/install/apriltag_ros/share/apriltag_ros/package.zsh'
[3.659s] Level 1:colcon.colcon_core.environment:create_file_with_runtime_dependencies(/home/team100/team_ws/install/apriltag_ros/share/colcon-core/packages/apriltag_ros)
[3.662s] Level 1:colcon.colcon_core.environment:create_environment_scripts_only(apriltag_ros)
[3.662s] Level 1:colcon.colcon_core.environment:checking '/home/team100/team_ws/install/apriltag_ros' for CMake module files
[3.663s] Level 1:colcon.colcon_core.environment:checking '/home/team100/team_ws/install/apriltag_ros' for CMake config files
[3.664s] Level 1:colcon.colcon_core.shell:create_environment_hook('apriltag_ros', 'cmake_prefix_path')
[3.665s] INFO:colcon.colcon_core.shell:Creating environment hook '/home/team100/team_ws/install/apriltag_ros/share/apriltag_ros/hook/cmake_prefix_path.ps1'
[3.666s] INFO:colcon.colcon_core.shell:Creating environment descriptor '/home/team100/team_ws/install/apriltag_ros/share/apriltag_ros/hook/cmake_prefix_path.dsv'
[3.668s] INFO:colcon.colcon_core.shell:Creating environment hook '/home/team100/team_ws/install/apriltag_ros/share/apriltag_ros/hook/cmake_prefix_path.sh'
[3.670s] Level 1:colcon.colcon_core.environment:checking '/home/team100/team_ws/install/apriltag_ros/lib'
[3.670s] Level 1:colcon.colcon_core.shell:create_environment_hook('apriltag_ros', 'ld_library_path_lib')
[3.671s] INFO:colcon.colcon_core.shell:Creating environment hook '/home/team100/team_ws/install/apriltag_ros/share/apriltag_ros/hook/ld_library_path_lib.ps1'
[3.673s] INFO:colcon.colcon_core.shell:Creating environment descriptor '/home/team100/team_ws/install/apriltag_ros/share/apriltag_ros/hook/ld_library_path_lib.dsv'
[3.674s] INFO:colcon.colcon_core.shell:Creating environment hook '/home/team100/team_ws/install/apriltag_ros/share/apriltag_ros/hook/ld_library_path_lib.sh'
[3.677s] Level 1:colcon.colcon_core.environment:checking '/home/team100/team_ws/install/apriltag_ros/bin'
[3.677s] Level 1:colcon.colcon_core.environment:checking '/home/team100/team_ws/install/apriltag_ros/lib/pkgconfig/apriltag_ros.pc'
[3.678s] Level 1:colcon.colcon_core.environment:checking '/home/team100/team_ws/install/apriltag_ros/lib/python3.10/site-packages'
[3.682s] Level 1:colcon.colcon_core.environment:checking '/home/team100/team_ws/install/apriltag_ros/bin'
[3.683s] INFO:colcon.colcon_core.shell:Creating package script '/home/team100/team_ws/install/apriltag_ros/share/apriltag_ros/package.ps1'
[3.690s] INFO:colcon.colcon_core.shell:Creating package descriptor '/home/team100/team_ws/install/apriltag_ros/share/apriltag_ros/package.dsv'
[3.691s] INFO:colcon.colcon_core.shell:Creating package script '/home/team100/team_ws/install/apriltag_ros/share/apriltag_ros/package.sh'
[3.693s] INFO:colcon.colcon_core.shell:Creating package script '/home/team100/team_ws/install/apriltag_ros/share/apriltag_ros/package.bash'
[3.695s] INFO:colcon.colcon_core.shell:Creating package script '/home/team100/team_ws/install/apriltag_ros/share/apriltag_ros/package.zsh'
[3.696s] Level 1:colcon.colcon_core.environment:create_file_with_runtime_dependencies(/home/team100/team_ws/install/apriltag_ros/share/colcon-core/packages/apriltag_ros)
[3.783s] Level 1:colcon.colcon_core.environment:checking '/home/team100/team_ws/install/e116' for CMake module files
[3.785s] Level 1:colcon.colcon_core.environment:checking '/home/team100/team_ws/install/e116' for CMake config files
[3.787s] Level 1:colcon.colcon_core.environment:checking '/home/team100/team_ws/install/e116/lib'
[3.787s] Level 1:colcon.colcon_core.environment:checking '/home/team100/team_ws/install/e116/bin'
[3.787s] Level 1:colcon.colcon_core.environment:checking '/home/team100/team_ws/install/e116/lib/pkgconfig/e116.pc'
[3.784s] DEBUG:colcon.colcon_core.event_handler.log_command:Invoked command in '/home/team100/team_ws/src/e116' returned '0': PYTHONPATH=/home/team100/team_ws/build/e116/prefix_override:/usr/lib/python3/dist-packages/colcon_core/task/python/colcon_distutils_commands:/home/team100/team_ws/install/e116/lib/python3.10/site-packages:${PYTHONPATH} /usr/bin/python3 -W ignore:setup.py install is deprecated -W ignore:easy_install command is deprecated setup.py egg_info --egg-base ../../build/e116 build --build-base /home/team100/team_ws/build/e116/build install --record /home/team100/team_ws/build/e116/install.log --single-version-externally-managed install_data
[3.791s] Level 1:colcon.colcon_core.environment:checking '/home/team100/team_ws/install/e116/lib/python3.10/site-packages'
[3.791s] Level 1:colcon.colcon_core.shell:create_environment_hook('e116', 'pythonpath')
[3.792s] INFO:colcon.colcon_core.shell:Creating environment hook '/home/team100/team_ws/install/e116/share/e116/hook/pythonpath.ps1'
[3.794s] INFO:colcon.colcon_core.shell:Creating environment descriptor '/home/team100/team_ws/install/e116/share/e116/hook/pythonpath.dsv'
[3.794s] INFO:colcon.colcon_core.shell:Creating environment hook '/home/team100/team_ws/install/e116/share/e116/hook/pythonpath.sh'
[3.797s] Level 1:colcon.colcon_core.environment:checking '/home/team100/team_ws/install/e116/bin'
[3.797s] Level 1:colcon.colcon_core.environment:create_environment_scripts_only(e116)
[3.798s] INFO:colcon.colcon_core.shell:Creating package script '/home/team100/team_ws/install/e116/share/e116/package.ps1'
[3.800s] INFO:colcon.colcon_core.shell:Creating package descriptor '/home/team100/team_ws/install/e116/share/e116/package.dsv'
[3.802s] INFO:colcon.colcon_core.shell:Creating package script '/home/team100/team_ws/install/e116/share/e116/package.sh'
[3.803s] INFO:colcon.colcon_core.shell:Creating package script '/home/team100/team_ws/install/e116/share/e116/package.bash'
[3.804s] INFO:colcon.colcon_core.shell:Creating package script '/home/team100/team_ws/install/e116/share/e116/package.zsh'
[3.804s] Level 1:colcon.colcon_core.environment:create_file_with_runtime_dependencies(/home/team100/team_ws/install/e116/share/colcon-core/packages/e116)
[3.805s] DEBUG:colcon.colcon_parallel_executor.executor.parallel:closing loop
[3.806s] DEBUG:colcon.colcon_parallel_executor.executor.parallel:loop closed
[3.806s] DEBUG:colcon.colcon_parallel_executor.executor.parallel:run_until_complete finished with '0'
[3.806s] DEBUG:colcon.colcon_core.event_reactor:joining thread
[3.826s] INFO:colcon.colcon_core.plugin_system:Skipping extension 'colcon_notification.desktop_notification.terminal_notifier': Not used on non-Darwin systems
[3.826s] INFO:colcon.colcon_core.plugin_system:Skipping extension 'colcon_notification.desktop_notification.win32': Not used on non-Windows systems
[3.826s] INFO:colcon.colcon_notification.desktop_notification:Sending desktop notification using 'notify2'
[3.884s] DEBUG:colcon.colcon_core.event_reactor:joined thread
[3.885s] INFO:colcon.colcon_core.shell:Creating prefix script '/home/team100/team_ws/install/local_setup.ps1'
[3.888s] INFO:colcon.colcon_core.shell:Creating prefix util module '/home/team100/team_ws/install/_local_setup_util_ps1.py'
[3.892s] INFO:colcon.colcon_core.shell:Creating prefix chain script '/home/team100/team_ws/install/setup.ps1'
[3.896s] INFO:colcon.colcon_core.shell:Creating prefix script '/home/team100/team_ws/install/local_setup.sh'
[3.898s] INFO:colcon.colcon_core.shell:Creating prefix util module '/home/team100/team_ws/install/_local_setup_util_sh.py'
[3.899s] INFO:colcon.colcon_core.shell:Creating prefix chain script '/home/team100/team_ws/install/setup.sh'
[3.903s] INFO:colcon.colcon_core.shell:Creating prefix script '/home/team100/team_ws/install/local_setup.bash'
[3.905s] INFO:colcon.colcon_core.shell:Creating prefix chain script '/home/team100/team_ws/install/setup.bash'
[3.908s] INFO:colcon.colcon_core.shell:Creating prefix script '/home/team100/team_ws/install/local_setup.zsh'
[3.910s] INFO:colcon.colcon_core.shell:Creating prefix chain script '/home/team100/team_ws/install/setup.zsh'
