[0.042s] Invoking command in '/home/team100/roboracer_116_lehigh/team_ws/build/apriltag': CMAKE_PREFIX_PATH=${CMAKE_PREFIX_PATH}:/home/team100/roboracer_116_lehigh/team_ws/install/e116:/opt/ros/humble /usr/bin/cmake --build /home/team100/roboracer_116_lehigh/team_ws/build/apriltag -- -j6 -l6
[0.165s] [  4%] [34m[1mGenerating apriltag_detect_docstring.h, apriltag_detect_docstring.cxx[0m
[0.169s] [ 81%] Built target apriltag
[0.174s] [ 83%] [34m[1mGenerating apriltag_py_type_docstring.h, apriltag_py_type_docstring.cxx[0m
[0.175s] [ 86%] [34m[1mGenerating apriltag_estimate_tag_pose_docstring.h, apriltag_estimate_tag_pose_docstring.cxx[0m
[0.270s] [ 90%] Built target apriltag_demo
[0.277s] [ 90%] Built target apriltag_py_docstrings
[0.293s] [ 95%] Built target opencv_demo
[0.315s] [35m[1mConsolidate compiler generated dependencies of target apriltag.cpython-310-aarch64-linux-gnu[0m
[0.352s] [ 97%] [32mBuilding C object CMakeFiles/apriltag.cpython-310-aarch64-linux-gnu.dir/apriltag_pywrap.c.o[0m
[0.915s] [100%] [32m[1mLinking C shared module apriltag.cpython-310-aarch64-linux-gnu.so[0m
[1.006s] [100%] Built target apriltag.cpython-310-aarch64-linux-gnu
[1.049s] Invoked command in '/home/team100/roboracer_116_lehigh/team_ws/build/apriltag' returned '0': CMAKE_PREFIX_PATH=${CMAKE_PREFIX_PATH}:/home/team100/roboracer_116_lehigh/team_ws/install/e116:/opt/ros/humble /usr/bin/cmake --build /home/team100/roboracer_116_lehigh/team_ws/build/apriltag -- -j6 -l6
[1.052s] Invoking command in '/home/team100/roboracer_116_lehigh/team_ws/build/apriltag': CMAKE_PREFIX_PATH=${CMAKE_PREFIX_PATH}:/home/team100/roboracer_116_lehigh/team_ws/install/e116:/opt/ros/humble /usr/bin/cmake --install /home/team100/roboracer_116_lehigh/team_ws/build/apriltag
[1.074s] -- Install configuration: "Release"
[1.074s] -- Up-to-date: /home/team100/roboracer_116_lehigh/team_ws/install/apriltag/include/apriltag/apriltag.h
[1.074s] -- Up-to-date: /home/team100/roboracer_116_lehigh/team_ws/install/apriltag/include/apriltag/apriltag_math.h
[1.074s] -- Up-to-date: /home/team100/roboracer_116_lehigh/team_ws/install/apriltag/include/apriltag/apriltag_pose.h
[1.074s] -- Up-to-date: /home/team100/roboracer_116_lehigh/team_ws/install/apriltag/include/apriltag/common/debug_print.h
[1.075s] -- Up-to-date: /home/team100/roboracer_116_lehigh/team_ws/install/apriltag/include/apriltag/common/doubles.h
[1.075s] -- Up-to-date: /home/team100/roboracer_116_lehigh/team_ws/install/apriltag/include/apriltag/common/doubles_floats_impl.h
[1.076s] -- Up-to-date: /home/team100/roboracer_116_lehigh/team_ws/install/apriltag/include/apriltag/common/floats.h
[1.076s] -- Up-to-date: /home/team100/roboracer_116_lehigh/team_ws/install/apriltag/include/apriltag/common/g2d.h
[1.076s] -- Up-to-date: /home/team100/roboracer_116_lehigh/team_ws/install/apriltag/include/apriltag/common/getopt.h
[1.077s] -- Up-to-date: /home/team100/roboracer_116_lehigh/team_ws/install/apriltag/include/apriltag/common/homography.h
[1.077s] -- Up-to-date: /home/team100/roboracer_116_lehigh/team_ws/install/apriltag/include/apriltag/common/image_types.h
[1.078s] -- Up-to-date: /home/team100/roboracer_116_lehigh/team_ws/install/apriltag/include/apriltag/common/image_u8.h
[1.078s] -- Up-to-date: /home/team100/roboracer_116_lehigh/team_ws/install/apriltag/include/apriltag/common/image_u8_parallel.h
[1.078s] -- Up-to-date: /home/team100/roboracer_116_lehigh/team_ws/install/apriltag/include/apriltag/common/image_u8x3.h
[1.079s] -- Up-to-date: /home/team100/roboracer_116_lehigh/team_ws/install/apriltag/include/apriltag/common/image_u8x4.h
[1.079s] -- Up-to-date: /home/team100/roboracer_116_lehigh/team_ws/install/apriltag/include/apriltag/common/matd.h
[1.080s] -- Up-to-date: /home/team100/roboracer_116_lehigh/team_ws/install/apriltag/include/apriltag/common/math_util.h
[1.080s] -- Up-to-date: /home/team100/roboracer_116_lehigh/team_ws/install/apriltag/include/apriltag/common/pam.h
[1.081s] -- Up-to-date: /home/team100/roboracer_116_lehigh/team_ws/install/apriltag/include/apriltag/common/pjpeg.h
[1.081s] -- Up-to-date: /home/team100/roboracer_116_lehigh/team_ws/install/apriltag/include/apriltag/common/pnm.h
[1.083s] -- Up-to-date: /home/team100/roboracer_116_lehigh/team_ws/install/apriltag/include/apriltag/common/postscript_utils.h
[1.083s] -- Up-to-date: /home/team100/roboracer_116_lehigh/team_ws/install/apriltag/include/apriltag/common/pthreads_cross.h
[1.084s] -- Up-to-date: /home/team100/roboracer_116_lehigh/team_ws/install/apriltag/include/apriltag/common/string_util.h
[1.084s] -- Up-to-date: /home/team100/roboracer_116_lehigh/team_ws/install/apriltag/include/apriltag/common/svd22.h
[1.085s] -- Up-to-date: /home/team100/roboracer_116_lehigh/team_ws/install/apriltag/include/apriltag/common/time_util.h
[1.086s] -- Up-to-date: /home/team100/roboracer_116_lehigh/team_ws/install/apriltag/include/apriltag/common/timeprofile.h
[1.086s] -- Up-to-date: /home/team100/roboracer_116_lehigh/team_ws/install/apriltag/include/apriltag/common/unionfind.h
[1.087s] -- Up-to-date: /home/team100/roboracer_116_lehigh/team_ws/install/apriltag/include/apriltag/common/workerpool.h
[1.088s] -- Up-to-date: /home/team100/roboracer_116_lehigh/team_ws/install/apriltag/include/apriltag/common/zarray.h
[1.091s] -- Up-to-date: /home/team100/roboracer_116_lehigh/team_ws/install/apriltag/include/apriltag/common/zhash.h
[1.092s] -- Up-to-date: /home/team100/roboracer_116_lehigh/team_ws/install/apriltag/include/apriltag/common/zmaxheap.h
[1.094s] -- Up-to-date: /home/team100/roboracer_116_lehigh/team_ws/install/apriltag/include/apriltag/tag16h5.h
[1.096s] -- Up-to-date: /home/team100/roboracer_116_lehigh/team_ws/install/apriltag/include/apriltag/tag25h9.h
[1.097s] -- Up-to-date: /home/team100/roboracer_116_lehigh/team_ws/install/apriltag/include/apriltag/tag36h10.h
[1.097s] -- Up-to-date: /home/team100/roboracer_116_lehigh/team_ws/install/apriltag/include/apriltag/tag36h11.h
[1.099s] -- Up-to-date: /home/team100/roboracer_116_lehigh/team_ws/install/apriltag/include/apriltag/tagCircle21h7.h
[1.099s] -- Up-to-date: /home/team100/roboracer_116_lehigh/team_ws/install/apriltag/include/apriltag/tagCircle49h12.h
[1.103s] -- Up-to-date: /home/team100/roboracer_116_lehigh/team_ws/install/apriltag/include/apriltag/tagCustom48h12.h
[1.103s] -- Up-to-date: /home/team100/roboracer_116_lehigh/team_ws/install/apriltag/include/apriltag/tagStandard41h12.h
[1.103s] -- Up-to-date: /home/team100/roboracer_116_lehigh/team_ws/install/apriltag/include/apriltag/tagStandard52h13.h
[1.105s] -- Up-to-date: /home/team100/roboracer_116_lehigh/team_ws/install/apriltag/lib/libapriltag.so.3.4.5
[1.106s] -- Up-to-date: /home/team100/roboracer_116_lehigh/team_ws/install/apriltag/lib/libapriltag.so.3
[1.107s] -- Up-to-date: /home/team100/roboracer_116_lehigh/team_ws/install/apriltag/lib/libapriltag.so
[1.109s] -- Up-to-date: /home/team100/roboracer_116_lehigh/team_ws/install/apriltag/lib/apriltag/cmake/apriltagTargets.cmake
[1.110s] -- Up-to-date: /home/team100/roboracer_116_lehigh/team_ws/install/apriltag/lib/apriltag/cmake/apriltagTargets-release.cmake
[1.111s] -- Up-to-date: /home/team100/roboracer_116_lehigh/team_ws/install/apriltag/lib/apriltag/cmake/apriltagConfig.cmake
[1.111s] -- Up-to-date: /home/team100/roboracer_116_lehigh/team_ws/install/apriltag/lib/apriltag/cmake/apriltagConfigVersion.cmake
[1.112s] -- Up-to-date: /home/team100/roboracer_116_lehigh/team_ws/install/apriltag/lib/pkgconfig/apriltag.pc
[1.113s] -- Installing: /home/team100/roboracer_116_lehigh/team_ws/install/apriltag/lib/python3.10/site-packages/apriltag.cpython-310-aarch64-linux-gnu.so
[1.115s] -- Set runtime path of "/home/team100/roboracer_116_lehigh/team_ws/install/apriltag/lib/python3.10/site-packages/apriltag.cpython-310-aarch64-linux-gnu.so" to ""
[1.117s] -- Up-to-date: /home/team100/roboracer_116_lehigh/team_ws/install/apriltag/bin/opencv_demo
[1.119s] -- Up-to-date: /home/team100/roboracer_116_lehigh/team_ws/install/apriltag/bin/apriltag_demo
[1.138s] Invoked command in '/home/team100/roboracer_116_lehigh/team_ws/build/apriltag' returned '0': CMAKE_PREFIX_PATH=${CMAKE_PREFIX_PATH}:/home/team100/roboracer_116_lehigh/team_ws/install/e116:/opt/ros/humble /usr/bin/cmake --install /home/team100/roboracer_116_lehigh/team_ws/build/apriltag
