[0.041s] Invoking command in '/home/team100/team_ws/src/build/apriltag_ros': AMENT_PREFIX_PATH=/home/team100/team_ws/src/install/apriltag_msgs:${AMENT_PREFIX_PATH} CMAKE_PREFIX_PATH=/home/team100/team_ws/src/install/apriltag_msgs:/home/team100/team_ws/src/install/apriltag:/opt/ros/humble LD_LIBRARY_PATH=/home/team100/team_ws/src/install/apriltag_msgs/lib:/home/team100/team_ws/src/install/apriltag/lib:${LD_LIBRARY_PATH} PATH=/home/team100/team_ws/src/install/apriltag/bin:${PATH} PKG_CONFIG_PATH=/home/team100/team_ws/src/install/apriltag/lib/aarch64-linux-gnu/pkgconfig:/home/team100/team_ws/src/install/apriltag/lib/pkgconfig PYTHONPATH=/home/team100/team_ws/src/install/apriltag_msgs/local/lib/python3.10/dist-packages:/home/team100/team_ws/src/install/apriltag/lib/python3.10/site-packages:${PYTHONPATH} /usr/bin/cmake --build /home/team100/team_ws/src/build/apriltag_ros -- -j6 -l6
[0.278s] [35m[1mConsolidate compiler generated dependencies of target tags[0m
[0.279s] [35m[1mConsolidate compiler generated dependencies of target conversion[0m
[0.279s] [35m[1mConsolidate compiler generated dependencies of target apriltag_node[0m
[0.305s] [ 20%] Built target tags
[0.401s] [ 40%] Built target conversion
[0.429s] [ 60%] Built target apriltag_node
[0.431s] [35m[1mConsolidate compiler generated dependencies of target pose_estimation[0m
[0.466s] [ 80%] Built target pose_estimation
[0.518s] [35m[1mConsolidate compiler generated dependencies of target AprilTagNode[0m
[0.591s] [100%] Built target AprilTagNode
[0.614s] Invoked command in '/home/team100/team_ws/src/build/apriltag_ros' returned '0': AMENT_PREFIX_PATH=/home/team100/team_ws/src/install/apriltag_msgs:${AMENT_PREFIX_PATH} CMAKE_PREFIX_PATH=/home/team100/team_ws/src/install/apriltag_msgs:/home/team100/team_ws/src/install/apriltag:/opt/ros/humble LD_LIBRARY_PATH=/home/team100/team_ws/src/install/apriltag_msgs/lib:/home/team100/team_ws/src/install/apriltag/lib:${LD_LIBRARY_PATH} PATH=/home/team100/team_ws/src/install/apriltag/bin:${PATH} PKG_CONFIG_PATH=/home/team100/team_ws/src/install/apriltag/lib/aarch64-linux-gnu/pkgconfig:/home/team100/team_ws/src/install/apriltag/lib/pkgconfig PYTHONPATH=/home/team100/team_ws/src/install/apriltag_msgs/local/lib/python3.10/dist-packages:/home/team100/team_ws/src/install/apriltag/lib/python3.10/site-packages:${PYTHONPATH} /usr/bin/cmake --build /home/team100/team_ws/src/build/apriltag_ros -- -j6 -l6
[0.622s] Invoking command in '/home/team100/team_ws/src/build/apriltag_ros': AMENT_PREFIX_PATH=/home/team100/team_ws/src/install/apriltag_msgs:${AMENT_PREFIX_PATH} CMAKE_PREFIX_PATH=/home/team100/team_ws/src/install/apriltag_msgs:/home/team100/team_ws/src/install/apriltag:/opt/ros/humble LD_LIBRARY_PATH=/home/team100/team_ws/src/install/apriltag_msgs/lib:/home/team100/team_ws/src/install/apriltag/lib:${LD_LIBRARY_PATH} PATH=/home/team100/team_ws/src/install/apriltag/bin:${PATH} PKG_CONFIG_PATH=/home/team100/team_ws/src/install/apriltag/lib/aarch64-linux-gnu/pkgconfig:/home/team100/team_ws/src/install/apriltag/lib/pkgconfig PYTHONPATH=/home/team100/team_ws/src/install/apriltag_msgs/local/lib/python3.10/dist-packages:/home/team100/team_ws/src/install/apriltag/lib/python3.10/site-packages:${PYTHONPATH} /usr/bin/cmake --install /home/team100/team_ws/src/build/apriltag_ros
[0.642s] -- Install configuration: ""
[0.645s] -- Up-to-date: /home/team100/team_ws/src/install/apriltag_ros/lib/apriltag_ros/apriltag_node
[0.646s] -- Up-to-date: /home/team100/team_ws/src/install/apriltag_ros/share/apriltag_ros/environment/library_path.sh
[0.646s] -- Up-to-date: /home/team100/team_ws/src/install/apriltag_ros/share/apriltag_ros/environment/library_path.dsv
[0.648s] -- Up-to-date: /home/team100/team_ws/src/install/apriltag_ros/lib/libAprilTagNode.so
[0.648s] -- Up-to-date: /home/team100/team_ws/src/install/apriltag_ros/share/apriltag_ros/cfg
[0.649s] -- Up-to-date: /home/team100/team_ws/src/install/apriltag_ros/share/apriltag_ros/cfg/tags_36h11.yaml
[0.650s] -- Up-to-date: /home/team100/team_ws/src/install/apriltag_ros/share/apriltag_ros/launch
[0.650s] -- Up-to-date: /home/team100/team_ws/src/install/apriltag_ros/share/apriltag_ros/launch/rs2camera_tag.launch.yml
[0.650s] -- Up-to-date: /home/team100/team_ws/src/install/apriltag_ros/share/apriltag_ros/launch/camera_36h11.launch.yml
[0.672s] -- Up-to-date: /home/team100/team_ws/src/install/apriltag_ros/share/ament_index/resource_index/package_run_dependencies/apriltag_ros
[0.673s] -- Up-to-date: /home/team100/team_ws/src/install/apriltag_ros/share/ament_index/resource_index/parent_prefix_path/apriltag_ros
[0.673s] -- Up-to-date: /home/team100/team_ws/src/install/apriltag_ros/share/apriltag_ros/environment/ament_prefix_path.sh
[0.673s] -- Up-to-date: /home/team100/team_ws/src/install/apriltag_ros/share/apriltag_ros/environment/ament_prefix_path.dsv
[0.674s] -- Up-to-date: /home/team100/team_ws/src/install/apriltag_ros/share/apriltag_ros/environment/path.sh
[0.674s] -- Up-to-date: /home/team100/team_ws/src/install/apriltag_ros/share/apriltag_ros/environment/path.dsv
[0.674s] -- Up-to-date: /home/team100/team_ws/src/install/apriltag_ros/share/apriltag_ros/local_setup.bash
[0.674s] -- Up-to-date: /home/team100/team_ws/src/install/apriltag_ros/share/apriltag_ros/local_setup.sh
[0.674s] -- Up-to-date: /home/team100/team_ws/src/install/apriltag_ros/share/apriltag_ros/local_setup.zsh
[0.675s] -- Up-to-date: /home/team100/team_ws/src/install/apriltag_ros/share/apriltag_ros/local_setup.dsv
[0.675s] -- Installing: /home/team100/team_ws/src/install/apriltag_ros/share/apriltag_ros/package.dsv
[0.675s] -- Up-to-date: /home/team100/team_ws/src/install/apriltag_ros/share/ament_index/resource_index/packages/apriltag_ros
[0.676s] -- Up-to-date: /home/team100/team_ws/src/install/apriltag_ros/share/ament_index/resource_index/rclcpp_components/apriltag_ros
[0.676s] -- Up-to-date: /home/team100/team_ws/src/install/apriltag_ros/share/apriltag_ros/cmake/apriltag_rosConfig.cmake
[0.676s] -- Up-to-date: /home/team100/team_ws/src/install/apriltag_ros/share/apriltag_ros/cmake/apriltag_rosConfig-version.cmake
[0.676s] -- Up-to-date: /home/team100/team_ws/src/install/apriltag_ros/share/apriltag_ros/package.xml
[0.683s] Invoked command in '/home/team100/team_ws/src/build/apriltag_ros' returned '0': AMENT_PREFIX_PATH=/home/team100/team_ws/src/install/apriltag_msgs:${AMENT_PREFIX_PATH} CMAKE_PREFIX_PATH=/home/team100/team_ws/src/install/apriltag_msgs:/home/team100/team_ws/src/install/apriltag:/opt/ros/humble LD_LIBRARY_PATH=/home/team100/team_ws/src/install/apriltag_msgs/lib:/home/team100/team_ws/src/install/apriltag/lib:${LD_LIBRARY_PATH} PATH=/home/team100/team_ws/src/install/apriltag/bin:${PATH} PKG_CONFIG_PATH=/home/team100/team_ws/src/install/apriltag/lib/aarch64-linux-gnu/pkgconfig:/home/team100/team_ws/src/install/apriltag/lib/pkgconfig PYTHONPATH=/home/team100/team_ws/src/install/apriltag_msgs/local/lib/python3.10/dist-packages:/home/team100/team_ws/src/install/apriltag/lib/python3.10/site-packages:${PYTHONPATH} /usr/bin/cmake --install /home/team100/team_ws/src/build/apriltag_ros
