[1.499s] DEBUG:colcon:Command line arguments: ['/usr/bin/colcon', 'build']
[1.499s] DEBUG:colcon:Parsed command line arguments: Namespace(log_base=None, log_level=None, verb_name='build', build_base='build', install_base='install', merge_install=False, symlink_install=False, test_result_base=None, continue_on_error=False, executor='parallel', parallel_workers=6, event_handlers=None, ignore_user_meta=False, metas=['./colcon.meta'], base_paths=['.'], packages_ignore=None, packages_ignore_regex=None, paths=None, packages_up_to=None, packages_up_to_regex=None, packages_above=None, packages_above_and_dependencies=None, packages_above_depth=None, packages_select_by_dep=None, packages_skip_by_dep=None, packages_skip_up_to=None, packages_select_build_failed=False, packages_skip_build_finished=False, packages_select_test_failures=False, packages_skip_test_passed=False, packages_select=None, packages_skip=None, packages_select_regex=None, packages_skip_regex=None, packages_start=None, packages_end=None, allow_overriding=[], cmake_args=None, cmake_target=None, cmake_target_skip_unavailable=False, cmake_clean_cache=False, cmake_clean_first=False, cmake_force_configure=False, ament_cmake_args=None, catkin_cmake_args=None, catkin_skip_building_tests=False, mixin_files=None, mixin=None, verb_parser=<colcon_mixin.mixin.mixin_argument.MixinArgumentDecorator object at 0xffff951b1cc0>, verb_extension=<colcon_core.verb.build.BuildVerb object at 0xffff951b14b0>, main=<bound method BuildVerb.main of <colcon_core.verb.build.BuildVerb object at 0xffff951b14b0>>, mixin_verb=('build',))
[2.628s] Level 1:colcon.colcon_core.package_discovery:discover_packages(colcon_meta) check parameters
[2.628s] Level 1:colcon.colcon_core.package_discovery:discover_packages(recursive) check parameters
[2.628s] Level 1:colcon.colcon_core.package_discovery:discover_packages(ignore) check parameters
[2.628s] Level 1:colcon.colcon_core.package_discovery:discover_packages(path) check parameters
[2.629s] Level 1:colcon.colcon_core.package_discovery:discover_packages(colcon_meta) discover
[2.629s] Level 1:colcon.colcon_core.package_discovery:discover_packages(recursive) discover
[2.629s] INFO:colcon.colcon_core.package_discovery:Crawling recursively for packages in '/home/team100/team_ws/src'
[2.629s] Level 1:colcon.colcon_core.package_identification:_identify(.) by extensions ['ignore', 'ignore_ament_install']
[2.630s] Level 1:colcon.colcon_core.package_identification:_identify(.) by extension 'ignore'
[2.630s] Level 1:colcon.colcon_core.package_identification:_identify(.) by extension 'ignore_ament_install'
[2.630s] Level 1:colcon.colcon_core.package_identification:_identify(.) by extensions ['colcon_pkg']
[2.630s] Level 1:colcon.colcon_core.package_identification:_identify(.) by extension 'colcon_pkg'
[2.631s] Level 1:colcon.colcon_core.package_identification:_identify(.) by extensions ['colcon_meta']
[2.631s] Level 1:colcon.colcon_core.package_identification:_identify(.) by extension 'colcon_meta'
[2.631s] Level 1:colcon.colcon_core.package_identification:_identify(.) by extensions ['ros']
[2.631s] Level 1:colcon.colcon_core.package_identification:_identify(.) by extension 'ros'
[2.693s] Level 1:colcon.colcon_core.package_identification:_identify(.) by extensions ['cmake', 'python']
[2.694s] Level 1:colcon.colcon_core.package_identification:_identify(.) by extension 'cmake'
[2.694s] Level 1:colcon.colcon_core.package_identification:_identify(.) by extension 'python'
[2.694s] Level 1:colcon.colcon_core.package_identification:_identify(.) by extensions ['python_setup_py']
[2.694s] Level 1:colcon.colcon_core.package_identification:_identify(.) by extension 'python_setup_py'
[2.697s] Level 1:colcon.colcon_core.package_identification:_identify(apriltag) by extensions ['ignore', 'ignore_ament_install']
[2.698s] Level 1:colcon.colcon_core.package_identification:_identify(apriltag) by extension 'ignore'
[2.698s] Level 1:colcon.colcon_core.package_identification:_identify(apriltag) by extension 'ignore_ament_install'
[2.698s] Level 1:colcon.colcon_core.package_identification:_identify(apriltag) by extensions ['colcon_pkg']
[2.698s] Level 1:colcon.colcon_core.package_identification:_identify(apriltag) by extension 'colcon_pkg'
[2.699s] Level 1:colcon.colcon_core.package_identification:_identify(apriltag) by extensions ['colcon_meta']
[2.699s] Level 1:colcon.colcon_core.package_identification:_identify(apriltag) by extension 'colcon_meta'
[2.699s] Level 1:colcon.colcon_core.package_identification:_identify(apriltag) by extensions ['ros']
[2.699s] Level 1:colcon.colcon_core.package_identification:_identify(apriltag) by extension 'ros'
[2.718s] DEBUG:colcon.colcon_core.package_identification:Package 'apriltag' with type 'ros.cmake' and name 'apriltag'
[2.743s] Level 1:colcon.colcon_core.package_identification:_identify(apriltag_msgs) by extensions ['ignore', 'ignore_ament_install']
[2.744s] Level 1:colcon.colcon_core.package_identification:_identify(apriltag_msgs) by extension 'ignore'
[2.744s] Level 1:colcon.colcon_core.package_identification:_identify(apriltag_msgs) by extension 'ignore_ament_install'
[2.744s] Level 1:colcon.colcon_core.package_identification:_identify(apriltag_msgs) by extensions ['colcon_pkg']
[2.745s] Level 1:colcon.colcon_core.package_identification:_identify(apriltag_msgs) by extension 'colcon_pkg'
[2.745s] Level 1:colcon.colcon_core.package_identification:_identify(apriltag_msgs) by extensions ['colcon_meta']
[2.745s] Level 1:colcon.colcon_core.package_identification:_identify(apriltag_msgs) by extension 'colcon_meta'
[2.745s] Level 1:colcon.colcon_core.package_identification:_identify(apriltag_msgs) by extensions ['ros']
[2.745s] Level 1:colcon.colcon_core.package_identification:_identify(apriltag_msgs) by extension 'ros'
[2.751s] DEBUG:colcon.colcon_core.package_identification:Package 'apriltag_msgs' with type 'ros.ament_cmake' and name 'apriltag_msgs'
[2.752s] Level 1:colcon.colcon_core.package_identification:_identify(apriltag_ros) by extensions ['ignore', 'ignore_ament_install']
[2.752s] Level 1:colcon.colcon_core.package_identification:_identify(apriltag_ros) by extension 'ignore'
[2.753s] Level 1:colcon.colcon_core.package_identification:_identify(apriltag_ros) by extension 'ignore_ament_install'
[2.753s] Level 1:colcon.colcon_core.package_identification:_identify(apriltag_ros) by extensions ['colcon_pkg']
[2.753s] Level 1:colcon.colcon_core.package_identification:_identify(apriltag_ros) by extension 'colcon_pkg'
[2.753s] Level 1:colcon.colcon_core.package_identification:_identify(apriltag_ros) by extensions ['colcon_meta']
[2.753s] Level 1:colcon.colcon_core.package_identification:_identify(apriltag_ros) by extension 'colcon_meta'
[2.754s] Level 1:colcon.colcon_core.package_identification:_identify(apriltag_ros) by extensions ['ros']
[2.754s] Level 1:colcon.colcon_core.package_identification:_identify(apriltag_ros) by extension 'ros'
[2.764s] DEBUG:colcon.colcon_core.package_identification:Package 'apriltag_ros' with type 'ros.ament_cmake' and name 'apriltag_ros'
[2.764s] Level 1:colcon.colcon_core.package_identification:_identify(build) by extensions ['ignore', 'ignore_ament_install']
[2.764s] Level 1:colcon.colcon_core.package_identification:_identify(build) by extension 'ignore'
[2.765s] Level 1:colcon.colcon_core.package_identification:_identify(build) ignored
[2.768s] Level 1:colcon.colcon_core.package_identification:_identify(e116) by extensions ['ignore', 'ignore_ament_install']
[2.768s] Level 1:colcon.colcon_core.package_identification:_identify(e116) by extension 'ignore'
[2.769s] Level 1:colcon.colcon_core.package_identification:_identify(e116) by extension 'ignore_ament_install'
[2.769s] Level 1:colcon.colcon_core.package_identification:_identify(e116) by extensions ['colcon_pkg']
[2.769s] Level 1:colcon.colcon_core.package_identification:_identify(e116) by extension 'colcon_pkg'
[2.769s] Level 1:colcon.colcon_core.package_identification:_identify(e116) by extensions ['colcon_meta']
[2.769s] Level 1:colcon.colcon_core.package_identification:_identify(e116) by extension 'colcon_meta'
[2.770s] Level 1:colcon.colcon_core.package_identification:_identify(e116) by extensions ['ros']
[2.770s] Level 1:colcon.colcon_core.package_identification:_identify(e116) by extension 'ros'
[2.777s] DEBUG:colcon.colcon_core.package_identification:Package 'e116' with type 'ros.ament_python' and name 'e116'
[2.777s] Level 1:colcon.colcon_core.package_identification:_identify(install) by extensions ['ignore', 'ignore_ament_install']
[2.778s] Level 1:colcon.colcon_core.package_identification:_identify(install) by extension 'ignore'
[2.778s] Level 1:colcon.colcon_core.package_identification:_identify(install) ignored
[2.778s] Level 1:colcon.colcon_core.package_identification:_identify(log) by extensions ['ignore', 'ignore_ament_install']
[2.779s] Level 1:colcon.colcon_core.package_identification:_identify(log) by extension 'ignore'
[2.779s] Level 1:colcon.colcon_core.package_identification:_identify(log) ignored
[2.779s] Level 1:colcon.colcon_core.package_discovery:discover_packages(recursive) using defaults
[2.779s] Level 1:colcon.colcon_core.package_discovery:discover_packages(ignore) discover
[2.779s] Level 1:colcon.colcon_core.package_discovery:discover_packages(ignore) using defaults
[2.779s] Level 1:colcon.colcon_core.package_discovery:discover_packages(path) discover
[2.779s] Level 1:colcon.colcon_core.package_discovery:discover_packages(path) using defaults
[2.972s] Level 1:colcon.colcon_core.package_discovery:discover_packages(prefix_path) check parameters
[2.972s] Level 1:colcon.colcon_core.package_discovery:discover_packages(prefix_path) discover
[3.007s] DEBUG:colcon.colcon_installed_package_information.package_discovery:Found 296 installed packages in /opt/ros/humble
[3.013s] Level 1:colcon.colcon_core.package_discovery:discover_packages(prefix_path) using defaults
[3.133s] Level 5:colcon.colcon_core.verb:set package 'apriltag' build argument 'cmake_args' from command line to 'None'
[3.133s] Level 5:colcon.colcon_core.verb:set package 'apriltag' build argument 'cmake_target' from command line to 'None'
[3.133s] Level 5:colcon.colcon_core.verb:set package 'apriltag' build argument 'cmake_target_skip_unavailable' from command line to 'False'
[3.133s] Level 5:colcon.colcon_core.verb:set package 'apriltag' build argument 'cmake_clean_cache' from command line to 'False'
[3.133s] Level 5:colcon.colcon_core.verb:set package 'apriltag' build argument 'cmake_clean_first' from command line to 'False'
[3.133s] Level 5:colcon.colcon_core.verb:set package 'apriltag' build argument 'cmake_force_configure' from command line to 'False'
[3.133s] Level 5:colcon.colcon_core.verb:set package 'apriltag' build argument 'ament_cmake_args' from command line to 'None'
[3.133s] Level 5:colcon.colcon_core.verb:set package 'apriltag' build argument 'catkin_cmake_args' from command line to 'None'
[3.133s] Level 5:colcon.colcon_core.verb:set package 'apriltag' build argument 'catkin_skip_building_tests' from command line to 'False'
[3.134s] DEBUG:colcon.colcon_core.verb:Building package 'apriltag' with the following arguments: {'ament_cmake_args': None, 'build_base': '/home/team100/team_ws/src/build/apriltag', 'catkin_cmake_args': None, 'catkin_skip_building_tests': False, 'cmake_args': None, 'cmake_clean_cache': False, 'cmake_clean_first': False, 'cmake_force_configure': False, 'cmake_target': None, 'cmake_target_skip_unavailable': False, 'install_base': '/home/team100/team_ws/src/install/apriltag', 'merge_install': False, 'path': '/home/team100/team_ws/src/apriltag', 'symlink_install': False, 'test_result_base': None}
[3.134s] Level 5:colcon.colcon_core.verb:set package 'apriltag_msgs' build argument 'cmake_args' from command line to 'None'
[3.134s] Level 5:colcon.colcon_core.verb:set package 'apriltag_msgs' build argument 'cmake_target' from command line to 'None'
[3.134s] Level 5:colcon.colcon_core.verb:set package 'apriltag_msgs' build argument 'cmake_target_skip_unavailable' from command line to 'False'
[3.135s] Level 5:colcon.colcon_core.verb:set package 'apriltag_msgs' build argument 'cmake_clean_cache' from command line to 'False'
[3.135s] Level 5:colcon.colcon_core.verb:set package 'apriltag_msgs' build argument 'cmake_clean_first' from command line to 'False'
[3.135s] Level 5:colcon.colcon_core.verb:set package 'apriltag_msgs' build argument 'cmake_force_configure' from command line to 'False'
[3.135s] Level 5:colcon.colcon_core.verb:set package 'apriltag_msgs' build argument 'ament_cmake_args' from command line to 'None'
[3.135s] Level 5:colcon.colcon_core.verb:set package 'apriltag_msgs' build argument 'catkin_cmake_args' from command line to 'None'
[3.135s] Level 5:colcon.colcon_core.verb:set package 'apriltag_msgs' build argument 'catkin_skip_building_tests' from command line to 'False'
[3.135s] DEBUG:colcon.colcon_core.verb:Building package 'apriltag_msgs' with the following arguments: {'ament_cmake_args': None, 'build_base': '/home/team100/team_ws/src/build/apriltag_msgs', 'catkin_cmake_args': None, 'catkin_skip_building_tests': False, 'cmake_args': None, 'cmake_clean_cache': False, 'cmake_clean_first': False, 'cmake_force_configure': False, 'cmake_target': None, 'cmake_target_skip_unavailable': False, 'install_base': '/home/team100/team_ws/src/install/apriltag_msgs', 'merge_install': False, 'path': '/home/team100/team_ws/src/apriltag_msgs', 'symlink_install': False, 'test_result_base': None}
[3.136s] Level 5:colcon.colcon_core.verb:set package 'e116' build argument 'cmake_args' from command line to 'None'
[3.136s] Level 5:colcon.colcon_core.verb:set package 'e116' build argument 'cmake_target' from command line to 'None'
[3.136s] Level 5:colcon.colcon_core.verb:set package 'e116' build argument 'cmake_target_skip_unavailable' from command line to 'False'
[3.136s] Level 5:colcon.colcon_core.verb:set package 'e116' build argument 'cmake_clean_cache' from command line to 'False'
[3.136s] Level 5:colcon.colcon_core.verb:set package 'e116' build argument 'cmake_clean_first' from command line to 'False'
[3.136s] Level 5:colcon.colcon_core.verb:set package 'e116' build argument 'cmake_force_configure' from command line to 'False'
[3.136s] Level 5:colcon.colcon_core.verb:set package 'e116' build argument 'ament_cmake_args' from command line to 'None'
[3.136s] Level 5:colcon.colcon_core.verb:set package 'e116' build argument 'catkin_cmake_args' from command line to 'None'
[3.136s] Level 5:colcon.colcon_core.verb:set package 'e116' build argument 'catkin_skip_building_tests' from command line to 'False'
[3.136s] DEBUG:colcon.colcon_core.verb:Building package 'e116' with the following arguments: {'ament_cmake_args': None, 'build_base': '/home/team100/team_ws/src/build/e116', 'catkin_cmake_args': None, 'catkin_skip_building_tests': False, 'cmake_args': None, 'cmake_clean_cache': False, 'cmake_clean_first': False, 'cmake_force_configure': False, 'cmake_target': None, 'cmake_target_skip_unavailable': False, 'install_base': '/home/team100/team_ws/src/install/e116', 'merge_install': False, 'path': '/home/team100/team_ws/src/e116', 'symlink_install': False, 'test_result_base': None}
[3.137s] Level 5:colcon.colcon_core.verb:set package 'apriltag_ros' build argument 'cmake_args' from command line to 'None'
[3.137s] Level 5:colcon.colcon_core.verb:set package 'apriltag_ros' build argument 'cmake_target' from command line to 'None'
[3.137s] Level 5:colcon.colcon_core.verb:set package 'apriltag_ros' build argument 'cmake_target_skip_unavailable' from command line to 'False'
[3.137s] Level 5:colcon.colcon_core.verb:set package 'apriltag_ros' build argument 'cmake_clean_cache' from command line to 'False'
[3.137s] Level 5:colcon.colcon_core.verb:set package 'apriltag_ros' build argument 'cmake_clean_first' from command line to 'False'
[3.137s] Level 5:colcon.colcon_core.verb:set package 'apriltag_ros' build argument 'cmake_force_configure' from command line to 'False'
[3.137s] Level 5:colcon.colcon_core.verb:set package 'apriltag_ros' build argument 'ament_cmake_args' from command line to 'None'
[3.137s] Level 5:colcon.colcon_core.verb:set package 'apriltag_ros' build argument 'catkin_cmake_args' from command line to 'None'
[3.137s] Level 5:colcon.colcon_core.verb:set package 'apriltag_ros' build argument 'catkin_skip_building_tests' from command line to 'False'
[3.137s] DEBUG:colcon.colcon_core.verb:Building package 'apriltag_ros' with the following arguments: {'ament_cmake_args': None, 'build_base': '/home/team100/team_ws/src/build/apriltag_ros', 'catkin_cmake_args': None, 'catkin_skip_building_tests': False, 'cmake_args': None, 'cmake_clean_cache': False, 'cmake_clean_first': False, 'cmake_force_configure': False, 'cmake_target': None, 'cmake_target_skip_unavailable': False, 'install_base': '/home/team100/team_ws/src/install/apriltag_ros', 'merge_install': False, 'path': '/home/team100/team_ws/src/apriltag_ros', 'symlink_install': False, 'test_result_base': None}
[3.138s] INFO:colcon.colcon_core.executor:Executing jobs using 'parallel' executor
[3.140s] DEBUG:colcon.colcon_parallel_executor.executor.parallel:run_until_complete
[3.141s] INFO:colcon.colcon_ros.task.cmake.build:Building ROS package in '/home/team100/team_ws/src/apriltag' with build type 'cmake'
[3.142s] INFO:colcon.colcon_cmake.task.cmake.build:Building CMake package in '/home/team100/team_ws/src/apriltag'
[3.156s] INFO:colcon.colcon_core.plugin_system:Skipping extension 'colcon_core.shell.bat': Not used on non-Windows systems
[3.157s] INFO:colcon.colcon_core.shell:Skip shell extension 'powershell' for command environment: Not usable outside of PowerShell
[3.157s] DEBUG:colcon.colcon_core.shell:Skip shell extension 'dsv' for command environment
[3.167s] INFO:colcon.colcon_ros.task.ament_cmake.build:Building ROS package in '/home/team100/team_ws/src/apriltag_msgs' with build type 'ament_cmake'
[3.168s] INFO:colcon.colcon_cmake.task.cmake.build:Building CMake package in '/home/team100/team_ws/src/apriltag_msgs'
[3.168s] INFO:colcon.colcon_core.shell:Skip shell extension 'powershell' for command environment: Not usable outside of PowerShell
[3.169s] DEBUG:colcon.colcon_core.shell:Skip shell extension 'dsv' for command environment
[3.179s] INFO:colcon.colcon_ros.task.ament_python.build:Building ROS package in '/home/team100/team_ws/src/e116' with build type 'ament_python'
[3.180s] Level 1:colcon.colcon_core.shell:create_environment_hook('e116', 'ament_prefix_path')
[3.181s] INFO:colcon.colcon_core.shell:Creating environment hook '/home/team100/team_ws/src/install/e116/share/e116/hook/ament_prefix_path.ps1'
[3.207s] INFO:colcon.colcon_core.shell:Creating environment descriptor '/home/team100/team_ws/src/install/e116/share/e116/hook/ament_prefix_path.dsv'
[3.210s] INFO:colcon.colcon_core.shell:Creating environment hook '/home/team100/team_ws/src/install/e116/share/e116/hook/ament_prefix_path.sh'
[3.213s] INFO:colcon.colcon_core.shell:Skip shell extension 'powershell' for command environment: Not usable outside of PowerShell
[3.213s] DEBUG:colcon.colcon_core.shell:Skip shell extension 'dsv' for command environment
[3.246s] DEBUG:colcon.colcon_core.event_handler.log_command:Invoking command in '/home/team100/team_ws/src/build/apriltag': CMAKE_PREFIX_PATH=/opt/ros/humble /usr/bin/cmake --build /home/team100/team_ws/src/build/apriltag -- -j6 -l6
[3.328s] DEBUG:colcon.colcon_core.event_handler.log_command:Invoking command in '/home/team100/team_ws/src/build/apriltag_msgs': CMAKE_PREFIX_PATH=/opt/ros/humble /usr/bin/cmake --build /home/team100/team_ws/src/build/apriltag_msgs -- -j6 -l6
[4.005s] INFO:colcon.colcon_core.task.python.build:Building Python package in '/home/team100/team_ws/src/e116'
[4.006s] INFO:colcon.colcon_core.shell:Skip shell extension 'powershell' for command environment: Not usable outside of PowerShell
[4.006s] DEBUG:colcon.colcon_core.shell:Skip shell extension 'dsv' for command environment
[4.865s] DEBUG:colcon.colcon_core.event_handler.log_command:Invoked command in '/home/team100/team_ws/src/build/apriltag_msgs' returned '0': CMAKE_PREFIX_PATH=/opt/ros/humble /usr/bin/cmake --build /home/team100/team_ws/src/build/apriltag_msgs -- -j6 -l6
[4.891s] DEBUG:colcon.colcon_core.event_handler.log_command:Invoking command in '/home/team100/team_ws/src/build/apriltag_msgs': CMAKE_PREFIX_PATH=/opt/ros/humble /usr/bin/cmake --install /home/team100/team_ws/src/build/apriltag_msgs
[5.268s] Level 1:colcon.colcon_core.environment:create_environment_scripts_only(apriltag_msgs)
[5.269s] DEBUG:colcon.colcon_core.event_handler.log_command:Invoked command in '/home/team100/team_ws/src/build/apriltag_msgs' returned '0': CMAKE_PREFIX_PATH=/opt/ros/humble /usr/bin/cmake --install /home/team100/team_ws/src/build/apriltag_msgs
[5.334s] Level 1:colcon.colcon_core.environment:checking '/home/team100/team_ws/src/install/apriltag_msgs' for CMake module files
[5.336s] Level 1:colcon.colcon_core.environment:checking '/home/team100/team_ws/src/install/apriltag_msgs' for CMake config files
[5.354s] Level 1:colcon.colcon_core.shell:create_environment_hook('apriltag_msgs', 'cmake_prefix_path')
[5.355s] INFO:colcon.colcon_core.shell:Creating environment hook '/home/team100/team_ws/src/install/apriltag_msgs/share/apriltag_msgs/hook/cmake_prefix_path.ps1'
[5.359s] INFO:colcon.colcon_core.shell:Creating environment descriptor '/home/team100/team_ws/src/install/apriltag_msgs/share/apriltag_msgs/hook/cmake_prefix_path.dsv'
[5.360s] INFO:colcon.colcon_core.shell:Creating environment hook '/home/team100/team_ws/src/install/apriltag_msgs/share/apriltag_msgs/hook/cmake_prefix_path.sh'
[5.363s] Level 1:colcon.colcon_core.environment:checking '/home/team100/team_ws/src/install/apriltag_msgs/lib'
[5.363s] Level 1:colcon.colcon_core.shell:create_environment_hook('apriltag_msgs', 'ld_library_path_lib')
[5.364s] INFO:colcon.colcon_core.shell:Creating environment hook '/home/team100/team_ws/src/install/apriltag_msgs/share/apriltag_msgs/hook/ld_library_path_lib.ps1'
[5.366s] INFO:colcon.colcon_core.shell:Creating environment descriptor '/home/team100/team_ws/src/install/apriltag_msgs/share/apriltag_msgs/hook/ld_library_path_lib.dsv'
[5.367s] INFO:colcon.colcon_core.shell:Creating environment hook '/home/team100/team_ws/src/install/apriltag_msgs/share/apriltag_msgs/hook/ld_library_path_lib.sh'
[5.369s] Level 1:colcon.colcon_core.environment:checking '/home/team100/team_ws/src/install/apriltag_msgs/bin'
[5.369s] Level 1:colcon.colcon_core.environment:checking '/home/team100/team_ws/src/install/apriltag_msgs/lib/pkgconfig/apriltag_msgs.pc'
[5.370s] Level 1:colcon.colcon_core.environment:checking '/home/team100/team_ws/src/install/apriltag_msgs/lib/python3.10/site-packages'
[5.371s] Level 1:colcon.colcon_core.environment:checking '/home/team100/team_ws/src/install/apriltag_msgs/bin'
[5.373s] INFO:colcon.colcon_core.shell:Creating package script '/home/team100/team_ws/src/install/apriltag_msgs/share/apriltag_msgs/package.ps1'
[5.377s] INFO:colcon.colcon_core.shell:Creating package descriptor '/home/team100/team_ws/src/install/apriltag_msgs/share/apriltag_msgs/package.dsv'
[5.397s] INFO:colcon.colcon_core.shell:Creating package script '/home/team100/team_ws/src/install/apriltag_msgs/share/apriltag_msgs/package.sh'
[5.401s] INFO:colcon.colcon_core.shell:Creating package script '/home/team100/team_ws/src/install/apriltag_msgs/share/apriltag_msgs/package.bash'
[5.406s] INFO:colcon.colcon_core.shell:Creating package script '/home/team100/team_ws/src/install/apriltag_msgs/share/apriltag_msgs/package.zsh'
[5.413s] Level 1:colcon.colcon_core.environment:create_file_with_runtime_dependencies(/home/team100/team_ws/src/install/apriltag_msgs/share/colcon-core/packages/apriltag_msgs)
[5.416s] Level 1:colcon.colcon_core.environment:create_environment_scripts_only(apriltag_msgs)
[5.417s] Level 1:colcon.colcon_core.environment:checking '/home/team100/team_ws/src/install/apriltag_msgs' for CMake module files
[5.419s] Level 1:colcon.colcon_core.environment:checking '/home/team100/team_ws/src/install/apriltag_msgs' for CMake config files
[5.420s] Level 1:colcon.colcon_core.shell:create_environment_hook('apriltag_msgs', 'cmake_prefix_path')
[5.421s] INFO:colcon.colcon_core.shell:Creating environment hook '/home/team100/team_ws/src/install/apriltag_msgs/share/apriltag_msgs/hook/cmake_prefix_path.ps1'
[5.422s] INFO:colcon.colcon_core.shell:Creating environment descriptor '/home/team100/team_ws/src/install/apriltag_msgs/share/apriltag_msgs/hook/cmake_prefix_path.dsv'
[5.423s] INFO:colcon.colcon_core.shell:Creating environment hook '/home/team100/team_ws/src/install/apriltag_msgs/share/apriltag_msgs/hook/cmake_prefix_path.sh'
[5.425s] Level 1:colcon.colcon_core.environment:checking '/home/team100/team_ws/src/install/apriltag_msgs/lib'
[5.425s] Level 1:colcon.colcon_core.shell:create_environment_hook('apriltag_msgs', 'ld_library_path_lib')
[5.425s] INFO:colcon.colcon_core.shell:Creating environment hook '/home/team100/team_ws/src/install/apriltag_msgs/share/apriltag_msgs/hook/ld_library_path_lib.ps1'
[5.427s] INFO:colcon.colcon_core.shell:Creating environment descriptor '/home/team100/team_ws/src/install/apriltag_msgs/share/apriltag_msgs/hook/ld_library_path_lib.dsv'
[5.428s] INFO:colcon.colcon_core.shell:Creating environment hook '/home/team100/team_ws/src/install/apriltag_msgs/share/apriltag_msgs/hook/ld_library_path_lib.sh'
[5.429s] Level 1:colcon.colcon_core.environment:checking '/home/team100/team_ws/src/install/apriltag_msgs/bin'
[5.429s] Level 1:colcon.colcon_core.environment:checking '/home/team100/team_ws/src/install/apriltag_msgs/lib/pkgconfig/apriltag_msgs.pc'
[5.430s] Level 1:colcon.colcon_core.environment:checking '/home/team100/team_ws/src/install/apriltag_msgs/lib/python3.10/site-packages'
[5.431s] Level 1:colcon.colcon_core.environment:checking '/home/team100/team_ws/src/install/apriltag_msgs/bin'
[5.431s] INFO:colcon.colcon_core.shell:Creating package script '/home/team100/team_ws/src/install/apriltag_msgs/share/apriltag_msgs/package.ps1'
[5.433s] INFO:colcon.colcon_core.shell:Creating package descriptor '/home/team100/team_ws/src/install/apriltag_msgs/share/apriltag_msgs/package.dsv'
[5.434s] INFO:colcon.colcon_core.shell:Creating package script '/home/team100/team_ws/src/install/apriltag_msgs/share/apriltag_msgs/package.sh'
[5.436s] INFO:colcon.colcon_core.shell:Creating package script '/home/team100/team_ws/src/install/apriltag_msgs/share/apriltag_msgs/package.bash'
[5.437s] INFO:colcon.colcon_core.shell:Creating package script '/home/team100/team_ws/src/install/apriltag_msgs/share/apriltag_msgs/package.zsh'
[5.438s] Level 1:colcon.colcon_core.environment:create_file_with_runtime_dependencies(/home/team100/team_ws/src/install/apriltag_msgs/share/colcon-core/packages/apriltag_msgs)
[5.545s] DEBUG:colcon.colcon_core.event_handler.log_command:Invoking command in '/home/team100/team_ws/src/e116': PYTHONPATH=/home/team100/team_ws/src/build/e116/prefix_override:/usr/lib/python3/dist-packages/colcon_core/task/python/colcon_distutils_commands:/home/team100/team_ws/src/install/e116/lib/python3.10/site-packages:${PYTHONPATH} /usr/bin/python3 -W ignore:setup.py install is deprecated -W ignore:easy_install command is deprecated setup.py egg_info --egg-base ../build/e116 build --build-base /home/team100/team_ws/src/build/e116/build install --record /home/team100/team_ws/src/build/e116/install.log --single-version-externally-managed install_data
[5.969s] DEBUG:colcon.colcon_core.event_handler.log_command:Invoked command in '/home/team100/team_ws/src/build/apriltag' returned '0': CMAKE_PREFIX_PATH=/opt/ros/humble /usr/bin/cmake --build /home/team100/team_ws/src/build/apriltag -- -j6 -l6
[5.979s] DEBUG:colcon.colcon_core.event_handler.log_command:Invoking command in '/home/team100/team_ws/src/build/apriltag': CMAKE_PREFIX_PATH=/opt/ros/humble /usr/bin/cmake --install /home/team100/team_ws/src/build/apriltag
[6.043s] DEBUG:colcon.colcon_core.event_handler.log_command:Invoked command in '/home/team100/team_ws/src/build/apriltag' returned '0': CMAKE_PREFIX_PATH=/opt/ros/humble /usr/bin/cmake --install /home/team100/team_ws/src/build/apriltag
[6.044s] Level 1:colcon.colcon_core.shell:create_environment_hook('apriltag', 'pkg_config_path')
[6.045s] INFO:colcon.colcon_core.shell:Creating environment hook '/home/team100/team_ws/src/install/apriltag/share/apriltag/hook/pkg_config_path.ps1'
[6.050s] INFO:colcon.colcon_core.shell:Creating environment descriptor '/home/team100/team_ws/src/install/apriltag/share/apriltag/hook/pkg_config_path.dsv'
[6.051s] INFO:colcon.colcon_core.shell:Creating environment hook '/home/team100/team_ws/src/install/apriltag/share/apriltag/hook/pkg_config_path.sh'
[6.056s] Level 1:colcon.colcon_core.shell:create_environment_hook('apriltag', 'pkg_config_path_multiarch')
[6.057s] INFO:colcon.colcon_core.shell:Creating environment hook '/home/team100/team_ws/src/install/apriltag/share/apriltag/hook/pkg_config_path_multiarch.ps1'
[6.059s] INFO:colcon.colcon_core.shell:Creating environment descriptor '/home/team100/team_ws/src/install/apriltag/share/apriltag/hook/pkg_config_path_multiarch.dsv'
[6.060s] INFO:colcon.colcon_core.shell:Creating environment hook '/home/team100/team_ws/src/install/apriltag/share/apriltag/hook/pkg_config_path_multiarch.sh'
[6.061s] Level 1:colcon.colcon_core.environment:create_environment_scripts_only(apriltag)
[6.062s] Level 1:colcon.colcon_core.environment:checking '/home/team100/team_ws/src/install/apriltag' for CMake module files
[6.064s] Level 1:colcon.colcon_core.environment:checking '/home/team100/team_ws/src/install/apriltag' for CMake config files
[6.065s] Level 1:colcon.colcon_core.shell:create_environment_hook('apriltag', 'cmake_prefix_path')
[6.066s] INFO:colcon.colcon_core.shell:Creating environment hook '/home/team100/team_ws/src/install/apriltag/share/apriltag/hook/cmake_prefix_path.ps1'
[6.067s] INFO:colcon.colcon_core.shell:Creating environment descriptor '/home/team100/team_ws/src/install/apriltag/share/apriltag/hook/cmake_prefix_path.dsv'
[6.069s] INFO:colcon.colcon_core.shell:Creating environment hook '/home/team100/team_ws/src/install/apriltag/share/apriltag/hook/cmake_prefix_path.sh'
[6.071s] Level 1:colcon.colcon_core.environment:checking '/home/team100/team_ws/src/install/apriltag/lib'
[6.071s] Level 1:colcon.colcon_core.shell:create_environment_hook('apriltag', 'ld_library_path_lib')
[6.072s] INFO:colcon.colcon_core.shell:Creating environment hook '/home/team100/team_ws/src/install/apriltag/share/apriltag/hook/ld_library_path_lib.ps1'
[6.073s] INFO:colcon.colcon_core.shell:Creating environment descriptor '/home/team100/team_ws/src/install/apriltag/share/apriltag/hook/ld_library_path_lib.dsv'
[6.075s] INFO:colcon.colcon_core.shell:Creating environment hook '/home/team100/team_ws/src/install/apriltag/share/apriltag/hook/ld_library_path_lib.sh'
[6.076s] Level 1:colcon.colcon_core.environment:checking '/home/team100/team_ws/src/install/apriltag/bin'
[6.077s] Level 1:colcon.colcon_core.shell:create_environment_hook('apriltag', 'path')
[6.078s] INFO:colcon.colcon_core.shell:Creating environment hook '/home/team100/team_ws/src/install/apriltag/share/apriltag/hook/path.ps1'
[6.079s] INFO:colcon.colcon_core.shell:Creating environment descriptor '/home/team100/team_ws/src/install/apriltag/share/apriltag/hook/path.dsv'
[6.080s] INFO:colcon.colcon_core.shell:Creating environment hook '/home/team100/team_ws/src/install/apriltag/share/apriltag/hook/path.sh'
[6.082s] Level 1:colcon.colcon_core.environment:checking '/home/team100/team_ws/src/install/apriltag/lib/pkgconfig/apriltag.pc'
[6.082s] Level 1:colcon.colcon_core.shell:create_environment_hook('apriltag', 'pkg_config')
[6.082s] INFO:colcon.colcon_core.shell:Creating environment hook '/home/team100/team_ws/src/install/apriltag/share/apriltag/hook/pkg_config.ps1'
[6.083s] INFO:colcon.colcon_core.shell:Creating environment descriptor '/home/team100/team_ws/src/install/apriltag/share/apriltag/hook/pkg_config.dsv'
[6.086s] INFO:colcon.colcon_core.shell:Creating environment hook '/home/team100/team_ws/src/install/apriltag/share/apriltag/hook/pkg_config.sh'
[6.090s] Level 1:colcon.colcon_core.environment:checking '/home/team100/team_ws/src/install/apriltag/lib/python3.10/site-packages'
[6.090s] Level 1:colcon.colcon_core.shell:create_environment_hook('apriltag', 'pythonpath')
[6.091s] INFO:colcon.colcon_core.shell:Creating environment hook '/home/team100/team_ws/src/install/apriltag/share/apriltag/hook/pythonpath.ps1'
[6.093s] INFO:colcon.colcon_core.shell:Creating environment descriptor '/home/team100/team_ws/src/install/apriltag/share/apriltag/hook/pythonpath.dsv'
[6.094s] INFO:colcon.colcon_core.shell:Creating environment hook '/home/team100/team_ws/src/install/apriltag/share/apriltag/hook/pythonpath.sh'
[6.097s] Level 1:colcon.colcon_core.environment:checking '/home/team100/team_ws/src/install/apriltag/bin'
[6.098s] Level 1:colcon.colcon_core.shell:create_environment_hook('apriltag', 'pythonscriptspath')
[6.099s] INFO:colcon.colcon_core.shell:Creating environment hook '/home/team100/team_ws/src/install/apriltag/share/apriltag/hook/pythonscriptspath.ps1'
[6.101s] INFO:colcon.colcon_core.shell:Creating environment descriptor '/home/team100/team_ws/src/install/apriltag/share/apriltag/hook/pythonscriptspath.dsv'
[6.102s] INFO:colcon.colcon_core.shell:Creating environment hook '/home/team100/team_ws/src/install/apriltag/share/apriltag/hook/pythonscriptspath.sh'
[6.105s] INFO:colcon.colcon_core.shell:Creating package script '/home/team100/team_ws/src/install/apriltag/share/apriltag/package.ps1'
[6.108s] INFO:colcon.colcon_core.shell:Creating package descriptor '/home/team100/team_ws/src/install/apriltag/share/apriltag/package.dsv'
[6.111s] INFO:colcon.colcon_core.shell:Creating package script '/home/team100/team_ws/src/install/apriltag/share/apriltag/package.sh'
[6.114s] INFO:colcon.colcon_core.shell:Creating package script '/home/team100/team_ws/src/install/apriltag/share/apriltag/package.bash'
[6.115s] INFO:colcon.colcon_core.shell:Creating package script '/home/team100/team_ws/src/install/apriltag/share/apriltag/package.zsh'
[6.116s] Level 1:colcon.colcon_core.environment:create_file_with_runtime_dependencies(/home/team100/team_ws/src/install/apriltag/share/colcon-core/packages/apriltag)
[6.120s] INFO:colcon.colcon_ros.task.ament_cmake.build:Building ROS package in '/home/team100/team_ws/src/apriltag_ros' with build type 'ament_cmake'
[6.121s] INFO:colcon.colcon_cmake.task.cmake.build:Building CMake package in '/home/team100/team_ws/src/apriltag_ros'
[6.122s] INFO:colcon.colcon_core.shell:Skip shell extension 'powershell' for command environment: Not usable outside of PowerShell
[6.122s] DEBUG:colcon.colcon_core.shell:Skip shell extension 'dsv' for command environment
[6.165s] DEBUG:colcon.colcon_core.event_handler.log_command:Invoking command in '/home/team100/team_ws/src/build/apriltag_ros': AMENT_PREFIX_PATH=/home/team100/team_ws/src/install/apriltag_msgs:${AMENT_PREFIX_PATH} CMAKE_PREFIX_PATH=/home/team100/team_ws/src/install/apriltag_msgs:/home/team100/team_ws/src/install/apriltag:/opt/ros/humble LD_LIBRARY_PATH=/home/team100/team_ws/src/install/apriltag_msgs/lib:/home/team100/team_ws/src/install/apriltag/lib:${LD_LIBRARY_PATH} PATH=/home/team100/team_ws/src/install/apriltag/bin:${PATH} PKG_CONFIG_PATH=/home/team100/team_ws/src/install/apriltag/lib/aarch64-linux-gnu/pkgconfig:/home/team100/team_ws/src/install/apriltag/lib/pkgconfig PYTHONPATH=/home/team100/team_ws/src/install/apriltag_msgs/local/lib/python3.10/dist-packages:/home/team100/team_ws/src/install/apriltag/lib/python3.10/site-packages:${PYTHONPATH} /usr/bin/cmake --build /home/team100/team_ws/src/build/apriltag_ros -- -j6 -l6
[6.259s] Level 1:colcon.colcon_core.environment:checking '/home/team100/team_ws/src/install/e116' for CMake module files
[6.261s] DEBUG:colcon.colcon_core.event_handler.log_command:Invoked command in '/home/team100/team_ws/src/e116' returned '0': PYTHONPATH=/home/team100/team_ws/src/build/e116/prefix_override:/usr/lib/python3/dist-packages/colcon_core/task/python/colcon_distutils_commands:/home/team100/team_ws/src/install/e116/lib/python3.10/site-packages:${PYTHONPATH} /usr/bin/python3 -W ignore:setup.py install is deprecated -W ignore:easy_install command is deprecated setup.py egg_info --egg-base ../build/e116 build --build-base /home/team100/team_ws/src/build/e116/build install --record /home/team100/team_ws/src/build/e116/install.log --single-version-externally-managed install_data
[6.262s] Level 1:colcon.colcon_core.environment:checking '/home/team100/team_ws/src/install/e116' for CMake config files
[6.270s] Level 1:colcon.colcon_core.environment:checking '/home/team100/team_ws/src/install/e116/lib'
[6.270s] Level 1:colcon.colcon_core.environment:checking '/home/team100/team_ws/src/install/e116/bin'
[6.271s] Level 1:colcon.colcon_core.environment:checking '/home/team100/team_ws/src/install/e116/lib/pkgconfig/e116.pc'
[6.272s] Level 1:colcon.colcon_core.environment:checking '/home/team100/team_ws/src/install/e116/lib/python3.10/site-packages'
[6.272s] Level 1:colcon.colcon_core.shell:create_environment_hook('e116', 'pythonpath')
[6.273s] INFO:colcon.colcon_core.shell:Creating environment hook '/home/team100/team_ws/src/install/e116/share/e116/hook/pythonpath.ps1'
[6.275s] INFO:colcon.colcon_core.shell:Creating environment descriptor '/home/team100/team_ws/src/install/e116/share/e116/hook/pythonpath.dsv'
[6.276s] INFO:colcon.colcon_core.shell:Creating environment hook '/home/team100/team_ws/src/install/e116/share/e116/hook/pythonpath.sh'
[6.279s] Level 1:colcon.colcon_core.environment:checking '/home/team100/team_ws/src/install/e116/bin'
[6.279s] Level 1:colcon.colcon_core.environment:create_environment_scripts_only(e116)
[6.280s] INFO:colcon.colcon_core.shell:Creating package script '/home/team100/team_ws/src/install/e116/share/e116/package.ps1'
[6.281s] INFO:colcon.colcon_core.shell:Creating package descriptor '/home/team100/team_ws/src/install/e116/share/e116/package.dsv'
[6.282s] INFO:colcon.colcon_core.shell:Creating package script '/home/team100/team_ws/src/install/e116/share/e116/package.sh'
[6.283s] INFO:colcon.colcon_core.shell:Creating package script '/home/team100/team_ws/src/install/e116/share/e116/package.bash'
[6.284s] INFO:colcon.colcon_core.shell:Creating package script '/home/team100/team_ws/src/install/e116/share/e116/package.zsh'
[6.285s] Level 1:colcon.colcon_core.environment:create_file_with_runtime_dependencies(/home/team100/team_ws/src/install/e116/share/colcon-core/packages/e116)
[6.739s] DEBUG:colcon.colcon_core.event_handler.log_command:Invoked command in '/home/team100/team_ws/src/build/apriltag_ros' returned '0': AMENT_PREFIX_PATH=/home/team100/team_ws/src/install/apriltag_msgs:${AMENT_PREFIX_PATH} CMAKE_PREFIX_PATH=/home/team100/team_ws/src/install/apriltag_msgs:/home/team100/team_ws/src/install/apriltag:/opt/ros/humble LD_LIBRARY_PATH=/home/team100/team_ws/src/install/apriltag_msgs/lib:/home/team100/team_ws/src/install/apriltag/lib:${LD_LIBRARY_PATH} PATH=/home/team100/team_ws/src/install/apriltag/bin:${PATH} PKG_CONFIG_PATH=/home/team100/team_ws/src/install/apriltag/lib/aarch64-linux-gnu/pkgconfig:/home/team100/team_ws/src/install/apriltag/lib/pkgconfig PYTHONPATH=/home/team100/team_ws/src/install/apriltag_msgs/local/lib/python3.10/dist-packages:/home/team100/team_ws/src/install/apriltag/lib/python3.10/site-packages:${PYTHONPATH} /usr/bin/cmake --build /home/team100/team_ws/src/build/apriltag_ros -- -j6 -l6
[6.747s] DEBUG:colcon.colcon_core.event_handler.log_command:Invoking command in '/home/team100/team_ws/src/build/apriltag_ros': AMENT_PREFIX_PATH=/home/team100/team_ws/src/install/apriltag_msgs:${AMENT_PREFIX_PATH} CMAKE_PREFIX_PATH=/home/team100/team_ws/src/install/apriltag_msgs:/home/team100/team_ws/src/install/apriltag:/opt/ros/humble LD_LIBRARY_PATH=/home/team100/team_ws/src/install/apriltag_msgs/lib:/home/team100/team_ws/src/install/apriltag/lib:${LD_LIBRARY_PATH} PATH=/home/team100/team_ws/src/install/apriltag/bin:${PATH} PKG_CONFIG_PATH=/home/team100/team_ws/src/install/apriltag/lib/aarch64-linux-gnu/pkgconfig:/home/team100/team_ws/src/install/apriltag/lib/pkgconfig PYTHONPATH=/home/team100/team_ws/src/install/apriltag_msgs/local/lib/python3.10/dist-packages:/home/team100/team_ws/src/install/apriltag/lib/python3.10/site-packages:${PYTHONPATH} /usr/bin/cmake --install /home/team100/team_ws/src/build/apriltag_ros
[6.805s] Level 1:colcon.colcon_core.environment:create_environment_scripts_only(apriltag_ros)
[6.806s] Level 1:colcon.colcon_core.environment:checking '/home/team100/team_ws/src/install/apriltag_ros' for CMake module files
[6.808s] DEBUG:colcon.colcon_core.event_handler.log_command:Invoked command in '/home/team100/team_ws/src/build/apriltag_ros' returned '0': AMENT_PREFIX_PATH=/home/team100/team_ws/src/install/apriltag_msgs:${AMENT_PREFIX_PATH} CMAKE_PREFIX_PATH=/home/team100/team_ws/src/install/apriltag_msgs:/home/team100/team_ws/src/install/apriltag:/opt/ros/humble LD_LIBRARY_PATH=/home/team100/team_ws/src/install/apriltag_msgs/lib:/home/team100/team_ws/src/install/apriltag/lib:${LD_LIBRARY_PATH} PATH=/home/team100/team_ws/src/install/apriltag/bin:${PATH} PKG_CONFIG_PATH=/home/team100/team_ws/src/install/apriltag/lib/aarch64-linux-gnu/pkgconfig:/home/team100/team_ws/src/install/apriltag/lib/pkgconfig PYTHONPATH=/home/team100/team_ws/src/install/apriltag_msgs/local/lib/python3.10/dist-packages:/home/team100/team_ws/src/install/apriltag/lib/python3.10/site-packages:${PYTHONPATH} /usr/bin/cmake --install /home/team100/team_ws/src/build/apriltag_ros
[6.809s] Level 1:colcon.colcon_core.environment:checking '/home/team100/team_ws/src/install/apriltag_ros' for CMake config files
[6.810s] Level 1:colcon.colcon_core.shell:create_environment_hook('apriltag_ros', 'cmake_prefix_path')
[6.811s] INFO:colcon.colcon_core.shell:Creating environment hook '/home/team100/team_ws/src/install/apriltag_ros/share/apriltag_ros/hook/cmake_prefix_path.ps1'
[6.846s] INFO:colcon.colcon_core.shell:Creating environment descriptor '/home/team100/team_ws/src/install/apriltag_ros/share/apriltag_ros/hook/cmake_prefix_path.dsv'
[6.847s] INFO:colcon.colcon_core.shell:Creating environment hook '/home/team100/team_ws/src/install/apriltag_ros/share/apriltag_ros/hook/cmake_prefix_path.sh'
[6.850s] Level 1:colcon.colcon_core.environment:checking '/home/team100/team_ws/src/install/apriltag_ros/lib'
[6.850s] Level 1:colcon.colcon_core.shell:create_environment_hook('apriltag_ros', 'ld_library_path_lib')
[6.851s] INFO:colcon.colcon_core.shell:Creating environment hook '/home/team100/team_ws/src/install/apriltag_ros/share/apriltag_ros/hook/ld_library_path_lib.ps1'
[6.852s] INFO:colcon.colcon_core.shell:Creating environment descriptor '/home/team100/team_ws/src/install/apriltag_ros/share/apriltag_ros/hook/ld_library_path_lib.dsv'
[6.854s] INFO:colcon.colcon_core.shell:Creating environment hook '/home/team100/team_ws/src/install/apriltag_ros/share/apriltag_ros/hook/ld_library_path_lib.sh'
[6.855s] Level 1:colcon.colcon_core.environment:checking '/home/team100/team_ws/src/install/apriltag_ros/bin'
[6.855s] Level 1:colcon.colcon_core.environment:checking '/home/team100/team_ws/src/install/apriltag_ros/lib/pkgconfig/apriltag_ros.pc'
[6.857s] Level 1:colcon.colcon_core.environment:checking '/home/team100/team_ws/src/install/apriltag_ros/lib/python3.10/site-packages'
[6.858s] Level 1:colcon.colcon_core.environment:checking '/home/team100/team_ws/src/install/apriltag_ros/bin'
[6.859s] INFO:colcon.colcon_core.shell:Creating package script '/home/team100/team_ws/src/install/apriltag_ros/share/apriltag_ros/package.ps1'
[6.861s] INFO:colcon.colcon_core.shell:Creating package descriptor '/home/team100/team_ws/src/install/apriltag_ros/share/apriltag_ros/package.dsv'
[6.863s] INFO:colcon.colcon_core.shell:Creating package script '/home/team100/team_ws/src/install/apriltag_ros/share/apriltag_ros/package.sh'
[6.865s] INFO:colcon.colcon_core.shell:Creating package script '/home/team100/team_ws/src/install/apriltag_ros/share/apriltag_ros/package.bash'
[6.866s] INFO:colcon.colcon_core.shell:Creating package script '/home/team100/team_ws/src/install/apriltag_ros/share/apriltag_ros/package.zsh'
[6.867s] Level 1:colcon.colcon_core.environment:create_file_with_runtime_dependencies(/home/team100/team_ws/src/install/apriltag_ros/share/colcon-core/packages/apriltag_ros)
[6.870s] Level 1:colcon.colcon_core.environment:create_environment_scripts_only(apriltag_ros)
[6.871s] Level 1:colcon.colcon_core.environment:checking '/home/team100/team_ws/src/install/apriltag_ros' for CMake module files
[6.873s] Level 1:colcon.colcon_core.environment:checking '/home/team100/team_ws/src/install/apriltag_ros' for CMake config files
[6.873s] Level 1:colcon.colcon_core.shell:create_environment_hook('apriltag_ros', 'cmake_prefix_path')
[6.874s] INFO:colcon.colcon_core.shell:Creating environment hook '/home/team100/team_ws/src/install/apriltag_ros/share/apriltag_ros/hook/cmake_prefix_path.ps1'
[6.876s] INFO:colcon.colcon_core.shell:Creating environment descriptor '/home/team100/team_ws/src/install/apriltag_ros/share/apriltag_ros/hook/cmake_prefix_path.dsv'
[6.877s] INFO:colcon.colcon_core.shell:Creating environment hook '/home/team100/team_ws/src/install/apriltag_ros/share/apriltag_ros/hook/cmake_prefix_path.sh'
[6.879s] Level 1:colcon.colcon_core.environment:checking '/home/team100/team_ws/src/install/apriltag_ros/lib'
[6.879s] Level 1:colcon.colcon_core.shell:create_environment_hook('apriltag_ros', 'ld_library_path_lib')
[6.880s] INFO:colcon.colcon_core.shell:Creating environment hook '/home/team100/team_ws/src/install/apriltag_ros/share/apriltag_ros/hook/ld_library_path_lib.ps1'
[6.881s] INFO:colcon.colcon_core.shell:Creating environment descriptor '/home/team100/team_ws/src/install/apriltag_ros/share/apriltag_ros/hook/ld_library_path_lib.dsv'
[6.882s] INFO:colcon.colcon_core.shell:Creating environment hook '/home/team100/team_ws/src/install/apriltag_ros/share/apriltag_ros/hook/ld_library_path_lib.sh'
[6.884s] Level 1:colcon.colcon_core.environment:checking '/home/team100/team_ws/src/install/apriltag_ros/bin'
[6.884s] Level 1:colcon.colcon_core.environment:checking '/home/team100/team_ws/src/install/apriltag_ros/lib/pkgconfig/apriltag_ros.pc'
[6.885s] Level 1:colcon.colcon_core.environment:checking '/home/team100/team_ws/src/install/apriltag_ros/lib/python3.10/site-packages'
[6.886s] Level 1:colcon.colcon_core.environment:checking '/home/team100/team_ws/src/install/apriltag_ros/bin'
[6.886s] INFO:colcon.colcon_core.shell:Creating package script '/home/team100/team_ws/src/install/apriltag_ros/share/apriltag_ros/package.ps1'
[6.888s] INFO:colcon.colcon_core.shell:Creating package descriptor '/home/team100/team_ws/src/install/apriltag_ros/share/apriltag_ros/package.dsv'
[6.890s] INFO:colcon.colcon_core.shell:Creating package script '/home/team100/team_ws/src/install/apriltag_ros/share/apriltag_ros/package.sh'
[6.891s] INFO:colcon.colcon_core.shell:Creating package script '/home/team100/team_ws/src/install/apriltag_ros/share/apriltag_ros/package.bash'
[6.893s] INFO:colcon.colcon_core.shell:Creating package script '/home/team100/team_ws/src/install/apriltag_ros/share/apriltag_ros/package.zsh'
[6.895s] Level 1:colcon.colcon_core.environment:create_file_with_runtime_dependencies(/home/team100/team_ws/src/install/apriltag_ros/share/colcon-core/packages/apriltag_ros)
[6.896s] DEBUG:colcon.colcon_parallel_executor.executor.parallel:closing loop
[6.897s] DEBUG:colcon.colcon_parallel_executor.executor.parallel:loop closed
[6.897s] DEBUG:colcon.colcon_parallel_executor.executor.parallel:run_until_complete finished with '0'
[6.897s] DEBUG:colcon.colcon_core.event_reactor:joining thread
[6.917s] INFO:colcon.colcon_core.plugin_system:Skipping extension 'colcon_notification.desktop_notification.terminal_notifier': Not used on non-Darwin systems
[6.917s] INFO:colcon.colcon_core.plugin_system:Skipping extension 'colcon_notification.desktop_notification.win32': Not used on non-Windows systems
[6.918s] INFO:colcon.colcon_notification.desktop_notification:Sending desktop notification using 'notify2'
[6.976s] DEBUG:colcon.colcon_core.event_reactor:joined thread
[6.977s] INFO:colcon.colcon_core.shell:Creating prefix script '/home/team100/team_ws/src/install/local_setup.ps1'
[6.981s] INFO:colcon.colcon_core.shell:Creating prefix util module '/home/team100/team_ws/src/install/_local_setup_util_ps1.py'
[6.990s] INFO:colcon.colcon_core.shell:Creating prefix chain script '/home/team100/team_ws/src/install/setup.ps1'
[6.995s] INFO:colcon.colcon_core.shell:Creating prefix script '/home/team100/team_ws/src/install/local_setup.sh'
[6.997s] INFO:colcon.colcon_core.shell:Creating prefix util module '/home/team100/team_ws/src/install/_local_setup_util_sh.py'
[6.999s] INFO:colcon.colcon_core.shell:Creating prefix chain script '/home/team100/team_ws/src/install/setup.sh'
[7.002s] INFO:colcon.colcon_core.shell:Creating prefix script '/home/team100/team_ws/src/install/local_setup.bash'
[7.004s] INFO:colcon.colcon_core.shell:Creating prefix chain script '/home/team100/team_ws/src/install/setup.bash'
[7.006s] INFO:colcon.colcon_core.shell:Creating prefix script '/home/team100/team_ws/src/install/local_setup.zsh'
[7.008s] INFO:colcon.colcon_core.shell:Creating prefix chain script '/home/team100/team_ws/src/install/setup.zsh'
