[0.038s] Invoking command in '/home/team100/team_ws/build/apriltag_msgs': CMAKE_PREFIX_PATH=${CMAKE_PREFIX_PATH}:/home/team100/team_ws/install/e116:/opt/ros/humble /usr/bin/cmake --build /home/team100/team_ws/build/apriltag_msgs -- -j6 -l6
[0.255s] [  2%] Built target apriltag_msgs__cpp
[0.277s] [ 12%] Built target apriltag_msgs__rosidl_generator_c
[0.308s] [ 12%] Built target ament_cmake_python_symlink_apriltag_msgs
[0.364s] [ 23%] Built target apriltag_msgs__rosidl_typesupport_cpp
[0.390s] [ 34%] Built target apriltag_msgs__rosidl_typesupport_fastrtps_cpp
[0.394s] [ 44%] Built target apriltag_msgs__rosidl_typesupport_introspection_c
[0.396s] [ 55%] Built target apriltag_msgs__rosidl_typesupport_fastrtps_c
[0.398s] [ 65%] Built target apriltag_msgs__rosidl_typesupport_introspection_cpp
[0.469s] [ 76%] Built target apriltag_msgs__rosidl_typesupport_c
[0.575s] [ 76%] Built target apriltag_msgs
[0.649s] [ 78%] Built target apriltag_msgs__py
[0.746s] [ 87%] Built target apriltag_msgs__rosidl_generator_py
[0.811s] [ 91%] Built target apriltag_msgs__rosidl_typesupport_c__pyext
[0.843s] [ 95%] Built target apriltag_msgs__rosidl_typesupport_introspection_c__pyext
[0.878s] [100%] Built target apriltag_msgs__rosidl_typesupport_fastrtps_c__pyext
[1.071s] running egg_info
[1.073s] writing apriltag_msgs.egg-info/PKG-INFO
[1.074s] writing dependency_links to apriltag_msgs.egg-info/dependency_links.txt
[1.074s] writing top-level names to apriltag_msgs.egg-info/top_level.txt
[1.081s] reading manifest file 'apriltag_msgs.egg-info/SOURCES.txt'
[1.083s] writing manifest file 'apriltag_msgs.egg-info/SOURCES.txt'
[1.183s] [100%] Built target ament_cmake_python_build_apriltag_msgs_egg
[1.252s] Invoked command in '/home/team100/team_ws/build/apriltag_msgs' returned '0': CMAKE_PREFIX_PATH=${CMAKE_PREFIX_PATH}:/home/team100/team_ws/install/e116:/opt/ros/humble /usr/bin/cmake --build /home/team100/team_ws/build/apriltag_msgs -- -j6 -l6
[1.254s] Invoking command in '/home/team100/team_ws/build/apriltag_msgs': CMAKE_PREFIX_PATH=${CMAKE_PREFIX_PATH}:/home/team100/team_ws/install/e116:/opt/ros/humble /usr/bin/cmake --install /home/team100/team_ws/build/apriltag_msgs
[1.273s] -- Install configuration: ""
[1.274s] -- Execute custom install script
[1.274s] -- Up-to-date symlink: /home/team100/team_ws/install/apriltag_msgs/share/ament_index/resource_index/rosidl_interfaces/apriltag_msgs
[1.275s] -- Up-to-date symlink: /home/team100/team_ws/install/apriltag_msgs/include/apriltag_msgs/apriltag_msgs/msg/april_tag_detection.h
[1.276s] -- Up-to-date symlink: /home/team100/team_ws/install/apriltag_msgs/include/apriltag_msgs/apriltag_msgs/msg/april_tag_detection_array.h
[1.276s] -- Up-to-date symlink: /home/team100/team_ws/install/apriltag_msgs/include/apriltag_msgs/apriltag_msgs/msg/detail/april_tag_detection__functions.h
[1.276s] -- Up-to-date symlink: /home/team100/team_ws/install/apriltag_msgs/include/apriltag_msgs/apriltag_msgs/msg/detail/april_tag_detection__struct.h
[1.276s] -- Up-to-date symlink: /home/team100/team_ws/install/apriltag_msgs/include/apriltag_msgs/apriltag_msgs/msg/detail/april_tag_detection__type_support.h
[1.277s] -- Up-to-date symlink: /home/team100/team_ws/install/apriltag_msgs/include/apriltag_msgs/apriltag_msgs/msg/detail/april_tag_detection_array__functions.h
[1.277s] -- Up-to-date symlink: /home/team100/team_ws/install/apriltag_msgs/include/apriltag_msgs/apriltag_msgs/msg/detail/april_tag_detection_array__struct.h
[1.277s] -- Up-to-date symlink: /home/team100/team_ws/install/apriltag_msgs/include/apriltag_msgs/apriltag_msgs/msg/detail/april_tag_detection_array__type_support.h
[1.277s] -- Up-to-date symlink: /home/team100/team_ws/install/apriltag_msgs/include/apriltag_msgs/apriltag_msgs/msg/detail/point__functions.h
[1.278s] -- Up-to-date symlink: /home/team100/team_ws/install/apriltag_msgs/include/apriltag_msgs/apriltag_msgs/msg/detail/point__struct.h
[1.278s] -- Up-to-date symlink: /home/team100/team_ws/install/apriltag_msgs/include/apriltag_msgs/apriltag_msgs/msg/detail/point__type_support.h
[1.278s] -- Up-to-date symlink: /home/team100/team_ws/install/apriltag_msgs/include/apriltag_msgs/apriltag_msgs/msg/point.h
[1.278s] -- Up-to-date symlink: /home/team100/team_ws/install/apriltag_msgs/include/apriltag_msgs/apriltag_msgs/msg/rosidl_generator_c__visibility_control.h
[1.279s] -- Up-to-date symlink: /home/team100/team_ws/install/apriltag_msgs/share/apriltag_msgs/environment/library_path.sh
[1.279s] -- Up-to-date symlink: /home/team100/team_ws/install/apriltag_msgs/share/apriltag_msgs/environment/library_path.dsv
[1.280s] -- Up-to-date symlink: /home/team100/team_ws/install/apriltag_msgs/include/apriltag_msgs/apriltag_msgs/msg/detail/april_tag_detection__rosidl_typesupport_fastrtps_c.h
[1.280s] -- Up-to-date symlink: /home/team100/team_ws/install/apriltag_msgs/include/apriltag_msgs/apriltag_msgs/msg/detail/april_tag_detection_array__rosidl_typesupport_fastrtps_c.h
[1.281s] -- Up-to-date symlink: /home/team100/team_ws/install/apriltag_msgs/include/apriltag_msgs/apriltag_msgs/msg/detail/point__rosidl_typesupport_fastrtps_c.h
[1.281s] -- Up-to-date symlink: /home/team100/team_ws/install/apriltag_msgs/include/apriltag_msgs/apriltag_msgs/msg/rosidl_typesupport_fastrtps_c__visibility_control.h
[1.283s] -- Up-to-date symlink: /home/team100/team_ws/install/apriltag_msgs/include/apriltag_msgs/apriltag_msgs/msg/detail/april_tag_detection__rosidl_typesupport_introspection_c.h
[1.283s] -- Up-to-date symlink: /home/team100/team_ws/install/apriltag_msgs/include/apriltag_msgs/apriltag_msgs/msg/detail/april_tag_detection_array__rosidl_typesupport_introspection_c.h
[1.283s] -- Up-to-date symlink: /home/team100/team_ws/install/apriltag_msgs/include/apriltag_msgs/apriltag_msgs/msg/detail/point__rosidl_typesupport_introspection_c.h
[1.283s] -- Up-to-date symlink: /home/team100/team_ws/install/apriltag_msgs/include/apriltag_msgs/apriltag_msgs/msg/rosidl_typesupport_introspection_c__visibility_control.h
[1.284s] -- Up-to-date symlink: /home/team100/team_ws/install/apriltag_msgs/include/apriltag_msgs/apriltag_msgs/msg/april_tag_detection.hpp
[1.285s] -- Up-to-date symlink: /home/team100/team_ws/install/apriltag_msgs/include/apriltag_msgs/apriltag_msgs/msg/april_tag_detection_array.hpp
[1.285s] -- Up-to-date symlink: /home/team100/team_ws/install/apriltag_msgs/include/apriltag_msgs/apriltag_msgs/msg/detail/april_tag_detection__builder.hpp
[1.285s] -- Up-to-date symlink: /home/team100/team_ws/install/apriltag_msgs/include/apriltag_msgs/apriltag_msgs/msg/detail/april_tag_detection__struct.hpp
[1.286s] -- Up-to-date symlink: /home/team100/team_ws/install/apriltag_msgs/include/apriltag_msgs/apriltag_msgs/msg/detail/april_tag_detection__traits.hpp
[1.286s] -- Up-to-date symlink: /home/team100/team_ws/install/apriltag_msgs/include/apriltag_msgs/apriltag_msgs/msg/detail/april_tag_detection__type_support.hpp
[1.286s] -- Up-to-date symlink: /home/team100/team_ws/install/apriltag_msgs/include/apriltag_msgs/apriltag_msgs/msg/detail/april_tag_detection_array__builder.hpp
[1.287s] -- Up-to-date symlink: /home/team100/team_ws/install/apriltag_msgs/include/apriltag_msgs/apriltag_msgs/msg/detail/april_tag_detection_array__struct.hpp
[1.287s] -- Up-to-date symlink: /home/team100/team_ws/install/apriltag_msgs/include/apriltag_msgs/apriltag_msgs/msg/detail/april_tag_detection_array__traits.hpp
[1.287s] -- Up-to-date symlink: /home/team100/team_ws/install/apriltag_msgs/include/apriltag_msgs/apriltag_msgs/msg/detail/april_tag_detection_array__type_support.hpp
[1.289s] -- Up-to-date symlink: /home/team100/team_ws/install/apriltag_msgs/include/apriltag_msgs/apriltag_msgs/msg/detail/point__builder.hpp
[1.290s] -- Up-to-date symlink: /home/team100/team_ws/install/apriltag_msgs/include/apriltag_msgs/apriltag_msgs/msg/detail/point__struct.hpp
[1.290s] -- Up-to-date symlink: /home/team100/team_ws/install/apriltag_msgs/include/apriltag_msgs/apriltag_msgs/msg/detail/point__traits.hpp
[1.291s] -- Up-to-date symlink: /home/team100/team_ws/install/apriltag_msgs/include/apriltag_msgs/apriltag_msgs/msg/detail/point__type_support.hpp
[1.291s] -- Up-to-date symlink: /home/team100/team_ws/install/apriltag_msgs/include/apriltag_msgs/apriltag_msgs/msg/point.hpp
[1.291s] -- Up-to-date symlink: /home/team100/team_ws/install/apriltag_msgs/include/apriltag_msgs/apriltag_msgs/msg/rosidl_generator_cpp__visibility_control.hpp
[1.292s] -- Up-to-date symlink: /home/team100/team_ws/install/apriltag_msgs/include/apriltag_msgs/apriltag_msgs/msg/detail/april_tag_detection__rosidl_typesupport_fastrtps_cpp.hpp
[1.292s] -- Up-to-date symlink: /home/team100/team_ws/install/apriltag_msgs/include/apriltag_msgs/apriltag_msgs/msg/detail/april_tag_detection_array__rosidl_typesupport_fastrtps_cpp.hpp
[1.292s] -- Up-to-date symlink: /home/team100/team_ws/install/apriltag_msgs/include/apriltag_msgs/apriltag_msgs/msg/detail/point__rosidl_typesupport_fastrtps_cpp.hpp
[1.292s] -- Up-to-date symlink: /home/team100/team_ws/install/apriltag_msgs/include/apriltag_msgs/apriltag_msgs/msg/rosidl_typesupport_fastrtps_cpp__visibility_control.h
[1.293s] -- Up-to-date symlink: /home/team100/team_ws/install/apriltag_msgs/include/apriltag_msgs/apriltag_msgs/msg/detail/april_tag_detection__rosidl_typesupport_introspection_cpp.hpp
[1.294s] -- Up-to-date symlink: /home/team100/team_ws/install/apriltag_msgs/include/apriltag_msgs/apriltag_msgs/msg/detail/april_tag_detection_array__rosidl_typesupport_introspection_cpp.hpp
[1.294s] -- Up-to-date symlink: /home/team100/team_ws/install/apriltag_msgs/include/apriltag_msgs/apriltag_msgs/msg/detail/point__rosidl_typesupport_introspection_cpp.hpp
[1.294s] -- Up-to-date symlink: /home/team100/team_ws/install/apriltag_msgs/share/apriltag_msgs/environment/pythonpath.sh
[1.294s] -- Up-to-date symlink: /home/team100/team_ws/install/apriltag_msgs/share/apriltag_msgs/environment/pythonpath.dsv
[1.295s] -- Up-to-date symlink: /home/team100/team_ws/install/apriltag_msgs/local/lib/python3.10/dist-packages/apriltag_msgs-2.0.1-py3.10.egg-info/PKG-INFO
[1.295s] -- Up-to-date symlink: /home/team100/team_ws/install/apriltag_msgs/local/lib/python3.10/dist-packages/apriltag_msgs-2.0.1-py3.10.egg-info/SOURCES.txt
[1.295s] -- Up-to-date symlink: /home/team100/team_ws/install/apriltag_msgs/local/lib/python3.10/dist-packages/apriltag_msgs-2.0.1-py3.10.egg-info/dependency_links.txt
[1.296s] -- Up-to-date symlink: /home/team100/team_ws/install/apriltag_msgs/local/lib/python3.10/dist-packages/apriltag_msgs-2.0.1-py3.10.egg-info/top_level.txt
[1.297s] -- Up-to-date symlink: /home/team100/team_ws/install/apriltag_msgs/local/lib/python3.10/dist-packages/apriltag_msgs/__init__.py
[1.297s] -- Up-to-date symlink: /home/team100/team_ws/install/apriltag_msgs/local/lib/python3.10/dist-packages/apriltag_msgs/_apriltag_msgs_s.ep.rosidl_typesupport_c.c
[1.297s] -- Up-to-date symlink: /home/team100/team_ws/install/apriltag_msgs/local/lib/python3.10/dist-packages/apriltag_msgs/_apriltag_msgs_s.ep.rosidl_typesupport_fastrtps_c.c
[1.298s] -- Up-to-date symlink: /home/team100/team_ws/install/apriltag_msgs/local/lib/python3.10/dist-packages/apriltag_msgs/_apriltag_msgs_s.ep.rosidl_typesupport_introspection_c.c
[1.298s] -- Up-to-date symlink: /home/team100/team_ws/install/apriltag_msgs/local/lib/python3.10/dist-packages/apriltag_msgs/apriltag_msgs_s__rosidl_typesupport_c.cpython-310-aarch64-linux-gnu.so
[1.298s] -- Up-to-date symlink: /home/team100/team_ws/install/apriltag_msgs/local/lib/python3.10/dist-packages/apriltag_msgs/apriltag_msgs_s__rosidl_typesupport_fastrtps_c.cpython-310-aarch64-linux-gnu.so
[1.298s] -- Up-to-date symlink: /home/team100/team_ws/install/apriltag_msgs/local/lib/python3.10/dist-packages/apriltag_msgs/apriltag_msgs_s__rosidl_typesupport_introspection_c.cpython-310-aarch64-linux-gnu.so
[1.299s] -- Up-to-date symlink: /home/team100/team_ws/install/apriltag_msgs/local/lib/python3.10/dist-packages/apriltag_msgs/libapriltag_msgs__rosidl_generator_py.so
[1.299s] -- Up-to-date symlink: /home/team100/team_ws/install/apriltag_msgs/local/lib/python3.10/dist-packages/apriltag_msgs/msg/__init__.py
[1.299s] -- Up-to-date symlink: /home/team100/team_ws/install/apriltag_msgs/local/lib/python3.10/dist-packages/apriltag_msgs/msg/_april_tag_detection.py
[1.299s] -- Up-to-date symlink: /home/team100/team_ws/install/apriltag_msgs/local/lib/python3.10/dist-packages/apriltag_msgs/msg/_april_tag_detection_array.py
[1.300s] -- Up-to-date symlink: /home/team100/team_ws/install/apriltag_msgs/local/lib/python3.10/dist-packages/apriltag_msgs/msg/_april_tag_detection_array_s.c
[1.300s] -- Up-to-date symlink: /home/team100/team_ws/install/apriltag_msgs/local/lib/python3.10/dist-packages/apriltag_msgs/msg/_april_tag_detection_s.c
[1.300s] -- Up-to-date symlink: /home/team100/team_ws/install/apriltag_msgs/local/lib/python3.10/dist-packages/apriltag_msgs/msg/_point.py
[1.300s] -- Up-to-date symlink: /home/team100/team_ws/install/apriltag_msgs/local/lib/python3.10/dist-packages/apriltag_msgs/msg/_point_s.c
[1.301s] -- Up-to-date symlink: /home/team100/team_ws/install/apriltag_msgs/local/lib/python3.10/dist-packages/apriltag_msgs/apriltag_msgs_s__rosidl_typesupport_fastrtps_c.cpython-310-aarch64-linux-gnu.so
[1.301s] -- Up-to-date symlink: /home/team100/team_ws/install/apriltag_msgs/local/lib/python3.10/dist-packages/apriltag_msgs/apriltag_msgs_s__rosidl_typesupport_introspection_c.cpython-310-aarch64-linux-gnu.so
[1.302s] -- Up-to-date symlink: /home/team100/team_ws/install/apriltag_msgs/local/lib/python3.10/dist-packages/apriltag_msgs/apriltag_msgs_s__rosidl_typesupport_c.cpython-310-aarch64-linux-gnu.so
[1.302s] -- Up-to-date symlink: /home/team100/team_ws/install/apriltag_msgs/share/apriltag_msgs/msg/Point.idl
[1.303s] -- Up-to-date symlink: /home/team100/team_ws/install/apriltag_msgs/share/apriltag_msgs/msg/AprilTagDetection.idl
[1.303s] -- Up-to-date symlink: /home/team100/team_ws/install/apriltag_msgs/share/apriltag_msgs/msg/AprilTagDetectionArray.idl
[1.303s] -- Up-to-date symlink: /home/team100/team_ws/install/apriltag_msgs/share/apriltag_msgs/msg/Point.msg
[1.303s] -- Up-to-date symlink: /home/team100/team_ws/install/apriltag_msgs/share/apriltag_msgs/msg/AprilTagDetection.msg
[1.304s] -- Up-to-date symlink: /home/team100/team_ws/install/apriltag_msgs/share/apriltag_msgs/msg/AprilTagDetectionArray.msg
[1.304s] -- Up-to-date symlink: /home/team100/team_ws/install/apriltag_msgs/share/ament_index/resource_index/package_run_dependencies/apriltag_msgs
[1.304s] -- Up-to-date symlink: /home/team100/team_ws/install/apriltag_msgs/share/ament_index/resource_index/parent_prefix_path/apriltag_msgs
[1.305s] -- Up-to-date symlink: /home/team100/team_ws/install/apriltag_msgs/share/apriltag_msgs/environment/ament_prefix_path.sh
[1.305s] -- Up-to-date symlink: /home/team100/team_ws/install/apriltag_msgs/share/apriltag_msgs/environment/ament_prefix_path.dsv
[1.305s] -- Up-to-date symlink: /home/team100/team_ws/install/apriltag_msgs/share/apriltag_msgs/environment/path.sh
[1.306s] -- Up-to-date symlink: /home/team100/team_ws/install/apriltag_msgs/share/apriltag_msgs/environment/path.dsv
[1.306s] -- Up-to-date symlink: /home/team100/team_ws/install/apriltag_msgs/share/apriltag_msgs/local_setup.bash
[1.306s] -- Up-to-date symlink: /home/team100/team_ws/install/apriltag_msgs/share/apriltag_msgs/local_setup.sh
[1.307s] -- Up-to-date symlink: /home/team100/team_ws/install/apriltag_msgs/share/apriltag_msgs/local_setup.zsh
[1.307s] -- Up-to-date symlink: /home/team100/team_ws/install/apriltag_msgs/share/apriltag_msgs/local_setup.dsv
[1.307s] -- Symlinking: /home/team100/team_ws/install/apriltag_msgs/share/apriltag_msgs/package.dsv
[1.329s] -- Up-to-date symlink: /home/team100/team_ws/install/apriltag_msgs/share/ament_index/resource_index/packages/apriltag_msgs
[1.329s] -- Up-to-date symlink: /home/team100/team_ws/install/apriltag_msgs/share/apriltag_msgs/cmake/rosidl_cmake-extras.cmake
[1.329s] -- Up-to-date symlink: /home/team100/team_ws/install/apriltag_msgs/share/apriltag_msgs/cmake/ament_cmake_export_dependencies-extras.cmake
[1.330s] -- Up-to-date symlink: /home/team100/team_ws/install/apriltag_msgs/share/apriltag_msgs/cmake/ament_cmake_export_include_directories-extras.cmake
[1.330s] -- Up-to-date symlink: /home/team100/team_ws/install/apriltag_msgs/share/apriltag_msgs/cmake/ament_cmake_export_libraries-extras.cmake
[1.330s] -- Up-to-date symlink: /home/team100/team_ws/install/apriltag_msgs/share/apriltag_msgs/cmake/ament_cmake_export_targets-extras.cmake
[1.330s] -- Up-to-date symlink: /home/team100/team_ws/install/apriltag_msgs/share/apriltag_msgs/cmake/rosidl_cmake_export_typesupport_targets-extras.cmake
[1.331s] -- Up-to-date symlink: /home/team100/team_ws/install/apriltag_msgs/share/apriltag_msgs/cmake/rosidl_cmake_export_typesupport_libraries-extras.cmake
[1.331s] -- Up-to-date symlink: /home/team100/team_ws/install/apriltag_msgs/share/apriltag_msgs/cmake/apriltag_msgsConfig.cmake
[1.331s] -- Up-to-date symlink: /home/team100/team_ws/install/apriltag_msgs/share/apriltag_msgs/cmake/apriltag_msgsConfig-version.cmake
[1.332s] -- Up-to-date symlink: /home/team100/team_ws/install/apriltag_msgs/share/apriltag_msgs/package.xml
[1.333s] -- Up-to-date: /home/team100/team_ws/install/apriltag_msgs/lib/libapriltag_msgs__rosidl_generator_c.so
[1.334s] -- Up-to-date: /home/team100/team_ws/install/apriltag_msgs/lib/libapriltag_msgs__rosidl_typesupport_fastrtps_c.so
[1.334s] -- Up-to-date: /home/team100/team_ws/install/apriltag_msgs/lib/libapriltag_msgs__rosidl_typesupport_introspection_c.so
[1.335s] -- Up-to-date: /home/team100/team_ws/install/apriltag_msgs/lib/libapriltag_msgs__rosidl_typesupport_c.so
[1.336s] -- Up-to-date: /home/team100/team_ws/install/apriltag_msgs/lib/libapriltag_msgs__rosidl_typesupport_fastrtps_cpp.so
[1.336s] -- Up-to-date: /home/team100/team_ws/install/apriltag_msgs/lib/libapriltag_msgs__rosidl_typesupport_introspection_cpp.so
[1.337s] -- Up-to-date: /home/team100/team_ws/install/apriltag_msgs/lib/libapriltag_msgs__rosidl_typesupport_cpp.so
[1.422s] Listing '/home/team100/team_ws/install/apriltag_msgs/local/lib/python3.10/dist-packages/apriltag_msgs'...
[1.423s] Listing '/home/team100/team_ws/install/apriltag_msgs/local/lib/python3.10/dist-packages/apriltag_msgs/msg'...
[1.438s] -- Up-to-date: /home/team100/team_ws/install/apriltag_msgs/lib/libapriltag_msgs__rosidl_generator_py.so
[1.439s] -- Up-to-date: /home/team100/team_ws/install/apriltag_msgs/share/apriltag_msgs/cmake/export_apriltag_msgs__rosidl_generator_cExport.cmake
[1.439s] -- Up-to-date: /home/team100/team_ws/install/apriltag_msgs/share/apriltag_msgs/cmake/export_apriltag_msgs__rosidl_generator_cExport-noconfig.cmake
[1.439s] -- Up-to-date: /home/team100/team_ws/install/apriltag_msgs/share/apriltag_msgs/cmake/export_apriltag_msgs__rosidl_typesupport_fastrtps_cExport.cmake
[1.439s] -- Up-to-date: /home/team100/team_ws/install/apriltag_msgs/share/apriltag_msgs/cmake/export_apriltag_msgs__rosidl_typesupport_fastrtps_cExport-noconfig.cmake
[1.439s] -- Up-to-date: /home/team100/team_ws/install/apriltag_msgs/share/apriltag_msgs/cmake/apriltag_msgs__rosidl_typesupport_introspection_cExport.cmake
[1.440s] -- Up-to-date: /home/team100/team_ws/install/apriltag_msgs/share/apriltag_msgs/cmake/apriltag_msgs__rosidl_typesupport_introspection_cExport-noconfig.cmake
[1.440s] -- Up-to-date: /home/team100/team_ws/install/apriltag_msgs/share/apriltag_msgs/cmake/apriltag_msgs__rosidl_typesupport_cExport.cmake
[1.440s] -- Up-to-date: /home/team100/team_ws/install/apriltag_msgs/share/apriltag_msgs/cmake/apriltag_msgs__rosidl_typesupport_cExport-noconfig.cmake
[1.440s] -- Up-to-date: /home/team100/team_ws/install/apriltag_msgs/share/apriltag_msgs/cmake/export_apriltag_msgs__rosidl_generator_cppExport.cmake
[1.441s] -- Up-to-date: /home/team100/team_ws/install/apriltag_msgs/share/apriltag_msgs/cmake/export_apriltag_msgs__rosidl_typesupport_fastrtps_cppExport.cmake
[1.441s] -- Up-to-date: /home/team100/team_ws/install/apriltag_msgs/share/apriltag_msgs/cmake/export_apriltag_msgs__rosidl_typesupport_fastrtps_cppExport-noconfig.cmake
[1.441s] -- Up-to-date: /home/team100/team_ws/install/apriltag_msgs/share/apriltag_msgs/cmake/apriltag_msgs__rosidl_typesupport_introspection_cppExport.cmake
[1.441s] -- Up-to-date: /home/team100/team_ws/install/apriltag_msgs/share/apriltag_msgs/cmake/apriltag_msgs__rosidl_typesupport_introspection_cppExport-noconfig.cmake
[1.441s] -- Up-to-date: /home/team100/team_ws/install/apriltag_msgs/share/apriltag_msgs/cmake/apriltag_msgs__rosidl_typesupport_cppExport.cmake
[1.441s] -- Up-to-date: /home/team100/team_ws/install/apriltag_msgs/share/apriltag_msgs/cmake/apriltag_msgs__rosidl_typesupport_cppExport-noconfig.cmake
[1.442s] -- Up-to-date: /home/team100/team_ws/install/apriltag_msgs/share/apriltag_msgs/cmake/export_apriltag_msgs__rosidl_generator_pyExport.cmake
[1.442s] -- Up-to-date: /home/team100/team_ws/install/apriltag_msgs/share/apriltag_msgs/cmake/export_apriltag_msgs__rosidl_generator_pyExport-noconfig.cmake
[1.447s] Invoked command in '/home/team100/team_ws/build/apriltag_msgs' returned '0': CMAKE_PREFIX_PATH=${CMAKE_PREFIX_PATH}:/home/team100/team_ws/install/e116:/opt/ros/humble /usr/bin/cmake --install /home/team100/team_ws/build/apriltag_msgs
