[0.029s] Invoking command in '/home/team100/team_ws/build/apriltag_msgs': CMAKE_PREFIX_PATH=${CMAKE_PREFIX_PATH}:/home/team100/team_ws/install/e116:/opt/ros/humble /usr/bin/cmake /home/team100/team_ws/src/apriltag_msgs -DAMENT_CMAKE_SYMLINK_INSTALL=1 -DCMAKE_INSTALL_PREFIX=/home/team100/team_ws/install/apriltag_msgs
[0.153s] -- The C compiler identification is GNU 11.4.0
[0.551s] -- The CXX compiler identification is GNU 11.4.0
[0.568s] -- Detecting C compiler ABI info
[0.711s] -- Detecting C compiler ABI info - done
[0.725s] -- Check for working C compiler: /usr/bin/cc - skipped
[0.725s] -- Detecting C compile features
[0.726s] -- Detecting C compile features - done
[0.735s] -- Detecting CXX compiler ABI info
[0.908s] -- Detecting CXX compiler ABI info - done
[0.922s] -- Check for working CXX compiler: /usr/bin/c++ - skipped
[0.922s] -- Detecting CXX compile features
[0.923s] -- Detecting CXX compile features - done
[0.932s] -- Found ament_cmake: 1.3.13 (/opt/ros/humble/share/ament_cmake/cmake)
[1.281s] -- Found Python3: /usr/bin/python3 (found version "3.10.12") found components: Interpreter 
[1.455s] -- Override CMake install command with custom implementation using symlinks instead of copying resources
[1.543s] -- Found rosidl_default_generators: 1.2.0 (/opt/ros/humble/share/rosidl_default_generators/cmake)
[1.558s] -- Using all available rosidl_typesupport_c: rosidl_typesupport_fastrtps_c;rosidl_typesupport_introspection_c
[1.577s] -- Found rosidl_adapter: 3.1.8 (/opt/ros/humble/share/rosidl_adapter/cmake)
[1.690s] -- Using all available rosidl_typesupport_cpp: rosidl_typesupport_fastrtps_cpp;rosidl_typesupport_introspection_cpp
[1.787s] -- Found std_msgs: 4.9.1 (/opt/ros/humble/share/std_msgs/cmake)
[2.553s] -- Found ament_cmake_ros: 0.10.0 (/opt/ros/humble/share/ament_cmake_ros/cmake)
[3.410s] -- Using all available rosidl_typesupport_c: rosidl_typesupport_fastrtps_c;rosidl_typesupport_introspection_c
[4.251s] -- Using all available rosidl_typesupport_cpp: rosidl_typesupport_fastrtps_cpp;rosidl_typesupport_introspection_cpp
[4.369s] -- Found PythonInterp: /usr/bin/python3 (found suitable version "3.10.12", minimum required is "3.6") 
[4.373s] -- Found python_cmake_module: 0.10.0 (/opt/ros/humble/share/python_cmake_module/cmake)
[4.449s] -- Found PythonLibs: /usr/lib/aarch64-linux-gnu/libpython3.10.so (found suitable version "3.10.12", minimum required is "3.5") 
[4.460s] -- Using PYTHON_EXECUTABLE: /usr/bin/python3
[4.460s] -- Using PYTHON_INCLUDE_DIRS: /usr/include/python3.10
[4.461s] -- Using PYTHON_LIBRARIES: /usr/lib/aarch64-linux-gnu/libpython3.10.so
[4.561s] -- Found PythonExtra: .so  
[4.761s] -- Found ament_lint_auto: 0.12.15 (/opt/ros/humble/share/ament_lint_auto/cmake)
[4.887s] -- Added test 'lint_cmake' to check CMake code style
[4.913s] -- Added test 'xmllint' to check XML markup files
[4.924s] -- Configuring done
[5.055s] -- Generating done
[5.088s] -- Build files have been written to: /home/team100/team_ws/build/apriltag_msgs
[5.113s] Invoked command in '/home/team100/team_ws/build/apriltag_msgs' returned '0': CMAKE_PREFIX_PATH=${CMAKE_PREFIX_PATH}:/home/team100/team_ws/install/e116:/opt/ros/humble /usr/bin/cmake /home/team100/team_ws/src/apriltag_msgs -DAMENT_CMAKE_SYMLINK_INSTALL=1 -DCMAKE_INSTALL_PREFIX=/home/team100/team_ws/install/apriltag_msgs
[5.114s] Invoking command in '/home/team100/team_ws/build/apriltag_msgs': CMAKE_PREFIX_PATH=${CMAKE_PREFIX_PATH}:/home/team100/team_ws/install/e116:/opt/ros/humble /usr/bin/cmake --build /home/team100/team_ws/build/apriltag_msgs -- -j6 -l6
[5.262s] [  2%] [34m[1mGenerating C code for ROS interfaces[0m
[5.267s] [  4%] [34m[1mGenerating C++ code for ROS interfaces[0m
[5.314s] [  4%] Built target ament_cmake_python_symlink_apriltag_msgs
[5.939s] running egg_info
[5.940s] creating apriltag_msgs.egg-info
[5.941s] writing apriltag_msgs.egg-info/PKG-INFO
[5.941s] writing dependency_links to apriltag_msgs.egg-info/dependency_links.txt
[5.942s] writing top-level names to apriltag_msgs.egg-info/top_level.txt
[5.942s] writing manifest file 'apriltag_msgs.egg-info/SOURCES.txt'
[5.947s] reading manifest file 'apriltag_msgs.egg-info/SOURCES.txt'
[5.948s] writing manifest file 'apriltag_msgs.egg-info/SOURCES.txt'
[6.025s] [  4%] Built target ament_cmake_python_build_apriltag_msgs_egg
[6.264s] [  4%] Built target apriltag_msgs__cpp
[6.294s] [  6%] [34m[1mGenerating C++ type support dispatch for ROS interfaces[0m
[6.302s] [  8%] [34m[1mGenerating C++ type support for eProsima Fast-RTPS[0m
[6.316s] [ 10%] [34m[1mGenerating C++ introspection for ROS interfaces[0m
[6.359s] [ 12%] [32mBuilding C object CMakeFiles/apriltag_msgs__rosidl_generator_c.dir/rosidl_generator_c/apriltag_msgs/msg/detail/april_tag_detection__functions.c.o[0m
[6.363s] [ 14%] [32mBuilding C object CMakeFiles/apriltag_msgs__rosidl_generator_c.dir/rosidl_generator_c/apriltag_msgs/msg/detail/point__functions.c.o[0m
[6.375s] [ 17%] [32mBuilding C object CMakeFiles/apriltag_msgs__rosidl_generator_c.dir/rosidl_generator_c/apriltag_msgs/msg/detail/april_tag_detection_array__functions.c.o[0m
[6.560s] [ 19%] [32m[1mLinking C shared library libapriltag_msgs__rosidl_generator_c.so[0m
[6.633s] [ 19%] Built target apriltag_msgs__rosidl_generator_c
[6.654s] [ 23%] [34m[1mGenerating C type support for eProsima Fast-RTPS[0m
[6.654s] [ 23%] [34m[1mGenerating C type support dispatch for ROS interfaces[0m
[6.683s] [ 25%] [34m[1mGenerating C introspection for ROS interfaces[0m
[7.095s] [ 27%] [32mBuilding CXX object CMakeFiles/apriltag_msgs__rosidl_typesupport_cpp.dir/rosidl_typesupport_cpp/apriltag_msgs/msg/point__type_support.cpp.o[0m
[7.218s] [ 29%] [32mBuilding CXX object CMakeFiles/apriltag_msgs__rosidl_typesupport_introspection_cpp.dir/rosidl_typesupport_introspection_cpp/apriltag_msgs/msg/detail/point__type_support.cpp.o[0m
[7.277s] [ 31%] [32mBuilding CXX object CMakeFiles/apriltag_msgs__rosidl_typesupport_fastrtps_cpp.dir/rosidl_typesupport_fastrtps_cpp/apriltag_msgs/msg/detail/dds_fastrtps/point__type_support.cpp.o[0m
[7.557s] [ 34%] [32mBuilding CXX object CMakeFiles/apriltag_msgs__rosidl_typesupport_c.dir/rosidl_typesupport_c/apriltag_msgs/msg/point__type_support.cpp.o[0m
[7.713s] [ 36%] [32mBuilding CXX object CMakeFiles/apriltag_msgs__rosidl_typesupport_c.dir/rosidl_typesupport_c/apriltag_msgs/msg/april_tag_detection__type_support.cpp.o[0m
[7.780s] [ 38%] [32mBuilding C object CMakeFiles/apriltag_msgs__rosidl_typesupport_introspection_c.dir/rosidl_typesupport_introspection_c/apriltag_msgs/msg/detail/point__type_support.c.o[0m
[7.791s] [ 40%] [32mBuilding CXX object CMakeFiles/apriltag_msgs__rosidl_typesupport_fastrtps_c.dir/rosidl_typesupport_fastrtps_c/apriltag_msgs/msg/detail/point__type_support_c.cpp.o[0m
[7.810s] [ 42%] [32mBuilding CXX object CMakeFiles/apriltag_msgs__rosidl_typesupport_c.dir/rosidl_typesupport_c/apriltag_msgs/msg/april_tag_detection_array__type_support.cpp.o[0m
[7.826s] [ 44%] [32mBuilding CXX object CMakeFiles/apriltag_msgs__rosidl_typesupport_cpp.dir/rosidl_typesupport_cpp/apriltag_msgs/msg/april_tag_detection__type_support.cpp.o[0m
[7.887s] [ 46%] [32m[1mLinking CXX shared library libapriltag_msgs__rosidl_typesupport_c.so[0m
[7.919s] [ 48%] [32mBuilding C object CMakeFiles/apriltag_msgs__rosidl_typesupport_introspection_c.dir/rosidl_typesupport_introspection_c/apriltag_msgs/msg/detail/april_tag_detection__type_support.c.o[0m
[8.029s] [ 51%] [32mBuilding C object CMakeFiles/apriltag_msgs__rosidl_typesupport_introspection_c.dir/rosidl_typesupport_introspection_c/apriltag_msgs/msg/detail/april_tag_detection_array__type_support.c.o[0m
[8.050s] [ 51%] Built target apriltag_msgs__rosidl_typesupport_c
[8.101s] [ 53%] [32mBuilding CXX object CMakeFiles/apriltag_msgs__rosidl_typesupport_cpp.dir/rosidl_typesupport_cpp/apriltag_msgs/msg/april_tag_detection_array__type_support.cpp.o[0m
[8.175s] [ 55%] [32m[1mLinking C shared library libapriltag_msgs__rosidl_typesupport_introspection_c.so[0m
[8.244s] [ 57%] [32mBuilding CXX object CMakeFiles/apriltag_msgs__rosidl_typesupport_introspection_cpp.dir/rosidl_typesupport_introspection_cpp/apriltag_msgs/msg/detail/april_tag_detection__type_support.cpp.o[0m
[8.255s] [ 57%] Built target apriltag_msgs__rosidl_typesupport_introspection_c
[8.273s] [ 59%] [32mBuilding CXX object CMakeFiles/apriltag_msgs__rosidl_typesupport_fastrtps_cpp.dir/rosidl_typesupport_fastrtps_cpp/apriltag_msgs/msg/detail/dds_fastrtps/april_tag_detection__type_support.cpp.o[0m
[8.539s] [ 61%] [32mBuilding CXX object CMakeFiles/apriltag_msgs__rosidl_typesupport_fastrtps_cpp.dir/rosidl_typesupport_fastrtps_cpp/apriltag_msgs/msg/detail/dds_fastrtps/april_tag_detection_array__type_support.cpp.o[0m
[8.612s] [ 63%] [32mBuilding CXX object CMakeFiles/apriltag_msgs__rosidl_typesupport_introspection_cpp.dir/rosidl_typesupport_introspection_cpp/apriltag_msgs/msg/detail/april_tag_detection_array__type_support.cpp.o[0m
[8.716s] [ 65%] [32mBuilding CXX object CMakeFiles/apriltag_msgs__rosidl_typesupport_fastrtps_c.dir/rosidl_typesupport_fastrtps_c/apriltag_msgs/msg/detail/april_tag_detection__type_support_c.cpp.o[0m
[8.830s] [ 68%] [32m[1mLinking CXX shared library libapriltag_msgs__rosidl_typesupport_cpp.so[0m
[9.069s] [ 68%] Built target apriltag_msgs__rosidl_typesupport_cpp
[9.192s] [ 70%] [32mBuilding CXX object CMakeFiles/apriltag_msgs__rosidl_typesupport_fastrtps_c.dir/rosidl_typesupport_fastrtps_c/apriltag_msgs/msg/detail/april_tag_detection_array__type_support_c.cpp.o[0m
[9.682s] [ 72%] [32m[1mLinking CXX shared library libapriltag_msgs__rosidl_typesupport_fastrtps_cpp.so[0m
[9.755s] [ 74%] [32m[1mLinking CXX shared library libapriltag_msgs__rosidl_typesupport_introspection_cpp.so[0m
[9.859s] [ 74%] Built target apriltag_msgs__rosidl_typesupport_fastrtps_cpp
[9.918s] [ 74%] Built target apriltag_msgs__rosidl_typesupport_introspection_cpp
[10.053s] [ 76%] [32m[1mLinking CXX shared library libapriltag_msgs__rosidl_typesupport_fastrtps_c.so[0m
[10.202s] [ 76%] Built target apriltag_msgs__rosidl_typesupport_fastrtps_c
[10.243s] [ 76%] Built target apriltag_msgs
[10.283s] [ 78%] [34m[1mGenerating Python code for ROS interfaces[0m
[11.503s] [ 78%] Built target apriltag_msgs__py
[11.542s] [ 82%] [32mBuilding C object CMakeFiles/apriltag_msgs__rosidl_generator_py.dir/rosidl_generator_py/apriltag_msgs/msg/_april_tag_detection_s.c.o[0m
[11.542s] [ 82%] [32mBuilding C object CMakeFiles/apriltag_msgs__rosidl_generator_py.dir/rosidl_generator_py/apriltag_msgs/msg/_point_s.c.o[0m
[11.543s] [ 85%] [32mBuilding C object CMakeFiles/apriltag_msgs__rosidl_generator_py.dir/rosidl_generator_py/apriltag_msgs/msg/_april_tag_detection_array_s.c.o[0m
[11.809s] [ 87%] [32m[1mLinking C shared library rosidl_generator_py/apriltag_msgs/libapriltag_msgs__rosidl_generator_py.so[0m
[11.894s] [ 87%] Built target apriltag_msgs__rosidl_generator_py
[11.936s] [ 93%] [32mBuilding C object CMakeFiles/apriltag_msgs__rosidl_typesupport_c__pyext.dir/rosidl_generator_py/apriltag_msgs/_apriltag_msgs_s.ep.rosidl_typesupport_c.c.o[0m
[11.937s] [ 93%] [32mBuilding C object CMakeFiles/apriltag_msgs__rosidl_typesupport_fastrtps_c__pyext.dir/rosidl_generator_py/apriltag_msgs/_apriltag_msgs_s.ep.rosidl_typesupport_fastrtps_c.c.o[0m
[11.937s] [ 93%] [32mBuilding C object CMakeFiles/apriltag_msgs__rosidl_typesupport_introspection_c__pyext.dir/rosidl_generator_py/apriltag_msgs/_apriltag_msgs_s.ep.rosidl_typesupport_introspection_c.c.o[0m
[12.166s] [100%] [32m[1mLinking C shared library rosidl_generator_py/apriltag_msgs/apriltag_msgs_s__rosidl_typesupport_c.cpython-310-aarch64-linux-gnu.so[0m
[12.167s] [100%] [32m[1mLinking C shared library rosidl_generator_py/apriltag_msgs/apriltag_msgs_s__rosidl_typesupport_fastrtps_c.cpython-310-aarch64-linux-gnu.so[0m
[12.167s] [100%] [32m[1mLinking C shared library rosidl_generator_py/apriltag_msgs/apriltag_msgs_s__rosidl_typesupport_introspection_c.cpython-310-aarch64-linux-gnu.so[0m
[12.246s] [100%] Built target apriltag_msgs__rosidl_typesupport_introspection_c__pyext
[12.246s] [100%] Built target apriltag_msgs__rosidl_typesupport_c__pyext
[12.252s] [100%] Built target apriltag_msgs__rosidl_typesupport_fastrtps_c__pyext
[12.278s] Invoked command in '/home/team100/team_ws/build/apriltag_msgs' returned '0': CMAKE_PREFIX_PATH=${CMAKE_PREFIX_PATH}:/home/team100/team_ws/install/e116:/opt/ros/humble /usr/bin/cmake --build /home/team100/team_ws/build/apriltag_msgs -- -j6 -l6
[12.298s] Invoking command in '/home/team100/team_ws/build/apriltag_msgs': CMAKE_PREFIX_PATH=${CMAKE_PREFIX_PATH}:/home/team100/team_ws/install/e116:/opt/ros/humble /usr/bin/cmake --install /home/team100/team_ws/build/apriltag_msgs
[12.314s] -- Install configuration: ""
[12.315s] -- Execute custom install script
[12.316s] -- Symlinking: /home/team100/team_ws/install/apriltag_msgs/share/ament_index/resource_index/rosidl_interfaces/apriltag_msgs
[12.334s] -- Symlinking: /home/team100/team_ws/install/apriltag_msgs/include/apriltag_msgs/apriltag_msgs/msg/april_tag_detection.h
[12.351s] -- Symlinking: /home/team100/team_ws/install/apriltag_msgs/include/apriltag_msgs/apriltag_msgs/msg/april_tag_detection_array.h
[12.369s] -- Symlinking: /home/team100/team_ws/install/apriltag_msgs/include/apriltag_msgs/apriltag_msgs/msg/detail/april_tag_detection__functions.h
[12.387s] -- Symlinking: /home/team100/team_ws/install/apriltag_msgs/include/apriltag_msgs/apriltag_msgs/msg/detail/april_tag_detection__struct.h
[12.405s] -- Symlinking: /home/team100/team_ws/install/apriltag_msgs/include/apriltag_msgs/apriltag_msgs/msg/detail/april_tag_detection__type_support.h
[12.424s] -- Symlinking: /home/team100/team_ws/install/apriltag_msgs/include/apriltag_msgs/apriltag_msgs/msg/detail/april_tag_detection_array__functions.h
[12.442s] -- Symlinking: /home/team100/team_ws/install/apriltag_msgs/include/apriltag_msgs/apriltag_msgs/msg/detail/april_tag_detection_array__struct.h
[12.459s] -- Symlinking: /home/team100/team_ws/install/apriltag_msgs/include/apriltag_msgs/apriltag_msgs/msg/detail/april_tag_detection_array__type_support.h
[12.479s] -- Symlinking: /home/team100/team_ws/install/apriltag_msgs/include/apriltag_msgs/apriltag_msgs/msg/detail/point__functions.h
[12.497s] -- Symlinking: /home/team100/team_ws/install/apriltag_msgs/include/apriltag_msgs/apriltag_msgs/msg/detail/point__struct.h
[12.514s] -- Symlinking: /home/team100/team_ws/install/apriltag_msgs/include/apriltag_msgs/apriltag_msgs/msg/detail/point__type_support.h
[12.532s] -- Symlinking: /home/team100/team_ws/install/apriltag_msgs/include/apriltag_msgs/apriltag_msgs/msg/point.h
[12.551s] -- Symlinking: /home/team100/team_ws/install/apriltag_msgs/include/apriltag_msgs/apriltag_msgs/msg/rosidl_generator_c__visibility_control.h
[12.568s] -- Symlinking: /home/team100/team_ws/install/apriltag_msgs/share/apriltag_msgs/environment/library_path.sh
[12.588s] -- Symlinking: /home/team100/team_ws/install/apriltag_msgs/share/apriltag_msgs/environment/library_path.dsv
[12.607s] -- Symlinking: /home/team100/team_ws/install/apriltag_msgs/include/apriltag_msgs/apriltag_msgs/msg/detail/april_tag_detection__rosidl_typesupport_fastrtps_c.h
[12.625s] -- Symlinking: /home/team100/team_ws/install/apriltag_msgs/include/apriltag_msgs/apriltag_msgs/msg/detail/april_tag_detection_array__rosidl_typesupport_fastrtps_c.h
[12.642s] -- Symlinking: /home/team100/team_ws/install/apriltag_msgs/include/apriltag_msgs/apriltag_msgs/msg/detail/point__rosidl_typesupport_fastrtps_c.h
[12.659s] -- Symlinking: /home/team100/team_ws/install/apriltag_msgs/include/apriltag_msgs/apriltag_msgs/msg/rosidl_typesupport_fastrtps_c__visibility_control.h
[12.677s] -- Symlinking: /home/team100/team_ws/install/apriltag_msgs/include/apriltag_msgs/apriltag_msgs/msg/detail/april_tag_detection__rosidl_typesupport_introspection_c.h
[12.695s] -- Symlinking: /home/team100/team_ws/install/apriltag_msgs/include/apriltag_msgs/apriltag_msgs/msg/detail/april_tag_detection_array__rosidl_typesupport_introspection_c.h
[12.711s] -- Symlinking: /home/team100/team_ws/install/apriltag_msgs/include/apriltag_msgs/apriltag_msgs/msg/detail/point__rosidl_typesupport_introspection_c.h
[12.728s] -- Symlinking: /home/team100/team_ws/install/apriltag_msgs/include/apriltag_msgs/apriltag_msgs/msg/rosidl_typesupport_introspection_c__visibility_control.h
[12.748s] -- Symlinking: /home/team100/team_ws/install/apriltag_msgs/include/apriltag_msgs/apriltag_msgs/msg/april_tag_detection.hpp
[12.767s] -- Symlinking: /home/team100/team_ws/install/apriltag_msgs/include/apriltag_msgs/apriltag_msgs/msg/april_tag_detection_array.hpp
[12.784s] -- Symlinking: /home/team100/team_ws/install/apriltag_msgs/include/apriltag_msgs/apriltag_msgs/msg/detail/april_tag_detection__builder.hpp
[12.801s] -- Symlinking: /home/team100/team_ws/install/apriltag_msgs/include/apriltag_msgs/apriltag_msgs/msg/detail/april_tag_detection__struct.hpp
[12.819s] -- Symlinking: /home/team100/team_ws/install/apriltag_msgs/include/apriltag_msgs/apriltag_msgs/msg/detail/april_tag_detection__traits.hpp
[12.836s] -- Symlinking: /home/team100/team_ws/install/apriltag_msgs/include/apriltag_msgs/apriltag_msgs/msg/detail/april_tag_detection__type_support.hpp
[12.855s] -- Symlinking: /home/team100/team_ws/install/apriltag_msgs/include/apriltag_msgs/apriltag_msgs/msg/detail/april_tag_detection_array__builder.hpp
[12.872s] -- Symlinking: /home/team100/team_ws/install/apriltag_msgs/include/apriltag_msgs/apriltag_msgs/msg/detail/april_tag_detection_array__struct.hpp
[12.888s] -- Symlinking: /home/team100/team_ws/install/apriltag_msgs/include/apriltag_msgs/apriltag_msgs/msg/detail/april_tag_detection_array__traits.hpp
[12.905s] -- Symlinking: /home/team100/team_ws/install/apriltag_msgs/include/apriltag_msgs/apriltag_msgs/msg/detail/april_tag_detection_array__type_support.hpp
[12.922s] -- Symlinking: /home/team100/team_ws/install/apriltag_msgs/include/apriltag_msgs/apriltag_msgs/msg/detail/point__builder.hpp
[12.939s] -- Symlinking: /home/team100/team_ws/install/apriltag_msgs/include/apriltag_msgs/apriltag_msgs/msg/detail/point__struct.hpp
[12.955s] -- Symlinking: /home/team100/team_ws/install/apriltag_msgs/include/apriltag_msgs/apriltag_msgs/msg/detail/point__traits.hpp
[12.972s] -- Symlinking: /home/team100/team_ws/install/apriltag_msgs/include/apriltag_msgs/apriltag_msgs/msg/detail/point__type_support.hpp
[12.990s] -- Symlinking: /home/team100/team_ws/install/apriltag_msgs/include/apriltag_msgs/apriltag_msgs/msg/point.hpp
[13.006s] -- Symlinking: /home/team100/team_ws/install/apriltag_msgs/include/apriltag_msgs/apriltag_msgs/msg/rosidl_generator_cpp__visibility_control.hpp
[13.024s] -- Symlinking: /home/team100/team_ws/install/apriltag_msgs/include/apriltag_msgs/apriltag_msgs/msg/detail/april_tag_detection__rosidl_typesupport_fastrtps_cpp.hpp
[13.042s] -- Symlinking: /home/team100/team_ws/install/apriltag_msgs/include/apriltag_msgs/apriltag_msgs/msg/detail/april_tag_detection_array__rosidl_typesupport_fastrtps_cpp.hpp
[13.058s] -- Symlinking: /home/team100/team_ws/install/apriltag_msgs/include/apriltag_msgs/apriltag_msgs/msg/detail/point__rosidl_typesupport_fastrtps_cpp.hpp
[13.076s] -- Symlinking: /home/team100/team_ws/install/apriltag_msgs/include/apriltag_msgs/apriltag_msgs/msg/rosidl_typesupport_fastrtps_cpp__visibility_control.h
[13.094s] -- Symlinking: /home/team100/team_ws/install/apriltag_msgs/include/apriltag_msgs/apriltag_msgs/msg/detail/april_tag_detection__rosidl_typesupport_introspection_cpp.hpp
[13.110s] -- Symlinking: /home/team100/team_ws/install/apriltag_msgs/include/apriltag_msgs/apriltag_msgs/msg/detail/april_tag_detection_array__rosidl_typesupport_introspection_cpp.hpp
[13.127s] -- Symlinking: /home/team100/team_ws/install/apriltag_msgs/include/apriltag_msgs/apriltag_msgs/msg/detail/point__rosidl_typesupport_introspection_cpp.hpp
[13.144s] -- Symlinking: /home/team100/team_ws/install/apriltag_msgs/share/apriltag_msgs/environment/pythonpath.sh
[13.160s] -- Symlinking: /home/team100/team_ws/install/apriltag_msgs/share/apriltag_msgs/environment/pythonpath.dsv
[13.178s] -- Symlinking: /home/team100/team_ws/install/apriltag_msgs/local/lib/python3.10/dist-packages/apriltag_msgs-2.0.1-py3.10.egg-info/PKG-INFO
[13.194s] -- Symlinking: /home/team100/team_ws/install/apriltag_msgs/local/lib/python3.10/dist-packages/apriltag_msgs-2.0.1-py3.10.egg-info/SOURCES.txt
[13.211s] -- Symlinking: /home/team100/team_ws/install/apriltag_msgs/local/lib/python3.10/dist-packages/apriltag_msgs-2.0.1-py3.10.egg-info/dependency_links.txt
[13.227s] -- Symlinking: /home/team100/team_ws/install/apriltag_msgs/local/lib/python3.10/dist-packages/apriltag_msgs-2.0.1-py3.10.egg-info/top_level.txt
[13.246s] -- Symlinking: /home/team100/team_ws/install/apriltag_msgs/local/lib/python3.10/dist-packages/apriltag_msgs/__init__.py
[13.264s] -- Symlinking: /home/team100/team_ws/install/apriltag_msgs/local/lib/python3.10/dist-packages/apriltag_msgs/_apriltag_msgs_s.ep.rosidl_typesupport_c.c
[13.281s] -- Symlinking: /home/team100/team_ws/install/apriltag_msgs/local/lib/python3.10/dist-packages/apriltag_msgs/_apriltag_msgs_s.ep.rosidl_typesupport_fastrtps_c.c
[13.297s] -- Symlinking: /home/team100/team_ws/install/apriltag_msgs/local/lib/python3.10/dist-packages/apriltag_msgs/_apriltag_msgs_s.ep.rosidl_typesupport_introspection_c.c
[13.313s] -- Symlinking: /home/team100/team_ws/install/apriltag_msgs/local/lib/python3.10/dist-packages/apriltag_msgs/apriltag_msgs_s__rosidl_typesupport_c.cpython-310-aarch64-linux-gnu.so
[13.330s] -- Symlinking: /home/team100/team_ws/install/apriltag_msgs/local/lib/python3.10/dist-packages/apriltag_msgs/apriltag_msgs_s__rosidl_typesupport_fastrtps_c.cpython-310-aarch64-linux-gnu.so
[13.347s] -- Symlinking: /home/team100/team_ws/install/apriltag_msgs/local/lib/python3.10/dist-packages/apriltag_msgs/apriltag_msgs_s__rosidl_typesupport_introspection_c.cpython-310-aarch64-linux-gnu.so
[13.363s] -- Symlinking: /home/team100/team_ws/install/apriltag_msgs/local/lib/python3.10/dist-packages/apriltag_msgs/libapriltag_msgs__rosidl_generator_py.so
[13.380s] -- Symlinking: /home/team100/team_ws/install/apriltag_msgs/local/lib/python3.10/dist-packages/apriltag_msgs/msg/__init__.py
[13.396s] -- Symlinking: /home/team100/team_ws/install/apriltag_msgs/local/lib/python3.10/dist-packages/apriltag_msgs/msg/_april_tag_detection.py
[13.413s] -- Symlinking: /home/team100/team_ws/install/apriltag_msgs/local/lib/python3.10/dist-packages/apriltag_msgs/msg/_april_tag_detection_array.py
[13.429s] -- Symlinking: /home/team100/team_ws/install/apriltag_msgs/local/lib/python3.10/dist-packages/apriltag_msgs/msg/_april_tag_detection_array_s.c
[13.445s] -- Symlinking: /home/team100/team_ws/install/apriltag_msgs/local/lib/python3.10/dist-packages/apriltag_msgs/msg/_april_tag_detection_s.c
[13.461s] -- Symlinking: /home/team100/team_ws/install/apriltag_msgs/local/lib/python3.10/dist-packages/apriltag_msgs/msg/_point.py
[13.478s] -- Symlinking: /home/team100/team_ws/install/apriltag_msgs/local/lib/python3.10/dist-packages/apriltag_msgs/msg/_point_s.c
[13.495s] -- Up-to-date symlink: /home/team100/team_ws/install/apriltag_msgs/local/lib/python3.10/dist-packages/apriltag_msgs/apriltag_msgs_s__rosidl_typesupport_fastrtps_c.cpython-310-aarch64-linux-gnu.so
[13.496s] -- Up-to-date symlink: /home/team100/team_ws/install/apriltag_msgs/local/lib/python3.10/dist-packages/apriltag_msgs/apriltag_msgs_s__rosidl_typesupport_introspection_c.cpython-310-aarch64-linux-gnu.so
[13.497s] -- Up-to-date symlink: /home/team100/team_ws/install/apriltag_msgs/local/lib/python3.10/dist-packages/apriltag_msgs/apriltag_msgs_s__rosidl_typesupport_c.cpython-310-aarch64-linux-gnu.so
[13.498s] -- Symlinking: /home/team100/team_ws/install/apriltag_msgs/share/apriltag_msgs/msg/Point.idl
[13.515s] -- Symlinking: /home/team100/team_ws/install/apriltag_msgs/share/apriltag_msgs/msg/AprilTagDetection.idl
[13.532s] -- Symlinking: /home/team100/team_ws/install/apriltag_msgs/share/apriltag_msgs/msg/AprilTagDetectionArray.idl
[13.549s] -- Symlinking: /home/team100/team_ws/install/apriltag_msgs/share/apriltag_msgs/msg/Point.msg
[13.566s] -- Symlinking: /home/team100/team_ws/install/apriltag_msgs/share/apriltag_msgs/msg/AprilTagDetection.msg
[13.583s] -- Symlinking: /home/team100/team_ws/install/apriltag_msgs/share/apriltag_msgs/msg/AprilTagDetectionArray.msg
[13.600s] -- Symlinking: /home/team100/team_ws/install/apriltag_msgs/share/ament_index/resource_index/package_run_dependencies/apriltag_msgs
[13.617s] -- Symlinking: /home/team100/team_ws/install/apriltag_msgs/share/ament_index/resource_index/parent_prefix_path/apriltag_msgs
[13.636s] -- Symlinking: /home/team100/team_ws/install/apriltag_msgs/share/apriltag_msgs/environment/ament_prefix_path.sh
[13.654s] -- Symlinking: /home/team100/team_ws/install/apriltag_msgs/share/apriltag_msgs/environment/ament_prefix_path.dsv
[13.672s] -- Symlinking: /home/team100/team_ws/install/apriltag_msgs/share/apriltag_msgs/environment/path.sh
[13.689s] -- Symlinking: /home/team100/team_ws/install/apriltag_msgs/share/apriltag_msgs/environment/path.dsv
[13.707s] -- Symlinking: /home/team100/team_ws/install/apriltag_msgs/share/apriltag_msgs/local_setup.bash
[13.723s] -- Symlinking: /home/team100/team_ws/install/apriltag_msgs/share/apriltag_msgs/local_setup.sh
[13.741s] -- Symlinking: /home/team100/team_ws/install/apriltag_msgs/share/apriltag_msgs/local_setup.zsh
[13.757s] -- Symlinking: /home/team100/team_ws/install/apriltag_msgs/share/apriltag_msgs/local_setup.dsv
[13.775s] -- Symlinking: /home/team100/team_ws/install/apriltag_msgs/share/apriltag_msgs/package.dsv
[13.792s] -- Symlinking: /home/team100/team_ws/install/apriltag_msgs/share/ament_index/resource_index/packages/apriltag_msgs
[13.808s] -- Symlinking: /home/team100/team_ws/install/apriltag_msgs/share/apriltag_msgs/cmake/rosidl_cmake-extras.cmake
[13.825s] -- Symlinking: /home/team100/team_ws/install/apriltag_msgs/share/apriltag_msgs/cmake/ament_cmake_export_dependencies-extras.cmake
[13.841s] -- Symlinking: /home/team100/team_ws/install/apriltag_msgs/share/apriltag_msgs/cmake/ament_cmake_export_include_directories-extras.cmake
[13.858s] -- Symlinking: /home/team100/team_ws/install/apriltag_msgs/share/apriltag_msgs/cmake/ament_cmake_export_libraries-extras.cmake
[13.877s] -- Symlinking: /home/team100/team_ws/install/apriltag_msgs/share/apriltag_msgs/cmake/ament_cmake_export_targets-extras.cmake
[13.893s] -- Symlinking: /home/team100/team_ws/install/apriltag_msgs/share/apriltag_msgs/cmake/rosidl_cmake_export_typesupport_targets-extras.cmake
[13.911s] -- Symlinking: /home/team100/team_ws/install/apriltag_msgs/share/apriltag_msgs/cmake/rosidl_cmake_export_typesupport_libraries-extras.cmake
[13.938s] -- Symlinking: /home/team100/team_ws/install/apriltag_msgs/share/apriltag_msgs/cmake/apriltag_msgsConfig.cmake
[13.946s] -- Symlinking: /home/team100/team_ws/install/apriltag_msgs/share/apriltag_msgs/cmake/apriltag_msgsConfig-version.cmake
[13.963s] -- Symlinking: /home/team100/team_ws/install/apriltag_msgs/share/apriltag_msgs/package.xml
[13.980s] -- Installing: /home/team100/team_ws/install/apriltag_msgs/lib/libapriltag_msgs__rosidl_generator_c.so
[13.981s] -- Set runtime path of "/home/team100/team_ws/install/apriltag_msgs/lib/libapriltag_msgs__rosidl_generator_c.so" to ""
[13.981s] -- Installing: /home/team100/team_ws/install/apriltag_msgs/lib/libapriltag_msgs__rosidl_typesupport_fastrtps_c.so
[13.983s] -- Set runtime path of "/home/team100/team_ws/install/apriltag_msgs/lib/libapriltag_msgs__rosidl_typesupport_fastrtps_c.so" to ""
[13.983s] -- Installing: /home/team100/team_ws/install/apriltag_msgs/lib/libapriltag_msgs__rosidl_typesupport_introspection_c.so
[13.984s] -- Set runtime path of "/home/team100/team_ws/install/apriltag_msgs/lib/libapriltag_msgs__rosidl_typesupport_introspection_c.so" to ""
[13.984s] -- Installing: /home/team100/team_ws/install/apriltag_msgs/lib/libapriltag_msgs__rosidl_typesupport_c.so
[13.985s] -- Set runtime path of "/home/team100/team_ws/install/apriltag_msgs/lib/libapriltag_msgs__rosidl_typesupport_c.so" to ""
[13.985s] -- Installing: /home/team100/team_ws/install/apriltag_msgs/lib/libapriltag_msgs__rosidl_typesupport_fastrtps_cpp.so
[13.987s] -- Set runtime path of "/home/team100/team_ws/install/apriltag_msgs/lib/libapriltag_msgs__rosidl_typesupport_fastrtps_cpp.so" to ""
[13.987s] -- Installing: /home/team100/team_ws/install/apriltag_msgs/lib/libapriltag_msgs__rosidl_typesupport_introspection_cpp.so
[13.988s] -- Set runtime path of "/home/team100/team_ws/install/apriltag_msgs/lib/libapriltag_msgs__rosidl_typesupport_introspection_cpp.so" to ""
[13.988s] -- Installing: /home/team100/team_ws/install/apriltag_msgs/lib/libapriltag_msgs__rosidl_typesupport_cpp.so
[13.989s] -- Set runtime path of "/home/team100/team_ws/install/apriltag_msgs/lib/libapriltag_msgs__rosidl_typesupport_cpp.so" to ""
[14.074s] Listing '/home/team100/team_ws/install/apriltag_msgs/local/lib/python3.10/dist-packages/apriltag_msgs'...
[14.074s] Compiling '/home/team100/team_ws/install/apriltag_msgs/local/lib/python3.10/dist-packages/apriltag_msgs/__init__.py'...
[14.074s] Listing '/home/team100/team_ws/install/apriltag_msgs/local/lib/python3.10/dist-packages/apriltag_msgs/msg'...
[14.075s] Compiling '/home/team100/team_ws/install/apriltag_msgs/local/lib/python3.10/dist-packages/apriltag_msgs/msg/__init__.py'...
[14.075s] Compiling '/home/team100/team_ws/install/apriltag_msgs/local/lib/python3.10/dist-packages/apriltag_msgs/msg/_april_tag_detection.py'...
[14.075s] Compiling '/home/team100/team_ws/install/apriltag_msgs/local/lib/python3.10/dist-packages/apriltag_msgs/msg/_april_tag_detection_array.py'...
[14.075s] Compiling '/home/team100/team_ws/install/apriltag_msgs/local/lib/python3.10/dist-packages/apriltag_msgs/msg/_point.py'...
[14.087s] -- Installing: /home/team100/team_ws/install/apriltag_msgs/lib/libapriltag_msgs__rosidl_generator_py.so
[14.087s] -- Set runtime path of "/home/team100/team_ws/install/apriltag_msgs/lib/libapriltag_msgs__rosidl_generator_py.so" to ""
[14.087s] -- Installing: /home/team100/team_ws/install/apriltag_msgs/share/apriltag_msgs/cmake/export_apriltag_msgs__rosidl_generator_cExport.cmake
[14.088s] -- Installing: /home/team100/team_ws/install/apriltag_msgs/share/apriltag_msgs/cmake/export_apriltag_msgs__rosidl_generator_cExport-noconfig.cmake
[14.088s] -- Installing: /home/team100/team_ws/install/apriltag_msgs/share/apriltag_msgs/cmake/export_apriltag_msgs__rosidl_typesupport_fastrtps_cExport.cmake
[14.089s] -- Installing: /home/team100/team_ws/install/apriltag_msgs/share/apriltag_msgs/cmake/export_apriltag_msgs__rosidl_typesupport_fastrtps_cExport-noconfig.cmake
[14.089s] -- Installing: /home/team100/team_ws/install/apriltag_msgs/share/apriltag_msgs/cmake/apriltag_msgs__rosidl_typesupport_introspection_cExport.cmake
[14.090s] -- Installing: /home/team100/team_ws/install/apriltag_msgs/share/apriltag_msgs/cmake/apriltag_msgs__rosidl_typesupport_introspection_cExport-noconfig.cmake
[14.090s] -- Installing: /home/team100/team_ws/install/apriltag_msgs/share/apriltag_msgs/cmake/apriltag_msgs__rosidl_typesupport_cExport.cmake
[14.091s] -- Installing: /home/team100/team_ws/install/apriltag_msgs/share/apriltag_msgs/cmake/apriltag_msgs__rosidl_typesupport_cExport-noconfig.cmake
[14.091s] -- Installing: /home/team100/team_ws/install/apriltag_msgs/share/apriltag_msgs/cmake/export_apriltag_msgs__rosidl_generator_cppExport.cmake
[14.092s] -- Installing: /home/team100/team_ws/install/apriltag_msgs/share/apriltag_msgs/cmake/export_apriltag_msgs__rosidl_typesupport_fastrtps_cppExport.cmake
[14.092s] -- Installing: /home/team100/team_ws/install/apriltag_msgs/share/apriltag_msgs/cmake/export_apriltag_msgs__rosidl_typesupport_fastrtps_cppExport-noconfig.cmake
[14.093s] -- Installing: /home/team100/team_ws/install/apriltag_msgs/share/apriltag_msgs/cmake/apriltag_msgs__rosidl_typesupport_introspection_cppExport.cmake
[14.093s] -- Installing: /home/team100/team_ws/install/apriltag_msgs/share/apriltag_msgs/cmake/apriltag_msgs__rosidl_typesupport_introspection_cppExport-noconfig.cmake
[14.094s] -- Installing: /home/team100/team_ws/install/apriltag_msgs/share/apriltag_msgs/cmake/apriltag_msgs__rosidl_typesupport_cppExport.cmake
[14.094s] -- Installing: /home/team100/team_ws/install/apriltag_msgs/share/apriltag_msgs/cmake/apriltag_msgs__rosidl_typesupport_cppExport-noconfig.cmake
[14.095s] -- Installing: /home/team100/team_ws/install/apriltag_msgs/share/apriltag_msgs/cmake/export_apriltag_msgs__rosidl_generator_pyExport.cmake
[14.096s] -- Installing: /home/team100/team_ws/install/apriltag_msgs/share/apriltag_msgs/cmake/export_apriltag_msgs__rosidl_generator_pyExport-noconfig.cmake
[14.104s] Invoked command in '/home/team100/team_ws/build/apriltag_msgs' returned '0': CMAKE_PREFIX_PATH=${CMAKE_PREFIX_PATH}:/home/team100/team_ws/install/e116:/opt/ros/humble /usr/bin/cmake --install /home/team100/team_ws/build/apriltag_msgs
