[0.079s] Invoking command in '/home/team100/roboracer_116_lehigh/team_ws/build/apriltag_msgs': CMAKE_PREFIX_PATH=/opt/ros/humble /usr/bin/cmake --build /home/team100/roboracer_116_lehigh/team_ws/build/apriltag_msgs -- -j6 -l6
[0.320s] [  2%] Built target apriltag_msgs__cpp
[0.341s] [  2%] Built target ament_cmake_python_copy_apriltag_msgs
[0.380s] [ 12%] Built target apriltag_msgs__rosidl_generator_c
[0.445s] [ 23%] Built target apriltag_msgs__rosidl_typesupport_cpp
[0.450s] [ 34%] Built target apriltag_msgs__rosidl_typesupport_fastrtps_cpp
[0.468s] [ 44%] Built target apriltag_msgs__rosidl_typesupport_introspection_cpp
[0.474s] [ 55%] Built target apriltag_msgs__rosidl_typesupport_fastrtps_c
[0.495s] [ 65%] Built target apriltag_msgs__rosidl_typesupport_introspection_c
[0.560s] [ 76%] Built target apriltag_msgs__rosidl_typesupport_c
[0.680s] [ 76%] Built target apriltag_msgs
[0.748s] [ 78%] Built target apriltag_msgs__py
[0.854s] [ 87%] Built target apriltag_msgs__rosidl_generator_py
[0.916s] [ 95%] Built target apriltag_msgs__rosidl_typesupport_c__pyext
[0.916s] [ 95%] Built target apriltag_msgs__rosidl_typesupport_fastrtps_c__pyext
[0.916s] [100%] Built target apriltag_msgs__rosidl_typesupport_introspection_c__pyext
[0.976s] running egg_info
[0.978s] writing apriltag_msgs.egg-info/PKG-INFO
[0.978s] writing dependency_links to apriltag_msgs.egg-info/dependency_links.txt
[0.979s] writing top-level names to apriltag_msgs.egg-info/top_level.txt
[0.987s] reading manifest file 'apriltag_msgs.egg-info/SOURCES.txt'
[0.990s] writing manifest file 'apriltag_msgs.egg-info/SOURCES.txt'
[1.070s] [100%] Built target ament_cmake_python_build_apriltag_msgs_egg
[1.099s] Invoked command in '/home/team100/roboracer_116_lehigh/team_ws/build/apriltag_msgs' returned '0': CMAKE_PREFIX_PATH=/opt/ros/humble /usr/bin/cmake --build /home/team100/roboracer_116_lehigh/team_ws/build/apriltag_msgs -- -j6 -l6
[1.123s] Invoking command in '/home/team100/roboracer_116_lehigh/team_ws/build/apriltag_msgs': CMAKE_PREFIX_PATH=/opt/ros/humble /usr/bin/cmake --install /home/team100/roboracer_116_lehigh/team_ws/build/apriltag_msgs
[1.140s] -- Install configuration: ""
[1.142s] -- Up-to-date: /home/team100/roboracer_116_lehigh/team_ws/install/apriltag_msgs/share/ament_index/resource_index/rosidl_interfaces/apriltag_msgs
[1.143s] -- Up-to-date: /home/team100/roboracer_116_lehigh/team_ws/install/apriltag_msgs/include/apriltag_msgs/apriltag_msgs
[1.143s] -- Up-to-date: /home/team100/roboracer_116_lehigh/team_ws/install/apriltag_msgs/include/apriltag_msgs/apriltag_msgs/msg
[1.144s] -- Up-to-date: /home/team100/roboracer_116_lehigh/team_ws/install/apriltag_msgs/include/apriltag_msgs/apriltag_msgs/msg/detail
[1.144s] -- Up-to-date: /home/team100/roboracer_116_lehigh/team_ws/install/apriltag_msgs/include/apriltag_msgs/apriltag_msgs/msg/detail/april_tag_detection__functions.h
[1.144s] -- Up-to-date: /home/team100/roboracer_116_lehigh/team_ws/install/apriltag_msgs/include/apriltag_msgs/apriltag_msgs/msg/detail/april_tag_detection_array__struct.h
[1.144s] -- Up-to-date: /home/team100/roboracer_116_lehigh/team_ws/install/apriltag_msgs/include/apriltag_msgs/apriltag_msgs/msg/detail/april_tag_detection_array__type_support.h
[1.145s] -- Up-to-date: /home/team100/roboracer_116_lehigh/team_ws/install/apriltag_msgs/include/apriltag_msgs/apriltag_msgs/msg/detail/april_tag_detection__type_support.h
[1.145s] -- Up-to-date: /home/team100/roboracer_116_lehigh/team_ws/install/apriltag_msgs/include/apriltag_msgs/apriltag_msgs/msg/detail/april_tag_detection_array__functions.c
[1.145s] -- Up-to-date: /home/team100/roboracer_116_lehigh/team_ws/install/apriltag_msgs/include/apriltag_msgs/apriltag_msgs/msg/detail/point__type_support.h
[1.145s] -- Up-to-date: /home/team100/roboracer_116_lehigh/team_ws/install/apriltag_msgs/include/apriltag_msgs/apriltag_msgs/msg/detail/point__functions.h
[1.145s] -- Up-to-date: /home/team100/roboracer_116_lehigh/team_ws/install/apriltag_msgs/include/apriltag_msgs/apriltag_msgs/msg/detail/april_tag_detection__struct.h
[1.146s] -- Up-to-date: /home/team100/roboracer_116_lehigh/team_ws/install/apriltag_msgs/include/apriltag_msgs/apriltag_msgs/msg/detail/point__functions.c
[1.146s] -- Up-to-date: /home/team100/roboracer_116_lehigh/team_ws/install/apriltag_msgs/include/apriltag_msgs/apriltag_msgs/msg/detail/april_tag_detection_array__functions.h
[1.146s] -- Up-to-date: /home/team100/roboracer_116_lehigh/team_ws/install/apriltag_msgs/include/apriltag_msgs/apriltag_msgs/msg/detail/point__struct.h
[1.146s] -- Up-to-date: /home/team100/roboracer_116_lehigh/team_ws/install/apriltag_msgs/include/apriltag_msgs/apriltag_msgs/msg/detail/april_tag_detection__functions.c
[1.146s] -- Up-to-date: /home/team100/roboracer_116_lehigh/team_ws/install/apriltag_msgs/include/apriltag_msgs/apriltag_msgs/msg/point.h
[1.146s] -- Up-to-date: /home/team100/roboracer_116_lehigh/team_ws/install/apriltag_msgs/include/apriltag_msgs/apriltag_msgs/msg/april_tag_detection_array.h
[1.147s] -- Up-to-date: /home/team100/roboracer_116_lehigh/team_ws/install/apriltag_msgs/include/apriltag_msgs/apriltag_msgs/msg/april_tag_detection.h
[1.147s] -- Up-to-date: /home/team100/roboracer_116_lehigh/team_ws/install/apriltag_msgs/include/apriltag_msgs/apriltag_msgs/msg/rosidl_generator_c__visibility_control.h
[1.147s] -- Up-to-date: /home/team100/roboracer_116_lehigh/team_ws/install/apriltag_msgs/share/apriltag_msgs/environment/library_path.sh
[1.147s] -- Up-to-date: /home/team100/roboracer_116_lehigh/team_ws/install/apriltag_msgs/share/apriltag_msgs/environment/library_path.dsv
[1.148s] -- Up-to-date: /home/team100/roboracer_116_lehigh/team_ws/install/apriltag_msgs/lib/libapriltag_msgs__rosidl_generator_c.so
[1.148s] -- Up-to-date: /home/team100/roboracer_116_lehigh/team_ws/install/apriltag_msgs/include/apriltag_msgs/apriltag_msgs
[1.149s] -- Up-to-date: /home/team100/roboracer_116_lehigh/team_ws/install/apriltag_msgs/include/apriltag_msgs/apriltag_msgs/msg
[1.149s] -- Up-to-date: /home/team100/roboracer_116_lehigh/team_ws/install/apriltag_msgs/include/apriltag_msgs/apriltag_msgs/msg/detail
[1.149s] -- Up-to-date: /home/team100/roboracer_116_lehigh/team_ws/install/apriltag_msgs/include/apriltag_msgs/apriltag_msgs/msg/detail/april_tag_detection_array__rosidl_typesupport_fastrtps_c.h
[1.149s] -- Up-to-date: /home/team100/roboracer_116_lehigh/team_ws/install/apriltag_msgs/include/apriltag_msgs/apriltag_msgs/msg/detail/april_tag_detection__rosidl_typesupport_fastrtps_c.h
[1.149s] -- Up-to-date: /home/team100/roboracer_116_lehigh/team_ws/install/apriltag_msgs/include/apriltag_msgs/apriltag_msgs/msg/detail/point__rosidl_typesupport_fastrtps_c.h
[1.149s] -- Up-to-date: /home/team100/roboracer_116_lehigh/team_ws/install/apriltag_msgs/include/apriltag_msgs/apriltag_msgs/msg/rosidl_typesupport_fastrtps_c__visibility_control.h
[1.150s] -- Up-to-date: /home/team100/roboracer_116_lehigh/team_ws/install/apriltag_msgs/lib/libapriltag_msgs__rosidl_typesupport_fastrtps_c.so
[1.150s] -- Up-to-date: /home/team100/roboracer_116_lehigh/team_ws/install/apriltag_msgs/include/apriltag_msgs/apriltag_msgs
[1.151s] -- Up-to-date: /home/team100/roboracer_116_lehigh/team_ws/install/apriltag_msgs/include/apriltag_msgs/apriltag_msgs/msg
[1.151s] -- Up-to-date: /home/team100/roboracer_116_lehigh/team_ws/install/apriltag_msgs/include/apriltag_msgs/apriltag_msgs/msg/detail
[1.151s] -- Up-to-date: /home/team100/roboracer_116_lehigh/team_ws/install/apriltag_msgs/include/apriltag_msgs/apriltag_msgs/msg/detail/point__type_support.c
[1.151s] -- Up-to-date: /home/team100/roboracer_116_lehigh/team_ws/install/apriltag_msgs/include/apriltag_msgs/apriltag_msgs/msg/detail/april_tag_detection_array__rosidl_typesupport_introspection_c.h
[1.151s] -- Up-to-date: /home/team100/roboracer_116_lehigh/team_ws/install/apriltag_msgs/include/apriltag_msgs/apriltag_msgs/msg/detail/april_tag_detection__rosidl_typesupport_introspection_c.h
[1.152s] -- Up-to-date: /home/team100/roboracer_116_lehigh/team_ws/install/apriltag_msgs/include/apriltag_msgs/apriltag_msgs/msg/detail/april_tag_detection__type_support.c
[1.152s] -- Up-to-date: /home/team100/roboracer_116_lehigh/team_ws/install/apriltag_msgs/include/apriltag_msgs/apriltag_msgs/msg/detail/point__rosidl_typesupport_introspection_c.h
[1.152s] -- Up-to-date: /home/team100/roboracer_116_lehigh/team_ws/install/apriltag_msgs/include/apriltag_msgs/apriltag_msgs/msg/detail/april_tag_detection_array__type_support.c
[1.152s] -- Up-to-date: /home/team100/roboracer_116_lehigh/team_ws/install/apriltag_msgs/include/apriltag_msgs/apriltag_msgs/msg/rosidl_typesupport_introspection_c__visibility_control.h
[1.152s] -- Up-to-date: /home/team100/roboracer_116_lehigh/team_ws/install/apriltag_msgs/lib/libapriltag_msgs__rosidl_typesupport_introspection_c.so
[1.153s] -- Up-to-date: /home/team100/roboracer_116_lehigh/team_ws/install/apriltag_msgs/lib/libapriltag_msgs__rosidl_typesupport_c.so
[1.154s] -- Up-to-date: /home/team100/roboracer_116_lehigh/team_ws/install/apriltag_msgs/include/apriltag_msgs/apriltag_msgs
[1.154s] -- Up-to-date: /home/team100/roboracer_116_lehigh/team_ws/install/apriltag_msgs/include/apriltag_msgs/apriltag_msgs/msg
[1.154s] -- Up-to-date: /home/team100/roboracer_116_lehigh/team_ws/install/apriltag_msgs/include/apriltag_msgs/apriltag_msgs/msg/april_tag_detection.hpp
[1.155s] -- Up-to-date: /home/team100/roboracer_116_lehigh/team_ws/install/apriltag_msgs/include/apriltag_msgs/apriltag_msgs/msg/detail
[1.155s] -- Up-to-date: /home/team100/roboracer_116_lehigh/team_ws/install/apriltag_msgs/include/apriltag_msgs/apriltag_msgs/msg/detail/april_tag_detection__struct.hpp
[1.155s] -- Up-to-date: /home/team100/roboracer_116_lehigh/team_ws/install/apriltag_msgs/include/apriltag_msgs/apriltag_msgs/msg/detail/point__builder.hpp
[1.156s] -- Up-to-date: /home/team100/roboracer_116_lehigh/team_ws/install/apriltag_msgs/include/apriltag_msgs/apriltag_msgs/msg/detail/april_tag_detection__traits.hpp
[1.156s] -- Up-to-date: /home/team100/roboracer_116_lehigh/team_ws/install/apriltag_msgs/include/apriltag_msgs/apriltag_msgs/msg/detail/point__type_support.hpp
[1.156s] -- Up-to-date: /home/team100/roboracer_116_lehigh/team_ws/install/apriltag_msgs/include/apriltag_msgs/apriltag_msgs/msg/detail/point__struct.hpp
[1.156s] -- Up-to-date: /home/team100/roboracer_116_lehigh/team_ws/install/apriltag_msgs/include/apriltag_msgs/apriltag_msgs/msg/detail/april_tag_detection__type_support.hpp
[1.156s] -- Up-to-date: /home/team100/roboracer_116_lehigh/team_ws/install/apriltag_msgs/include/apriltag_msgs/apriltag_msgs/msg/detail/april_tag_detection_array__builder.hpp
[1.156s] -- Up-to-date: /home/team100/roboracer_116_lehigh/team_ws/install/apriltag_msgs/include/apriltag_msgs/apriltag_msgs/msg/detail/april_tag_detection__builder.hpp
[1.156s] -- Up-to-date: /home/team100/roboracer_116_lehigh/team_ws/install/apriltag_msgs/include/apriltag_msgs/apriltag_msgs/msg/detail/april_tag_detection_array__traits.hpp
[1.156s] -- Up-to-date: /home/team100/roboracer_116_lehigh/team_ws/install/apriltag_msgs/include/apriltag_msgs/apriltag_msgs/msg/detail/point__traits.hpp
[1.157s] -- Up-to-date: /home/team100/roboracer_116_lehigh/team_ws/install/apriltag_msgs/include/apriltag_msgs/apriltag_msgs/msg/detail/april_tag_detection_array__type_support.hpp
[1.157s] -- Up-to-date: /home/team100/roboracer_116_lehigh/team_ws/install/apriltag_msgs/include/apriltag_msgs/apriltag_msgs/msg/detail/april_tag_detection_array__struct.hpp
[1.157s] -- Up-to-date: /home/team100/roboracer_116_lehigh/team_ws/install/apriltag_msgs/include/apriltag_msgs/apriltag_msgs/msg/point.hpp
[1.157s] -- Up-to-date: /home/team100/roboracer_116_lehigh/team_ws/install/apriltag_msgs/include/apriltag_msgs/apriltag_msgs/msg/rosidl_generator_cpp__visibility_control.hpp
[1.157s] -- Up-to-date: /home/team100/roboracer_116_lehigh/team_ws/install/apriltag_msgs/include/apriltag_msgs/apriltag_msgs/msg/april_tag_detection_array.hpp
[1.157s] -- Up-to-date: /home/team100/roboracer_116_lehigh/team_ws/install/apriltag_msgs/include/apriltag_msgs/apriltag_msgs
[1.158s] -- Up-to-date: /home/team100/roboracer_116_lehigh/team_ws/install/apriltag_msgs/include/apriltag_msgs/apriltag_msgs/msg
[1.158s] -- Up-to-date: /home/team100/roboracer_116_lehigh/team_ws/install/apriltag_msgs/include/apriltag_msgs/apriltag_msgs/msg/detail
[1.158s] -- Up-to-date: /home/team100/roboracer_116_lehigh/team_ws/install/apriltag_msgs/include/apriltag_msgs/apriltag_msgs/msg/detail/point__rosidl_typesupport_fastrtps_cpp.hpp
[1.158s] -- Up-to-date: /home/team100/roboracer_116_lehigh/team_ws/install/apriltag_msgs/include/apriltag_msgs/apriltag_msgs/msg/detail/april_tag_detection_array__rosidl_typesupport_fastrtps_cpp.hpp
[1.158s] -- Up-to-date: /home/team100/roboracer_116_lehigh/team_ws/install/apriltag_msgs/include/apriltag_msgs/apriltag_msgs/msg/detail/dds_fastrtps
[1.159s] -- Up-to-date: /home/team100/roboracer_116_lehigh/team_ws/install/apriltag_msgs/include/apriltag_msgs/apriltag_msgs/msg/detail/april_tag_detection__rosidl_typesupport_fastrtps_cpp.hpp
[1.159s] -- Up-to-date: /home/team100/roboracer_116_lehigh/team_ws/install/apriltag_msgs/include/apriltag_msgs/apriltag_msgs/msg/rosidl_typesupport_fastrtps_cpp__visibility_control.h
[1.159s] -- Up-to-date: /home/team100/roboracer_116_lehigh/team_ws/install/apriltag_msgs/lib/libapriltag_msgs__rosidl_typesupport_fastrtps_cpp.so
[1.159s] -- Up-to-date: /home/team100/roboracer_116_lehigh/team_ws/install/apriltag_msgs/include/apriltag_msgs/apriltag_msgs
[1.159s] -- Up-to-date: /home/team100/roboracer_116_lehigh/team_ws/install/apriltag_msgs/include/apriltag_msgs/apriltag_msgs/msg
[1.159s] -- Up-to-date: /home/team100/roboracer_116_lehigh/team_ws/install/apriltag_msgs/include/apriltag_msgs/apriltag_msgs/msg/detail
[1.159s] -- Up-to-date: /home/team100/roboracer_116_lehigh/team_ws/install/apriltag_msgs/include/apriltag_msgs/apriltag_msgs/msg/detail/april_tag_detection__type_support.cpp
[1.160s] -- Up-to-date: /home/team100/roboracer_116_lehigh/team_ws/install/apriltag_msgs/include/apriltag_msgs/apriltag_msgs/msg/detail/april_tag_detection__rosidl_typesupport_introspection_cpp.hpp
[1.160s] -- Up-to-date: /home/team100/roboracer_116_lehigh/team_ws/install/apriltag_msgs/include/apriltag_msgs/apriltag_msgs/msg/detail/april_tag_detection_array__type_support.cpp
[1.160s] -- Up-to-date: /home/team100/roboracer_116_lehigh/team_ws/install/apriltag_msgs/include/apriltag_msgs/apriltag_msgs/msg/detail/point__rosidl_typesupport_introspection_cpp.hpp
[1.160s] -- Up-to-date: /home/team100/roboracer_116_lehigh/team_ws/install/apriltag_msgs/include/apriltag_msgs/apriltag_msgs/msg/detail/april_tag_detection_array__rosidl_typesupport_introspection_cpp.hpp
[1.160s] -- Up-to-date: /home/team100/roboracer_116_lehigh/team_ws/install/apriltag_msgs/include/apriltag_msgs/apriltag_msgs/msg/detail/point__type_support.cpp
[1.161s] -- Up-to-date: /home/team100/roboracer_116_lehigh/team_ws/install/apriltag_msgs/lib/libapriltag_msgs__rosidl_typesupport_introspection_cpp.so
[1.163s] -- Up-to-date: /home/team100/roboracer_116_lehigh/team_ws/install/apriltag_msgs/lib/libapriltag_msgs__rosidl_typesupport_cpp.so
[1.163s] -- Up-to-date: /home/team100/roboracer_116_lehigh/team_ws/install/apriltag_msgs/share/apriltag_msgs/environment/pythonpath.sh
[1.163s] -- Up-to-date: /home/team100/roboracer_116_lehigh/team_ws/install/apriltag_msgs/share/apriltag_msgs/environment/pythonpath.dsv
[1.164s] -- Up-to-date: /home/team100/roboracer_116_lehigh/team_ws/install/apriltag_msgs/local/lib/python3.10/dist-packages/apriltag_msgs-2.0.1-py3.10.egg-info
[1.164s] -- Installing: /home/team100/roboracer_116_lehigh/team_ws/install/apriltag_msgs/local/lib/python3.10/dist-packages/apriltag_msgs-2.0.1-py3.10.egg-info/top_level.txt
[1.165s] -- Installing: /home/team100/roboracer_116_lehigh/team_ws/install/apriltag_msgs/local/lib/python3.10/dist-packages/apriltag_msgs-2.0.1-py3.10.egg-info/dependency_links.txt
[1.165s] -- Installing: /home/team100/roboracer_116_lehigh/team_ws/install/apriltag_msgs/local/lib/python3.10/dist-packages/apriltag_msgs-2.0.1-py3.10.egg-info/SOURCES.txt
[1.165s] -- Installing: /home/team100/roboracer_116_lehigh/team_ws/install/apriltag_msgs/local/lib/python3.10/dist-packages/apriltag_msgs-2.0.1-py3.10.egg-info/PKG-INFO
[1.166s] -- Up-to-date: /home/team100/roboracer_116_lehigh/team_ws/install/apriltag_msgs/local/lib/python3.10/dist-packages/apriltag_msgs
[1.166s] -- Up-to-date: /home/team100/roboracer_116_lehigh/team_ws/install/apriltag_msgs/local/lib/python3.10/dist-packages/apriltag_msgs/apriltag_msgs_s__rosidl_typesupport_c.cpython-310-aarch64-linux-gnu.so
[1.166s] -- Up-to-date: /home/team100/roboracer_116_lehigh/team_ws/install/apriltag_msgs/local/lib/python3.10/dist-packages/apriltag_msgs/libapriltag_msgs__rosidl_generator_py.so
[1.166s] -- Up-to-date: /home/team100/roboracer_116_lehigh/team_ws/install/apriltag_msgs/local/lib/python3.10/dist-packages/apriltag_msgs/_apriltag_msgs_s.ep.rosidl_typesupport_fastrtps_c.c
[1.167s] -- Up-to-date: /home/team100/roboracer_116_lehigh/team_ws/install/apriltag_msgs/local/lib/python3.10/dist-packages/apriltag_msgs/__init__.py
[1.167s] -- Up-to-date: /home/team100/roboracer_116_lehigh/team_ws/install/apriltag_msgs/local/lib/python3.10/dist-packages/apriltag_msgs/_apriltag_msgs_s.ep.rosidl_typesupport_introspection_c.c
[1.167s] -- Up-to-date: /home/team100/roboracer_116_lehigh/team_ws/install/apriltag_msgs/local/lib/python3.10/dist-packages/apriltag_msgs/_apriltag_msgs_s.ep.rosidl_typesupport_c.c
[1.167s] -- Up-to-date: /home/team100/roboracer_116_lehigh/team_ws/install/apriltag_msgs/local/lib/python3.10/dist-packages/apriltag_msgs/msg
[1.167s] -- Up-to-date: /home/team100/roboracer_116_lehigh/team_ws/install/apriltag_msgs/local/lib/python3.10/dist-packages/apriltag_msgs/msg/_point.py
[1.168s] -- Up-to-date: /home/team100/roboracer_116_lehigh/team_ws/install/apriltag_msgs/local/lib/python3.10/dist-packages/apriltag_msgs/msg/_april_tag_detection_s.c
[1.168s] -- Up-to-date: /home/team100/roboracer_116_lehigh/team_ws/install/apriltag_msgs/local/lib/python3.10/dist-packages/apriltag_msgs/msg/__init__.py
[1.168s] -- Up-to-date: /home/team100/roboracer_116_lehigh/team_ws/install/apriltag_msgs/local/lib/python3.10/dist-packages/apriltag_msgs/msg/_point_s.c
[1.168s] -- Up-to-date: /home/team100/roboracer_116_lehigh/team_ws/install/apriltag_msgs/local/lib/python3.10/dist-packages/apriltag_msgs/msg/_april_tag_detection.py
[1.168s] -- Up-to-date: /home/team100/roboracer_116_lehigh/team_ws/install/apriltag_msgs/local/lib/python3.10/dist-packages/apriltag_msgs/msg/_april_tag_detection_array_s.c
[1.168s] -- Up-to-date: /home/team100/roboracer_116_lehigh/team_ws/install/apriltag_msgs/local/lib/python3.10/dist-packages/apriltag_msgs/msg/_april_tag_detection_array.py
[1.168s] -- Up-to-date: /home/team100/roboracer_116_lehigh/team_ws/install/apriltag_msgs/local/lib/python3.10/dist-packages/apriltag_msgs/apriltag_msgs_s__rosidl_typesupport_introspection_c.cpython-310-aarch64-linux-gnu.so
[1.169s] -- Up-to-date: /home/team100/roboracer_116_lehigh/team_ws/install/apriltag_msgs/local/lib/python3.10/dist-packages/apriltag_msgs/apriltag_msgs_s__rosidl_typesupport_fastrtps_c.cpython-310-aarch64-linux-gnu.so
[1.245s] Listing '/home/team100/roboracer_116_lehigh/team_ws/install/apriltag_msgs/local/lib/python3.10/dist-packages/apriltag_msgs'...
[1.245s] Listing '/home/team100/roboracer_116_lehigh/team_ws/install/apriltag_msgs/local/lib/python3.10/dist-packages/apriltag_msgs/msg'...
[1.258s] -- Up-to-date: /home/team100/roboracer_116_lehigh/team_ws/install/apriltag_msgs/local/lib/python3.10/dist-packages/apriltag_msgs/apriltag_msgs_s__rosidl_typesupport_fastrtps_c.cpython-310-aarch64-linux-gnu.so
[1.259s] -- Up-to-date: /home/team100/roboracer_116_lehigh/team_ws/install/apriltag_msgs/local/lib/python3.10/dist-packages/apriltag_msgs/apriltag_msgs_s__rosidl_typesupport_introspection_c.cpython-310-aarch64-linux-gnu.so
[1.260s] -- Up-to-date: /home/team100/roboracer_116_lehigh/team_ws/install/apriltag_msgs/local/lib/python3.10/dist-packages/apriltag_msgs/apriltag_msgs_s__rosidl_typesupport_c.cpython-310-aarch64-linux-gnu.so
[1.263s] -- Up-to-date: /home/team100/roboracer_116_lehigh/team_ws/install/apriltag_msgs/lib/libapriltag_msgs__rosidl_generator_py.so
[1.264s] -- Up-to-date: /home/team100/roboracer_116_lehigh/team_ws/install/apriltag_msgs/share/apriltag_msgs/msg/Point.idl
[1.264s] -- Up-to-date: /home/team100/roboracer_116_lehigh/team_ws/install/apriltag_msgs/share/apriltag_msgs/msg/AprilTagDetection.idl
[1.264s] -- Up-to-date: /home/team100/roboracer_116_lehigh/team_ws/install/apriltag_msgs/share/apriltag_msgs/msg/AprilTagDetectionArray.idl
[1.264s] -- Up-to-date: /home/team100/roboracer_116_lehigh/team_ws/install/apriltag_msgs/share/apriltag_msgs/msg/Point.msg
[1.264s] -- Up-to-date: /home/team100/roboracer_116_lehigh/team_ws/install/apriltag_msgs/share/apriltag_msgs/msg/AprilTagDetection.msg
[1.265s] -- Up-to-date: /home/team100/roboracer_116_lehigh/team_ws/install/apriltag_msgs/share/apriltag_msgs/msg/AprilTagDetectionArray.msg
[1.265s] -- Up-to-date: /home/team100/roboracer_116_lehigh/team_ws/install/apriltag_msgs/share/ament_index/resource_index/package_run_dependencies/apriltag_msgs
[1.265s] -- Up-to-date: /home/team100/roboracer_116_lehigh/team_ws/install/apriltag_msgs/share/ament_index/resource_index/parent_prefix_path/apriltag_msgs
[1.265s] -- Up-to-date: /home/team100/roboracer_116_lehigh/team_ws/install/apriltag_msgs/share/apriltag_msgs/environment/ament_prefix_path.sh
[1.266s] -- Up-to-date: /home/team100/roboracer_116_lehigh/team_ws/install/apriltag_msgs/share/apriltag_msgs/environment/ament_prefix_path.dsv
[1.266s] -- Up-to-date: /home/team100/roboracer_116_lehigh/team_ws/install/apriltag_msgs/share/apriltag_msgs/environment/path.sh
[1.266s] -- Up-to-date: /home/team100/roboracer_116_lehigh/team_ws/install/apriltag_msgs/share/apriltag_msgs/environment/path.dsv
[1.266s] -- Up-to-date: /home/team100/roboracer_116_lehigh/team_ws/install/apriltag_msgs/share/apriltag_msgs/local_setup.bash
[1.266s] -- Up-to-date: /home/team100/roboracer_116_lehigh/team_ws/install/apriltag_msgs/share/apriltag_msgs/local_setup.sh
[1.266s] -- Up-to-date: /home/team100/roboracer_116_lehigh/team_ws/install/apriltag_msgs/share/apriltag_msgs/local_setup.zsh
[1.266s] -- Up-to-date: /home/team100/roboracer_116_lehigh/team_ws/install/apriltag_msgs/share/apriltag_msgs/local_setup.dsv
[1.267s] -- Installing: /home/team100/roboracer_116_lehigh/team_ws/install/apriltag_msgs/share/apriltag_msgs/package.dsv
[1.267s] -- Up-to-date: /home/team100/roboracer_116_lehigh/team_ws/install/apriltag_msgs/share/ament_index/resource_index/packages/apriltag_msgs
[1.269s] -- Up-to-date: /home/team100/roboracer_116_lehigh/team_ws/install/apriltag_msgs/share/apriltag_msgs/cmake/export_apriltag_msgs__rosidl_generator_cExport.cmake
[1.269s] -- Up-to-date: /home/team100/roboracer_116_lehigh/team_ws/install/apriltag_msgs/share/apriltag_msgs/cmake/export_apriltag_msgs__rosidl_generator_cExport-noconfig.cmake
[1.270s] -- Up-to-date: /home/team100/roboracer_116_lehigh/team_ws/install/apriltag_msgs/share/apriltag_msgs/cmake/export_apriltag_msgs__rosidl_typesupport_fastrtps_cExport.cmake
[1.271s] -- Up-to-date: /home/team100/roboracer_116_lehigh/team_ws/install/apriltag_msgs/share/apriltag_msgs/cmake/export_apriltag_msgs__rosidl_typesupport_fastrtps_cExport-noconfig.cmake
[1.272s] -- Up-to-date: /home/team100/roboracer_116_lehigh/team_ws/install/apriltag_msgs/share/apriltag_msgs/cmake/apriltag_msgs__rosidl_typesupport_introspection_cExport.cmake
[1.272s] -- Up-to-date: /home/team100/roboracer_116_lehigh/team_ws/install/apriltag_msgs/share/apriltag_msgs/cmake/apriltag_msgs__rosidl_typesupport_introspection_cExport-noconfig.cmake
[1.273s] -- Up-to-date: /home/team100/roboracer_116_lehigh/team_ws/install/apriltag_msgs/share/apriltag_msgs/cmake/apriltag_msgs__rosidl_typesupport_cExport.cmake
[1.273s] -- Up-to-date: /home/team100/roboracer_116_lehigh/team_ws/install/apriltag_msgs/share/apriltag_msgs/cmake/apriltag_msgs__rosidl_typesupport_cExport-noconfig.cmake
[1.274s] -- Up-to-date: /home/team100/roboracer_116_lehigh/team_ws/install/apriltag_msgs/share/apriltag_msgs/cmake/export_apriltag_msgs__rosidl_generator_cppExport.cmake
[1.275s] -- Up-to-date: /home/team100/roboracer_116_lehigh/team_ws/install/apriltag_msgs/share/apriltag_msgs/cmake/export_apriltag_msgs__rosidl_typesupport_fastrtps_cppExport.cmake
[1.275s] -- Up-to-date: /home/team100/roboracer_116_lehigh/team_ws/install/apriltag_msgs/share/apriltag_msgs/cmake/export_apriltag_msgs__rosidl_typesupport_fastrtps_cppExport-noconfig.cmake
[1.276s] -- Up-to-date: /home/team100/roboracer_116_lehigh/team_ws/install/apriltag_msgs/share/apriltag_msgs/cmake/apriltag_msgs__rosidl_typesupport_introspection_cppExport.cmake
[1.276s] -- Up-to-date: /home/team100/roboracer_116_lehigh/team_ws/install/apriltag_msgs/share/apriltag_msgs/cmake/apriltag_msgs__rosidl_typesupport_introspection_cppExport-noconfig.cmake
[1.278s] -- Up-to-date: /home/team100/roboracer_116_lehigh/team_ws/install/apriltag_msgs/share/apriltag_msgs/cmake/apriltag_msgs__rosidl_typesupport_cppExport.cmake
[1.278s] -- Up-to-date: /home/team100/roboracer_116_lehigh/team_ws/install/apriltag_msgs/share/apriltag_msgs/cmake/apriltag_msgs__rosidl_typesupport_cppExport-noconfig.cmake
[1.279s] -- Up-to-date: /home/team100/roboracer_116_lehigh/team_ws/install/apriltag_msgs/share/apriltag_msgs/cmake/export_apriltag_msgs__rosidl_generator_pyExport.cmake
[1.279s] -- Up-to-date: /home/team100/roboracer_116_lehigh/team_ws/install/apriltag_msgs/share/apriltag_msgs/cmake/export_apriltag_msgs__rosidl_generator_pyExport-noconfig.cmake
[1.280s] -- Up-to-date: /home/team100/roboracer_116_lehigh/team_ws/install/apriltag_msgs/share/apriltag_msgs/cmake/rosidl_cmake-extras.cmake
[1.280s] -- Up-to-date: /home/team100/roboracer_116_lehigh/team_ws/install/apriltag_msgs/share/apriltag_msgs/cmake/ament_cmake_export_dependencies-extras.cmake
[1.280s] -- Up-to-date: /home/team100/roboracer_116_lehigh/team_ws/install/apriltag_msgs/share/apriltag_msgs/cmake/ament_cmake_export_include_directories-extras.cmake
[1.280s] -- Up-to-date: /home/team100/roboracer_116_lehigh/team_ws/install/apriltag_msgs/share/apriltag_msgs/cmake/ament_cmake_export_libraries-extras.cmake
[1.280s] -- Up-to-date: /home/team100/roboracer_116_lehigh/team_ws/install/apriltag_msgs/share/apriltag_msgs/cmake/ament_cmake_export_targets-extras.cmake
[1.281s] -- Up-to-date: /home/team100/roboracer_116_lehigh/team_ws/install/apriltag_msgs/share/apriltag_msgs/cmake/rosidl_cmake_export_typesupport_targets-extras.cmake
[1.281s] -- Up-to-date: /home/team100/roboracer_116_lehigh/team_ws/install/apriltag_msgs/share/apriltag_msgs/cmake/rosidl_cmake_export_typesupport_libraries-extras.cmake
[1.281s] -- Up-to-date: /home/team100/roboracer_116_lehigh/team_ws/install/apriltag_msgs/share/apriltag_msgs/cmake/apriltag_msgsConfig.cmake
[1.281s] -- Up-to-date: /home/team100/roboracer_116_lehigh/team_ws/install/apriltag_msgs/share/apriltag_msgs/cmake/apriltag_msgsConfig-version.cmake
[1.281s] -- Up-to-date: /home/team100/roboracer_116_lehigh/team_ws/install/apriltag_msgs/share/apriltag_msgs/package.xml
[1.286s] Invoked command in '/home/team100/roboracer_116_lehigh/team_ws/build/apriltag_msgs' returned '0': CMAKE_PREFIX_PATH=/opt/ros/humble /usr/bin/cmake --install /home/team100/roboracer_116_lehigh/team_ws/build/apriltag_msgs
