[0.040s] Invoking command in '/home/team100/roboracer_116_lehigh/team_ws/build/apriltag': CMAKE_PREFIX_PATH=/opt/ros/humble /usr/bin/cmake --build /home/team100/roboracer_116_lehigh/team_ws/build/apriltag -- -j6 -l6
[0.135s] [  2%] [34m[1mGenerating apriltag_detect_docstring.h, apriltag_detect_docstring.cxx[0m
[0.135s] [  4%] [34m[1mGenerating apriltag_py_type_docstring.h, apriltag_py_type_docstring.cxx[0m
[0.149s] [  6%] [34m[1mGenerating apriltag_estimate_tag_pose_docstring.h, apriltag_estimate_tag_pose_docstring.cxx[0m
[0.155s] [ 86%] Built target apriltag
[0.224s] [ 90%] Built target apriltag_demo
[0.230s] [ 95%] Built target opencv_demo
[0.238s] [ 95%] Built target apriltag_py_docstrings
[0.272s] [35m[1mConsolidate compiler generated dependencies of target apriltag.cpython-310-aarch64-linux-gnu[0m
[0.298s] [ 97%] [32mBuilding C object CMakeFiles/apriltag.cpython-310-aarch64-linux-gnu.dir/apriltag_pywrap.c.o[0m
[0.831s] [100%] [32m[1mLinking C shared module apriltag.cpython-310-aarch64-linux-gnu.so[0m
[0.923s] [100%] Built target apriltag.cpython-310-aarch64-linux-gnu
[0.959s] Invoked command in '/home/team100/roboracer_116_lehigh/team_ws/build/apriltag' returned '0': CMAKE_PREFIX_PATH=/opt/ros/humble /usr/bin/cmake --build /home/team100/roboracer_116_lehigh/team_ws/build/apriltag -- -j6 -l6
[0.965s] Invoking command in '/home/team100/roboracer_116_lehigh/team_ws/build/apriltag': CMAKE_PREFIX_PATH=/opt/ros/humble /usr/bin/cmake --install /home/team100/roboracer_116_lehigh/team_ws/build/apriltag
[0.970s] -- Install configuration: "Release"
[0.970s] -- Up-to-date: /home/team100/roboracer_116_lehigh/team_ws/install/apriltag/include/apriltag/apriltag.h
[0.970s] -- Up-to-date: /home/team100/roboracer_116_lehigh/team_ws/install/apriltag/include/apriltag/apriltag_math.h
[0.971s] -- Up-to-date: /home/team100/roboracer_116_lehigh/team_ws/install/apriltag/include/apriltag/apriltag_pose.h
[0.971s] -- Up-to-date: /home/team100/roboracer_116_lehigh/team_ws/install/apriltag/include/apriltag/common/debug_print.h
[0.971s] -- Up-to-date: /home/team100/roboracer_116_lehigh/team_ws/install/apriltag/include/apriltag/common/doubles.h
[0.971s] -- Up-to-date: /home/team100/roboracer_116_lehigh/team_ws/install/apriltag/include/apriltag/common/doubles_floats_impl.h
[0.971s] -- Up-to-date: /home/team100/roboracer_116_lehigh/team_ws/install/apriltag/include/apriltag/common/floats.h
[0.972s] -- Up-to-date: /home/team100/roboracer_116_lehigh/team_ws/install/apriltag/include/apriltag/common/g2d.h
[0.972s] -- Up-to-date: /home/team100/roboracer_116_lehigh/team_ws/install/apriltag/include/apriltag/common/getopt.h
[0.972s] -- Up-to-date: /home/team100/roboracer_116_lehigh/team_ws/install/apriltag/include/apriltag/common/homography.h
[0.972s] -- Up-to-date: /home/team100/roboracer_116_lehigh/team_ws/install/apriltag/include/apriltag/common/image_types.h
[0.972s] -- Up-to-date: /home/team100/roboracer_116_lehigh/team_ws/install/apriltag/include/apriltag/common/image_u8.h
[0.972s] -- Up-to-date: /home/team100/roboracer_116_lehigh/team_ws/install/apriltag/include/apriltag/common/image_u8_parallel.h
[0.973s] -- Up-to-date: /home/team100/roboracer_116_lehigh/team_ws/install/apriltag/include/apriltag/common/image_u8x3.h
[0.973s] -- Up-to-date: /home/team100/roboracer_116_lehigh/team_ws/install/apriltag/include/apriltag/common/image_u8x4.h
[0.973s] -- Up-to-date: /home/team100/roboracer_116_lehigh/team_ws/install/apriltag/include/apriltag/common/matd.h
[0.973s] -- Up-to-date: /home/team100/roboracer_116_lehigh/team_ws/install/apriltag/include/apriltag/common/math_util.h
[0.973s] -- Up-to-date: /home/team100/roboracer_116_lehigh/team_ws/install/apriltag/include/apriltag/common/pam.h
[0.973s] -- Up-to-date: /home/team100/roboracer_116_lehigh/team_ws/install/apriltag/include/apriltag/common/pjpeg.h
[0.974s] -- Up-to-date: /home/team100/roboracer_116_lehigh/team_ws/install/apriltag/include/apriltag/common/pnm.h
[0.974s] -- Up-to-date: /home/team100/roboracer_116_lehigh/team_ws/install/apriltag/include/apriltag/common/postscript_utils.h
[0.974s] -- Up-to-date: /home/team100/roboracer_116_lehigh/team_ws/install/apriltag/include/apriltag/common/pthreads_cross.h
[0.974s] -- Up-to-date: /home/team100/roboracer_116_lehigh/team_ws/install/apriltag/include/apriltag/common/string_util.h
[0.974s] -- Up-to-date: /home/team100/roboracer_116_lehigh/team_ws/install/apriltag/include/apriltag/common/svd22.h
[0.974s] -- Up-to-date: /home/team100/roboracer_116_lehigh/team_ws/install/apriltag/include/apriltag/common/time_util.h
[0.975s] -- Up-to-date: /home/team100/roboracer_116_lehigh/team_ws/install/apriltag/include/apriltag/common/timeprofile.h
[0.975s] -- Up-to-date: /home/team100/roboracer_116_lehigh/team_ws/install/apriltag/include/apriltag/common/unionfind.h
[0.975s] -- Up-to-date: /home/team100/roboracer_116_lehigh/team_ws/install/apriltag/include/apriltag/common/workerpool.h
[0.975s] -- Up-to-date: /home/team100/roboracer_116_lehigh/team_ws/install/apriltag/include/apriltag/common/zarray.h
[0.975s] -- Up-to-date: /home/team100/roboracer_116_lehigh/team_ws/install/apriltag/include/apriltag/common/zhash.h
[0.975s] -- Up-to-date: /home/team100/roboracer_116_lehigh/team_ws/install/apriltag/include/apriltag/common/zmaxheap.h
[0.975s] -- Up-to-date: /home/team100/roboracer_116_lehigh/team_ws/install/apriltag/include/apriltag/tag16h5.h
[0.976s] -- Up-to-date: /home/team100/roboracer_116_lehigh/team_ws/install/apriltag/include/apriltag/tag25h9.h
[0.976s] -- Up-to-date: /home/team100/roboracer_116_lehigh/team_ws/install/apriltag/include/apriltag/tag36h10.h
[0.976s] -- Up-to-date: /home/team100/roboracer_116_lehigh/team_ws/install/apriltag/include/apriltag/tag36h11.h
[0.976s] -- Up-to-date: /home/team100/roboracer_116_lehigh/team_ws/install/apriltag/include/apriltag/tagCircle21h7.h
[0.976s] -- Up-to-date: /home/team100/roboracer_116_lehigh/team_ws/install/apriltag/include/apriltag/tagCircle49h12.h
[0.976s] -- Up-to-date: /home/team100/roboracer_116_lehigh/team_ws/install/apriltag/include/apriltag/tagCustom48h12.h
[0.976s] -- Up-to-date: /home/team100/roboracer_116_lehigh/team_ws/install/apriltag/include/apriltag/tagStandard41h12.h
[0.976s] -- Up-to-date: /home/team100/roboracer_116_lehigh/team_ws/install/apriltag/include/apriltag/tagStandard52h13.h
[0.977s] -- Up-to-date: /home/team100/roboracer_116_lehigh/team_ws/install/apriltag/lib/libapriltag.so.3.4.5
[0.977s] -- Up-to-date: /home/team100/roboracer_116_lehigh/team_ws/install/apriltag/lib/libapriltag.so.3
[0.977s] -- Up-to-date: /home/team100/roboracer_116_lehigh/team_ws/install/apriltag/lib/libapriltag.so
[0.977s] -- Up-to-date: /home/team100/roboracer_116_lehigh/team_ws/install/apriltag/lib/apriltag/cmake/apriltagTargets.cmake
[0.977s] -- Up-to-date: /home/team100/roboracer_116_lehigh/team_ws/install/apriltag/lib/apriltag/cmake/apriltagTargets-release.cmake
[0.977s] -- Up-to-date: /home/team100/roboracer_116_lehigh/team_ws/install/apriltag/lib/apriltag/cmake/apriltagConfig.cmake
[0.977s] -- Up-to-date: /home/team100/roboracer_116_lehigh/team_ws/install/apriltag/lib/apriltag/cmake/apriltagConfigVersion.cmake
[0.978s] -- Up-to-date: /home/team100/roboracer_116_lehigh/team_ws/install/apriltag/lib/pkgconfig/apriltag.pc
[0.978s] -- Installing: /home/team100/roboracer_116_lehigh/team_ws/install/apriltag/lib/python3.10/site-packages/apriltag.cpython-310-aarch64-linux-gnu.so
[0.978s] -- Set runtime path of "/home/team100/roboracer_116_lehigh/team_ws/install/apriltag/lib/python3.10/site-packages/apriltag.cpython-310-aarch64-linux-gnu.so" to ""
[0.978s] -- Up-to-date: /home/team100/roboracer_116_lehigh/team_ws/install/apriltag/bin/opencv_demo
[0.978s] -- Up-to-date: /home/team100/roboracer_116_lehigh/team_ws/install/apriltag/bin/apriltag_demo
[0.980s] Invoked command in '/home/team100/roboracer_116_lehigh/team_ws/build/apriltag' returned '0': CMAKE_PREFIX_PATH=/opt/ros/humble /usr/bin/cmake --install /home/team100/roboracer_116_lehigh/team_ws/build/apriltag
