[0.024s] Invoking command in '/home/team100/team_ws/src/build/apriltag_ros': AMENT_PREFIX_PATH=/home/team100/team_ws/src/install/apriltag_msgs:${AMENT_PREFIX_PATH} CMAKE_PREFIX_PATH=/home/team100/team_ws/src/install/apriltag_msgs:/home/team100/team_ws/src/install/apriltag:/opt/ros/humble LD_LIBRARY_PATH=/home/team100/team_ws/src/install/apriltag_msgs/lib:/home/team100/team_ws/src/install/apriltag/lib:${LD_LIBRARY_PATH} PATH=/home/team100/team_ws/src/install/apriltag/bin:${PATH} PKG_CONFIG_PATH=/home/team100/team_ws/src/install/apriltag/lib/aarch64-linux-gnu/pkgconfig:/home/team100/team_ws/src/install/apriltag/lib/pkgconfig PYTHONPATH=/home/team100/team_ws/src/install/apriltag_msgs/local/lib/python3.10/dist-packages:/home/team100/team_ws/src/install/apriltag/lib/python3.10/site-packages:${PYTHONPATH} /usr/bin/cmake /home/team100/team_ws/src/apriltag_ros -DCMAKE_INSTALL_PREFIX=/home/team100/team_ws/src/install/apriltag_ros
[0.131s] -- The C compiler identification is GNU 11.4.0
[0.246s] -- The CXX compiler identification is GNU 11.4.0
[0.266s] -- Detecting C compiler ABI info
[0.412s] -- Detecting C compiler ABI info - done
[0.437s] -- Check for working C compiler: /usr/bin/cc - skipped
[0.438s] -- Detecting C compile features
[0.439s] -- Detecting C compile features - done
[0.450s] -- Detecting CXX compiler ABI info
[0.609s] -- Detecting CXX compiler ABI info - done
[0.635s] -- Check for working CXX compiler: /usr/bin/c++ - skipped
[0.636s] -- Detecting CXX compile features
[0.638s] -- Detecting CXX compile features - done
[0.647s] -- Found rclcpp: 16.0.18 (/opt/ros/humble/share/rclcpp/cmake)
[0.986s] -- Found Python3: /usr/bin/python3 (found version "3.10.12") found components: Interpreter 
[1.307s] -- Found rosidl_generator_c: 3.1.8 (/opt/ros/humble/share/rosidl_generator_c/cmake)
[1.316s] -- Found rosidl_adapter: 3.1.8 (/opt/ros/humble/share/rosidl_adapter/cmake)
[1.333s] -- Found rosidl_generator_cpp: 3.1.8 (/opt/ros/humble/share/rosidl_generator_cpp/cmake)
[1.358s] -- Using all available rosidl_typesupport_c: rosidl_typesupport_fastrtps_c;rosidl_typesupport_introspection_c
[1.389s] -- Using all available rosidl_typesupport_cpp: rosidl_typesupport_fastrtps_cpp;rosidl_typesupport_introspection_cpp
[1.515s] -- Found rmw_implementation_cmake: 6.1.2 (/opt/ros/humble/share/rmw_implementation_cmake/cmake)
[1.523s] -- Found rmw_fastrtps_cpp: 6.2.10 (/opt/ros/humble/share/rmw_fastrtps_cpp/cmake)
[1.725s] -- Found OpenSSL: /usr/lib/aarch64-linux-gnu/libcrypto.so (found version "3.0.2")  
[1.800s] -- Found FastRTPS: /opt/ros/humble/include  
[1.880s] -- Using RMW implementation 'rmw_fastrtps_cpp' as default
[1.907s] -- Looking for pthread.h
[2.047s] -- Looking for pthread.h - found
[2.048s] -- Performing Test CMAKE_HAVE_LIBC_PTHREAD
[2.199s] -- Performing Test CMAKE_HAVE_LIBC_PTHREAD - Success
[2.203s] -- Found Threads: TRUE  
[2.390s] -- Found rclcpp_components: 16.0.18 (/opt/ros/humble/share/rclcpp_components/cmake)
[2.471s] -- Found sensor_msgs: 4.9.1 (/opt/ros/humble/share/sensor_msgs/cmake)
[2.556s] -- Found apriltag_msgs: 2.0.1 (/home/team100/team_ws/src/install/apriltag_msgs/share/apriltag_msgs/cmake)
[2.585s] -- Found tf2_ros: 0.25.19 (/opt/ros/humble/share/tf2_ros/cmake)
[2.773s] -- Found image_transport: 3.1.12 (/opt/ros/humble/share/image_transport/cmake)
[2.820s] -- Found cv_bridge: 3.2.1 (/opt/ros/humble/share/cv_bridge/cmake)
[2.865s] -- Found OpenCV: /usr (found version "4.5.4") found components: core calib3d 
[2.877s] -- Found ament_lint_auto: 0.12.15 (/opt/ros/humble/share/ament_lint_auto/cmake)
[3.093s] -- Added test 'clang_format' to check C / C++ code style
[3.104s] -- Added test 'cppcheck' to perform static code analysis on C / C++ code
[3.105s] -- Configured cppcheck include dirs: 
[3.105s] -- Configured cppcheck exclude dirs and/or files: 
[3.108s] -- Configuring done
[3.168s] -- Generating done
[3.184s] -- Build files have been written to: /home/team100/team_ws/src/build/apriltag_ros
[3.212s] Invoked command in '/home/team100/team_ws/src/build/apriltag_ros' returned '0': AMENT_PREFIX_PATH=/home/team100/team_ws/src/install/apriltag_msgs:${AMENT_PREFIX_PATH} CMAKE_PREFIX_PATH=/home/team100/team_ws/src/install/apriltag_msgs:/home/team100/team_ws/src/install/apriltag:/opt/ros/humble LD_LIBRARY_PATH=/home/team100/team_ws/src/install/apriltag_msgs/lib:/home/team100/team_ws/src/install/apriltag/lib:${LD_LIBRARY_PATH} PATH=/home/team100/team_ws/src/install/apriltag/bin:${PATH} PKG_CONFIG_PATH=/home/team100/team_ws/src/install/apriltag/lib/aarch64-linux-gnu/pkgconfig:/home/team100/team_ws/src/install/apriltag/lib/pkgconfig PYTHONPATH=/home/team100/team_ws/src/install/apriltag_msgs/local/lib/python3.10/dist-packages:/home/team100/team_ws/src/install/apriltag/lib/python3.10/site-packages:${PYTHONPATH} /usr/bin/cmake /home/team100/team_ws/src/apriltag_ros -DCMAKE_INSTALL_PREFIX=/home/team100/team_ws/src/install/apriltag_ros
[3.217s] Invoking command in '/home/team100/team_ws/src/build/apriltag_ros': AMENT_PREFIX_PATH=/home/team100/team_ws/src/install/apriltag_msgs:${AMENT_PREFIX_PATH} CMAKE_PREFIX_PATH=/home/team100/team_ws/src/install/apriltag_msgs:/home/team100/team_ws/src/install/apriltag:/opt/ros/humble LD_LIBRARY_PATH=/home/team100/team_ws/src/install/apriltag_msgs/lib:/home/team100/team_ws/src/install/apriltag/lib:${LD_LIBRARY_PATH} PATH=/home/team100/team_ws/src/install/apriltag/bin:${PATH} PKG_CONFIG_PATH=/home/team100/team_ws/src/install/apriltag/lib/aarch64-linux-gnu/pkgconfig:/home/team100/team_ws/src/install/apriltag/lib/pkgconfig PYTHONPATH=/home/team100/team_ws/src/install/apriltag_msgs/local/lib/python3.10/dist-packages:/home/team100/team_ws/src/install/apriltag/lib/python3.10/site-packages:${PYTHONPATH} /usr/bin/cmake --build /home/team100/team_ws/src/build/apriltag_ros -- -j6 -l6
[3.316s] [ 20%] [32mBuilding CXX object CMakeFiles/conversion.dir/src/conversion.cpp.o[0m
[3.316s] [ 20%] [32mBuilding CXX object CMakeFiles/tags.dir/src/tag_functions.cpp.o[0m
[3.319s] [ 30%] [32mBuilding CXX object CMakeFiles/apriltag_node.dir/rclcpp_components/node_main_apriltag_node.cpp.o[0m
[4.081s] [ 40%] [32m[1mLinking CXX static library libtags.a[0m
[4.154s] [ 40%] Built target tags
[7.924s] [ 50%] [32m[1mLinking CXX static library libconversion.a[0m
[7.999s] [ 50%] Built target conversion
[8.041s] [ 60%] [32mBuilding CXX object CMakeFiles/pose_estimation.dir/src/pose_estimation.cpp.o[0m
[11.079s] [ 70%] [32m[1mLinking CXX executable apriltag_node[0m
[11.438s] [ 70%] Built target apriltag_node
[12.542s] [ 80%] [32m[1mLinking CXX static library libpose_estimation.a[0m
[12.610s] [ 80%] Built target pose_estimation
[12.653s] [ 90%] [32mBuilding CXX object CMakeFiles/AprilTagNode.dir/src/AprilTagNode.cpp.o[0m
[27.272s] [100%] [32m[1mLinking CXX shared library libAprilTagNode.so[0m
[28.173s] [100%] Built target AprilTagNode
[28.194s] Invoked command in '/home/team100/team_ws/src/build/apriltag_ros' returned '0': AMENT_PREFIX_PATH=/home/team100/team_ws/src/install/apriltag_msgs:${AMENT_PREFIX_PATH} CMAKE_PREFIX_PATH=/home/team100/team_ws/src/install/apriltag_msgs:/home/team100/team_ws/src/install/apriltag:/opt/ros/humble LD_LIBRARY_PATH=/home/team100/team_ws/src/install/apriltag_msgs/lib:/home/team100/team_ws/src/install/apriltag/lib:${LD_LIBRARY_PATH} PATH=/home/team100/team_ws/src/install/apriltag/bin:${PATH} PKG_CONFIG_PATH=/home/team100/team_ws/src/install/apriltag/lib/aarch64-linux-gnu/pkgconfig:/home/team100/team_ws/src/install/apriltag/lib/pkgconfig PYTHONPATH=/home/team100/team_ws/src/install/apriltag_msgs/local/lib/python3.10/dist-packages:/home/team100/team_ws/src/install/apriltag/lib/python3.10/site-packages:${PYTHONPATH} /usr/bin/cmake --build /home/team100/team_ws/src/build/apriltag_ros -- -j6 -l6
[28.199s] Invoking command in '/home/team100/team_ws/src/build/apriltag_ros': AMENT_PREFIX_PATH=/home/team100/team_ws/src/install/apriltag_msgs:${AMENT_PREFIX_PATH} CMAKE_PREFIX_PATH=/home/team100/team_ws/src/install/apriltag_msgs:/home/team100/team_ws/src/install/apriltag:/opt/ros/humble LD_LIBRARY_PATH=/home/team100/team_ws/src/install/apriltag_msgs/lib:/home/team100/team_ws/src/install/apriltag/lib:${LD_LIBRARY_PATH} PATH=/home/team100/team_ws/src/install/apriltag/bin:${PATH} PKG_CONFIG_PATH=/home/team100/team_ws/src/install/apriltag/lib/aarch64-linux-gnu/pkgconfig:/home/team100/team_ws/src/install/apriltag/lib/pkgconfig PYTHONPATH=/home/team100/team_ws/src/install/apriltag_msgs/local/lib/python3.10/dist-packages:/home/team100/team_ws/src/install/apriltag/lib/python3.10/site-packages:${PYTHONPATH} /usr/bin/cmake --install /home/team100/team_ws/src/build/apriltag_ros
[28.214s] -- Install configuration: ""
[28.215s] -- Installing: /home/team100/team_ws/src/install/apriltag_ros/lib/apriltag_ros/apriltag_node
[28.216s] -- Set runtime path of "/home/team100/team_ws/src/install/apriltag_ros/lib/apriltag_ros/apriltag_node" to ""
[28.216s] -- Installing: /home/team100/team_ws/src/install/apriltag_ros/share/apriltag_ros/environment/library_path.sh
[28.217s] -- Installing: /home/team100/team_ws/src/install/apriltag_ros/share/apriltag_ros/environment/library_path.dsv
[28.217s] -- Installing: /home/team100/team_ws/src/install/apriltag_ros/lib/libAprilTagNode.so
[28.224s] -- Set runtime path of "/home/team100/team_ws/src/install/apriltag_ros/lib/libAprilTagNode.so" to ""
[28.224s] -- Installing: /home/team100/team_ws/src/install/apriltag_ros/share/apriltag_ros/cfg
[28.224s] -- Installing: /home/team100/team_ws/src/install/apriltag_ros/share/apriltag_ros/cfg/tags_36h11.yaml
[28.225s] -- Installing: /home/team100/team_ws/src/install/apriltag_ros/share/apriltag_ros/launch
[28.226s] -- Installing: /home/team100/team_ws/src/install/apriltag_ros/share/apriltag_ros/launch/rs2camera_tag.launch.yml
[28.226s] -- Installing: /home/team100/team_ws/src/install/apriltag_ros/share/apriltag_ros/launch/camera_36h11.launch.yml
[28.227s] -- Installing: /home/team100/team_ws/src/install/apriltag_ros/share/ament_index/resource_index/package_run_dependencies/apriltag_ros
[28.227s] -- Installing: /home/team100/team_ws/src/install/apriltag_ros/share/ament_index/resource_index/parent_prefix_path/apriltag_ros
[28.228s] -- Installing: /home/team100/team_ws/src/install/apriltag_ros/share/apriltag_ros/environment/ament_prefix_path.sh
[28.228s] -- Installing: /home/team100/team_ws/src/install/apriltag_ros/share/apriltag_ros/environment/ament_prefix_path.dsv
[28.228s] -- Installing: /home/team100/team_ws/src/install/apriltag_ros/share/apriltag_ros/environment/path.sh
[28.229s] -- Installing: /home/team100/team_ws/src/install/apriltag_ros/share/apriltag_ros/environment/path.dsv
[28.229s] -- Installing: /home/team100/team_ws/src/install/apriltag_ros/share/apriltag_ros/local_setup.bash
[28.229s] -- Installing: /home/team100/team_ws/src/install/apriltag_ros/share/apriltag_ros/local_setup.sh
[28.229s] -- Installing: /home/team100/team_ws/src/install/apriltag_ros/share/apriltag_ros/local_setup.zsh
[28.230s] -- Installing: /home/team100/team_ws/src/install/apriltag_ros/share/apriltag_ros/local_setup.dsv
[28.230s] -- Installing: /home/team100/team_ws/src/install/apriltag_ros/share/apriltag_ros/package.dsv
[28.230s] -- Installing: /home/team100/team_ws/src/install/apriltag_ros/share/ament_index/resource_index/packages/apriltag_ros
[28.231s] -- Installing: /home/team100/team_ws/src/install/apriltag_ros/share/ament_index/resource_index/rclcpp_components/apriltag_ros
[28.231s] -- Installing: /home/team100/team_ws/src/install/apriltag_ros/share/apriltag_ros/cmake/apriltag_rosConfig.cmake
[28.231s] -- Installing: /home/team100/team_ws/src/install/apriltag_ros/share/apriltag_ros/cmake/apriltag_rosConfig-version.cmake
[28.231s] -- Installing: /home/team100/team_ws/src/install/apriltag_ros/share/apriltag_ros/package.xml
[28.237s] Invoked command in '/home/team100/team_ws/src/build/apriltag_ros' returned '0': AMENT_PREFIX_PATH=/home/team100/team_ws/src/install/apriltag_msgs:${AMENT_PREFIX_PATH} CMAKE_PREFIX_PATH=/home/team100/team_ws/src/install/apriltag_msgs:/home/team100/team_ws/src/install/apriltag:/opt/ros/humble LD_LIBRARY_PATH=/home/team100/team_ws/src/install/apriltag_msgs/lib:/home/team100/team_ws/src/install/apriltag/lib:${LD_LIBRARY_PATH} PATH=/home/team100/team_ws/src/install/apriltag/bin:${PATH} PKG_CONFIG_PATH=/home/team100/team_ws/src/install/apriltag/lib/aarch64-linux-gnu/pkgconfig:/home/team100/team_ws/src/install/apriltag/lib/pkgconfig PYTHONPATH=/home/team100/team_ws/src/install/apriltag_msgs/local/lib/python3.10/dist-packages:/home/team100/team_ws/src/install/apriltag/lib/python3.10/site-packages:${PYTHONPATH} /usr/bin/cmake --install /home/team100/team_ws/src/build/apriltag_ros
