[0.039s] Invoking command in '/home/team100/team_ws/src/build/apriltag': CMAKE_PREFIX_PATH=${CMAKE_PREFIX_PATH}:/home/team100/team_ws/install/e116:/opt/ros/humble /usr/bin/cmake --build /home/team100/team_ws/src/build/apriltag -- -j6 -l6
[0.137s] [  2%] [34m[1mGenerating apriltag_py_type_docstring.h, apriltag_py_type_docstring.cxx[0m
[0.137s] [  4%] [34m[1mGenerating apriltag_detect_docstring.h, apriltag_detect_docstring.cxx[0m
[0.150s] [  6%] [34m[1mGenerating apriltag_estimate_tag_pose_docstring.h, apriltag_estimate_tag_pose_docstring.cxx[0m
[0.160s] [ 86%] Built target apriltag
[0.235s] [ 86%] Built target apriltag_py_docstrings
[0.236s] [ 90%] Built target apriltag_demo
[0.259s] [35m[1mConsolidate compiler generated dependencies of target apriltag.cpython-310-aarch64-linux-gnu[0m
[0.266s] [ 95%] Built target opencv_demo
[0.286s] [ 97%] [32mBuilding C object CMakeFiles/apriltag.cpython-310-aarch64-linux-gnu.dir/apriltag_pywrap.c.o[0m
[0.820s] [100%] [32m[1mLinking C shared module apriltag.cpython-310-aarch64-linux-gnu.so[0m
[0.897s] [100%] Built target apriltag.cpython-310-aarch64-linux-gnu
[0.920s] Invoked command in '/home/team100/team_ws/src/build/apriltag' returned '0': CMAKE_PREFIX_PATH=${CMAKE_PREFIX_PATH}:/home/team100/team_ws/install/e116:/opt/ros/humble /usr/bin/cmake --build /home/team100/team_ws/src/build/apriltag -- -j6 -l6
[0.941s] Invoking command in '/home/team100/team_ws/src/build/apriltag': CMAKE_PREFIX_PATH=${CMAKE_PREFIX_PATH}:/home/team100/team_ws/install/e116:/opt/ros/humble /usr/bin/cmake --install /home/team100/team_ws/src/build/apriltag
[0.957s] -- Install configuration: "Release"
[0.957s] -- Up-to-date: /home/team100/team_ws/src/install/apriltag/include/apriltag/apriltag.h
[0.957s] -- Up-to-date: /home/team100/team_ws/src/install/apriltag/include/apriltag/apriltag_math.h
[0.958s] -- Up-to-date: /home/team100/team_ws/src/install/apriltag/include/apriltag/apriltag_pose.h
[0.958s] -- Up-to-date: /home/team100/team_ws/src/install/apriltag/include/apriltag/common/debug_print.h
[0.958s] -- Up-to-date: /home/team100/team_ws/src/install/apriltag/include/apriltag/common/doubles.h
[0.958s] -- Up-to-date: /home/team100/team_ws/src/install/apriltag/include/apriltag/common/doubles_floats_impl.h
[0.959s] -- Up-to-date: /home/team100/team_ws/src/install/apriltag/include/apriltag/common/floats.h
[0.959s] -- Up-to-date: /home/team100/team_ws/src/install/apriltag/include/apriltag/common/g2d.h
[0.959s] -- Up-to-date: /home/team100/team_ws/src/install/apriltag/include/apriltag/common/getopt.h
[0.959s] -- Up-to-date: /home/team100/team_ws/src/install/apriltag/include/apriltag/common/homography.h
[0.959s] -- Up-to-date: /home/team100/team_ws/src/install/apriltag/include/apriltag/common/image_types.h
[0.959s] -- Up-to-date: /home/team100/team_ws/src/install/apriltag/include/apriltag/common/image_u8.h
[0.960s] -- Up-to-date: /home/team100/team_ws/src/install/apriltag/include/apriltag/common/image_u8_parallel.h
[0.960s] -- Up-to-date: /home/team100/team_ws/src/install/apriltag/include/apriltag/common/image_u8x3.h
[0.960s] -- Up-to-date: /home/team100/team_ws/src/install/apriltag/include/apriltag/common/image_u8x4.h
[0.960s] -- Up-to-date: /home/team100/team_ws/src/install/apriltag/include/apriltag/common/matd.h
[0.960s] -- Up-to-date: /home/team100/team_ws/src/install/apriltag/include/apriltag/common/math_util.h
[0.960s] -- Up-to-date: /home/team100/team_ws/src/install/apriltag/include/apriltag/common/pam.h
[0.961s] -- Up-to-date: /home/team100/team_ws/src/install/apriltag/include/apriltag/common/pjpeg.h
[0.961s] -- Up-to-date: /home/team100/team_ws/src/install/apriltag/include/apriltag/common/pnm.h
[0.961s] -- Up-to-date: /home/team100/team_ws/src/install/apriltag/include/apriltag/common/postscript_utils.h
[0.961s] -- Up-to-date: /home/team100/team_ws/src/install/apriltag/include/apriltag/common/pthreads_cross.h
[0.962s] -- Up-to-date: /home/team100/team_ws/src/install/apriltag/include/apriltag/common/string_util.h
[0.962s] -- Up-to-date: /home/team100/team_ws/src/install/apriltag/include/apriltag/common/svd22.h
[0.962s] -- Up-to-date: /home/team100/team_ws/src/install/apriltag/include/apriltag/common/time_util.h
[0.963s] -- Up-to-date: /home/team100/team_ws/src/install/apriltag/include/apriltag/common/timeprofile.h
[0.963s] -- Up-to-date: /home/team100/team_ws/src/install/apriltag/include/apriltag/common/unionfind.h
[0.963s] -- Up-to-date: /home/team100/team_ws/src/install/apriltag/include/apriltag/common/workerpool.h
[0.963s] -- Up-to-date: /home/team100/team_ws/src/install/apriltag/include/apriltag/common/zarray.h
[0.963s] -- Up-to-date: /home/team100/team_ws/src/install/apriltag/include/apriltag/common/zhash.h
[0.964s] -- Up-to-date: /home/team100/team_ws/src/install/apriltag/include/apriltag/common/zmaxheap.h
[0.964s] -- Up-to-date: /home/team100/team_ws/src/install/apriltag/include/apriltag/tag16h5.h
[0.964s] -- Up-to-date: /home/team100/team_ws/src/install/apriltag/include/apriltag/tag25h9.h
[0.964s] -- Up-to-date: /home/team100/team_ws/src/install/apriltag/include/apriltag/tag36h10.h
[0.964s] -- Up-to-date: /home/team100/team_ws/src/install/apriltag/include/apriltag/tag36h11.h
[0.965s] -- Up-to-date: /home/team100/team_ws/src/install/apriltag/include/apriltag/tagCircle21h7.h
[0.965s] -- Up-to-date: /home/team100/team_ws/src/install/apriltag/include/apriltag/tagCircle49h12.h
[0.965s] -- Up-to-date: /home/team100/team_ws/src/install/apriltag/include/apriltag/tagCustom48h12.h
[0.965s] -- Up-to-date: /home/team100/team_ws/src/install/apriltag/include/apriltag/tagStandard41h12.h
[0.965s] -- Up-to-date: /home/team100/team_ws/src/install/apriltag/include/apriltag/tagStandard52h13.h
[0.966s] -- Up-to-date: /home/team100/team_ws/src/install/apriltag/lib/libapriltag.so.3.4.5
[0.966s] -- Up-to-date: /home/team100/team_ws/src/install/apriltag/lib/libapriltag.so.3
[0.966s] -- Up-to-date: /home/team100/team_ws/src/install/apriltag/lib/libapriltag.so
[0.966s] -- Up-to-date: /home/team100/team_ws/src/install/apriltag/lib/apriltag/cmake/apriltagTargets.cmake
[0.966s] -- Up-to-date: /home/team100/team_ws/src/install/apriltag/lib/apriltag/cmake/apriltagTargets-release.cmake
[0.969s] -- Up-to-date: /home/team100/team_ws/src/install/apriltag/lib/apriltag/cmake/apriltagConfig.cmake
[0.972s] -- Up-to-date: /home/team100/team_ws/src/install/apriltag/lib/apriltag/cmake/apriltagConfigVersion.cmake
[0.973s] -- Up-to-date: /home/team100/team_ws/src/install/apriltag/lib/pkgconfig/apriltag.pc
[0.974s] -- Installing: /home/team100/team_ws/src/install/apriltag/lib/python3.10/site-packages/apriltag.cpython-310-aarch64-linux-gnu.so
[0.979s] -- Set runtime path of "/home/team100/team_ws/src/install/apriltag/lib/python3.10/site-packages/apriltag.cpython-310-aarch64-linux-gnu.so" to ""
[0.980s] -- Up-to-date: /home/team100/team_ws/src/install/apriltag/bin/opencv_demo
[0.980s] -- Up-to-date: /home/team100/team_ws/src/install/apriltag/bin/apriltag_demo
[0.998s] Invoked command in '/home/team100/team_ws/src/build/apriltag' returned '0': CMAKE_PREFIX_PATH=${CMAKE_PREFIX_PATH}:/home/team100/team_ws/install/e116:/opt/ros/humble /usr/bin/cmake --install /home/team100/team_ws/src/build/apriltag
