[0.044s] Invoking command in '/home/team100/team_ws/src/build/apriltag_msgs': CMAKE_PREFIX_PATH=/opt/ros/humble /usr/bin/cmake /home/team100/team_ws/src/apriltag_msgs -DCMAKE_INSTALL_PREFIX=/home/team100/team_ws/src/install/apriltag_msgs
[0.957s] -- The C compiler identification is GNU 11.4.0
[1.571s] -- The CXX compiler identification is GNU 11.4.0
[1.595s] -- Detecting C compiler ABI info
[1.734s] -- Detecting C compiler ABI info - done
[1.749s] -- Check for working C compiler: /usr/bin/cc - skipped
[1.749s] -- Detecting C compile features
[1.750s] -- Detecting C compile features - done
[1.761s] -- Detecting CXX compiler ABI info
[1.917s] -- Detecting CXX compiler ABI info - done
[1.934s] -- Check for working CXX compiler: /usr/bin/c++ - skipped
[1.934s] -- Detecting CXX compile features
[1.935s] -- Detecting CXX compile features - done
[1.974s] -- Found ament_cmake: 1.3.13 (/opt/ros/humble/share/ament_cmake/cmake)
[2.333s] -- Found Python3: /usr/bin/python3 (found version "3.10.12") found components: Interpreter 
[2.904s] -- Found rosidl_default_generators: 1.2.0 (/opt/ros/humble/share/rosidl_default_generators/cmake)
[2.939s] -- Using all available rosidl_typesupport_c: rosidl_typesupport_fastrtps_c;rosidl_typesupport_introspection_c
[2.992s] -- Found rosidl_adapter: 3.1.8 (/opt/ros/humble/share/rosidl_adapter/cmake)
[3.336s] -- Using all available rosidl_typesupport_cpp: rosidl_typesupport_fastrtps_cpp;rosidl_typesupport_introspection_cpp
[3.606s] -- Found std_msgs: 4.9.1 (/opt/ros/humble/share/std_msgs/cmake)
[4.499s] -- Found ament_cmake_ros: 0.10.0 (/opt/ros/humble/share/ament_cmake_ros/cmake)
[5.159s] -- Using all available rosidl_typesupport_c: rosidl_typesupport_fastrtps_c;rosidl_typesupport_introspection_c
[6.141s] -- Using all available rosidl_typesupport_cpp: rosidl_typesupport_fastrtps_cpp;rosidl_typesupport_introspection_cpp
[6.204s] -- Found PythonInterp: /usr/bin/python3 (found suitable version "3.10.12", minimum required is "3.6") 
[6.211s] -- Found python_cmake_module: 0.10.0 (/opt/ros/humble/share/python_cmake_module/cmake)
[6.300s] -- Found PythonLibs: /usr/lib/aarch64-linux-gnu/libpython3.10.so (found suitable version "3.10.12", minimum required is "3.5") 
[6.300s] -- Using PYTHON_EXECUTABLE: /usr/bin/python3
[6.301s] -- Using PYTHON_INCLUDE_DIRS: /usr/include/python3.10
[6.301s] -- Using PYTHON_LIBRARIES: /usr/lib/aarch64-linux-gnu/libpython3.10.so
[6.361s] -- Found PythonExtra: .so  
[6.579s] -- Found ament_lint_auto: 0.12.15 (/opt/ros/humble/share/ament_lint_auto/cmake)
[6.735s] -- Added test 'lint_cmake' to check CMake code style
[6.751s] -- Added test 'xmllint' to check XML markup files
[6.762s] -- Configuring done
[6.888s] -- Generating done
[6.919s] -- Build files have been written to: /home/team100/team_ws/src/build/apriltag_msgs
[6.940s] Invoked command in '/home/team100/team_ws/src/build/apriltag_msgs' returned '0': CMAKE_PREFIX_PATH=/opt/ros/humble /usr/bin/cmake /home/team100/team_ws/src/apriltag_msgs -DCMAKE_INSTALL_PREFIX=/home/team100/team_ws/src/install/apriltag_msgs
[6.941s] Invoking command in '/home/team100/team_ws/src/build/apriltag_msgs': CMAKE_PREFIX_PATH=/opt/ros/humble /usr/bin/cmake --build /home/team100/team_ws/src/build/apriltag_msgs -- -j6 -l6
[7.120s] [  2%] [34m[1mGenerating C code for ROS interfaces[0m
[7.164s] [  4%] [34m[1mGenerating C++ code for ROS interfaces[0m
[7.175s] [  4%] Built target ament_cmake_python_copy_apriltag_msgs
[7.837s] running egg_info
[7.838s] creating apriltag_msgs.egg-info
[7.838s] writing apriltag_msgs.egg-info/PKG-INFO
[7.839s] writing dependency_links to apriltag_msgs.egg-info/dependency_links.txt
[7.839s] writing top-level names to apriltag_msgs.egg-info/top_level.txt
[7.840s] writing manifest file 'apriltag_msgs.egg-info/SOURCES.txt'
[7.844s] reading manifest file 'apriltag_msgs.egg-info/SOURCES.txt'
[7.846s] writing manifest file 'apriltag_msgs.egg-info/SOURCES.txt'
[7.926s] [  4%] Built target ament_cmake_python_build_apriltag_msgs_egg
[8.377s] [  6%] [32mBuilding C object CMakeFiles/apriltag_msgs__rosidl_generator_c.dir/rosidl_generator_c/apriltag_msgs/msg/detail/point__functions.c.o[0m
[8.378s] [  8%] [32mBuilding C object CMakeFiles/apriltag_msgs__rosidl_generator_c.dir/rosidl_generator_c/apriltag_msgs/msg/detail/april_tag_detection_array__functions.c.o[0m
[8.387s] [ 10%] [32mBuilding C object CMakeFiles/apriltag_msgs__rosidl_generator_c.dir/rosidl_generator_c/apriltag_msgs/msg/detail/april_tag_detection__functions.c.o[0m
[8.397s] [ 10%] Built target apriltag_msgs__cpp
[8.418s] [ 12%] [34m[1mGenerating C++ type support dispatch for ROS interfaces[0m
[8.429s] [ 14%] [34m[1mGenerating C++ type support for eProsima Fast-RTPS[0m
[8.438s] [ 17%] [34m[1mGenerating C++ introspection for ROS interfaces[0m
[8.623s] [ 19%] [32m[1mLinking C shared library libapriltag_msgs__rosidl_generator_c.so[0m
[8.749s] [ 19%] Built target apriltag_msgs__rosidl_generator_c
[8.775s] [ 21%] [34m[1mGenerating C type support for eProsima Fast-RTPS[0m
[8.785s] [ 23%] [34m[1mGenerating C introspection for ROS interfaces[0m
[8.811s] [ 25%] [34m[1mGenerating C type support dispatch for ROS interfaces[0m
[9.364s] [ 27%] [32mBuilding CXX object CMakeFiles/apriltag_msgs__rosidl_typesupport_cpp.dir/rosidl_typesupport_cpp/apriltag_msgs/msg/point__type_support.cpp.o[0m
[9.472s] [ 29%] [32mBuilding CXX object CMakeFiles/apriltag_msgs__rosidl_typesupport_fastrtps_cpp.dir/rosidl_typesupport_fastrtps_cpp/apriltag_msgs/msg/detail/dds_fastrtps/point__type_support.cpp.o[0m
[9.546s] [ 31%] [32mBuilding CXX object CMakeFiles/apriltag_msgs__rosidl_typesupport_introspection_cpp.dir/rosidl_typesupport_introspection_cpp/apriltag_msgs/msg/detail/point__type_support.cpp.o[0m
[9.599s] [ 34%] [32mBuilding CXX object CMakeFiles/apriltag_msgs__rosidl_typesupport_c.dir/rosidl_typesupport_c/apriltag_msgs/msg/point__type_support.cpp.o[0m
[9.683s] [ 36%] [32mBuilding CXX object CMakeFiles/apriltag_msgs__rosidl_typesupport_c.dir/rosidl_typesupport_c/apriltag_msgs/msg/april_tag_detection__type_support.cpp.o[0m
[9.744s] [ 38%] [32mBuilding CXX object CMakeFiles/apriltag_msgs__rosidl_typesupport_c.dir/rosidl_typesupport_c/apriltag_msgs/msg/april_tag_detection_array__type_support.cpp.o[0m
[9.775s] [ 40%] [32mBuilding CXX object CMakeFiles/apriltag_msgs__rosidl_typesupport_fastrtps_c.dir/rosidl_typesupport_fastrtps_c/apriltag_msgs/msg/detail/point__type_support_c.cpp.o[0m
[9.827s] [ 42%] [32mBuilding C object CMakeFiles/apriltag_msgs__rosidl_typesupport_introspection_c.dir/rosidl_typesupport_introspection_c/apriltag_msgs/msg/detail/point__type_support.c.o[0m
[9.839s] [ 44%] [32m[1mLinking CXX shared library libapriltag_msgs__rosidl_typesupport_c.so[0m
[9.960s] [ 46%] [32mBuilding C object CMakeFiles/apriltag_msgs__rosidl_typesupport_introspection_c.dir/rosidl_typesupport_introspection_c/apriltag_msgs/msg/detail/april_tag_detection__type_support.c.o[0m
[10.018s] [ 46%] Built target apriltag_msgs__rosidl_typesupport_c
[10.048s] [ 48%] [32mBuilding CXX object CMakeFiles/apriltag_msgs__rosidl_typesupport_introspection_cpp.dir/rosidl_typesupport_introspection_cpp/apriltag_msgs/msg/detail/april_tag_detection__type_support.cpp.o[0m
[10.068s] [ 51%] [32mBuilding C object CMakeFiles/apriltag_msgs__rosidl_typesupport_introspection_c.dir/rosidl_typesupport_introspection_c/apriltag_msgs/msg/detail/april_tag_detection_array__type_support.c.o[0m
[10.094s] [ 53%] [32mBuilding CXX object CMakeFiles/apriltag_msgs__rosidl_typesupport_cpp.dir/rosidl_typesupport_cpp/apriltag_msgs/msg/april_tag_detection__type_support.cpp.o[0m
[10.308s] [ 55%] [32m[1mLinking C shared library libapriltag_msgs__rosidl_typesupport_introspection_c.so[0m
[10.488s] [ 55%] Built target apriltag_msgs__rosidl_typesupport_introspection_c
[10.546s] [ 57%] [32mBuilding CXX object CMakeFiles/apriltag_msgs__rosidl_typesupport_fastrtps_cpp.dir/rosidl_typesupport_fastrtps_cpp/apriltag_msgs/msg/detail/dds_fastrtps/april_tag_detection__type_support.cpp.o[0m
[10.572s] [ 59%] [32mBuilding CXX object CMakeFiles/apriltag_msgs__rosidl_typesupport_introspection_cpp.dir/rosidl_typesupport_introspection_cpp/apriltag_msgs/msg/detail/april_tag_detection_array__type_support.cpp.o[0m
[10.656s] [ 61%] [32mBuilding CXX object CMakeFiles/apriltag_msgs__rosidl_typesupport_fastrtps_cpp.dir/rosidl_typesupport_fastrtps_cpp/apriltag_msgs/msg/detail/dds_fastrtps/april_tag_detection_array__type_support.cpp.o[0m
[10.678s] [ 63%] [32mBuilding CXX object CMakeFiles/apriltag_msgs__rosidl_typesupport_fastrtps_c.dir/rosidl_typesupport_fastrtps_c/apriltag_msgs/msg/detail/april_tag_detection__type_support_c.cpp.o[0m
[10.758s] [ 65%] [32mBuilding CXX object CMakeFiles/apriltag_msgs__rosidl_typesupport_cpp.dir/rosidl_typesupport_cpp/apriltag_msgs/msg/april_tag_detection_array__type_support.cpp.o[0m
[11.193s] [ 68%] [32mBuilding CXX object CMakeFiles/apriltag_msgs__rosidl_typesupport_fastrtps_c.dir/rosidl_typesupport_fastrtps_c/apriltag_msgs/msg/detail/april_tag_detection_array__type_support_c.cpp.o[0m
[11.493s] [ 70%] [32m[1mLinking CXX shared library libapriltag_msgs__rosidl_typesupport_cpp.so[0m
[11.689s] [ 70%] Built target apriltag_msgs__rosidl_typesupport_cpp
[11.859s] [ 72%] [32m[1mLinking CXX shared library libapriltag_msgs__rosidl_typesupport_fastrtps_cpp.so[0m
[11.866s] [ 74%] [32m[1mLinking CXX shared library libapriltag_msgs__rosidl_typesupport_introspection_cpp.so[0m
[12.034s] [ 74%] Built target apriltag_msgs__rosidl_typesupport_introspection_cpp
[12.034s] [ 74%] Built target apriltag_msgs__rosidl_typesupport_fastrtps_cpp
[12.060s] [ 76%] [32m[1mLinking CXX shared library libapriltag_msgs__rosidl_typesupport_fastrtps_c.so[0m
[12.209s] [ 76%] Built target apriltag_msgs__rosidl_typesupport_fastrtps_c
[12.247s] [ 76%] Built target apriltag_msgs
[12.289s] [ 78%] [34m[1mGenerating Python code for ROS interfaces[0m
[13.499s] [ 78%] Built target apriltag_msgs__py
[13.538s] [ 85%] [32mBuilding C object CMakeFiles/apriltag_msgs__rosidl_generator_py.dir/rosidl_generator_py/apriltag_msgs/msg/_april_tag_detection_array_s.c.o[0m
[13.538s] [ 85%] [32mBuilding C object CMakeFiles/apriltag_msgs__rosidl_generator_py.dir/rosidl_generator_py/apriltag_msgs/msg/_april_tag_detection_s.c.o[0m
[13.538s] [ 85%] [32mBuilding C object CMakeFiles/apriltag_msgs__rosidl_generator_py.dir/rosidl_generator_py/apriltag_msgs/msg/_point_s.c.o[0m
[13.790s] [ 87%] [32m[1mLinking C shared library rosidl_generator_py/apriltag_msgs/libapriltag_msgs__rosidl_generator_py.so[0m
[13.875s] [ 87%] Built target apriltag_msgs__rosidl_generator_py
[13.915s] [ 91%] [32mBuilding C object CMakeFiles/apriltag_msgs__rosidl_typesupport_fastrtps_c__pyext.dir/rosidl_generator_py/apriltag_msgs/_apriltag_msgs_s.ep.rosidl_typesupport_fastrtps_c.c.o[0m
[13.915s] [ 91%] [32mBuilding C object CMakeFiles/apriltag_msgs__rosidl_typesupport_introspection_c__pyext.dir/rosidl_generator_py/apriltag_msgs/_apriltag_msgs_s.ep.rosidl_typesupport_introspection_c.c.o[0m
[13.917s] [ 93%] [32mBuilding C object CMakeFiles/apriltag_msgs__rosidl_typesupport_c__pyext.dir/rosidl_generator_py/apriltag_msgs/_apriltag_msgs_s.ep.rosidl_typesupport_c.c.o[0m
[14.145s] [100%] [32m[1mLinking C shared library rosidl_generator_py/apriltag_msgs/apriltag_msgs_s__rosidl_typesupport_fastrtps_c.cpython-310-aarch64-linux-gnu.so[0m
[14.145s] [100%] [32m[1mLinking C shared library rosidl_generator_py/apriltag_msgs/apriltag_msgs_s__rosidl_typesupport_c.cpython-310-aarch64-linux-gnu.so[0m
[14.146s] [100%] [32m[1mLinking C shared library rosidl_generator_py/apriltag_msgs/apriltag_msgs_s__rosidl_typesupport_introspection_c.cpython-310-aarch64-linux-gnu.so[0m
[14.225s] [100%] Built target apriltag_msgs__rosidl_typesupport_fastrtps_c__pyext
[14.226s] [100%] Built target apriltag_msgs__rosidl_typesupport_introspection_c__pyext
[14.226s] [100%] Built target apriltag_msgs__rosidl_typesupport_c__pyext
[14.252s] Invoked command in '/home/team100/team_ws/src/build/apriltag_msgs' returned '0': CMAKE_PREFIX_PATH=/opt/ros/humble /usr/bin/cmake --build /home/team100/team_ws/src/build/apriltag_msgs -- -j6 -l6
[14.273s] Invoking command in '/home/team100/team_ws/src/build/apriltag_msgs': CMAKE_PREFIX_PATH=/opt/ros/humble /usr/bin/cmake --install /home/team100/team_ws/src/build/apriltag_msgs
[14.289s] -- Install configuration: ""
[14.290s] -- Installing: /home/team100/team_ws/src/install/apriltag_msgs/share/ament_index/resource_index/rosidl_interfaces/apriltag_msgs
[14.290s] -- Installing: /home/team100/team_ws/src/install/apriltag_msgs/include/apriltag_msgs/apriltag_msgs
[14.290s] -- Installing: /home/team100/team_ws/src/install/apriltag_msgs/include/apriltag_msgs/apriltag_msgs/msg
[14.290s] -- Installing: /home/team100/team_ws/src/install/apriltag_msgs/include/apriltag_msgs/apriltag_msgs/msg/detail
[14.290s] -- Installing: /home/team100/team_ws/src/install/apriltag_msgs/include/apriltag_msgs/apriltag_msgs/msg/detail/april_tag_detection__functions.h
[14.291s] -- Installing: /home/team100/team_ws/src/install/apriltag_msgs/include/apriltag_msgs/apriltag_msgs/msg/detail/april_tag_detection_array__struct.h
[14.291s] -- Installing: /home/team100/team_ws/src/install/apriltag_msgs/include/apriltag_msgs/apriltag_msgs/msg/detail/april_tag_detection_array__type_support.h
[14.291s] -- Installing: /home/team100/team_ws/src/install/apriltag_msgs/include/apriltag_msgs/apriltag_msgs/msg/detail/april_tag_detection__type_support.h
[14.291s] -- Installing: /home/team100/team_ws/src/install/apriltag_msgs/include/apriltag_msgs/apriltag_msgs/msg/detail/april_tag_detection_array__functions.c
[14.292s] -- Installing: /home/team100/team_ws/src/install/apriltag_msgs/include/apriltag_msgs/apriltag_msgs/msg/detail/point__type_support.h
[14.292s] -- Installing: /home/team100/team_ws/src/install/apriltag_msgs/include/apriltag_msgs/apriltag_msgs/msg/detail/point__functions.h
[14.292s] -- Installing: /home/team100/team_ws/src/install/apriltag_msgs/include/apriltag_msgs/apriltag_msgs/msg/detail/april_tag_detection__struct.h
[14.292s] -- Installing: /home/team100/team_ws/src/install/apriltag_msgs/include/apriltag_msgs/apriltag_msgs/msg/detail/point__functions.c
[14.293s] -- Installing: /home/team100/team_ws/src/install/apriltag_msgs/include/apriltag_msgs/apriltag_msgs/msg/detail/april_tag_detection_array__functions.h
[14.293s] -- Installing: /home/team100/team_ws/src/install/apriltag_msgs/include/apriltag_msgs/apriltag_msgs/msg/detail/point__struct.h
[14.293s] -- Installing: /home/team100/team_ws/src/install/apriltag_msgs/include/apriltag_msgs/apriltag_msgs/msg/detail/april_tag_detection__functions.c
[14.294s] -- Installing: /home/team100/team_ws/src/install/apriltag_msgs/include/apriltag_msgs/apriltag_msgs/msg/point.h
[14.294s] -- Installing: /home/team100/team_ws/src/install/apriltag_msgs/include/apriltag_msgs/apriltag_msgs/msg/april_tag_detection_array.h
[14.294s] -- Installing: /home/team100/team_ws/src/install/apriltag_msgs/include/apriltag_msgs/apriltag_msgs/msg/april_tag_detection.h
[14.294s] -- Installing: /home/team100/team_ws/src/install/apriltag_msgs/include/apriltag_msgs/apriltag_msgs/msg/rosidl_generator_c__visibility_control.h
[14.295s] -- Installing: /home/team100/team_ws/src/install/apriltag_msgs/share/apriltag_msgs/environment/library_path.sh
[14.295s] -- Installing: /home/team100/team_ws/src/install/apriltag_msgs/share/apriltag_msgs/environment/library_path.dsv
[14.296s] -- Installing: /home/team100/team_ws/src/install/apriltag_msgs/lib/libapriltag_msgs__rosidl_generator_c.so
[14.296s] -- Set runtime path of "/home/team100/team_ws/src/install/apriltag_msgs/lib/libapriltag_msgs__rosidl_generator_c.so" to ""
[14.296s] -- Up-to-date: /home/team100/team_ws/src/install/apriltag_msgs/include/apriltag_msgs/apriltag_msgs
[14.297s] -- Up-to-date: /home/team100/team_ws/src/install/apriltag_msgs/include/apriltag_msgs/apriltag_msgs/msg
[14.297s] -- Up-to-date: /home/team100/team_ws/src/install/apriltag_msgs/include/apriltag_msgs/apriltag_msgs/msg/detail
[14.297s] -- Installing: /home/team100/team_ws/src/install/apriltag_msgs/include/apriltag_msgs/apriltag_msgs/msg/detail/april_tag_detection_array__rosidl_typesupport_fastrtps_c.h
[14.297s] -- Installing: /home/team100/team_ws/src/install/apriltag_msgs/include/apriltag_msgs/apriltag_msgs/msg/detail/april_tag_detection__rosidl_typesupport_fastrtps_c.h
[14.297s] -- Installing: /home/team100/team_ws/src/install/apriltag_msgs/include/apriltag_msgs/apriltag_msgs/msg/detail/point__rosidl_typesupport_fastrtps_c.h
[14.297s] -- Installing: /home/team100/team_ws/src/install/apriltag_msgs/include/apriltag_msgs/apriltag_msgs/msg/rosidl_typesupport_fastrtps_c__visibility_control.h
[14.298s] -- Installing: /home/team100/team_ws/src/install/apriltag_msgs/lib/libapriltag_msgs__rosidl_typesupport_fastrtps_c.so
[14.298s] -- Set runtime path of "/home/team100/team_ws/src/install/apriltag_msgs/lib/libapriltag_msgs__rosidl_typesupport_fastrtps_c.so" to ""
[14.299s] -- Up-to-date: /home/team100/team_ws/src/install/apriltag_msgs/include/apriltag_msgs/apriltag_msgs
[14.299s] -- Up-to-date: /home/team100/team_ws/src/install/apriltag_msgs/include/apriltag_msgs/apriltag_msgs/msg
[14.299s] -- Up-to-date: /home/team100/team_ws/src/install/apriltag_msgs/include/apriltag_msgs/apriltag_msgs/msg/detail
[14.299s] -- Installing: /home/team100/team_ws/src/install/apriltag_msgs/include/apriltag_msgs/apriltag_msgs/msg/detail/point__type_support.c
[14.299s] -- Installing: /home/team100/team_ws/src/install/apriltag_msgs/include/apriltag_msgs/apriltag_msgs/msg/detail/april_tag_detection_array__rosidl_typesupport_introspection_c.h
[14.299s] -- Installing: /home/team100/team_ws/src/install/apriltag_msgs/include/apriltag_msgs/apriltag_msgs/msg/detail/april_tag_detection__rosidl_typesupport_introspection_c.h
[14.299s] -- Installing: /home/team100/team_ws/src/install/apriltag_msgs/include/apriltag_msgs/apriltag_msgs/msg/detail/april_tag_detection__type_support.c
[14.300s] -- Installing: /home/team100/team_ws/src/install/apriltag_msgs/include/apriltag_msgs/apriltag_msgs/msg/detail/point__rosidl_typesupport_introspection_c.h
[14.300s] -- Installing: /home/team100/team_ws/src/install/apriltag_msgs/include/apriltag_msgs/apriltag_msgs/msg/detail/april_tag_detection_array__type_support.c
[14.300s] -- Installing: /home/team100/team_ws/src/install/apriltag_msgs/include/apriltag_msgs/apriltag_msgs/msg/rosidl_typesupport_introspection_c__visibility_control.h
[14.300s] -- Installing: /home/team100/team_ws/src/install/apriltag_msgs/lib/libapriltag_msgs__rosidl_typesupport_introspection_c.so
[14.301s] -- Set runtime path of "/home/team100/team_ws/src/install/apriltag_msgs/lib/libapriltag_msgs__rosidl_typesupport_introspection_c.so" to ""
[14.301s] -- Installing: /home/team100/team_ws/src/install/apriltag_msgs/lib/libapriltag_msgs__rosidl_typesupport_c.so
[14.302s] -- Set runtime path of "/home/team100/team_ws/src/install/apriltag_msgs/lib/libapriltag_msgs__rosidl_typesupport_c.so" to ""
[14.302s] -- Up-to-date: /home/team100/team_ws/src/install/apriltag_msgs/include/apriltag_msgs/apriltag_msgs
[14.302s] -- Up-to-date: /home/team100/team_ws/src/install/apriltag_msgs/include/apriltag_msgs/apriltag_msgs/msg
[14.302s] -- Installing: /home/team100/team_ws/src/install/apriltag_msgs/include/apriltag_msgs/apriltag_msgs/msg/april_tag_detection.hpp
[14.303s] -- Up-to-date: /home/team100/team_ws/src/install/apriltag_msgs/include/apriltag_msgs/apriltag_msgs/msg/detail
[14.303s] -- Installing: /home/team100/team_ws/src/install/apriltag_msgs/include/apriltag_msgs/apriltag_msgs/msg/detail/april_tag_detection__struct.hpp
[14.303s] -- Installing: /home/team100/team_ws/src/install/apriltag_msgs/include/apriltag_msgs/apriltag_msgs/msg/detail/point__builder.hpp
[14.303s] -- Installing: /home/team100/team_ws/src/install/apriltag_msgs/include/apriltag_msgs/apriltag_msgs/msg/detail/april_tag_detection__traits.hpp
[14.303s] -- Installing: /home/team100/team_ws/src/install/apriltag_msgs/include/apriltag_msgs/apriltag_msgs/msg/detail/point__type_support.hpp
[14.303s] -- Installing: /home/team100/team_ws/src/install/apriltag_msgs/include/apriltag_msgs/apriltag_msgs/msg/detail/point__struct.hpp
[14.304s] -- Installing: /home/team100/team_ws/src/install/apriltag_msgs/include/apriltag_msgs/apriltag_msgs/msg/detail/april_tag_detection__type_support.hpp
[14.304s] -- Installing: /home/team100/team_ws/src/install/apriltag_msgs/include/apriltag_msgs/apriltag_msgs/msg/detail/april_tag_detection_array__builder.hpp
[14.304s] -- Installing: /home/team100/team_ws/src/install/apriltag_msgs/include/apriltag_msgs/apriltag_msgs/msg/detail/april_tag_detection__builder.hpp
[14.304s] -- Installing: /home/team100/team_ws/src/install/apriltag_msgs/include/apriltag_msgs/apriltag_msgs/msg/detail/april_tag_detection_array__traits.hpp
[14.304s] -- Installing: /home/team100/team_ws/src/install/apriltag_msgs/include/apriltag_msgs/apriltag_msgs/msg/detail/point__traits.hpp
[14.305s] -- Installing: /home/team100/team_ws/src/install/apriltag_msgs/include/apriltag_msgs/apriltag_msgs/msg/detail/april_tag_detection_array__type_support.hpp
[14.305s] -- Installing: /home/team100/team_ws/src/install/apriltag_msgs/include/apriltag_msgs/apriltag_msgs/msg/detail/april_tag_detection_array__struct.hpp
[14.305s] -- Installing: /home/team100/team_ws/src/install/apriltag_msgs/include/apriltag_msgs/apriltag_msgs/msg/point.hpp
[14.306s] -- Installing: /home/team100/team_ws/src/install/apriltag_msgs/include/apriltag_msgs/apriltag_msgs/msg/rosidl_generator_cpp__visibility_control.hpp
[14.306s] -- Installing: /home/team100/team_ws/src/install/apriltag_msgs/include/apriltag_msgs/apriltag_msgs/msg/april_tag_detection_array.hpp
[14.306s] -- Up-to-date: /home/team100/team_ws/src/install/apriltag_msgs/include/apriltag_msgs/apriltag_msgs
[14.306s] -- Up-to-date: /home/team100/team_ws/src/install/apriltag_msgs/include/apriltag_msgs/apriltag_msgs/msg
[14.306s] -- Up-to-date: /home/team100/team_ws/src/install/apriltag_msgs/include/apriltag_msgs/apriltag_msgs/msg/detail
[14.307s] -- Installing: /home/team100/team_ws/src/install/apriltag_msgs/include/apriltag_msgs/apriltag_msgs/msg/detail/point__rosidl_typesupport_fastrtps_cpp.hpp
[14.307s] -- Installing: /home/team100/team_ws/src/install/apriltag_msgs/include/apriltag_msgs/apriltag_msgs/msg/detail/april_tag_detection_array__rosidl_typesupport_fastrtps_cpp.hpp
[14.307s] -- Installing: /home/team100/team_ws/src/install/apriltag_msgs/include/apriltag_msgs/apriltag_msgs/msg/detail/dds_fastrtps
[14.307s] -- Installing: /home/team100/team_ws/src/install/apriltag_msgs/include/apriltag_msgs/apriltag_msgs/msg/detail/april_tag_detection__rosidl_typesupport_fastrtps_cpp.hpp
[14.307s] -- Installing: /home/team100/team_ws/src/install/apriltag_msgs/include/apriltag_msgs/apriltag_msgs/msg/rosidl_typesupport_fastrtps_cpp__visibility_control.h
[14.308s] -- Installing: /home/team100/team_ws/src/install/apriltag_msgs/lib/libapriltag_msgs__rosidl_typesupport_fastrtps_cpp.so
[14.308s] -- Set runtime path of "/home/team100/team_ws/src/install/apriltag_msgs/lib/libapriltag_msgs__rosidl_typesupport_fastrtps_cpp.so" to ""
[14.309s] -- Up-to-date: /home/team100/team_ws/src/install/apriltag_msgs/include/apriltag_msgs/apriltag_msgs
[14.309s] -- Up-to-date: /home/team100/team_ws/src/install/apriltag_msgs/include/apriltag_msgs/apriltag_msgs/msg
[14.309s] -- Up-to-date: /home/team100/team_ws/src/install/apriltag_msgs/include/apriltag_msgs/apriltag_msgs/msg/detail
[14.309s] -- Installing: /home/team100/team_ws/src/install/apriltag_msgs/include/apriltag_msgs/apriltag_msgs/msg/detail/april_tag_detection__type_support.cpp
[14.309s] -- Installing: /home/team100/team_ws/src/install/apriltag_msgs/include/apriltag_msgs/apriltag_msgs/msg/detail/april_tag_detection__rosidl_typesupport_introspection_cpp.hpp
[14.309s] -- Installing: /home/team100/team_ws/src/install/apriltag_msgs/include/apriltag_msgs/apriltag_msgs/msg/detail/april_tag_detection_array__type_support.cpp
[14.310s] -- Installing: /home/team100/team_ws/src/install/apriltag_msgs/include/apriltag_msgs/apriltag_msgs/msg/detail/point__rosidl_typesupport_introspection_cpp.hpp
[14.310s] -- Installing: /home/team100/team_ws/src/install/apriltag_msgs/include/apriltag_msgs/apriltag_msgs/msg/detail/april_tag_detection_array__rosidl_typesupport_introspection_cpp.hpp
[14.310s] -- Installing: /home/team100/team_ws/src/install/apriltag_msgs/include/apriltag_msgs/apriltag_msgs/msg/detail/point__type_support.cpp
[14.310s] -- Installing: /home/team100/team_ws/src/install/apriltag_msgs/lib/libapriltag_msgs__rosidl_typesupport_introspection_cpp.so
[14.311s] -- Set runtime path of "/home/team100/team_ws/src/install/apriltag_msgs/lib/libapriltag_msgs__rosidl_typesupport_introspection_cpp.so" to ""
[14.311s] -- Installing: /home/team100/team_ws/src/install/apriltag_msgs/lib/libapriltag_msgs__rosidl_typesupport_cpp.so
[14.312s] -- Set runtime path of "/home/team100/team_ws/src/install/apriltag_msgs/lib/libapriltag_msgs__rosidl_typesupport_cpp.so" to ""
[14.312s] -- Installing: /home/team100/team_ws/src/install/apriltag_msgs/share/apriltag_msgs/environment/pythonpath.sh
[14.312s] -- Installing: /home/team100/team_ws/src/install/apriltag_msgs/share/apriltag_msgs/environment/pythonpath.dsv
[14.312s] -- Installing: /home/team100/team_ws/src/install/apriltag_msgs/local/lib/python3.10/dist-packages/apriltag_msgs-2.0.1-py3.10.egg-info
[14.313s] -- Installing: /home/team100/team_ws/src/install/apriltag_msgs/local/lib/python3.10/dist-packages/apriltag_msgs-2.0.1-py3.10.egg-info/top_level.txt
[14.313s] -- Installing: /home/team100/team_ws/src/install/apriltag_msgs/local/lib/python3.10/dist-packages/apriltag_msgs-2.0.1-py3.10.egg-info/dependency_links.txt
[14.313s] -- Installing: /home/team100/team_ws/src/install/apriltag_msgs/local/lib/python3.10/dist-packages/apriltag_msgs-2.0.1-py3.10.egg-info/SOURCES.txt
[14.314s] -- Installing: /home/team100/team_ws/src/install/apriltag_msgs/local/lib/python3.10/dist-packages/apriltag_msgs-2.0.1-py3.10.egg-info/PKG-INFO
[14.314s] -- Installing: /home/team100/team_ws/src/install/apriltag_msgs/local/lib/python3.10/dist-packages/apriltag_msgs
[14.314s] -- Installing: /home/team100/team_ws/src/install/apriltag_msgs/local/lib/python3.10/dist-packages/apriltag_msgs/apriltag_msgs_s__rosidl_typesupport_c.cpython-310-aarch64-linux-gnu.so
[14.314s] -- Installing: /home/team100/team_ws/src/install/apriltag_msgs/local/lib/python3.10/dist-packages/apriltag_msgs/libapriltag_msgs__rosidl_generator_py.so
[14.314s] -- Installing: /home/team100/team_ws/src/install/apriltag_msgs/local/lib/python3.10/dist-packages/apriltag_msgs/_apriltag_msgs_s.ep.rosidl_typesupport_fastrtps_c.c
[14.315s] -- Installing: /home/team100/team_ws/src/install/apriltag_msgs/local/lib/python3.10/dist-packages/apriltag_msgs/__init__.py
[14.315s] -- Installing: /home/team100/team_ws/src/install/apriltag_msgs/local/lib/python3.10/dist-packages/apriltag_msgs/_apriltag_msgs_s.ep.rosidl_typesupport_introspection_c.c
[14.315s] -- Installing: /home/team100/team_ws/src/install/apriltag_msgs/local/lib/python3.10/dist-packages/apriltag_msgs/_apriltag_msgs_s.ep.rosidl_typesupport_c.c
[14.315s] -- Installing: /home/team100/team_ws/src/install/apriltag_msgs/local/lib/python3.10/dist-packages/apriltag_msgs/msg
[14.316s] -- Installing: /home/team100/team_ws/src/install/apriltag_msgs/local/lib/python3.10/dist-packages/apriltag_msgs/msg/_point.py
[14.316s] -- Installing: /home/team100/team_ws/src/install/apriltag_msgs/local/lib/python3.10/dist-packages/apriltag_msgs/msg/_april_tag_detection_s.c
[14.316s] -- Installing: /home/team100/team_ws/src/install/apriltag_msgs/local/lib/python3.10/dist-packages/apriltag_msgs/msg/__init__.py
[14.316s] -- Installing: /home/team100/team_ws/src/install/apriltag_msgs/local/lib/python3.10/dist-packages/apriltag_msgs/msg/_point_s.c
[14.317s] -- Installing: /home/team100/team_ws/src/install/apriltag_msgs/local/lib/python3.10/dist-packages/apriltag_msgs/msg/_april_tag_detection.py
[14.317s] -- Installing: /home/team100/team_ws/src/install/apriltag_msgs/local/lib/python3.10/dist-packages/apriltag_msgs/msg/_april_tag_detection_array_s.c
[14.317s] -- Installing: /home/team100/team_ws/src/install/apriltag_msgs/local/lib/python3.10/dist-packages/apriltag_msgs/msg/_april_tag_detection_array.py
[14.317s] -- Installing: /home/team100/team_ws/src/install/apriltag_msgs/local/lib/python3.10/dist-packages/apriltag_msgs/apriltag_msgs_s__rosidl_typesupport_introspection_c.cpython-310-aarch64-linux-gnu.so
[14.318s] -- Installing: /home/team100/team_ws/src/install/apriltag_msgs/local/lib/python3.10/dist-packages/apriltag_msgs/apriltag_msgs_s__rosidl_typesupport_fastrtps_c.cpython-310-aarch64-linux-gnu.so
[14.402s] Listing '/home/team100/team_ws/src/install/apriltag_msgs/local/lib/python3.10/dist-packages/apriltag_msgs'...
[14.402s] Compiling '/home/team100/team_ws/src/install/apriltag_msgs/local/lib/python3.10/dist-packages/apriltag_msgs/__init__.py'...
[14.402s] Listing '/home/team100/team_ws/src/install/apriltag_msgs/local/lib/python3.10/dist-packages/apriltag_msgs/msg'...
[14.403s] Compiling '/home/team100/team_ws/src/install/apriltag_msgs/local/lib/python3.10/dist-packages/apriltag_msgs/msg/__init__.py'...
[14.403s] Compiling '/home/team100/team_ws/src/install/apriltag_msgs/local/lib/python3.10/dist-packages/apriltag_msgs/msg/_april_tag_detection.py'...
[14.403s] Compiling '/home/team100/team_ws/src/install/apriltag_msgs/local/lib/python3.10/dist-packages/apriltag_msgs/msg/_april_tag_detection_array.py'...
[14.403s] Compiling '/home/team100/team_ws/src/install/apriltag_msgs/local/lib/python3.10/dist-packages/apriltag_msgs/msg/_point.py'...
[14.415s] -- Installing: /home/team100/team_ws/src/install/apriltag_msgs/local/lib/python3.10/dist-packages/apriltag_msgs/apriltag_msgs_s__rosidl_typesupport_fastrtps_c.cpython-310-aarch64-linux-gnu.so
[14.416s] -- Set runtime path of "/home/team100/team_ws/src/install/apriltag_msgs/local/lib/python3.10/dist-packages/apriltag_msgs/apriltag_msgs_s__rosidl_typesupport_fastrtps_c.cpython-310-aarch64-linux-gnu.so" to ""
[14.416s] -- Installing: /home/team100/team_ws/src/install/apriltag_msgs/local/lib/python3.10/dist-packages/apriltag_msgs/apriltag_msgs_s__rosidl_typesupport_introspection_c.cpython-310-aarch64-linux-gnu.so
[14.417s] -- Set runtime path of "/home/team100/team_ws/src/install/apriltag_msgs/local/lib/python3.10/dist-packages/apriltag_msgs/apriltag_msgs_s__rosidl_typesupport_introspection_c.cpython-310-aarch64-linux-gnu.so" to ""
[14.417s] -- Installing: /home/team100/team_ws/src/install/apriltag_msgs/local/lib/python3.10/dist-packages/apriltag_msgs/apriltag_msgs_s__rosidl_typesupport_c.cpython-310-aarch64-linux-gnu.so
[14.418s] -- Set runtime path of "/home/team100/team_ws/src/install/apriltag_msgs/local/lib/python3.10/dist-packages/apriltag_msgs/apriltag_msgs_s__rosidl_typesupport_c.cpython-310-aarch64-linux-gnu.so" to ""
[14.418s] -- Installing: /home/team100/team_ws/src/install/apriltag_msgs/lib/libapriltag_msgs__rosidl_generator_py.so
[14.419s] -- Set runtime path of "/home/team100/team_ws/src/install/apriltag_msgs/lib/libapriltag_msgs__rosidl_generator_py.so" to ""
[14.419s] -- Installing: /home/team100/team_ws/src/install/apriltag_msgs/share/apriltag_msgs/msg/Point.idl
[14.419s] -- Installing: /home/team100/team_ws/src/install/apriltag_msgs/share/apriltag_msgs/msg/AprilTagDetection.idl
[14.420s] -- Installing: /home/team100/team_ws/src/install/apriltag_msgs/share/apriltag_msgs/msg/AprilTagDetectionArray.idl
[14.420s] -- Installing: /home/team100/team_ws/src/install/apriltag_msgs/share/apriltag_msgs/msg/Point.msg
[14.420s] -- Installing: /home/team100/team_ws/src/install/apriltag_msgs/share/apriltag_msgs/msg/AprilTagDetection.msg
[14.421s] -- Installing: /home/team100/team_ws/src/install/apriltag_msgs/share/apriltag_msgs/msg/AprilTagDetectionArray.msg
[14.421s] -- Installing: /home/team100/team_ws/src/install/apriltag_msgs/share/ament_index/resource_index/package_run_dependencies/apriltag_msgs
[14.421s] -- Installing: /home/team100/team_ws/src/install/apriltag_msgs/share/ament_index/resource_index/parent_prefix_path/apriltag_msgs
[14.422s] -- Installing: /home/team100/team_ws/src/install/apriltag_msgs/share/apriltag_msgs/environment/ament_prefix_path.sh
[14.422s] -- Installing: /home/team100/team_ws/src/install/apriltag_msgs/share/apriltag_msgs/environment/ament_prefix_path.dsv
[14.422s] -- Installing: /home/team100/team_ws/src/install/apriltag_msgs/share/apriltag_msgs/environment/path.sh
[14.423s] -- Installing: /home/team100/team_ws/src/install/apriltag_msgs/share/apriltag_msgs/environment/path.dsv
[14.423s] -- Installing: /home/team100/team_ws/src/install/apriltag_msgs/share/apriltag_msgs/local_setup.bash
[14.423s] -- Installing: /home/team100/team_ws/src/install/apriltag_msgs/share/apriltag_msgs/local_setup.sh
[14.423s] -- Installing: /home/team100/team_ws/src/install/apriltag_msgs/share/apriltag_msgs/local_setup.zsh
[14.424s] -- Installing: /home/team100/team_ws/src/install/apriltag_msgs/share/apriltag_msgs/local_setup.dsv
[14.424s] -- Installing: /home/team100/team_ws/src/install/apriltag_msgs/share/apriltag_msgs/package.dsv
[14.424s] -- Installing: /home/team100/team_ws/src/install/apriltag_msgs/share/ament_index/resource_index/packages/apriltag_msgs
[14.425s] -- Installing: /home/team100/team_ws/src/install/apriltag_msgs/share/apriltag_msgs/cmake/export_apriltag_msgs__rosidl_generator_cExport.cmake
[14.425s] -- Installing: /home/team100/team_ws/src/install/apriltag_msgs/share/apriltag_msgs/cmake/export_apriltag_msgs__rosidl_generator_cExport-noconfig.cmake
[14.425s] -- Installing: /home/team100/team_ws/src/install/apriltag_msgs/share/apriltag_msgs/cmake/export_apriltag_msgs__rosidl_typesupport_fastrtps_cExport.cmake
[14.426s] -- Installing: /home/team100/team_ws/src/install/apriltag_msgs/share/apriltag_msgs/cmake/export_apriltag_msgs__rosidl_typesupport_fastrtps_cExport-noconfig.cmake
[14.426s] -- Installing: /home/team100/team_ws/src/install/apriltag_msgs/share/apriltag_msgs/cmake/apriltag_msgs__rosidl_typesupport_introspection_cExport.cmake
[14.426s] -- Installing: /home/team100/team_ws/src/install/apriltag_msgs/share/apriltag_msgs/cmake/apriltag_msgs__rosidl_typesupport_introspection_cExport-noconfig.cmake
[14.427s] -- Installing: /home/team100/team_ws/src/install/apriltag_msgs/share/apriltag_msgs/cmake/apriltag_msgs__rosidl_typesupport_cExport.cmake
[14.427s] -- Installing: /home/team100/team_ws/src/install/apriltag_msgs/share/apriltag_msgs/cmake/apriltag_msgs__rosidl_typesupport_cExport-noconfig.cmake
[14.427s] -- Installing: /home/team100/team_ws/src/install/apriltag_msgs/share/apriltag_msgs/cmake/export_apriltag_msgs__rosidl_generator_cppExport.cmake
[14.428s] -- Installing: /home/team100/team_ws/src/install/apriltag_msgs/share/apriltag_msgs/cmake/export_apriltag_msgs__rosidl_typesupport_fastrtps_cppExport.cmake
[14.428s] -- Installing: /home/team100/team_ws/src/install/apriltag_msgs/share/apriltag_msgs/cmake/export_apriltag_msgs__rosidl_typesupport_fastrtps_cppExport-noconfig.cmake
[14.428s] -- Installing: /home/team100/team_ws/src/install/apriltag_msgs/share/apriltag_msgs/cmake/apriltag_msgs__rosidl_typesupport_introspection_cppExport.cmake
[14.429s] -- Installing: /home/team100/team_ws/src/install/apriltag_msgs/share/apriltag_msgs/cmake/apriltag_msgs__rosidl_typesupport_introspection_cppExport-noconfig.cmake
[14.429s] -- Installing: /home/team100/team_ws/src/install/apriltag_msgs/share/apriltag_msgs/cmake/apriltag_msgs__rosidl_typesupport_cppExport.cmake
[14.429s] -- Installing: /home/team100/team_ws/src/install/apriltag_msgs/share/apriltag_msgs/cmake/apriltag_msgs__rosidl_typesupport_cppExport-noconfig.cmake
[14.430s] -- Installing: /home/team100/team_ws/src/install/apriltag_msgs/share/apriltag_msgs/cmake/export_apriltag_msgs__rosidl_generator_pyExport.cmake
[14.430s] -- Installing: /home/team100/team_ws/src/install/apriltag_msgs/share/apriltag_msgs/cmake/export_apriltag_msgs__rosidl_generator_pyExport-noconfig.cmake
[14.430s] -- Installing: /home/team100/team_ws/src/install/apriltag_msgs/share/apriltag_msgs/cmake/rosidl_cmake-extras.cmake
[14.431s] -- Installing: /home/team100/team_ws/src/install/apriltag_msgs/share/apriltag_msgs/cmake/ament_cmake_export_dependencies-extras.cmake
[14.431s] -- Installing: /home/team100/team_ws/src/install/apriltag_msgs/share/apriltag_msgs/cmake/ament_cmake_export_include_directories-extras.cmake
[14.431s] -- Installing: /home/team100/team_ws/src/install/apriltag_msgs/share/apriltag_msgs/cmake/ament_cmake_export_libraries-extras.cmake
[14.432s] -- Installing: /home/team100/team_ws/src/install/apriltag_msgs/share/apriltag_msgs/cmake/ament_cmake_export_targets-extras.cmake
[14.432s] -- Installing: /home/team100/team_ws/src/install/apriltag_msgs/share/apriltag_msgs/cmake/rosidl_cmake_export_typesupport_targets-extras.cmake
[14.432s] -- Installing: /home/team100/team_ws/src/install/apriltag_msgs/share/apriltag_msgs/cmake/rosidl_cmake_export_typesupport_libraries-extras.cmake
[14.432s] -- Installing: /home/team100/team_ws/src/install/apriltag_msgs/share/apriltag_msgs/cmake/apriltag_msgsConfig.cmake
[14.433s] -- Installing: /home/team100/team_ws/src/install/apriltag_msgs/share/apriltag_msgs/cmake/apriltag_msgsConfig-version.cmake
[14.433s] -- Installing: /home/team100/team_ws/src/install/apriltag_msgs/share/apriltag_msgs/package.xml
[14.439s] Invoked command in '/home/team100/team_ws/src/build/apriltag_msgs' returned '0': CMAKE_PREFIX_PATH=/opt/ros/humble /usr/bin/cmake --install /home/team100/team_ws/src/build/apriltag_msgs
