[0.265s] DEBUG:colcon:Command line arguments: ['/usr/bin/colcon', 'build']
[0.266s] DEBUG:colcon:Parsed command line arguments: Namespace(log_base=None, log_level=None, verb_name='build', build_base='build', install_base='install', merge_install=False, symlink_install=False, test_result_base=None, continue_on_error=False, executor='parallel', parallel_workers=6, event_handlers=None, ignore_user_meta=False, metas=['./colcon.meta'], base_paths=['.'], packages_ignore=None, packages_ignore_regex=None, paths=None, packages_up_to=None, packages_up_to_regex=None, packages_above=None, packages_above_and_dependencies=None, packages_above_depth=None, packages_select_by_dep=None, packages_skip_by_dep=None, packages_skip_up_to=None, packages_select_build_failed=False, packages_skip_build_finished=False, packages_select_test_failures=False, packages_skip_test_passed=False, packages_select=None, packages_skip=None, packages_select_regex=None, packages_skip_regex=None, packages_start=None, packages_end=None, allow_overriding=[], cmake_args=None, cmake_target=None, cmake_target_skip_unavailable=False, cmake_clean_cache=False, cmake_clean_first=False, cmake_force_configure=False, ament_cmake_args=None, catkin_cmake_args=None, catkin_skip_building_tests=False, mixin_files=None, mixin=None, verb_parser=<colcon_mixin.mixin.mixin_argument.MixinArgumentDecorator object at 0xffffa04125c0>, verb_extension=<colcon_core.verb.build.BuildVerb object at 0xffffa0411db0>, main=<bound method BuildVerb.main of <colcon_core.verb.build.BuildVerb object at 0xffffa0411db0>>, mixin_verb=('build',))
[0.667s] Level 1:colcon.colcon_core.package_discovery:discover_packages(colcon_meta) check parameters
[0.667s] Level 1:colcon.colcon_core.package_discovery:discover_packages(recursive) check parameters
[0.667s] Level 1:colcon.colcon_core.package_discovery:discover_packages(ignore) check parameters
[0.667s] Level 1:colcon.colcon_core.package_discovery:discover_packages(path) check parameters
[0.667s] Level 1:colcon.colcon_core.package_discovery:discover_packages(colcon_meta) discover
[0.667s] Level 1:colcon.colcon_core.package_discovery:discover_packages(recursive) discover
[0.668s] INFO:colcon.colcon_core.package_discovery:Crawling recursively for packages in '/home/team100/roboracer_116_lehigh/team_ws'
[0.668s] Level 1:colcon.colcon_core.package_identification:_identify(.) by extensions ['ignore', 'ignore_ament_install']
[0.668s] Level 1:colcon.colcon_core.package_identification:_identify(.) by extension 'ignore'
[0.668s] Level 1:colcon.colcon_core.package_identification:_identify(.) by extension 'ignore_ament_install'
[0.668s] Level 1:colcon.colcon_core.package_identification:_identify(.) by extensions ['colcon_pkg']
[0.668s] Level 1:colcon.colcon_core.package_identification:_identify(.) by extension 'colcon_pkg'
[0.669s] Level 1:colcon.colcon_core.package_identification:_identify(.) by extensions ['colcon_meta']
[0.669s] Level 1:colcon.colcon_core.package_identification:_identify(.) by extension 'colcon_meta'
[0.669s] Level 1:colcon.colcon_core.package_identification:_identify(.) by extensions ['ros']
[0.669s] Level 1:colcon.colcon_core.package_identification:_identify(.) by extension 'ros'
[0.694s] Level 1:colcon.colcon_core.package_identification:_identify(.) by extensions ['cmake', 'python']
[0.694s] Level 1:colcon.colcon_core.package_identification:_identify(.) by extension 'cmake'
[0.694s] Level 1:colcon.colcon_core.package_identification:_identify(.) by extension 'python'
[0.695s] Level 1:colcon.colcon_core.package_identification:_identify(.) by extensions ['python_setup_py']
[0.695s] Level 1:colcon.colcon_core.package_identification:_identify(.) by extension 'python_setup_py'
[0.695s] Level 1:colcon.colcon_core.package_identification:_identify(build) by extensions ['ignore', 'ignore_ament_install']
[0.695s] Level 1:colcon.colcon_core.package_identification:_identify(build) by extension 'ignore'
[0.695s] Level 1:colcon.colcon_core.package_identification:_identify(build) ignored
[0.696s] Level 1:colcon.colcon_core.package_identification:_identify(install) by extensions ['ignore', 'ignore_ament_install']
[0.696s] Level 1:colcon.colcon_core.package_identification:_identify(install) by extension 'ignore'
[0.696s] Level 1:colcon.colcon_core.package_identification:_identify(install) ignored
[0.696s] Level 1:colcon.colcon_core.package_identification:_identify(log) by extensions ['ignore', 'ignore_ament_install']
[0.697s] Level 1:colcon.colcon_core.package_identification:_identify(log) by extension 'ignore'
[0.697s] Level 1:colcon.colcon_core.package_identification:_identify(log) ignored
[0.697s] Level 1:colcon.colcon_core.package_identification:_identify(src) by extensions ['ignore', 'ignore_ament_install']
[0.697s] Level 1:colcon.colcon_core.package_identification:_identify(src) by extension 'ignore'
[0.697s] Level 1:colcon.colcon_core.package_identification:_identify(src) by extension 'ignore_ament_install'
[0.697s] Level 1:colcon.colcon_core.package_identification:_identify(src) by extensions ['colcon_pkg']
[0.697s] Level 1:colcon.colcon_core.package_identification:_identify(src) by extension 'colcon_pkg'
[0.698s] Level 1:colcon.colcon_core.package_identification:_identify(src) by extensions ['colcon_meta']
[0.698s] Level 1:colcon.colcon_core.package_identification:_identify(src) by extension 'colcon_meta'
[0.698s] Level 1:colcon.colcon_core.package_identification:_identify(src) by extensions ['ros']
[0.698s] Level 1:colcon.colcon_core.package_identification:_identify(src) by extension 'ros'
[0.698s] Level 1:colcon.colcon_core.package_identification:_identify(src) by extensions ['cmake', 'python']
[0.698s] Level 1:colcon.colcon_core.package_identification:_identify(src) by extension 'cmake'
[0.698s] Level 1:colcon.colcon_core.package_identification:_identify(src) by extension 'python'
[0.698s] Level 1:colcon.colcon_core.package_identification:_identify(src) by extensions ['python_setup_py']
[0.698s] Level 1:colcon.colcon_core.package_identification:_identify(src) by extension 'python_setup_py'
[0.699s] Level 1:colcon.colcon_core.package_identification:_identify(src/apriltag) by extensions ['ignore', 'ignore_ament_install']
[0.699s] Level 1:colcon.colcon_core.package_identification:_identify(src/apriltag) by extension 'ignore'
[0.699s] Level 1:colcon.colcon_core.package_identification:_identify(src/apriltag) by extension 'ignore_ament_install'
[0.699s] Level 1:colcon.colcon_core.package_identification:_identify(src/apriltag) by extensions ['colcon_pkg']
[0.699s] Level 1:colcon.colcon_core.package_identification:_identify(src/apriltag) by extension 'colcon_pkg'
[0.699s] Level 1:colcon.colcon_core.package_identification:_identify(src/apriltag) by extensions ['colcon_meta']
[0.699s] Level 1:colcon.colcon_core.package_identification:_identify(src/apriltag) by extension 'colcon_meta'
[0.699s] Level 1:colcon.colcon_core.package_identification:_identify(src/apriltag) by extensions ['ros']
[0.700s] Level 1:colcon.colcon_core.package_identification:_identify(src/apriltag) by extension 'ros'
[0.709s] DEBUG:colcon.colcon_core.package_identification:Package 'src/apriltag' with type 'ros.cmake' and name 'apriltag'
[0.710s] Level 1:colcon.colcon_core.package_identification:_identify(src/apriltag_msgs) by extensions ['ignore', 'ignore_ament_install']
[0.710s] Level 1:colcon.colcon_core.package_identification:_identify(src/apriltag_msgs) by extension 'ignore'
[0.710s] Level 1:colcon.colcon_core.package_identification:_identify(src/apriltag_msgs) by extension 'ignore_ament_install'
[0.710s] Level 1:colcon.colcon_core.package_identification:_identify(src/apriltag_msgs) by extensions ['colcon_pkg']
[0.710s] Level 1:colcon.colcon_core.package_identification:_identify(src/apriltag_msgs) by extension 'colcon_pkg'
[0.711s] Level 1:colcon.colcon_core.package_identification:_identify(src/apriltag_msgs) by extensions ['colcon_meta']
[0.711s] Level 1:colcon.colcon_core.package_identification:_identify(src/apriltag_msgs) by extension 'colcon_meta'
[0.711s] Level 1:colcon.colcon_core.package_identification:_identify(src/apriltag_msgs) by extensions ['ros']
[0.711s] Level 1:colcon.colcon_core.package_identification:_identify(src/apriltag_msgs) by extension 'ros'
[0.712s] DEBUG:colcon.colcon_core.package_identification:Package 'src/apriltag_msgs' with type 'ros.ament_cmake' and name 'apriltag_msgs'
[0.713s] Level 1:colcon.colcon_core.package_identification:_identify(src/apriltag_ros) by extensions ['ignore', 'ignore_ament_install']
[0.713s] Level 1:colcon.colcon_core.package_identification:_identify(src/apriltag_ros) by extension 'ignore'
[0.713s] Level 1:colcon.colcon_core.package_identification:_identify(src/apriltag_ros) by extension 'ignore_ament_install'
[0.713s] Level 1:colcon.colcon_core.package_identification:_identify(src/apriltag_ros) by extensions ['colcon_pkg']
[0.713s] Level 1:colcon.colcon_core.package_identification:_identify(src/apriltag_ros) by extension 'colcon_pkg'
[0.713s] Level 1:colcon.colcon_core.package_identification:_identify(src/apriltag_ros) by extensions ['colcon_meta']
[0.713s] Level 1:colcon.colcon_core.package_identification:_identify(src/apriltag_ros) by extension 'colcon_meta'
[0.713s] Level 1:colcon.colcon_core.package_identification:_identify(src/apriltag_ros) by extensions ['ros']
[0.713s] Level 1:colcon.colcon_core.package_identification:_identify(src/apriltag_ros) by extension 'ros'
[0.717s] DEBUG:colcon.colcon_core.package_identification:Package 'src/apriltag_ros' with type 'ros.ament_cmake' and name 'apriltag_ros'
[0.718s] Level 1:colcon.colcon_core.package_identification:_identify(src/build) by extensions ['ignore', 'ignore_ament_install']
[0.718s] Level 1:colcon.colcon_core.package_identification:_identify(src/build) by extension 'ignore'
[0.718s] Level 1:colcon.colcon_core.package_identification:_identify(src/build) ignored
[0.718s] Level 1:colcon.colcon_core.package_identification:_identify(src/e116) by extensions ['ignore', 'ignore_ament_install']
[0.718s] Level 1:colcon.colcon_core.package_identification:_identify(src/e116) by extension 'ignore'
[0.719s] Level 1:colcon.colcon_core.package_identification:_identify(src/e116) by extension 'ignore_ament_install'
[0.719s] Level 1:colcon.colcon_core.package_identification:_identify(src/e116) by extensions ['colcon_pkg']
[0.719s] Level 1:colcon.colcon_core.package_identification:_identify(src/e116) by extension 'colcon_pkg'
[0.719s] Level 1:colcon.colcon_core.package_identification:_identify(src/e116) by extensions ['colcon_meta']
[0.719s] Level 1:colcon.colcon_core.package_identification:_identify(src/e116) by extension 'colcon_meta'
[0.719s] Level 1:colcon.colcon_core.package_identification:_identify(src/e116) by extensions ['ros']
[0.719s] Level 1:colcon.colcon_core.package_identification:_identify(src/e116) by extension 'ros'
[0.721s] DEBUG:colcon.colcon_core.package_identification:Package 'src/e116' with type 'ros.ament_python' and name 'e116'
[0.721s] Level 1:colcon.colcon_core.package_identification:_identify(src/install) by extensions ['ignore', 'ignore_ament_install']
[0.722s] Level 1:colcon.colcon_core.package_identification:_identify(src/install) by extension 'ignore'
[0.722s] Level 1:colcon.colcon_core.package_identification:_identify(src/install) ignored
[0.722s] Level 1:colcon.colcon_core.package_identification:_identify(src/log) by extensions ['ignore', 'ignore_ament_install']
[0.722s] Level 1:colcon.colcon_core.package_identification:_identify(src/log) by extension 'ignore'
[0.722s] Level 1:colcon.colcon_core.package_identification:_identify(src/log) ignored
[0.722s] Level 1:colcon.colcon_core.package_discovery:discover_packages(recursive) using defaults
[0.722s] Level 1:colcon.colcon_core.package_discovery:discover_packages(ignore) discover
[0.723s] Level 1:colcon.colcon_core.package_discovery:discover_packages(ignore) using defaults
[0.723s] Level 1:colcon.colcon_core.package_discovery:discover_packages(path) discover
[0.723s] Level 1:colcon.colcon_core.package_discovery:discover_packages(path) using defaults
[0.804s] Level 1:colcon.colcon_core.package_discovery:discover_packages(prefix_path) check parameters
[0.804s] Level 1:colcon.colcon_core.package_discovery:discover_packages(prefix_path) discover
[0.809s] DEBUG:colcon.colcon_installed_package_information.package_discovery:Found 4 installed packages in /home/team100/roboracer_116_lehigh/team_ws/install
[0.812s] DEBUG:colcon.colcon_installed_package_information.package_discovery:Found 298 installed packages in /opt/ros/humble
[0.815s] Level 1:colcon.colcon_core.package_discovery:discover_packages(prefix_path) using defaults
[0.907s] Level 5:colcon.colcon_core.verb:set package 'apriltag' build argument 'cmake_args' from command line to 'None'
[0.907s] Level 5:colcon.colcon_core.verb:set package 'apriltag' build argument 'cmake_target' from command line to 'None'
[0.908s] Level 5:colcon.colcon_core.verb:set package 'apriltag' build argument 'cmake_target_skip_unavailable' from command line to 'False'
[0.908s] Level 5:colcon.colcon_core.verb:set package 'apriltag' build argument 'cmake_clean_cache' from command line to 'False'
[0.908s] Level 5:colcon.colcon_core.verb:set package 'apriltag' build argument 'cmake_clean_first' from command line to 'False'
[0.908s] Level 5:colcon.colcon_core.verb:set package 'apriltag' build argument 'cmake_force_configure' from command line to 'False'
[0.908s] Level 5:colcon.colcon_core.verb:set package 'apriltag' build argument 'ament_cmake_args' from command line to 'None'
[0.908s] Level 5:colcon.colcon_core.verb:set package 'apriltag' build argument 'catkin_cmake_args' from command line to 'None'
[0.908s] Level 5:colcon.colcon_core.verb:set package 'apriltag' build argument 'catkin_skip_building_tests' from command line to 'False'
[0.908s] DEBUG:colcon.colcon_core.verb:Building package 'apriltag' with the following arguments: {'ament_cmake_args': None, 'build_base': '/home/team100/roboracer_116_lehigh/team_ws/build/apriltag', 'catkin_cmake_args': None, 'catkin_skip_building_tests': False, 'cmake_args': None, 'cmake_clean_cache': False, 'cmake_clean_first': False, 'cmake_force_configure': False, 'cmake_target': None, 'cmake_target_skip_unavailable': False, 'install_base': '/home/team100/roboracer_116_lehigh/team_ws/install/apriltag', 'merge_install': False, 'path': '/home/team100/roboracer_116_lehigh/team_ws/src/apriltag', 'symlink_install': False, 'test_result_base': None}
[0.909s] Level 5:colcon.colcon_core.verb:set package 'apriltag_msgs' build argument 'cmake_args' from command line to 'None'
[0.909s] Level 5:colcon.colcon_core.verb:set package 'apriltag_msgs' build argument 'cmake_target' from command line to 'None'
[0.909s] Level 5:colcon.colcon_core.verb:set package 'apriltag_msgs' build argument 'cmake_target_skip_unavailable' from command line to 'False'
[0.909s] Level 5:colcon.colcon_core.verb:set package 'apriltag_msgs' build argument 'cmake_clean_cache' from command line to 'False'
[0.909s] Level 5:colcon.colcon_core.verb:set package 'apriltag_msgs' build argument 'cmake_clean_first' from command line to 'False'
[0.909s] Level 5:colcon.colcon_core.verb:set package 'apriltag_msgs' build argument 'cmake_force_configure' from command line to 'False'
[0.909s] Level 5:colcon.colcon_core.verb:set package 'apriltag_msgs' build argument 'ament_cmake_args' from command line to 'None'
[0.909s] Level 5:colcon.colcon_core.verb:set package 'apriltag_msgs' build argument 'catkin_cmake_args' from command line to 'None'
[0.909s] Level 5:colcon.colcon_core.verb:set package 'apriltag_msgs' build argument 'catkin_skip_building_tests' from command line to 'False'
[0.909s] DEBUG:colcon.colcon_core.verb:Building package 'apriltag_msgs' with the following arguments: {'ament_cmake_args': None, 'build_base': '/home/team100/roboracer_116_lehigh/team_ws/build/apriltag_msgs', 'catkin_cmake_args': None, 'catkin_skip_building_tests': False, 'cmake_args': None, 'cmake_clean_cache': False, 'cmake_clean_first': False, 'cmake_force_configure': False, 'cmake_target': None, 'cmake_target_skip_unavailable': False, 'install_base': '/home/team100/roboracer_116_lehigh/team_ws/install/apriltag_msgs', 'merge_install': False, 'path': '/home/team100/roboracer_116_lehigh/team_ws/src/apriltag_msgs', 'symlink_install': False, 'test_result_base': None}
[0.910s] Level 5:colcon.colcon_core.verb:set package 'e116' build argument 'cmake_args' from command line to 'None'
[0.910s] Level 5:colcon.colcon_core.verb:set package 'e116' build argument 'cmake_target' from command line to 'None'
[0.910s] Level 5:colcon.colcon_core.verb:set package 'e116' build argument 'cmake_target_skip_unavailable' from command line to 'False'
[0.910s] Level 5:colcon.colcon_core.verb:set package 'e116' build argument 'cmake_clean_cache' from command line to 'False'
[0.910s] Level 5:colcon.colcon_core.verb:set package 'e116' build argument 'cmake_clean_first' from command line to 'False'
[0.910s] Level 5:colcon.colcon_core.verb:set package 'e116' build argument 'cmake_force_configure' from command line to 'False'
[0.910s] Level 5:colcon.colcon_core.verb:set package 'e116' build argument 'ament_cmake_args' from command line to 'None'
[0.910s] Level 5:colcon.colcon_core.verb:set package 'e116' build argument 'catkin_cmake_args' from command line to 'None'
[0.911s] Level 5:colcon.colcon_core.verb:set package 'e116' build argument 'catkin_skip_building_tests' from command line to 'False'
[0.911s] DEBUG:colcon.colcon_core.verb:Building package 'e116' with the following arguments: {'ament_cmake_args': None, 'build_base': '/home/team100/roboracer_116_lehigh/team_ws/build/e116', 'catkin_cmake_args': None, 'catkin_skip_building_tests': False, 'cmake_args': None, 'cmake_clean_cache': False, 'cmake_clean_first': False, 'cmake_force_configure': False, 'cmake_target': None, 'cmake_target_skip_unavailable': False, 'install_base': '/home/team100/roboracer_116_lehigh/team_ws/install/e116', 'merge_install': False, 'path': '/home/team100/roboracer_116_lehigh/team_ws/src/e116', 'symlink_install': False, 'test_result_base': None}
[0.911s] Level 5:colcon.colcon_core.verb:set package 'apriltag_ros' build argument 'cmake_args' from command line to 'None'
[0.911s] Level 5:colcon.colcon_core.verb:set package 'apriltag_ros' build argument 'cmake_target' from command line to 'None'
[0.911s] Level 5:colcon.colcon_core.verb:set package 'apriltag_ros' build argument 'cmake_target_skip_unavailable' from command line to 'False'
[0.911s] Level 5:colcon.colcon_core.verb:set package 'apriltag_ros' build argument 'cmake_clean_cache' from command line to 'False'
[0.911s] Level 5:colcon.colcon_core.verb:set package 'apriltag_ros' build argument 'cmake_clean_first' from command line to 'False'
[0.912s] Level 5:colcon.colcon_core.verb:set package 'apriltag_ros' build argument 'cmake_force_configure' from command line to 'False'
[0.912s] Level 5:colcon.colcon_core.verb:set package 'apriltag_ros' build argument 'ament_cmake_args' from command line to 'None'
[0.912s] Level 5:colcon.colcon_core.verb:set package 'apriltag_ros' build argument 'catkin_cmake_args' from command line to 'None'
[0.912s] Level 5:colcon.colcon_core.verb:set package 'apriltag_ros' build argument 'catkin_skip_building_tests' from command line to 'False'
[0.912s] DEBUG:colcon.colcon_core.verb:Building package 'apriltag_ros' with the following arguments: {'ament_cmake_args': None, 'build_base': '/home/team100/roboracer_116_lehigh/team_ws/build/apriltag_ros', 'catkin_cmake_args': None, 'catkin_skip_building_tests': False, 'cmake_args': None, 'cmake_clean_cache': False, 'cmake_clean_first': False, 'cmake_force_configure': False, 'cmake_target': None, 'cmake_target_skip_unavailable': False, 'install_base': '/home/team100/roboracer_116_lehigh/team_ws/install/apriltag_ros', 'merge_install': False, 'path': '/home/team100/roboracer_116_lehigh/team_ws/src/apriltag_ros', 'symlink_install': False, 'test_result_base': None}
[0.912s] INFO:colcon.colcon_core.executor:Executing jobs using 'parallel' executor
[0.915s] DEBUG:colcon.colcon_parallel_executor.executor.parallel:run_until_complete
[0.915s] INFO:colcon.colcon_ros.task.cmake.build:Building ROS package in '/home/team100/roboracer_116_lehigh/team_ws/src/apriltag' with build type 'cmake'
[0.916s] INFO:colcon.colcon_cmake.task.cmake.build:Building CMake package in '/home/team100/roboracer_116_lehigh/team_ws/src/apriltag'
[0.921s] INFO:colcon.colcon_core.plugin_system:Skipping extension 'colcon_core.shell.bat': Not used on non-Windows systems
[0.921s] INFO:colcon.colcon_core.shell:Skip shell extension 'powershell' for command environment: Not usable outside of PowerShell
[0.921s] DEBUG:colcon.colcon_core.shell:Skip shell extension 'dsv' for command environment
[0.930s] INFO:colcon.colcon_ros.task.ament_cmake.build:Building ROS package in '/home/team100/roboracer_116_lehigh/team_ws/src/apriltag_msgs' with build type 'ament_cmake'
[0.930s] INFO:colcon.colcon_cmake.task.cmake.build:Building CMake package in '/home/team100/roboracer_116_lehigh/team_ws/src/apriltag_msgs'
[0.931s] INFO:colcon.colcon_core.shell:Skip shell extension 'powershell' for command environment: Not usable outside of PowerShell
[0.931s] DEBUG:colcon.colcon_core.shell:Skip shell extension 'dsv' for command environment
[0.938s] INFO:colcon.colcon_ros.task.ament_python.build:Building ROS package in '/home/team100/roboracer_116_lehigh/team_ws/src/e116' with build type 'ament_python'
[0.938s] Level 1:colcon.colcon_core.shell:create_environment_hook('e116', 'ament_prefix_path')
[0.939s] INFO:colcon.colcon_core.shell:Creating environment hook '/home/team100/roboracer_116_lehigh/team_ws/install/e116/share/e116/hook/ament_prefix_path.ps1'
[0.941s] INFO:colcon.colcon_core.shell:Creating environment descriptor '/home/team100/roboracer_116_lehigh/team_ws/install/e116/share/e116/hook/ament_prefix_path.dsv'
[0.942s] INFO:colcon.colcon_core.shell:Creating environment hook '/home/team100/roboracer_116_lehigh/team_ws/install/e116/share/e116/hook/ament_prefix_path.sh'
[0.944s] INFO:colcon.colcon_core.shell:Skip shell extension 'powershell' for command environment: Not usable outside of PowerShell
[0.944s] DEBUG:colcon.colcon_core.shell:Skip shell extension 'dsv' for command environment
[0.959s] DEBUG:colcon.colcon_core.event_handler.log_command:Invoking command in '/home/team100/roboracer_116_lehigh/team_ws/build/apriltag': CMAKE_PREFIX_PATH=${CMAKE_PREFIX_PATH}:/home/team100/roboracer_116_lehigh/team_ws/install/e116:/opt/ros/humble /usr/bin/cmake --build /home/team100/roboracer_116_lehigh/team_ws/build/apriltag -- -j6 -l6
[0.967s] DEBUG:colcon.colcon_core.event_handler.log_command:Invoking command in '/home/team100/roboracer_116_lehigh/team_ws/build/apriltag_msgs': CMAKE_PREFIX_PATH=${CMAKE_PREFIX_PATH}:/home/team100/roboracer_116_lehigh/team_ws/install/e116:/opt/ros/humble /usr/bin/cmake --build /home/team100/roboracer_116_lehigh/team_ws/build/apriltag_msgs -- -j6 -l6
[1.632s] INFO:colcon.colcon_core.task.python.build:Building Python package in '/home/team100/roboracer_116_lehigh/team_ws/src/e116'
[1.633s] INFO:colcon.colcon_core.shell:Skip shell extension 'powershell' for command environment: Not usable outside of PowerShell
[1.633s] DEBUG:colcon.colcon_core.shell:Skip shell extension 'dsv' for command environment
[1.915s] DEBUG:colcon.colcon_core.event_handler.log_command:Invoked command in '/home/team100/roboracer_116_lehigh/team_ws/build/apriltag_msgs' returned '0': CMAKE_PREFIX_PATH=${CMAKE_PREFIX_PATH}:/home/team100/roboracer_116_lehigh/team_ws/install/e116:/opt/ros/humble /usr/bin/cmake --build /home/team100/roboracer_116_lehigh/team_ws/build/apriltag_msgs -- -j6 -l6
[1.938s] DEBUG:colcon.colcon_core.event_handler.log_command:Invoking command in '/home/team100/roboracer_116_lehigh/team_ws/build/apriltag_msgs': CMAKE_PREFIX_PATH=${CMAKE_PREFIX_PATH}:/home/team100/roboracer_116_lehigh/team_ws/install/e116:/opt/ros/humble /usr/bin/cmake --install /home/team100/roboracer_116_lehigh/team_ws/build/apriltag_msgs
[1.941s] DEBUG:colcon.colcon_core.event_handler.log_command:Invoked command in '/home/team100/roboracer_116_lehigh/team_ws/build/apriltag' returned '0': CMAKE_PREFIX_PATH=${CMAKE_PREFIX_PATH}:/home/team100/roboracer_116_lehigh/team_ws/install/e116:/opt/ros/humble /usr/bin/cmake --build /home/team100/roboracer_116_lehigh/team_ws/build/apriltag -- -j6 -l6
[1.943s] DEBUG:colcon.colcon_core.event_handler.log_command:Invoking command in '/home/team100/roboracer_116_lehigh/team_ws/build/apriltag': CMAKE_PREFIX_PATH=${CMAKE_PREFIX_PATH}:/home/team100/roboracer_116_lehigh/team_ws/install/e116:/opt/ros/humble /usr/bin/cmake --install /home/team100/roboracer_116_lehigh/team_ws/build/apriltag
[1.972s] Level 1:colcon.colcon_core.shell:create_environment_hook('apriltag', 'pkg_config_path')
[1.973s] INFO:colcon.colcon_core.shell:Creating environment hook '/home/team100/roboracer_116_lehigh/team_ws/install/apriltag/share/apriltag/hook/pkg_config_path.ps1'
[1.975s] INFO:colcon.colcon_core.shell:Creating environment descriptor '/home/team100/roboracer_116_lehigh/team_ws/install/apriltag/share/apriltag/hook/pkg_config_path.dsv'
[1.978s] INFO:colcon.colcon_core.shell:Creating environment hook '/home/team100/roboracer_116_lehigh/team_ws/install/apriltag/share/apriltag/hook/pkg_config_path.sh'
[1.996s] DEBUG:colcon.colcon_core.event_handler.log_command:Invoked command in '/home/team100/roboracer_116_lehigh/team_ws/build/apriltag' returned '0': CMAKE_PREFIX_PATH=${CMAKE_PREFIX_PATH}:/home/team100/roboracer_116_lehigh/team_ws/install/e116:/opt/ros/humble /usr/bin/cmake --install /home/team100/roboracer_116_lehigh/team_ws/build/apriltag
[1.996s] Level 1:colcon.colcon_core.shell:create_environment_hook('apriltag', 'pkg_config_path_multiarch')
[1.997s] INFO:colcon.colcon_core.shell:Creating environment hook '/home/team100/roboracer_116_lehigh/team_ws/install/apriltag/share/apriltag/hook/pkg_config_path_multiarch.ps1'
[1.999s] INFO:colcon.colcon_core.shell:Creating environment descriptor '/home/team100/roboracer_116_lehigh/team_ws/install/apriltag/share/apriltag/hook/pkg_config_path_multiarch.dsv'
[2.000s] INFO:colcon.colcon_core.shell:Creating environment hook '/home/team100/roboracer_116_lehigh/team_ws/install/apriltag/share/apriltag/hook/pkg_config_path_multiarch.sh'
[2.001s] Level 1:colcon.colcon_core.environment:create_environment_scripts_only(apriltag)
[2.007s] Level 1:colcon.colcon_core.environment:checking '/home/team100/roboracer_116_lehigh/team_ws/install/apriltag' for CMake module files
[2.008s] Level 1:colcon.colcon_core.environment:checking '/home/team100/roboracer_116_lehigh/team_ws/install/apriltag' for CMake config files
[2.009s] Level 1:colcon.colcon_core.shell:create_environment_hook('apriltag', 'cmake_prefix_path')
[2.010s] INFO:colcon.colcon_core.shell:Creating environment hook '/home/team100/roboracer_116_lehigh/team_ws/install/apriltag/share/apriltag/hook/cmake_prefix_path.ps1'
[2.011s] INFO:colcon.colcon_core.shell:Creating environment descriptor '/home/team100/roboracer_116_lehigh/team_ws/install/apriltag/share/apriltag/hook/cmake_prefix_path.dsv'
[2.012s] INFO:colcon.colcon_core.shell:Creating environment hook '/home/team100/roboracer_116_lehigh/team_ws/install/apriltag/share/apriltag/hook/cmake_prefix_path.sh'
[2.014s] Level 1:colcon.colcon_core.environment:checking '/home/team100/roboracer_116_lehigh/team_ws/install/apriltag/lib'
[2.014s] Level 1:colcon.colcon_core.shell:create_environment_hook('apriltag', 'ld_library_path_lib')
[2.015s] INFO:colcon.colcon_core.shell:Creating environment hook '/home/team100/roboracer_116_lehigh/team_ws/install/apriltag/share/apriltag/hook/ld_library_path_lib.ps1'
[2.016s] INFO:colcon.colcon_core.shell:Creating environment descriptor '/home/team100/roboracer_116_lehigh/team_ws/install/apriltag/share/apriltag/hook/ld_library_path_lib.dsv'
[2.020s] INFO:colcon.colcon_core.shell:Creating environment hook '/home/team100/roboracer_116_lehigh/team_ws/install/apriltag/share/apriltag/hook/ld_library_path_lib.sh'
[2.021s] Level 1:colcon.colcon_core.environment:checking '/home/team100/roboracer_116_lehigh/team_ws/install/apriltag/bin'
[2.022s] Level 1:colcon.colcon_core.shell:create_environment_hook('apriltag', 'path')
[2.022s] INFO:colcon.colcon_core.shell:Creating environment hook '/home/team100/roboracer_116_lehigh/team_ws/install/apriltag/share/apriltag/hook/path.ps1'
[2.024s] INFO:colcon.colcon_core.shell:Creating environment descriptor '/home/team100/roboracer_116_lehigh/team_ws/install/apriltag/share/apriltag/hook/path.dsv'
[2.025s] INFO:colcon.colcon_core.shell:Creating environment hook '/home/team100/roboracer_116_lehigh/team_ws/install/apriltag/share/apriltag/hook/path.sh'
[2.026s] Level 1:colcon.colcon_core.environment:checking '/home/team100/roboracer_116_lehigh/team_ws/install/apriltag/lib/pkgconfig/apriltag.pc'
[2.026s] Level 1:colcon.colcon_core.shell:create_environment_hook('apriltag', 'pkg_config')
[2.027s] INFO:colcon.colcon_core.shell:Creating environment hook '/home/team100/roboracer_116_lehigh/team_ws/install/apriltag/share/apriltag/hook/pkg_config.ps1'
[2.028s] INFO:colcon.colcon_core.shell:Creating environment descriptor '/home/team100/roboracer_116_lehigh/team_ws/install/apriltag/share/apriltag/hook/pkg_config.dsv'
[2.029s] INFO:colcon.colcon_core.shell:Creating environment hook '/home/team100/roboracer_116_lehigh/team_ws/install/apriltag/share/apriltag/hook/pkg_config.sh'
[2.030s] Level 1:colcon.colcon_core.environment:checking '/home/team100/roboracer_116_lehigh/team_ws/install/apriltag/lib/python3.10/site-packages'
[2.031s] Level 1:colcon.colcon_core.shell:create_environment_hook('apriltag', 'pythonpath')
[2.031s] INFO:colcon.colcon_core.shell:Creating environment hook '/home/team100/roboracer_116_lehigh/team_ws/install/apriltag/share/apriltag/hook/pythonpath.ps1'
[2.032s] INFO:colcon.colcon_core.shell:Creating environment descriptor '/home/team100/roboracer_116_lehigh/team_ws/install/apriltag/share/apriltag/hook/pythonpath.dsv'
[2.033s] INFO:colcon.colcon_core.shell:Creating environment hook '/home/team100/roboracer_116_lehigh/team_ws/install/apriltag/share/apriltag/hook/pythonpath.sh'
[2.035s] Level 1:colcon.colcon_core.environment:checking '/home/team100/roboracer_116_lehigh/team_ws/install/apriltag/bin'
[2.035s] Level 1:colcon.colcon_core.shell:create_environment_hook('apriltag', 'pythonscriptspath')
[2.036s] INFO:colcon.colcon_core.shell:Creating environment hook '/home/team100/roboracer_116_lehigh/team_ws/install/apriltag/share/apriltag/hook/pythonscriptspath.ps1'
[2.036s] INFO:colcon.colcon_core.shell:Creating environment descriptor '/home/team100/roboracer_116_lehigh/team_ws/install/apriltag/share/apriltag/hook/pythonscriptspath.dsv'
[2.037s] INFO:colcon.colcon_core.shell:Creating environment hook '/home/team100/roboracer_116_lehigh/team_ws/install/apriltag/share/apriltag/hook/pythonscriptspath.sh'
[2.039s] INFO:colcon.colcon_core.shell:Creating package script '/home/team100/roboracer_116_lehigh/team_ws/install/apriltag/share/apriltag/package.ps1'
[2.041s] INFO:colcon.colcon_core.shell:Creating package descriptor '/home/team100/roboracer_116_lehigh/team_ws/install/apriltag/share/apriltag/package.dsv'
[2.044s] INFO:colcon.colcon_core.shell:Creating package script '/home/team100/roboracer_116_lehigh/team_ws/install/apriltag/share/apriltag/package.sh'
[2.047s] INFO:colcon.colcon_core.shell:Creating package script '/home/team100/roboracer_116_lehigh/team_ws/install/apriltag/share/apriltag/package.bash'
[2.048s] INFO:colcon.colcon_core.shell:Creating package script '/home/team100/roboracer_116_lehigh/team_ws/install/apriltag/share/apriltag/package.zsh'
[2.050s] Level 1:colcon.colcon_core.environment:create_file_with_runtime_dependencies(/home/team100/roboracer_116_lehigh/team_ws/install/apriltag/share/colcon-core/packages/apriltag)
[2.069s] Level 1:colcon.colcon_core.environment:create_environment_scripts_only(apriltag_msgs)
[2.070s] Level 1:colcon.colcon_core.environment:checking '/home/team100/roboracer_116_lehigh/team_ws/install/apriltag_msgs' for CMake module files
[2.071s] DEBUG:colcon.colcon_core.event_handler.log_command:Invoked command in '/home/team100/roboracer_116_lehigh/team_ws/build/apriltag_msgs' returned '0': CMAKE_PREFIX_PATH=${CMAKE_PREFIX_PATH}:/home/team100/roboracer_116_lehigh/team_ws/install/e116:/opt/ros/humble /usr/bin/cmake --install /home/team100/roboracer_116_lehigh/team_ws/build/apriltag_msgs
[2.072s] Level 1:colcon.colcon_core.environment:checking '/home/team100/roboracer_116_lehigh/team_ws/install/apriltag_msgs' for CMake config files
[2.072s] Level 1:colcon.colcon_core.shell:create_environment_hook('apriltag_msgs', 'cmake_prefix_path')
[2.073s] INFO:colcon.colcon_core.shell:Creating environment hook '/home/team100/roboracer_116_lehigh/team_ws/install/apriltag_msgs/share/apriltag_msgs/hook/cmake_prefix_path.ps1'
[2.074s] INFO:colcon.colcon_core.shell:Creating environment descriptor '/home/team100/roboracer_116_lehigh/team_ws/install/apriltag_msgs/share/apriltag_msgs/hook/cmake_prefix_path.dsv'
[2.075s] INFO:colcon.colcon_core.shell:Creating environment hook '/home/team100/roboracer_116_lehigh/team_ws/install/apriltag_msgs/share/apriltag_msgs/hook/cmake_prefix_path.sh'
[2.076s] Level 1:colcon.colcon_core.environment:checking '/home/team100/roboracer_116_lehigh/team_ws/install/apriltag_msgs/lib'
[2.077s] Level 1:colcon.colcon_core.shell:create_environment_hook('apriltag_msgs', 'ld_library_path_lib')
[2.077s] INFO:colcon.colcon_core.shell:Creating environment hook '/home/team100/roboracer_116_lehigh/team_ws/install/apriltag_msgs/share/apriltag_msgs/hook/ld_library_path_lib.ps1'
[2.078s] INFO:colcon.colcon_core.shell:Creating environment descriptor '/home/team100/roboracer_116_lehigh/team_ws/install/apriltag_msgs/share/apriltag_msgs/hook/ld_library_path_lib.dsv'
[2.079s] INFO:colcon.colcon_core.shell:Creating environment hook '/home/team100/roboracer_116_lehigh/team_ws/install/apriltag_msgs/share/apriltag_msgs/hook/ld_library_path_lib.sh'
[2.080s] Level 1:colcon.colcon_core.environment:checking '/home/team100/roboracer_116_lehigh/team_ws/install/apriltag_msgs/bin'
[2.080s] Level 1:colcon.colcon_core.environment:checking '/home/team100/roboracer_116_lehigh/team_ws/install/apriltag_msgs/lib/pkgconfig/apriltag_msgs.pc'
[2.080s] Level 1:colcon.colcon_core.environment:checking '/home/team100/roboracer_116_lehigh/team_ws/install/apriltag_msgs/lib/python3.10/site-packages'
[2.081s] Level 1:colcon.colcon_core.environment:checking '/home/team100/roboracer_116_lehigh/team_ws/install/apriltag_msgs/bin'
[2.082s] INFO:colcon.colcon_core.shell:Creating package script '/home/team100/roboracer_116_lehigh/team_ws/install/apriltag_msgs/share/apriltag_msgs/package.ps1'
[2.084s] INFO:colcon.colcon_core.shell:Creating package descriptor '/home/team100/roboracer_116_lehigh/team_ws/install/apriltag_msgs/share/apriltag_msgs/package.dsv'
[2.085s] INFO:colcon.colcon_core.shell:Creating package script '/home/team100/roboracer_116_lehigh/team_ws/install/apriltag_msgs/share/apriltag_msgs/package.sh'
[2.087s] INFO:colcon.colcon_core.shell:Creating package script '/home/team100/roboracer_116_lehigh/team_ws/install/apriltag_msgs/share/apriltag_msgs/package.bash'
[2.088s] INFO:colcon.colcon_core.shell:Creating package script '/home/team100/roboracer_116_lehigh/team_ws/install/apriltag_msgs/share/apriltag_msgs/package.zsh'
[2.089s] Level 1:colcon.colcon_core.environment:create_file_with_runtime_dependencies(/home/team100/roboracer_116_lehigh/team_ws/install/apriltag_msgs/share/colcon-core/packages/apriltag_msgs)
[2.091s] Level 1:colcon.colcon_core.environment:create_environment_scripts_only(apriltag_msgs)
[2.091s] Level 1:colcon.colcon_core.environment:checking '/home/team100/roboracer_116_lehigh/team_ws/install/apriltag_msgs' for CMake module files
[2.093s] Level 1:colcon.colcon_core.environment:checking '/home/team100/roboracer_116_lehigh/team_ws/install/apriltag_msgs' for CMake config files
[2.094s] Level 1:colcon.colcon_core.shell:create_environment_hook('apriltag_msgs', 'cmake_prefix_path')
[2.094s] INFO:colcon.colcon_core.shell:Creating environment hook '/home/team100/roboracer_116_lehigh/team_ws/install/apriltag_msgs/share/apriltag_msgs/hook/cmake_prefix_path.ps1'
[2.096s] INFO:colcon.colcon_core.shell:Creating environment descriptor '/home/team100/roboracer_116_lehigh/team_ws/install/apriltag_msgs/share/apriltag_msgs/hook/cmake_prefix_path.dsv'
[2.097s] INFO:colcon.colcon_core.shell:Creating environment hook '/home/team100/roboracer_116_lehigh/team_ws/install/apriltag_msgs/share/apriltag_msgs/hook/cmake_prefix_path.sh'
[2.098s] Level 1:colcon.colcon_core.environment:checking '/home/team100/roboracer_116_lehigh/team_ws/install/apriltag_msgs/lib'
[2.098s] Level 1:colcon.colcon_core.shell:create_environment_hook('apriltag_msgs', 'ld_library_path_lib')
[2.099s] INFO:colcon.colcon_core.shell:Creating environment hook '/home/team100/roboracer_116_lehigh/team_ws/install/apriltag_msgs/share/apriltag_msgs/hook/ld_library_path_lib.ps1'
[2.100s] INFO:colcon.colcon_core.shell:Creating environment descriptor '/home/team100/roboracer_116_lehigh/team_ws/install/apriltag_msgs/share/apriltag_msgs/hook/ld_library_path_lib.dsv'
[2.101s] INFO:colcon.colcon_core.shell:Creating environment hook '/home/team100/roboracer_116_lehigh/team_ws/install/apriltag_msgs/share/apriltag_msgs/hook/ld_library_path_lib.sh'
[2.102s] Level 1:colcon.colcon_core.environment:checking '/home/team100/roboracer_116_lehigh/team_ws/install/apriltag_msgs/bin'
[2.102s] Level 1:colcon.colcon_core.environment:checking '/home/team100/roboracer_116_lehigh/team_ws/install/apriltag_msgs/lib/pkgconfig/apriltag_msgs.pc'
[2.102s] Level 1:colcon.colcon_core.environment:checking '/home/team100/roboracer_116_lehigh/team_ws/install/apriltag_msgs/lib/python3.10/site-packages'
[2.103s] Level 1:colcon.colcon_core.environment:checking '/home/team100/roboracer_116_lehigh/team_ws/install/apriltag_msgs/bin'
[2.104s] INFO:colcon.colcon_core.shell:Creating package script '/home/team100/roboracer_116_lehigh/team_ws/install/apriltag_msgs/share/apriltag_msgs/package.ps1'
[2.105s] INFO:colcon.colcon_core.shell:Creating package descriptor '/home/team100/roboracer_116_lehigh/team_ws/install/apriltag_msgs/share/apriltag_msgs/package.dsv'
[2.106s] INFO:colcon.colcon_core.shell:Creating package script '/home/team100/roboracer_116_lehigh/team_ws/install/apriltag_msgs/share/apriltag_msgs/package.sh'
[2.107s] INFO:colcon.colcon_core.shell:Creating package script '/home/team100/roboracer_116_lehigh/team_ws/install/apriltag_msgs/share/apriltag_msgs/package.bash'
[2.108s] INFO:colcon.colcon_core.shell:Creating package script '/home/team100/roboracer_116_lehigh/team_ws/install/apriltag_msgs/share/apriltag_msgs/package.zsh'
[2.109s] Level 1:colcon.colcon_core.environment:create_file_with_runtime_dependencies(/home/team100/roboracer_116_lehigh/team_ws/install/apriltag_msgs/share/colcon-core/packages/apriltag_msgs)
[2.110s] INFO:colcon.colcon_ros.task.ament_cmake.build:Building ROS package in '/home/team100/roboracer_116_lehigh/team_ws/src/apriltag_ros' with build type 'ament_cmake'
[2.111s] INFO:colcon.colcon_cmake.task.cmake.build:Building CMake package in '/home/team100/roboracer_116_lehigh/team_ws/src/apriltag_ros'
[2.111s] INFO:colcon.colcon_core.shell:Skip shell extension 'powershell' for command environment: Not usable outside of PowerShell
[2.112s] DEBUG:colcon.colcon_core.shell:Skip shell extension 'dsv' for command environment
[2.141s] DEBUG:colcon.colcon_core.event_handler.log_command:Invoking command in '/home/team100/roboracer_116_lehigh/team_ws/build/apriltag_ros': CMAKE_PREFIX_PATH=/home/team100/roboracer_116_lehigh/team_ws/install/apriltag_msgs:/home/team100/roboracer_116_lehigh/team_ws/install/apriltag:/home/team100/roboracer_116_lehigh/team_ws/install/apriltag_ros:/home/team100/roboracer_116_lehigh/team_ws/install/e116:/opt/ros/humble LD_LIBRARY_PATH=/home/team100/roboracer_116_lehigh/team_ws/install/apriltag_msgs/lib:/home/team100/roboracer_116_lehigh/team_ws/install/apriltag/lib:/home/team100/roboracer_116_lehigh/team_ws/install/apriltag_ros/lib:/opt/ros/humble/opt/rviz_ogre_vendor/lib:/opt/ros/humble/lib/aarch64-linux-gnu:/opt/ros/humble/lib PYTHONPATH=/home/team100/roboracer_116_lehigh/team_ws/install/apriltag/lib/python3.10/site-packages:/home/team100/roboracer_116_lehigh/team_ws/install/e116/lib/python3.10/site-packages:/home/team100/roboracer_116_lehigh/team_ws/install/apriltag_msgs/local/lib/python3.10/dist-packages:/opt/ros/humble/lib/python3.10/site-packages:/opt/ros/humble/local/lib/python3.10/dist-packages /usr/bin/cmake --build /home/team100/roboracer_116_lehigh/team_ws/build/apriltag_ros -- -j6 -l6
[2.393s] DEBUG:colcon.colcon_core.event_handler.log_command:Invoked command in '/home/team100/roboracer_116_lehigh/team_ws/build/apriltag_ros' returned '0': CMAKE_PREFIX_PATH=/home/team100/roboracer_116_lehigh/team_ws/install/apriltag_msgs:/home/team100/roboracer_116_lehigh/team_ws/install/apriltag:/home/team100/roboracer_116_lehigh/team_ws/install/apriltag_ros:/home/team100/roboracer_116_lehigh/team_ws/install/e116:/opt/ros/humble LD_LIBRARY_PATH=/home/team100/roboracer_116_lehigh/team_ws/install/apriltag_msgs/lib:/home/team100/roboracer_116_lehigh/team_ws/install/apriltag/lib:/home/team100/roboracer_116_lehigh/team_ws/install/apriltag_ros/lib:/opt/ros/humble/opt/rviz_ogre_vendor/lib:/opt/ros/humble/lib/aarch64-linux-gnu:/opt/ros/humble/lib PYTHONPATH=/home/team100/roboracer_116_lehigh/team_ws/install/apriltag/lib/python3.10/site-packages:/home/team100/roboracer_116_lehigh/team_ws/install/e116/lib/python3.10/site-packages:/home/team100/roboracer_116_lehigh/team_ws/install/apriltag_msgs/local/lib/python3.10/dist-packages:/opt/ros/humble/lib/python3.10/site-packages:/opt/ros/humble/local/lib/python3.10/dist-packages /usr/bin/cmake --build /home/team100/roboracer_116_lehigh/team_ws/build/apriltag_ros -- -j6 -l6
[2.397s] DEBUG:colcon.colcon_core.event_handler.log_command:Invoking command in '/home/team100/roboracer_116_lehigh/team_ws/build/apriltag_ros': CMAKE_PREFIX_PATH=/home/team100/roboracer_116_lehigh/team_ws/install/apriltag_msgs:/home/team100/roboracer_116_lehigh/team_ws/install/apriltag:/home/team100/roboracer_116_lehigh/team_ws/install/apriltag_ros:/home/team100/roboracer_116_lehigh/team_ws/install/e116:/opt/ros/humble LD_LIBRARY_PATH=/home/team100/roboracer_116_lehigh/team_ws/install/apriltag_msgs/lib:/home/team100/roboracer_116_lehigh/team_ws/install/apriltag/lib:/home/team100/roboracer_116_lehigh/team_ws/install/apriltag_ros/lib:/opt/ros/humble/opt/rviz_ogre_vendor/lib:/opt/ros/humble/lib/aarch64-linux-gnu:/opt/ros/humble/lib PYTHONPATH=/home/team100/roboracer_116_lehigh/team_ws/install/apriltag/lib/python3.10/site-packages:/home/team100/roboracer_116_lehigh/team_ws/install/e116/lib/python3.10/site-packages:/home/team100/roboracer_116_lehigh/team_ws/install/apriltag_msgs/local/lib/python3.10/dist-packages:/opt/ros/humble/lib/python3.10/site-packages:/opt/ros/humble/local/lib/python3.10/dist-packages /usr/bin/cmake --install /home/team100/roboracer_116_lehigh/team_ws/build/apriltag_ros
[2.424s] Level 1:colcon.colcon_core.environment:create_environment_scripts_only(apriltag_ros)
[2.425s] Level 1:colcon.colcon_core.environment:checking '/home/team100/roboracer_116_lehigh/team_ws/install/apriltag_ros' for CMake module files
[2.426s] DEBUG:colcon.colcon_core.event_handler.log_command:Invoked command in '/home/team100/roboracer_116_lehigh/team_ws/build/apriltag_ros' returned '0': CMAKE_PREFIX_PATH=/home/team100/roboracer_116_lehigh/team_ws/install/apriltag_msgs:/home/team100/roboracer_116_lehigh/team_ws/install/apriltag:/home/team100/roboracer_116_lehigh/team_ws/install/apriltag_ros:/home/team100/roboracer_116_lehigh/team_ws/install/e116:/opt/ros/humble LD_LIBRARY_PATH=/home/team100/roboracer_116_lehigh/team_ws/install/apriltag_msgs/lib:/home/team100/roboracer_116_lehigh/team_ws/install/apriltag/lib:/home/team100/roboracer_116_lehigh/team_ws/install/apriltag_ros/lib:/opt/ros/humble/opt/rviz_ogre_vendor/lib:/opt/ros/humble/lib/aarch64-linux-gnu:/opt/ros/humble/lib PYTHONPATH=/home/team100/roboracer_116_lehigh/team_ws/install/apriltag/lib/python3.10/site-packages:/home/team100/roboracer_116_lehigh/team_ws/install/e116/lib/python3.10/site-packages:/home/team100/roboracer_116_lehigh/team_ws/install/apriltag_msgs/local/lib/python3.10/dist-packages:/opt/ros/humble/lib/python3.10/site-packages:/opt/ros/humble/local/lib/python3.10/dist-packages /usr/bin/cmake --install /home/team100/roboracer_116_lehigh/team_ws/build/apriltag_ros
[2.427s] Level 1:colcon.colcon_core.environment:checking '/home/team100/roboracer_116_lehigh/team_ws/install/apriltag_ros' for CMake config files
[2.427s] Level 1:colcon.colcon_core.shell:create_environment_hook('apriltag_ros', 'cmake_prefix_path')
[2.428s] INFO:colcon.colcon_core.shell:Creating environment hook '/home/team100/roboracer_116_lehigh/team_ws/install/apriltag_ros/share/apriltag_ros/hook/cmake_prefix_path.ps1'
[2.429s] INFO:colcon.colcon_core.shell:Creating environment descriptor '/home/team100/roboracer_116_lehigh/team_ws/install/apriltag_ros/share/apriltag_ros/hook/cmake_prefix_path.dsv'
[2.430s] INFO:colcon.colcon_core.shell:Creating environment hook '/home/team100/roboracer_116_lehigh/team_ws/install/apriltag_ros/share/apriltag_ros/hook/cmake_prefix_path.sh'
[2.431s] Level 1:colcon.colcon_core.environment:checking '/home/team100/roboracer_116_lehigh/team_ws/install/apriltag_ros/lib'
[2.432s] Level 1:colcon.colcon_core.shell:create_environment_hook('apriltag_ros', 'ld_library_path_lib')
[2.432s] INFO:colcon.colcon_core.shell:Creating environment hook '/home/team100/roboracer_116_lehigh/team_ws/install/apriltag_ros/share/apriltag_ros/hook/ld_library_path_lib.ps1'
[2.433s] INFO:colcon.colcon_core.shell:Creating environment descriptor '/home/team100/roboracer_116_lehigh/team_ws/install/apriltag_ros/share/apriltag_ros/hook/ld_library_path_lib.dsv'
[2.434s] INFO:colcon.colcon_core.shell:Creating environment hook '/home/team100/roboracer_116_lehigh/team_ws/install/apriltag_ros/share/apriltag_ros/hook/ld_library_path_lib.sh'
[2.435s] Level 1:colcon.colcon_core.environment:checking '/home/team100/roboracer_116_lehigh/team_ws/install/apriltag_ros/bin'
[2.435s] Level 1:colcon.colcon_core.environment:checking '/home/team100/roboracer_116_lehigh/team_ws/install/apriltag_ros/lib/pkgconfig/apriltag_ros.pc'
[2.436s] Level 1:colcon.colcon_core.environment:checking '/home/team100/roboracer_116_lehigh/team_ws/install/apriltag_ros/lib/python3.10/site-packages'
[2.437s] Level 1:colcon.colcon_core.environment:checking '/home/team100/roboracer_116_lehigh/team_ws/install/apriltag_ros/bin'
[2.437s] INFO:colcon.colcon_core.shell:Creating package script '/home/team100/roboracer_116_lehigh/team_ws/install/apriltag_ros/share/apriltag_ros/package.ps1'
[2.439s] INFO:colcon.colcon_core.shell:Creating package descriptor '/home/team100/roboracer_116_lehigh/team_ws/install/apriltag_ros/share/apriltag_ros/package.dsv'
[2.440s] INFO:colcon.colcon_core.shell:Creating package script '/home/team100/roboracer_116_lehigh/team_ws/install/apriltag_ros/share/apriltag_ros/package.sh'
[2.441s] INFO:colcon.colcon_core.shell:Creating package script '/home/team100/roboracer_116_lehigh/team_ws/install/apriltag_ros/share/apriltag_ros/package.bash'
[2.442s] INFO:colcon.colcon_core.shell:Creating package script '/home/team100/roboracer_116_lehigh/team_ws/install/apriltag_ros/share/apriltag_ros/package.zsh'
[2.442s] Level 1:colcon.colcon_core.environment:create_file_with_runtime_dependencies(/home/team100/roboracer_116_lehigh/team_ws/install/apriltag_ros/share/colcon-core/packages/apriltag_ros)
[2.444s] Level 1:colcon.colcon_core.environment:create_environment_scripts_only(apriltag_ros)
[2.445s] Level 1:colcon.colcon_core.environment:checking '/home/team100/roboracer_116_lehigh/team_ws/install/apriltag_ros' for CMake module files
[2.446s] Level 1:colcon.colcon_core.environment:checking '/home/team100/roboracer_116_lehigh/team_ws/install/apriltag_ros' for CMake config files
[2.446s] Level 1:colcon.colcon_core.shell:create_environment_hook('apriltag_ros', 'cmake_prefix_path')
[2.447s] INFO:colcon.colcon_core.shell:Creating environment hook '/home/team100/roboracer_116_lehigh/team_ws/install/apriltag_ros/share/apriltag_ros/hook/cmake_prefix_path.ps1'
[2.448s] INFO:colcon.colcon_core.shell:Creating environment descriptor '/home/team100/roboracer_116_lehigh/team_ws/install/apriltag_ros/share/apriltag_ros/hook/cmake_prefix_path.dsv'
[2.449s] INFO:colcon.colcon_core.shell:Creating environment hook '/home/team100/roboracer_116_lehigh/team_ws/install/apriltag_ros/share/apriltag_ros/hook/cmake_prefix_path.sh'
[2.450s] Level 1:colcon.colcon_core.environment:checking '/home/team100/roboracer_116_lehigh/team_ws/install/apriltag_ros/lib'
[2.451s] Level 1:colcon.colcon_core.shell:create_environment_hook('apriltag_ros', 'ld_library_path_lib')
[2.452s] INFO:colcon.colcon_core.shell:Creating environment hook '/home/team100/roboracer_116_lehigh/team_ws/install/apriltag_ros/share/apriltag_ros/hook/ld_library_path_lib.ps1'
[2.453s] INFO:colcon.colcon_core.shell:Creating environment descriptor '/home/team100/roboracer_116_lehigh/team_ws/install/apriltag_ros/share/apriltag_ros/hook/ld_library_path_lib.dsv'
[2.454s] INFO:colcon.colcon_core.shell:Creating environment hook '/home/team100/roboracer_116_lehigh/team_ws/install/apriltag_ros/share/apriltag_ros/hook/ld_library_path_lib.sh'
[2.455s] Level 1:colcon.colcon_core.environment:checking '/home/team100/roboracer_116_lehigh/team_ws/install/apriltag_ros/bin'
[2.455s] Level 1:colcon.colcon_core.environment:checking '/home/team100/roboracer_116_lehigh/team_ws/install/apriltag_ros/lib/pkgconfig/apriltag_ros.pc'
[2.456s] Level 1:colcon.colcon_core.environment:checking '/home/team100/roboracer_116_lehigh/team_ws/install/apriltag_ros/lib/python3.10/site-packages'
[2.456s] Level 1:colcon.colcon_core.environment:checking '/home/team100/roboracer_116_lehigh/team_ws/install/apriltag_ros/bin'
[2.457s] INFO:colcon.colcon_core.shell:Creating package script '/home/team100/roboracer_116_lehigh/team_ws/install/apriltag_ros/share/apriltag_ros/package.ps1'
[2.459s] INFO:colcon.colcon_core.shell:Creating package descriptor '/home/team100/roboracer_116_lehigh/team_ws/install/apriltag_ros/share/apriltag_ros/package.dsv'
[2.460s] INFO:colcon.colcon_core.shell:Creating package script '/home/team100/roboracer_116_lehigh/team_ws/install/apriltag_ros/share/apriltag_ros/package.sh'
[2.461s] INFO:colcon.colcon_core.shell:Creating package script '/home/team100/roboracer_116_lehigh/team_ws/install/apriltag_ros/share/apriltag_ros/package.bash'
[2.462s] INFO:colcon.colcon_core.shell:Creating package script '/home/team100/roboracer_116_lehigh/team_ws/install/apriltag_ros/share/apriltag_ros/package.zsh'
[2.463s] Level 1:colcon.colcon_core.environment:create_file_with_runtime_dependencies(/home/team100/roboracer_116_lehigh/team_ws/install/apriltag_ros/share/colcon-core/packages/apriltag_ros)
[2.479s] DEBUG:colcon.colcon_core.event_handler.log_command:Invoking command in '/home/team100/roboracer_116_lehigh/team_ws/src/e116': PYTHONPATH=/home/team100/roboracer_116_lehigh/team_ws/build/e116/prefix_override:/usr/lib/python3/dist-packages/colcon_core/task/python/colcon_distutils_commands:/home/team100/roboracer_116_lehigh/team_ws/install/e116/lib/python3.10/site-packages:${PYTHONPATH} /usr/bin/python3 -W ignore:setup.py install is deprecated -W ignore:easy_install command is deprecated setup.py egg_info --egg-base ../../build/e116 build --build-base /home/team100/roboracer_116_lehigh/team_ws/build/e116/build install --record /home/team100/roboracer_116_lehigh/team_ws/build/e116/install.log --single-version-externally-managed install_data
[3.190s] Level 1:colcon.colcon_core.environment:checking '/home/team100/roboracer_116_lehigh/team_ws/install/e116' for CMake module files
[3.192s] DEBUG:colcon.colcon_core.event_handler.log_command:Invoked command in '/home/team100/roboracer_116_lehigh/team_ws/src/e116' returned '0': PYTHONPATH=/home/team100/roboracer_116_lehigh/team_ws/build/e116/prefix_override:/usr/lib/python3/dist-packages/colcon_core/task/python/colcon_distutils_commands:/home/team100/roboracer_116_lehigh/team_ws/install/e116/lib/python3.10/site-packages:${PYTHONPATH} /usr/bin/python3 -W ignore:setup.py install is deprecated -W ignore:easy_install command is deprecated setup.py egg_info --egg-base ../../build/e116 build --build-base /home/team100/roboracer_116_lehigh/team_ws/build/e116/build install --record /home/team100/roboracer_116_lehigh/team_ws/build/e116/install.log --single-version-externally-managed install_data
[3.193s] Level 1:colcon.colcon_core.environment:checking '/home/team100/roboracer_116_lehigh/team_ws/install/e116' for CMake config files
[3.196s] Level 1:colcon.colcon_core.environment:checking '/home/team100/roboracer_116_lehigh/team_ws/install/e116/lib'
[3.196s] Level 1:colcon.colcon_core.environment:checking '/home/team100/roboracer_116_lehigh/team_ws/install/e116/bin'
[3.196s] Level 1:colcon.colcon_core.environment:checking '/home/team100/roboracer_116_lehigh/team_ws/install/e116/lib/pkgconfig/e116.pc'
[3.197s] Level 1:colcon.colcon_core.environment:checking '/home/team100/roboracer_116_lehigh/team_ws/install/e116/lib/python3.10/site-packages'
[3.197s] Level 1:colcon.colcon_core.shell:create_environment_hook('e116', 'pythonpath')
[3.198s] INFO:colcon.colcon_core.shell:Creating environment hook '/home/team100/roboracer_116_lehigh/team_ws/install/e116/share/e116/hook/pythonpath.ps1'
[3.200s] INFO:colcon.colcon_core.shell:Creating environment descriptor '/home/team100/roboracer_116_lehigh/team_ws/install/e116/share/e116/hook/pythonpath.dsv'
[3.202s] INFO:colcon.colcon_core.shell:Creating environment hook '/home/team100/roboracer_116_lehigh/team_ws/install/e116/share/e116/hook/pythonpath.sh'
[3.205s] Level 1:colcon.colcon_core.environment:checking '/home/team100/roboracer_116_lehigh/team_ws/install/e116/bin'
[3.205s] Level 1:colcon.colcon_core.environment:create_environment_scripts_only(e116)
[3.206s] INFO:colcon.colcon_core.shell:Creating package script '/home/team100/roboracer_116_lehigh/team_ws/install/e116/share/e116/package.ps1'
[3.208s] INFO:colcon.colcon_core.shell:Creating package descriptor '/home/team100/roboracer_116_lehigh/team_ws/install/e116/share/e116/package.dsv'
[3.210s] INFO:colcon.colcon_core.shell:Creating package script '/home/team100/roboracer_116_lehigh/team_ws/install/e116/share/e116/package.sh'
[3.212s] INFO:colcon.colcon_core.shell:Creating package script '/home/team100/roboracer_116_lehigh/team_ws/install/e116/share/e116/package.bash'
[3.214s] INFO:colcon.colcon_core.shell:Creating package script '/home/team100/roboracer_116_lehigh/team_ws/install/e116/share/e116/package.zsh'
[3.215s] Level 1:colcon.colcon_core.environment:create_file_with_runtime_dependencies(/home/team100/roboracer_116_lehigh/team_ws/install/e116/share/colcon-core/packages/e116)
[3.216s] DEBUG:colcon.colcon_parallel_executor.executor.parallel:closing loop
[3.218s] DEBUG:colcon.colcon_parallel_executor.executor.parallel:loop closed
[3.218s] DEBUG:colcon.colcon_parallel_executor.executor.parallel:run_until_complete finished with '0'
[3.219s] DEBUG:colcon.colcon_core.event_reactor:joining thread
[3.238s] INFO:colcon.colcon_core.plugin_system:Skipping extension 'colcon_notification.desktop_notification.terminal_notifier': Not used on non-Darwin systems
[3.238s] INFO:colcon.colcon_core.plugin_system:Skipping extension 'colcon_notification.desktop_notification.win32': Not used on non-Windows systems
[3.239s] INFO:colcon.colcon_notification.desktop_notification:Sending desktop notification using 'notify2'
[3.284s] DEBUG:colcon.colcon_core.event_reactor:joined thread
[3.285s] INFO:colcon.colcon_core.shell:Creating prefix script '/home/team100/roboracer_116_lehigh/team_ws/install/local_setup.ps1'
[3.289s] INFO:colcon.colcon_core.shell:Creating prefix util module '/home/team100/roboracer_116_lehigh/team_ws/install/_local_setup_util_ps1.py'
[3.298s] INFO:colcon.colcon_core.shell:Creating prefix chain script '/home/team100/roboracer_116_lehigh/team_ws/install/setup.ps1'
[3.303s] INFO:colcon.colcon_core.shell:Creating prefix script '/home/team100/roboracer_116_lehigh/team_ws/install/local_setup.sh'
[3.305s] INFO:colcon.colcon_core.shell:Creating prefix util module '/home/team100/roboracer_116_lehigh/team_ws/install/_local_setup_util_sh.py'
[3.307s] INFO:colcon.colcon_core.shell:Creating prefix chain script '/home/team100/roboracer_116_lehigh/team_ws/install/setup.sh'
[3.310s] INFO:colcon.colcon_core.shell:Creating prefix script '/home/team100/roboracer_116_lehigh/team_ws/install/local_setup.bash'
[3.312s] INFO:colcon.colcon_core.shell:Creating prefix chain script '/home/team100/roboracer_116_lehigh/team_ws/install/setup.bash'
[3.314s] INFO:colcon.colcon_core.shell:Creating prefix script '/home/team100/roboracer_116_lehigh/team_ws/install/local_setup.zsh'
[3.316s] INFO:colcon.colcon_core.shell:Creating prefix chain script '/home/team100/roboracer_116_lehigh/team_ws/install/setup.zsh'
