[1.456s] Invoking command in '/home/team100/team_ws/build/e116': PYTHONPATH=/home/team100/team_ws/build/e116/prefix_override:/usr/lib/python3/dist-packages/colcon_core/task/python/colcon_distutils_commands:/home/team100/team_ws/install/e116/lib/python3.10/site-packages:${PYTHONPATH} /usr/bin/python3 -W ignore:setup.py install is deprecated -W ignore:easy_install command is deprecated setup.py develop --uninstall --editable --build-directory /home/team100/team_ws/build/e116/build
[2.070s] running develop
[2.456s] Removing /home/team100/team_ws/install/e116/lib/python3.10/site-packages/e116.egg-link (link to .)
[2.544s] Invoked command in '/home/team100/team_ws/build/e116' returned '0': PYTHONPATH=/home/team100/team_ws/build/e116/prefix_override:/usr/lib/python3/dist-packages/colcon_core/task/python/colcon_distutils_commands:/home/team100/team_ws/install/e116/lib/python3.10/site-packages:${PYTHONPATH} /usr/bin/python3 -W ignore:setup.py install is deprecated -W ignore:easy_install command is deprecated setup.py develop --uninstall --editable --build-directory /home/team100/team_ws/build/e116/build
[2.550s] Invoking command in '/home/team100/team_ws/src/e116': PYTHONPATH=/home/team100/team_ws/build/e116/prefix_override:/usr/lib/python3/dist-packages/colcon_core/task/python/colcon_distutils_commands:/home/team100/team_ws/install/e116/lib/python3.10/site-packages:${PYTHONPATH} /usr/bin/python3 -W ignore:setup.py install is deprecated -W ignore:easy_install command is deprecated setup.py egg_info --egg-base ../../build/e116 build --build-base /home/team100/team_ws/build/e116/build install --record /home/team100/team_ws/build/e116/install.log --single-version-externally-managed install_data --force
[3.118s] running egg_info
[3.119s] writing ../../build/e116/e116.egg-info/PKG-INFO
[3.120s] writing dependency_links to ../../build/e116/e116.egg-info/dependency_links.txt
[3.121s] writing entry points to ../../build/e116/e116.egg-info/entry_points.txt
[3.121s] writing requirements to ../../build/e116/e116.egg-info/requires.txt
[3.122s] writing top-level names to ../../build/e116/e116.egg-info/top_level.txt
[3.126s] reading manifest file '../../build/e116/e116.egg-info/SOURCES.txt'
[3.128s] writing manifest file '../../build/e116/e116.egg-info/SOURCES.txt'
[3.129s] running build
[3.129s] running build_py
[3.129s] creating /home/team100/team_ws/build/e116/build
[3.129s] creating /home/team100/team_ws/build/e116/build/lib
[3.130s] creating /home/team100/team_ws/build/e116/build/lib/e116
[3.130s] copying e116/__init__.py -> /home/team100/team_ws/build/e116/build/lib/e116
[3.130s] copying e116/keyJoy.py -> /home/team100/team_ws/build/e116/build/lib/e116
[3.130s] copying e116/keyJoyTerminal.py -> /home/team100/team_ws/build/e116/build/lib/e116
[3.131s] copying e116/e116_racecar.py -> /home/team100/team_ws/build/e116/build/lib/e116
[3.131s] running install
[3.132s] running install_lib
[3.137s] creating /home/team100/team_ws/install/e116/lib/python3.10/site-packages/e116
[3.138s] copying /home/team100/team_ws/build/e116/build/lib/e116/__init__.py -> /home/team100/team_ws/install/e116/lib/python3.10/site-packages/e116
[3.138s] copying /home/team100/team_ws/build/e116/build/lib/e116/keyJoy.py -> /home/team100/team_ws/install/e116/lib/python3.10/site-packages/e116
[3.138s] copying /home/team100/team_ws/build/e116/build/lib/e116/keyJoyTerminal.py -> /home/team100/team_ws/install/e116/lib/python3.10/site-packages/e116
[3.139s] copying /home/team100/team_ws/build/e116/build/lib/e116/e116_racecar.py -> /home/team100/team_ws/install/e116/lib/python3.10/site-packages/e116
[3.140s] byte-compiling /home/team100/team_ws/install/e116/lib/python3.10/site-packages/e116/__init__.py to __init__.cpython-310.pyc
[3.140s] byte-compiling /home/team100/team_ws/install/e116/lib/python3.10/site-packages/e116/keyJoy.py to keyJoy.cpython-310.pyc
[3.142s] byte-compiling /home/team100/team_ws/install/e116/lib/python3.10/site-packages/e116/keyJoyTerminal.py to keyJoyTerminal.cpython-310.pyc
[3.143s] byte-compiling /home/team100/team_ws/install/e116/lib/python3.10/site-packages/e116/e116_racecar.py to e116_racecar.cpython-310.pyc
[3.145s] running install_data
[3.146s] copying resource/e116 -> /home/team100/team_ws/install/e116/share/ament_index/resource_index/packages
[3.146s] copying package.xml -> /home/team100/team_ws/install/e116/share/e116
[3.146s] copying launch/teleop.launch.py -> /home/team100/team_ws/install/e116/share/e116/launch
[3.147s] copying launch/teleop_terminal.launch.py -> /home/team100/team_ws/install/e116/share/e116/launch
[3.147s] copying config/e116.yaml -> /home/team100/team_ws/install/e116/share/e116/config
[3.147s] running install_egg_info
[3.152s] Copying ../../build/e116/e116.egg-info to /home/team100/team_ws/install/e116/lib/python3.10/site-packages/e116-0.0.1-py3.10.egg-info
[3.154s] running install_scripts
[3.201s] Installing e116_racecar script to /home/team100/team_ws/install/e116/lib/e116
[3.202s] Installing keyJoy script to /home/team100/team_ws/install/e116/lib/e116
[3.202s] Installing keyJoyTerminal script to /home/team100/team_ws/install/e116/lib/e116
[3.203s] writing list of installed files to '/home/team100/team_ws/build/e116/install.log'
[3.274s] Invoked command in '/home/team100/team_ws/src/e116' returned '0': PYTHONPATH=/home/team100/team_ws/build/e116/prefix_override:/usr/lib/python3/dist-packages/colcon_core/task/python/colcon_distutils_commands:/home/team100/team_ws/install/e116/lib/python3.10/site-packages:${PYTHONPATH} /usr/bin/python3 -W ignore:setup.py install is deprecated -W ignore:easy_install command is deprecated setup.py egg_info --egg-base ../../build/e116 build --build-base /home/team100/team_ws/build/e116/build install --record /home/team100/team_ws/build/e116/install.log --single-version-externally-managed install_data --force
