[0.034s] Invoking command in '/home/team100/team_ws/build/apriltag': CMAKE_PREFIX_PATH=${CMAKE_PREFIX_PATH}:/home/team100/team_ws/install/e116:/opt/ros/humble /usr/bin/cmake /home/team100/team_ws/src/apriltag -DCMAKE_INSTALL_PREFIX=/home/team100/team_ws/install/apriltag
[0.164s] -- The C compiler identification is GNU 11.4.0
[0.192s] -- Detecting C compiler ABI info
[0.369s] -- Detecting C compiler ABI info - done
[0.394s] -- Check for working C compiler: /usr/bin/cc - skipped
[0.396s] -- Detecting C compile features
[0.402s] -- Detecting C compile features - done
[0.404s] -- Setting build type to 'Release' as none was specified.
[0.411s] -- Looking for pthread.h
[0.583s] -- Looking for pthread.h - found
[0.583s] -- Performing Test CMAKE_HAVE_LIBC_PTHREAD
[0.735s] -- Performing Test CMAKE_HAVE_LIBC_PTHREAD - Success
[0.740s] -- Found Threads: TRUE  
[2.161s] -- The CXX compiler identification is GNU 11.4.0
[2.175s] -- Detecting CXX compiler ABI info
[2.331s] -- Detecting CXX compiler ABI info - done
[2.345s] -- Check for working CXX compiler: /usr/bin/c++ - skipped
[2.346s] -- Detecting CXX compile features
[2.347s] -- Detecting CXX compile features - done
[2.349s] -- Configuring done
[2.374s] -- Generating done
[2.382s] -- Build files have been written to: /home/team100/team_ws/build/apriltag
[2.393s] Invoked command in '/home/team100/team_ws/build/apriltag' returned '0': CMAKE_PREFIX_PATH=${CMAKE_PREFIX_PATH}:/home/team100/team_ws/install/e116:/opt/ros/humble /usr/bin/cmake /home/team100/team_ws/src/apriltag -DCMAKE_INSTALL_PREFIX=/home/team100/team_ws/install/apriltag
[2.399s] Invoking command in '/home/team100/team_ws/build/apriltag': CMAKE_PREFIX_PATH=${CMAKE_PREFIX_PATH}:/home/team100/team_ws/install/e116:/opt/ros/humble /usr/bin/cmake --build /home/team100/team_ws/build/apriltag -- -j6 -l6
[2.495s] [  2%] [34m[1mGenerating apriltag_py_type_docstring.h, apriltag_py_type_docstring.cxx[0m
[2.496s] [  4%] [32mBuilding C object CMakeFiles/apriltag.dir/apriltag_pose.c.o[0m
[2.496s] [  6%] [32mBuilding C object CMakeFiles/apriltag.dir/apriltag.c.o[0m
[2.499s] [  9%] [34m[1mGenerating apriltag_detect_docstring.h, apriltag_detect_docstring.cxx[0m
[2.503s] [ 11%] [34m[1mGenerating apriltag_estimate_tag_pose_docstring.h, apriltag_estimate_tag_pose_docstring.cxx[0m
[2.512s] [ 13%] [32mBuilding C object CMakeFiles/apriltag.dir/apriltag_quad_thresh.c.o[0m
[2.607s] [ 18%] [32mBuilding C object CMakeFiles/apriltag.dir/common/getopt.c.o[0m
[2.610s] [ 18%] [32mBuilding C object CMakeFiles/apriltag.dir/common/g2d.c.o[0m
[2.617s] [ 18%] Built target apriltag_py_docstrings
[2.650s] [ 20%] [32mBuilding C object CMakeFiles/apriltag.dir/common/homography.c.o[0m
[3.081s] [ 23%] [32mBuilding C object CMakeFiles/apriltag.dir/common/image_u8.c.o[0m
[3.081s] [ 25%] [32mBuilding C object CMakeFiles/apriltag.dir/common/image_u8_parallel.c.o[0m
[3.145s] [ 27%] [32mBuilding C object CMakeFiles/apriltag.dir/common/image_u8x3.c.o[0m
[3.166s] [ 30%] [32mBuilding C object CMakeFiles/apriltag.dir/common/image_u8x4.c.o[0m
[3.440s] [ 32%] [32mBuilding C object CMakeFiles/apriltag.dir/common/matd.c.o[0m
[3.520s] [ 34%] [32mBuilding C object CMakeFiles/apriltag.dir/common/pam.c.o[0m
[3.630s] [ 37%] [32mBuilding C object CMakeFiles/apriltag.dir/common/pjpeg-idct.c.o[0m
[3.769s] [ 39%] [32mBuilding C object CMakeFiles/apriltag.dir/common/pjpeg.c.o[0m
[3.815s] [ 41%] [32mBuilding C object CMakeFiles/apriltag.dir/common/pnm.c.o[0m
[4.109s] [ 44%] [32mBuilding C object CMakeFiles/apriltag.dir/common/pthreads_cross.c.o[0m
[4.260s] [ 46%] [32mBuilding C object CMakeFiles/apriltag.dir/common/string_util.c.o[0m
[4.284s] [ 48%] [32mBuilding C object CMakeFiles/apriltag.dir/common/svd22.c.o[0m
[4.426s] [ 51%] [32mBuilding C object CMakeFiles/apriltag.dir/common/time_util.c.o[0m
[4.586s] [ 53%] [32mBuilding C object CMakeFiles/apriltag.dir/common/unionfind.c.o[0m
[4.622s] [ 55%] [32mBuilding C object CMakeFiles/apriltag.dir/common/workerpool.c.o[0m
[4.677s] [ 58%] [32mBuilding C object CMakeFiles/apriltag.dir/common/zarray.c.o[0m
[4.732s] [ 60%] [32mBuilding C object CMakeFiles/apriltag.dir/common/zhash.c.o[0m
[4.859s] [ 62%] [32mBuilding C object CMakeFiles/apriltag.dir/common/zmaxheap.c.o[0m
[4.875s] [ 65%] [32mBuilding C object CMakeFiles/apriltag.dir/tag25h9.c.o[0m
[4.885s] [ 67%] [32mBuilding C object CMakeFiles/apriltag.dir/tag16h5.c.o[0m
[5.071s] [ 69%] [32mBuilding C object CMakeFiles/apriltag.dir/tag36h10.c.o[0m
[5.084s] [ 72%] [32mBuilding C object CMakeFiles/apriltag.dir/tag36h11.c.o[0m
[5.089s] [ 74%] [32mBuilding C object CMakeFiles/apriltag.dir/tagCircle21h7.c.o[0m
[5.158s] [ 76%] [32mBuilding C object CMakeFiles/apriltag.dir/tagCircle49h12.c.o[0m
[5.171s] [ 79%] [32mBuilding C object CMakeFiles/apriltag.dir/tagCustom48h12.c.o[0m
[5.246s] [ 81%] [32mBuilding C object CMakeFiles/apriltag.dir/tagStandard52h13.c.o[0m
[5.250s] [ 83%] [32mBuilding C object CMakeFiles/apriltag.dir/tagStandard41h12.c.o[0m
[5.636s] [ 86%] [32m[1mLinking C shared library libapriltag.so[0m
[5.768s] [ 86%] Built target apriltag
[5.806s] [ 93%] [32mBuilding C object CMakeFiles/apriltag_demo.dir/example/apriltag_demo.c.o[0m
[5.807s] [ 93%] [32mBuilding C object CMakeFiles/apriltag.cpython-310-aarch64-linux-gnu.dir/apriltag_pywrap.c.o[0m
[5.807s] [ 93%] [32mBuilding CXX object CMakeFiles/opencv_demo.dir/example/opencv_demo.cc.o[0m
[6.122s] [ 95%] [32m[1mLinking C executable apriltag_demo[0m
[6.216s] [ 95%] Built target apriltag_demo
[6.381s] [ 97%] [32m[1mLinking C shared module apriltag.cpython-310-aarch64-linux-gnu.so[0m
[6.516s] [ 97%] Built target apriltag.cpython-310-aarch64-linux-gnu
[11.077s] [100%] [32m[1mLinking CXX executable opencv_demo[0m
[12.674s] [100%] Built target opencv_demo
[12.696s] Invoked command in '/home/team100/team_ws/build/apriltag' returned '0': CMAKE_PREFIX_PATH=${CMAKE_PREFIX_PATH}:/home/team100/team_ws/install/e116:/opt/ros/humble /usr/bin/cmake --build /home/team100/team_ws/build/apriltag -- -j6 -l6
[12.699s] Invoking command in '/home/team100/team_ws/build/apriltag': CMAKE_PREFIX_PATH=${CMAKE_PREFIX_PATH}:/home/team100/team_ws/install/e116:/opt/ros/humble /usr/bin/cmake --install /home/team100/team_ws/build/apriltag
[12.714s] -- Install configuration: "Release"
[12.715s] -- Installing: /home/team100/team_ws/install/apriltag/include/apriltag/apriltag.h
[12.715s] -- Installing: /home/team100/team_ws/install/apriltag/include/apriltag/apriltag_math.h
[12.715s] -- Installing: /home/team100/team_ws/install/apriltag/include/apriltag/apriltag_pose.h
[12.716s] -- Installing: /home/team100/team_ws/install/apriltag/include/apriltag/common/debug_print.h
[12.716s] -- Installing: /home/team100/team_ws/install/apriltag/include/apriltag/common/doubles.h
[12.717s] -- Installing: /home/team100/team_ws/install/apriltag/include/apriltag/common/doubles_floats_impl.h
[12.719s] -- Installing: /home/team100/team_ws/install/apriltag/include/apriltag/common/floats.h
[12.719s] -- Installing: /home/team100/team_ws/install/apriltag/include/apriltag/common/g2d.h
[12.719s] -- Installing: /home/team100/team_ws/install/apriltag/include/apriltag/common/getopt.h
[12.720s] -- Installing: /home/team100/team_ws/install/apriltag/include/apriltag/common/homography.h
[12.720s] -- Installing: /home/team100/team_ws/install/apriltag/include/apriltag/common/image_types.h
[12.720s] -- Installing: /home/team100/team_ws/install/apriltag/include/apriltag/common/image_u8.h
[12.720s] -- Installing: /home/team100/team_ws/install/apriltag/include/apriltag/common/image_u8_parallel.h
[12.721s] -- Installing: /home/team100/team_ws/install/apriltag/include/apriltag/common/image_u8x3.h
[12.721s] -- Installing: /home/team100/team_ws/install/apriltag/include/apriltag/common/image_u8x4.h
[12.721s] -- Installing: /home/team100/team_ws/install/apriltag/include/apriltag/common/matd.h
[12.722s] -- Installing: /home/team100/team_ws/install/apriltag/include/apriltag/common/math_util.h
[12.722s] -- Installing: /home/team100/team_ws/install/apriltag/include/apriltag/common/pam.h
[12.723s] -- Installing: /home/team100/team_ws/install/apriltag/include/apriltag/common/pjpeg.h
[12.723s] -- Installing: /home/team100/team_ws/install/apriltag/include/apriltag/common/pnm.h
[12.723s] -- Installing: /home/team100/team_ws/install/apriltag/include/apriltag/common/postscript_utils.h
[12.723s] -- Installing: /home/team100/team_ws/install/apriltag/include/apriltag/common/pthreads_cross.h
[12.724s] -- Installing: /home/team100/team_ws/install/apriltag/include/apriltag/common/string_util.h
[12.724s] -- Installing: /home/team100/team_ws/install/apriltag/include/apriltag/common/svd22.h
[12.724s] -- Installing: /home/team100/team_ws/install/apriltag/include/apriltag/common/time_util.h
[12.724s] -- Installing: /home/team100/team_ws/install/apriltag/include/apriltag/common/timeprofile.h
[12.725s] -- Installing: /home/team100/team_ws/install/apriltag/include/apriltag/common/unionfind.h
[12.725s] -- Installing: /home/team100/team_ws/install/apriltag/include/apriltag/common/workerpool.h
[12.725s] -- Installing: /home/team100/team_ws/install/apriltag/include/apriltag/common/zarray.h
[12.725s] -- Installing: /home/team100/team_ws/install/apriltag/include/apriltag/common/zhash.h
[12.726s] -- Installing: /home/team100/team_ws/install/apriltag/include/apriltag/common/zmaxheap.h
[12.726s] -- Installing: /home/team100/team_ws/install/apriltag/include/apriltag/tag16h5.h
[12.726s] -- Installing: /home/team100/team_ws/install/apriltag/include/apriltag/tag25h9.h
[12.727s] -- Installing: /home/team100/team_ws/install/apriltag/include/apriltag/tag36h10.h
[12.727s] -- Installing: /home/team100/team_ws/install/apriltag/include/apriltag/tag36h11.h
[12.727s] -- Installing: /home/team100/team_ws/install/apriltag/include/apriltag/tagCircle21h7.h
[12.727s] -- Installing: /home/team100/team_ws/install/apriltag/include/apriltag/tagCircle49h12.h
[12.728s] -- Installing: /home/team100/team_ws/install/apriltag/include/apriltag/tagCustom48h12.h
[12.728s] -- Installing: /home/team100/team_ws/install/apriltag/include/apriltag/tagStandard41h12.h
[12.728s] -- Installing: /home/team100/team_ws/install/apriltag/include/apriltag/tagStandard52h13.h
[12.729s] -- Installing: /home/team100/team_ws/install/apriltag/lib/libapriltag.so.3.4.5
[12.732s] -- Installing: /home/team100/team_ws/install/apriltag/lib/libapriltag.so.3
[12.733s] -- Installing: /home/team100/team_ws/install/apriltag/lib/libapriltag.so
[12.733s] -- Installing: /home/team100/team_ws/install/apriltag/lib/apriltag/cmake/apriltagTargets.cmake
[12.733s] -- Installing: /home/team100/team_ws/install/apriltag/lib/apriltag/cmake/apriltagTargets-release.cmake
[12.734s] -- Installing: /home/team100/team_ws/install/apriltag/lib/apriltag/cmake/apriltagConfig.cmake
[12.734s] -- Installing: /home/team100/team_ws/install/apriltag/lib/apriltag/cmake/apriltagConfigVersion.cmake
[12.734s] -- Installing: /home/team100/team_ws/install/apriltag/lib/pkgconfig/apriltag.pc
[12.735s] -- Installing: /home/team100/team_ws/install/apriltag/lib/python3.10/site-packages/apriltag.cpython-310-aarch64-linux-gnu.so
[12.736s] -- Set runtime path of "/home/team100/team_ws/install/apriltag/lib/python3.10/site-packages/apriltag.cpython-310-aarch64-linux-gnu.so" to ""
[12.736s] -- Installing: /home/team100/team_ws/install/apriltag/bin/opencv_demo
[12.736s] -- Set runtime path of "/home/team100/team_ws/install/apriltag/bin/opencv_demo" to ""
[12.737s] -- Installing: /home/team100/team_ws/install/apriltag/bin/apriltag_demo
[12.737s] -- Set runtime path of "/home/team100/team_ws/install/apriltag/bin/apriltag_demo" to ""
[12.741s] Invoked command in '/home/team100/team_ws/build/apriltag' returned '0': CMAKE_PREFIX_PATH=${CMAKE_PREFIX_PATH}:/home/team100/team_ws/install/e116:/opt/ros/humble /usr/bin/cmake --install /home/team100/team_ws/build/apriltag
