[2.364s] Invoking command in '/home/team100/team_ws/src/e116': PYTHONPATH=/home/team100/team_ws/src/build/e116/prefix_override:/usr/lib/python3/dist-packages/colcon_core/task/python/colcon_distutils_commands:/home/team100/team_ws/src/install/e116/lib/python3.10/site-packages:${PYTHONPATH} /usr/bin/python3 -W ignore:setup.py install is deprecated -W ignore:easy_install command is deprecated setup.py egg_info --egg-base ../build/e116 build --build-base /home/team100/team_ws/src/build/e116/build install --record /home/team100/team_ws/src/build/e116/install.log --single-version-externally-managed install_data
[2.905s] running egg_info
[2.907s] writing ../build/e116/e116.egg-info/PKG-INFO
[2.908s] writing dependency_links to ../build/e116/e116.egg-info/dependency_links.txt
[2.908s] writing entry points to ../build/e116/e116.egg-info/entry_points.txt
[2.909s] writing requirements to ../build/e116/e116.egg-info/requires.txt
[2.909s] writing top-level names to ../build/e116/e116.egg-info/top_level.txt
[2.916s] reading manifest file '../build/e116/e116.egg-info/SOURCES.txt'
[2.918s] writing manifest file '../build/e116/e116.egg-info/SOURCES.txt'
[2.919s] running build
[2.920s] running build_py
[2.944s] running install
[2.945s] running install_lib
[2.951s] running install_data
[2.954s] running install_egg_info
[2.958s] removing '/home/team100/team_ws/src/install/e116/lib/python3.10/site-packages/e116-0.0.1-py3.10.egg-info' (and everything under it)
[2.958s] Copying ../build/e116/e116.egg-info to /home/team100/team_ws/src/install/e116/lib/python3.10/site-packages/e116-0.0.1-py3.10.egg-info
[2.964s] running install_scripts
[3.008s] Installing e116_racecar script to /home/team100/team_ws/src/install/e116/lib/e116
[3.009s] Installing keyJoy script to /home/team100/team_ws/src/install/e116/lib/e116
[3.010s] writing list of installed files to '/home/team100/team_ws/src/build/e116/install.log'
[3.081s] Invoked command in '/home/team100/team_ws/src/e116' returned '0': PYTHONPATH=/home/team100/team_ws/src/build/e116/prefix_override:/usr/lib/python3/dist-packages/colcon_core/task/python/colcon_distutils_commands:/home/team100/team_ws/src/install/e116/lib/python3.10/site-packages:${PYTHONPATH} /usr/bin/python3 -W ignore:setup.py install is deprecated -W ignore:easy_install command is deprecated setup.py egg_info --egg-base ../build/e116 build --build-base /home/team100/team_ws/src/build/e116/build install --record /home/team100/team_ws/src/build/e116/install.log --single-version-externally-managed install_data
