[1.558s] Invoking command in '/home/team100/roboracer_116_lehigh/team_ws/src/e116': PYTHONPATH=/home/team100/roboracer_116_lehigh/team_ws/build/e116/prefix_override:/usr/lib/python3/dist-packages/colcon_core/task/python/colcon_distutils_commands:/home/team100/roboracer_116_lehigh/team_ws/install/e116/lib/python3.10/site-packages:${PYTHONPATH} /usr/bin/python3 -W ignore:setup.py install is deprecated -W ignore:easy_install command is deprecated setup.py egg_info --egg-base ../../build/e116 build --build-base /home/team100/roboracer_116_lehigh/team_ws/build/e116/build install --record /home/team100/roboracer_116_lehigh/team_ws/build/e116/install.log --single-version-externally-managed install_data
[2.124s] running egg_info
[2.125s] writing ../../build/e116/e116.egg-info/PKG-INFO
[2.126s] writing dependency_links to ../../build/e116/e116.egg-info/dependency_links.txt
[2.126s] writing entry points to ../../build/e116/e116.egg-info/entry_points.txt
[2.127s] writing requirements to ../../build/e116/e116.egg-info/requires.txt
[2.127s] writing top-level names to ../../build/e116/e116.egg-info/top_level.txt
[2.132s] reading manifest file '../../build/e116/e116.egg-info/SOURCES.txt'
[2.134s] writing manifest file '../../build/e116/e116.egg-info/SOURCES.txt'
[2.134s] running build
[2.134s] running build_py
[2.135s] copying e116/gap_follow.py -> /home/team100/roboracer_116_lehigh/team_ws/build/e116/build/lib/e116
[2.136s] running install
[2.136s] running install_lib
[2.141s] copying /home/team100/roboracer_116_lehigh/team_ws/build/e116/build/lib/e116/gap_follow.py -> /home/team100/roboracer_116_lehigh/team_ws/install/e116/lib/python3.10/site-packages/e116
[2.143s] byte-compiling /home/team100/roboracer_116_lehigh/team_ws/install/e116/lib/python3.10/site-packages/e116/gap_follow.py to gap_follow.cpython-310.pyc
[2.145s] running install_data
[2.146s] running install_egg_info
[2.150s] removing '/home/team100/roboracer_116_lehigh/team_ws/install/e116/lib/python3.10/site-packages/e116-0.0.0-py3.10.egg-info' (and everything under it)
[2.151s] Copying ../../build/e116/e116.egg-info to /home/team100/roboracer_116_lehigh/team_ws/install/e116/lib/python3.10/site-packages/e116-0.0.0-py3.10.egg-info
[2.153s] running install_scripts
[2.200s] Installing e116_OLED script to /home/team100/roboracer_116_lehigh/team_ws/install/e116/lib/e116
[2.200s] Installing e116_racecar script to /home/team100/roboracer_116_lehigh/team_ws/install/e116/lib/e116
[2.201s] Installing gap_follow script to /home/team100/roboracer_116_lehigh/team_ws/install/e116/lib/e116
[2.201s] Installing keyJoy script to /home/team100/roboracer_116_lehigh/team_ws/install/e116/lib/e116
[2.201s] Installing keyJoyTerminal script to /home/team100/roboracer_116_lehigh/team_ws/install/e116/lib/e116
[2.202s] writing list of installed files to '/home/team100/roboracer_116_lehigh/team_ws/build/e116/install.log'
[2.279s] Invoked command in '/home/team100/roboracer_116_lehigh/team_ws/src/e116' returned '0': PYTHONPATH=/home/team100/roboracer_116_lehigh/team_ws/build/e116/prefix_override:/usr/lib/python3/dist-packages/colcon_core/task/python/colcon_distutils_commands:/home/team100/roboracer_116_lehigh/team_ws/install/e116/lib/python3.10/site-packages:${PYTHONPATH} /usr/bin/python3 -W ignore:setup.py install is deprecated -W ignore:easy_install command is deprecated setup.py egg_info --egg-base ../../build/e116 build --build-base /home/team100/roboracer_116_lehigh/team_ws/build/e116/build install --record /home/team100/roboracer_116_lehigh/team_ws/build/e116/install.log --single-version-externally-managed install_data
