[0.165s] Invoking command in '/home/team100/roboracer_116_lehigh/team_ws/build/apriltag_msgs': CMAKE_PREFIX_PATH=/opt/ros/humble /usr/bin/cmake --build /home/team100/roboracer_116_lehigh/team_ws/build/apriltag_msgs -- -j6 -l6
[0.658s] [  2%] Built target apriltag_msgs__cpp
[0.815s] [  2%] Built target ament_cmake_python_copy_apriltag_msgs
[0.884s] [ 12%] Built target apriltag_msgs__rosidl_generator_c
[0.956s] [ 23%] Built target apriltag_msgs__rosidl_typesupport_cpp
[0.961s] [ 34%] Built target apriltag_msgs__rosidl_typesupport_fastrtps_cpp
[0.963s] [ 44%] Built target apriltag_msgs__rosidl_typesupport_introspection_cpp
[1.176s] [ 55%] Built target apriltag_msgs__rosidl_typesupport_introspection_c
[1.228s] [ 65%] Built target apriltag_msgs__rosidl_typesupport_fastrtps_c
[1.364s] [ 76%] Built target apriltag_msgs__rosidl_typesupport_c
[1.425s] [ 76%] Built target apriltag_msgs
[1.484s] [ 78%] Built target apriltag_msgs__py
[1.593s] running egg_info
[1.595s] writing apriltag_msgs.egg-info/PKG-INFO
[1.595s] writing dependency_links to apriltag_msgs.egg-info/dependency_links.txt
[1.596s] writing top-level names to apriltag_msgs.egg-info/top_level.txt
[1.608s] [ 87%] Built target apriltag_msgs__rosidl_generator_py
[1.630s] reading manifest file 'apriltag_msgs.egg-info/SOURCES.txt'
[1.655s] writing manifest file 'apriltag_msgs.egg-info/SOURCES.txt'
[1.685s] [ 95%] Built target apriltag_msgs__rosidl_typesupport_fastrtps_c__pyext
[1.686s] [ 95%] Built target apriltag_msgs__rosidl_typesupport_c__pyext
[1.694s] [100%] Built target apriltag_msgs__rosidl_typesupport_introspection_c__pyext
[1.741s] [100%] Built target ament_cmake_python_build_apriltag_msgs_egg
[1.769s] Invoked command in '/home/team100/roboracer_116_lehigh/team_ws/build/apriltag_msgs' returned '0': CMAKE_PREFIX_PATH=/opt/ros/humble /usr/bin/cmake --build /home/team100/roboracer_116_lehigh/team_ws/build/apriltag_msgs -- -j6 -l6
[1.794s] Invoking command in '/home/team100/roboracer_116_lehigh/team_ws/build/apriltag_msgs': CMAKE_PREFIX_PATH=/opt/ros/humble /usr/bin/cmake --install /home/team100/roboracer_116_lehigh/team_ws/build/apriltag_msgs
[1.816s] -- Install configuration: ""
[1.817s] -- Up-to-date: /home/team100/roboracer_116_lehigh/team_ws/install/apriltag_msgs/share/ament_index/resource_index/rosidl_interfaces/apriltag_msgs
[1.818s] -- Up-to-date: /home/team100/roboracer_116_lehigh/team_ws/install/apriltag_msgs/include/apriltag_msgs/apriltag_msgs
[1.818s] -- Up-to-date: /home/team100/roboracer_116_lehigh/team_ws/install/apriltag_msgs/include/apriltag_msgs/apriltag_msgs/msg
[1.819s] -- Up-to-date: /home/team100/roboracer_116_lehigh/team_ws/install/apriltag_msgs/include/apriltag_msgs/apriltag_msgs/msg/detail
[1.819s] -- Up-to-date: /home/team100/roboracer_116_lehigh/team_ws/install/apriltag_msgs/include/apriltag_msgs/apriltag_msgs/msg/detail/april_tag_detection__functions.h
[1.820s] -- Up-to-date: /home/team100/roboracer_116_lehigh/team_ws/install/apriltag_msgs/include/apriltag_msgs/apriltag_msgs/msg/detail/april_tag_detection_array__struct.h
[1.820s] -- Up-to-date: /home/team100/roboracer_116_lehigh/team_ws/install/apriltag_msgs/include/apriltag_msgs/apriltag_msgs/msg/detail/april_tag_detection_array__type_support.h
[1.820s] -- Up-to-date: /home/team100/roboracer_116_lehigh/team_ws/install/apriltag_msgs/include/apriltag_msgs/apriltag_msgs/msg/detail/april_tag_detection__type_support.h
[1.820s] -- Up-to-date: /home/team100/roboracer_116_lehigh/team_ws/install/apriltag_msgs/include/apriltag_msgs/apriltag_msgs/msg/detail/april_tag_detection_array__functions.c
[1.820s] -- Up-to-date: /home/team100/roboracer_116_lehigh/team_ws/install/apriltag_msgs/include/apriltag_msgs/apriltag_msgs/msg/detail/point__type_support.h
[1.820s] -- Up-to-date: /home/team100/roboracer_116_lehigh/team_ws/install/apriltag_msgs/include/apriltag_msgs/apriltag_msgs/msg/detail/point__functions.h
[1.821s] -- Up-to-date: /home/team100/roboracer_116_lehigh/team_ws/install/apriltag_msgs/include/apriltag_msgs/apriltag_msgs/msg/detail/april_tag_detection__struct.h
[1.821s] -- Up-to-date: /home/team100/roboracer_116_lehigh/team_ws/install/apriltag_msgs/include/apriltag_msgs/apriltag_msgs/msg/detail/point__functions.c
[1.821s] -- Up-to-date: /home/team100/roboracer_116_lehigh/team_ws/install/apriltag_msgs/include/apriltag_msgs/apriltag_msgs/msg/detail/april_tag_detection_array__functions.h
[1.821s] -- Up-to-date: /home/team100/roboracer_116_lehigh/team_ws/install/apriltag_msgs/include/apriltag_msgs/apriltag_msgs/msg/detail/point__struct.h
[1.821s] -- Up-to-date: /home/team100/roboracer_116_lehigh/team_ws/install/apriltag_msgs/include/apriltag_msgs/apriltag_msgs/msg/detail/april_tag_detection__functions.c
[1.821s] -- Up-to-date: /home/team100/roboracer_116_lehigh/team_ws/install/apriltag_msgs/include/apriltag_msgs/apriltag_msgs/msg/point.h
[1.821s] -- Up-to-date: /home/team100/roboracer_116_lehigh/team_ws/install/apriltag_msgs/include/apriltag_msgs/apriltag_msgs/msg/april_tag_detection_array.h
[1.822s] -- Up-to-date: /home/team100/roboracer_116_lehigh/team_ws/install/apriltag_msgs/include/apriltag_msgs/apriltag_msgs/msg/april_tag_detection.h
[1.822s] -- Up-to-date: /home/team100/roboracer_116_lehigh/team_ws/install/apriltag_msgs/include/apriltag_msgs/apriltag_msgs/msg/rosidl_generator_c__visibility_control.h
[1.822s] -- Up-to-date: /home/team100/roboracer_116_lehigh/team_ws/install/apriltag_msgs/share/apriltag_msgs/environment/library_path.sh
[1.822s] -- Up-to-date: /home/team100/roboracer_116_lehigh/team_ws/install/apriltag_msgs/share/apriltag_msgs/environment/library_path.dsv
[1.822s] -- Up-to-date: /home/team100/roboracer_116_lehigh/team_ws/install/apriltag_msgs/lib/libapriltag_msgs__rosidl_generator_c.so
[1.823s] -- Up-to-date: /home/team100/roboracer_116_lehigh/team_ws/install/apriltag_msgs/include/apriltag_msgs/apriltag_msgs
[1.823s] -- Up-to-date: /home/team100/roboracer_116_lehigh/team_ws/install/apriltag_msgs/include/apriltag_msgs/apriltag_msgs/msg
[1.823s] -- Up-to-date: /home/team100/roboracer_116_lehigh/team_ws/install/apriltag_msgs/include/apriltag_msgs/apriltag_msgs/msg/detail
[1.823s] -- Up-to-date: /home/team100/roboracer_116_lehigh/team_ws/install/apriltag_msgs/include/apriltag_msgs/apriltag_msgs/msg/detail/april_tag_detection_array__rosidl_typesupport_fastrtps_c.h
[1.823s] -- Up-to-date: /home/team100/roboracer_116_lehigh/team_ws/install/apriltag_msgs/include/apriltag_msgs/apriltag_msgs/msg/detail/april_tag_detection__rosidl_typesupport_fastrtps_c.h
[1.823s] -- Up-to-date: /home/team100/roboracer_116_lehigh/team_ws/install/apriltag_msgs/include/apriltag_msgs/apriltag_msgs/msg/detail/point__rosidl_typesupport_fastrtps_c.h
[1.823s] -- Up-to-date: /home/team100/roboracer_116_lehigh/team_ws/install/apriltag_msgs/include/apriltag_msgs/apriltag_msgs/msg/rosidl_typesupport_fastrtps_c__visibility_control.h
[1.824s] -- Up-to-date: /home/team100/roboracer_116_lehigh/team_ws/install/apriltag_msgs/lib/libapriltag_msgs__rosidl_typesupport_fastrtps_c.so
[1.824s] -- Up-to-date: /home/team100/roboracer_116_lehigh/team_ws/install/apriltag_msgs/include/apriltag_msgs/apriltag_msgs
[1.825s] -- Up-to-date: /home/team100/roboracer_116_lehigh/team_ws/install/apriltag_msgs/include/apriltag_msgs/apriltag_msgs/msg
[1.825s] -- Up-to-date: /home/team100/roboracer_116_lehigh/team_ws/install/apriltag_msgs/include/apriltag_msgs/apriltag_msgs/msg/detail
[1.825s] -- Up-to-date: /home/team100/roboracer_116_lehigh/team_ws/install/apriltag_msgs/include/apriltag_msgs/apriltag_msgs/msg/detail/point__type_support.c
[1.825s] -- Up-to-date: /home/team100/roboracer_116_lehigh/team_ws/install/apriltag_msgs/include/apriltag_msgs/apriltag_msgs/msg/detail/april_tag_detection_array__rosidl_typesupport_introspection_c.h
[1.825s] -- Up-to-date: /home/team100/roboracer_116_lehigh/team_ws/install/apriltag_msgs/include/apriltag_msgs/apriltag_msgs/msg/detail/april_tag_detection__rosidl_typesupport_introspection_c.h
[1.825s] -- Up-to-date: /home/team100/roboracer_116_lehigh/team_ws/install/apriltag_msgs/include/apriltag_msgs/apriltag_msgs/msg/detail/april_tag_detection__type_support.c
[1.826s] -- Up-to-date: /home/team100/roboracer_116_lehigh/team_ws/install/apriltag_msgs/include/apriltag_msgs/apriltag_msgs/msg/detail/point__rosidl_typesupport_introspection_c.h
[1.826s] -- Up-to-date: /home/team100/roboracer_116_lehigh/team_ws/install/apriltag_msgs/include/apriltag_msgs/apriltag_msgs/msg/detail/april_tag_detection_array__type_support.c
[1.826s] -- Up-to-date: /home/team100/roboracer_116_lehigh/team_ws/install/apriltag_msgs/include/apriltag_msgs/apriltag_msgs/msg/rosidl_typesupport_introspection_c__visibility_control.h
[1.826s] -- Up-to-date: /home/team100/roboracer_116_lehigh/team_ws/install/apriltag_msgs/lib/libapriltag_msgs__rosidl_typesupport_introspection_c.so
[1.827s] -- Up-to-date: /home/team100/roboracer_116_lehigh/team_ws/install/apriltag_msgs/lib/libapriltag_msgs__rosidl_typesupport_c.so
[1.828s] -- Up-to-date: /home/team100/roboracer_116_lehigh/team_ws/install/apriltag_msgs/include/apriltag_msgs/apriltag_msgs
[1.828s] -- Up-to-date: /home/team100/roboracer_116_lehigh/team_ws/install/apriltag_msgs/include/apriltag_msgs/apriltag_msgs/msg
[1.828s] -- Up-to-date: /home/team100/roboracer_116_lehigh/team_ws/install/apriltag_msgs/include/apriltag_msgs/apriltag_msgs/msg/april_tag_detection.hpp
[1.829s] -- Up-to-date: /home/team100/roboracer_116_lehigh/team_ws/install/apriltag_msgs/include/apriltag_msgs/apriltag_msgs/msg/detail
[1.829s] -- Up-to-date: /home/team100/roboracer_116_lehigh/team_ws/install/apriltag_msgs/include/apriltag_msgs/apriltag_msgs/msg/detail/april_tag_detection__struct.hpp
[1.829s] -- Up-to-date: /home/team100/roboracer_116_lehigh/team_ws/install/apriltag_msgs/include/apriltag_msgs/apriltag_msgs/msg/detail/point__builder.hpp
[1.829s] -- Up-to-date: /home/team100/roboracer_116_lehigh/team_ws/install/apriltag_msgs/include/apriltag_msgs/apriltag_msgs/msg/detail/april_tag_detection__traits.hpp
[1.830s] -- Up-to-date: /home/team100/roboracer_116_lehigh/team_ws/install/apriltag_msgs/include/apriltag_msgs/apriltag_msgs/msg/detail/point__type_support.hpp
[1.830s] -- Up-to-date: /home/team100/roboracer_116_lehigh/team_ws/install/apriltag_msgs/include/apriltag_msgs/apriltag_msgs/msg/detail/point__struct.hpp
[1.830s] -- Up-to-date: /home/team100/roboracer_116_lehigh/team_ws/install/apriltag_msgs/include/apriltag_msgs/apriltag_msgs/msg/detail/april_tag_detection__type_support.hpp
[1.830s] -- Up-to-date: /home/team100/roboracer_116_lehigh/team_ws/install/apriltag_msgs/include/apriltag_msgs/apriltag_msgs/msg/detail/april_tag_detection_array__builder.hpp
[1.830s] -- Up-to-date: /home/team100/roboracer_116_lehigh/team_ws/install/apriltag_msgs/include/apriltag_msgs/apriltag_msgs/msg/detail/april_tag_detection__builder.hpp
[1.831s] -- Up-to-date: /home/team100/roboracer_116_lehigh/team_ws/install/apriltag_msgs/include/apriltag_msgs/apriltag_msgs/msg/detail/april_tag_detection_array__traits.hpp
[1.831s] -- Up-to-date: /home/team100/roboracer_116_lehigh/team_ws/install/apriltag_msgs/include/apriltag_msgs/apriltag_msgs/msg/detail/point__traits.hpp
[1.831s] -- Up-to-date: /home/team100/roboracer_116_lehigh/team_ws/install/apriltag_msgs/include/apriltag_msgs/apriltag_msgs/msg/detail/april_tag_detection_array__type_support.hpp
[1.831s] -- Up-to-date: /home/team100/roboracer_116_lehigh/team_ws/install/apriltag_msgs/include/apriltag_msgs/apriltag_msgs/msg/detail/april_tag_detection_array__struct.hpp
[1.831s] -- Up-to-date: /home/team100/roboracer_116_lehigh/team_ws/install/apriltag_msgs/include/apriltag_msgs/apriltag_msgs/msg/point.hpp
[1.831s] -- Up-to-date: /home/team100/roboracer_116_lehigh/team_ws/install/apriltag_msgs/include/apriltag_msgs/apriltag_msgs/msg/rosidl_generator_cpp__visibility_control.hpp
[1.831s] -- Up-to-date: /home/team100/roboracer_116_lehigh/team_ws/install/apriltag_msgs/include/apriltag_msgs/apriltag_msgs/msg/april_tag_detection_array.hpp
[1.832s] -- Up-to-date: /home/team100/roboracer_116_lehigh/team_ws/install/apriltag_msgs/include/apriltag_msgs/apriltag_msgs
[1.832s] -- Up-to-date: /home/team100/roboracer_116_lehigh/team_ws/install/apriltag_msgs/include/apriltag_msgs/apriltag_msgs/msg
[1.832s] -- Up-to-date: /home/team100/roboracer_116_lehigh/team_ws/install/apriltag_msgs/include/apriltag_msgs/apriltag_msgs/msg/detail
[1.832s] -- Up-to-date: /home/team100/roboracer_116_lehigh/team_ws/install/apriltag_msgs/include/apriltag_msgs/apriltag_msgs/msg/detail/point__rosidl_typesupport_fastrtps_cpp.hpp
[1.832s] -- Up-to-date: /home/team100/roboracer_116_lehigh/team_ws/install/apriltag_msgs/include/apriltag_msgs/apriltag_msgs/msg/detail/april_tag_detection_array__rosidl_typesupport_fastrtps_cpp.hpp
[1.832s] -- Up-to-date: /home/team100/roboracer_116_lehigh/team_ws/install/apriltag_msgs/include/apriltag_msgs/apriltag_msgs/msg/detail/dds_fastrtps
[1.832s] -- Up-to-date: /home/team100/roboracer_116_lehigh/team_ws/install/apriltag_msgs/include/apriltag_msgs/apriltag_msgs/msg/detail/april_tag_detection__rosidl_typesupport_fastrtps_cpp.hpp
[1.833s] -- Up-to-date: /home/team100/roboracer_116_lehigh/team_ws/install/apriltag_msgs/include/apriltag_msgs/apriltag_msgs/msg/rosidl_typesupport_fastrtps_cpp__visibility_control.h
[1.833s] -- Up-to-date: /home/team100/roboracer_116_lehigh/team_ws/install/apriltag_msgs/lib/libapriltag_msgs__rosidl_typesupport_fastrtps_cpp.so
[1.833s] -- Up-to-date: /home/team100/roboracer_116_lehigh/team_ws/install/apriltag_msgs/include/apriltag_msgs/apriltag_msgs
[1.833s] -- Up-to-date: /home/team100/roboracer_116_lehigh/team_ws/install/apriltag_msgs/include/apriltag_msgs/apriltag_msgs/msg
[1.833s] -- Up-to-date: /home/team100/roboracer_116_lehigh/team_ws/install/apriltag_msgs/include/apriltag_msgs/apriltag_msgs/msg/detail
[1.833s] -- Up-to-date: /home/team100/roboracer_116_lehigh/team_ws/install/apriltag_msgs/include/apriltag_msgs/apriltag_msgs/msg/detail/april_tag_detection__type_support.cpp
[1.833s] -- Up-to-date: /home/team100/roboracer_116_lehigh/team_ws/install/apriltag_msgs/include/apriltag_msgs/apriltag_msgs/msg/detail/april_tag_detection__rosidl_typesupport_introspection_cpp.hpp
[1.834s] -- Up-to-date: /home/team100/roboracer_116_lehigh/team_ws/install/apriltag_msgs/include/apriltag_msgs/apriltag_msgs/msg/detail/april_tag_detection_array__type_support.cpp
[1.834s] -- Up-to-date: /home/team100/roboracer_116_lehigh/team_ws/install/apriltag_msgs/include/apriltag_msgs/apriltag_msgs/msg/detail/point__rosidl_typesupport_introspection_cpp.hpp
[1.834s] -- Up-to-date: /home/team100/roboracer_116_lehigh/team_ws/install/apriltag_msgs/include/apriltag_msgs/apriltag_msgs/msg/detail/april_tag_detection_array__rosidl_typesupport_introspection_cpp.hpp
[1.834s] -- Up-to-date: /home/team100/roboracer_116_lehigh/team_ws/install/apriltag_msgs/include/apriltag_msgs/apriltag_msgs/msg/detail/point__type_support.cpp
[1.834s] -- Up-to-date: /home/team100/roboracer_116_lehigh/team_ws/install/apriltag_msgs/lib/libapriltag_msgs__rosidl_typesupport_introspection_cpp.so
[1.834s] -- Up-to-date: /home/team100/roboracer_116_lehigh/team_ws/install/apriltag_msgs/lib/libapriltag_msgs__rosidl_typesupport_cpp.so
[1.834s] -- Up-to-date: /home/team100/roboracer_116_lehigh/team_ws/install/apriltag_msgs/share/apriltag_msgs/environment/pythonpath.sh
[1.834s] -- Up-to-date: /home/team100/roboracer_116_lehigh/team_ws/install/apriltag_msgs/share/apriltag_msgs/environment/pythonpath.dsv
[1.835s] -- Up-to-date: /home/team100/roboracer_116_lehigh/team_ws/install/apriltag_msgs/local/lib/python3.10/dist-packages/apriltag_msgs-2.0.1-py3.10.egg-info
[1.835s] -- Installing: /home/team100/roboracer_116_lehigh/team_ws/install/apriltag_msgs/local/lib/python3.10/dist-packages/apriltag_msgs-2.0.1-py3.10.egg-info/top_level.txt
[1.835s] -- Installing: /home/team100/roboracer_116_lehigh/team_ws/install/apriltag_msgs/local/lib/python3.10/dist-packages/apriltag_msgs-2.0.1-py3.10.egg-info/dependency_links.txt
[1.835s] -- Installing: /home/team100/roboracer_116_lehigh/team_ws/install/apriltag_msgs/local/lib/python3.10/dist-packages/apriltag_msgs-2.0.1-py3.10.egg-info/SOURCES.txt
[1.835s] -- Installing: /home/team100/roboracer_116_lehigh/team_ws/install/apriltag_msgs/local/lib/python3.10/dist-packages/apriltag_msgs-2.0.1-py3.10.egg-info/PKG-INFO
[1.835s] -- Up-to-date: /home/team100/roboracer_116_lehigh/team_ws/install/apriltag_msgs/local/lib/python3.10/dist-packages/apriltag_msgs
[1.851s] -- Up-to-date: /home/team100/roboracer_116_lehigh/team_ws/install/apriltag_msgs/local/lib/python3.10/dist-packages/apriltag_msgs/apriltag_msgs_s__rosidl_typesupport_c.cpython-310-aarch64-linux-gnu.so
[1.852s] -- Up-to-date: /home/team100/roboracer_116_lehigh/team_ws/install/apriltag_msgs/local/lib/python3.10/dist-packages/apriltag_msgs/libapriltag_msgs__rosidl_generator_py.so
[1.852s] -- Up-to-date: /home/team100/roboracer_116_lehigh/team_ws/install/apriltag_msgs/local/lib/python3.10/dist-packages/apriltag_msgs/_apriltag_msgs_s.ep.rosidl_typesupport_fastrtps_c.c
[1.852s] -- Up-to-date: /home/team100/roboracer_116_lehigh/team_ws/install/apriltag_msgs/local/lib/python3.10/dist-packages/apriltag_msgs/__init__.py
[1.853s] -- Up-to-date: /home/team100/roboracer_116_lehigh/team_ws/install/apriltag_msgs/local/lib/python3.10/dist-packages/apriltag_msgs/_apriltag_msgs_s.ep.rosidl_typesupport_introspection_c.c
[1.853s] -- Up-to-date: /home/team100/roboracer_116_lehigh/team_ws/install/apriltag_msgs/local/lib/python3.10/dist-packages/apriltag_msgs/_apriltag_msgs_s.ep.rosidl_typesupport_c.c
[1.853s] -- Up-to-date: /home/team100/roboracer_116_lehigh/team_ws/install/apriltag_msgs/local/lib/python3.10/dist-packages/apriltag_msgs/msg
[1.853s] -- Up-to-date: /home/team100/roboracer_116_lehigh/team_ws/install/apriltag_msgs/local/lib/python3.10/dist-packages/apriltag_msgs/msg/_point.py
[1.853s] -- Up-to-date: /home/team100/roboracer_116_lehigh/team_ws/install/apriltag_msgs/local/lib/python3.10/dist-packages/apriltag_msgs/msg/_april_tag_detection_s.c
[1.853s] -- Up-to-date: /home/team100/roboracer_116_lehigh/team_ws/install/apriltag_msgs/local/lib/python3.10/dist-packages/apriltag_msgs/msg/__init__.py
[1.853s] -- Up-to-date: /home/team100/roboracer_116_lehigh/team_ws/install/apriltag_msgs/local/lib/python3.10/dist-packages/apriltag_msgs/msg/_point_s.c
[1.854s] -- Up-to-date: /home/team100/roboracer_116_lehigh/team_ws/install/apriltag_msgs/local/lib/python3.10/dist-packages/apriltag_msgs/msg/_april_tag_detection.py
[1.854s] -- Up-to-date: /home/team100/roboracer_116_lehigh/team_ws/install/apriltag_msgs/local/lib/python3.10/dist-packages/apriltag_msgs/msg/_april_tag_detection_array_s.c
[1.854s] -- Up-to-date: /home/team100/roboracer_116_lehigh/team_ws/install/apriltag_msgs/local/lib/python3.10/dist-packages/apriltag_msgs/msg/_april_tag_detection_array.py
[1.854s] -- Up-to-date: /home/team100/roboracer_116_lehigh/team_ws/install/apriltag_msgs/local/lib/python3.10/dist-packages/apriltag_msgs/apriltag_msgs_s__rosidl_typesupport_introspection_c.cpython-310-aarch64-linux-gnu.so
[1.854s] -- Up-to-date: /home/team100/roboracer_116_lehigh/team_ws/install/apriltag_msgs/local/lib/python3.10/dist-packages/apriltag_msgs/apriltag_msgs_s__rosidl_typesupport_fastrtps_c.cpython-310-aarch64-linux-gnu.so
[1.961s] Listing '/home/team100/roboracer_116_lehigh/team_ws/install/apriltag_msgs/local/lib/python3.10/dist-packages/apriltag_msgs'...
[1.962s] Listing '/home/team100/roboracer_116_lehigh/team_ws/install/apriltag_msgs/local/lib/python3.10/dist-packages/apriltag_msgs/msg'...
[1.992s] -- Up-to-date: /home/team100/roboracer_116_lehigh/team_ws/install/apriltag_msgs/local/lib/python3.10/dist-packages/apriltag_msgs/apriltag_msgs_s__rosidl_typesupport_fastrtps_c.cpython-310-aarch64-linux-gnu.so
[1.993s] -- Up-to-date: /home/team100/roboracer_116_lehigh/team_ws/install/apriltag_msgs/local/lib/python3.10/dist-packages/apriltag_msgs/apriltag_msgs_s__rosidl_typesupport_introspection_c.cpython-310-aarch64-linux-gnu.so
[1.995s] -- Up-to-date: /home/team100/roboracer_116_lehigh/team_ws/install/apriltag_msgs/local/lib/python3.10/dist-packages/apriltag_msgs/apriltag_msgs_s__rosidl_typesupport_c.cpython-310-aarch64-linux-gnu.so
[1.997s] -- Up-to-date: /home/team100/roboracer_116_lehigh/team_ws/install/apriltag_msgs/lib/libapriltag_msgs__rosidl_generator_py.so
[1.999s] -- Up-to-date: /home/team100/roboracer_116_lehigh/team_ws/install/apriltag_msgs/share/apriltag_msgs/msg/Point.idl
[1.999s] -- Up-to-date: /home/team100/roboracer_116_lehigh/team_ws/install/apriltag_msgs/share/apriltag_msgs/msg/AprilTagDetection.idl
[1.999s] -- Up-to-date: /home/team100/roboracer_116_lehigh/team_ws/install/apriltag_msgs/share/apriltag_msgs/msg/AprilTagDetectionArray.idl
[2.000s] -- Up-to-date: /home/team100/roboracer_116_lehigh/team_ws/install/apriltag_msgs/share/apriltag_msgs/msg/Point.msg
[2.000s] -- Up-to-date: /home/team100/roboracer_116_lehigh/team_ws/install/apriltag_msgs/share/apriltag_msgs/msg/AprilTagDetection.msg
[2.000s] -- Up-to-date: /home/team100/roboracer_116_lehigh/team_ws/install/apriltag_msgs/share/apriltag_msgs/msg/AprilTagDetectionArray.msg
[2.001s] -- Up-to-date: /home/team100/roboracer_116_lehigh/team_ws/install/apriltag_msgs/share/ament_index/resource_index/package_run_dependencies/apriltag_msgs
[2.001s] -- Up-to-date: /home/team100/roboracer_116_lehigh/team_ws/install/apriltag_msgs/share/ament_index/resource_index/parent_prefix_path/apriltag_msgs
[2.002s] -- Up-to-date: /home/team100/roboracer_116_lehigh/team_ws/install/apriltag_msgs/share/apriltag_msgs/environment/ament_prefix_path.sh
[2.002s] -- Up-to-date: /home/team100/roboracer_116_lehigh/team_ws/install/apriltag_msgs/share/apriltag_msgs/environment/ament_prefix_path.dsv
[2.003s] -- Up-to-date: /home/team100/roboracer_116_lehigh/team_ws/install/apriltag_msgs/share/apriltag_msgs/environment/path.sh
[2.003s] -- Up-to-date: /home/team100/roboracer_116_lehigh/team_ws/install/apriltag_msgs/share/apriltag_msgs/environment/path.dsv
[2.003s] -- Up-to-date: /home/team100/roboracer_116_lehigh/team_ws/install/apriltag_msgs/share/apriltag_msgs/local_setup.bash
[2.003s] -- Up-to-date: /home/team100/roboracer_116_lehigh/team_ws/install/apriltag_msgs/share/apriltag_msgs/local_setup.sh
[2.004s] -- Up-to-date: /home/team100/roboracer_116_lehigh/team_ws/install/apriltag_msgs/share/apriltag_msgs/local_setup.zsh
[2.004s] -- Up-to-date: /home/team100/roboracer_116_lehigh/team_ws/install/apriltag_msgs/share/apriltag_msgs/local_setup.dsv
[2.004s] -- Installing: /home/team100/roboracer_116_lehigh/team_ws/install/apriltag_msgs/share/apriltag_msgs/package.dsv
[2.005s] -- Up-to-date: /home/team100/roboracer_116_lehigh/team_ws/install/apriltag_msgs/share/ament_index/resource_index/packages/apriltag_msgs
[2.033s] -- Up-to-date: /home/team100/roboracer_116_lehigh/team_ws/install/apriltag_msgs/share/apriltag_msgs/cmake/export_apriltag_msgs__rosidl_generator_cExport.cmake
[2.033s] -- Up-to-date: /home/team100/roboracer_116_lehigh/team_ws/install/apriltag_msgs/share/apriltag_msgs/cmake/export_apriltag_msgs__rosidl_generator_cExport-noconfig.cmake
[2.035s] -- Up-to-date: /home/team100/roboracer_116_lehigh/team_ws/install/apriltag_msgs/share/apriltag_msgs/cmake/export_apriltag_msgs__rosidl_typesupport_fastrtps_cExport.cmake
[2.035s] -- Up-to-date: /home/team100/roboracer_116_lehigh/team_ws/install/apriltag_msgs/share/apriltag_msgs/cmake/export_apriltag_msgs__rosidl_typesupport_fastrtps_cExport-noconfig.cmake
[2.037s] -- Up-to-date: /home/team100/roboracer_116_lehigh/team_ws/install/apriltag_msgs/share/apriltag_msgs/cmake/apriltag_msgs__rosidl_typesupport_introspection_cExport.cmake
[2.037s] -- Up-to-date: /home/team100/roboracer_116_lehigh/team_ws/install/apriltag_msgs/share/apriltag_msgs/cmake/apriltag_msgs__rosidl_typesupport_introspection_cExport-noconfig.cmake
[2.039s] -- Up-to-date: /home/team100/roboracer_116_lehigh/team_ws/install/apriltag_msgs/share/apriltag_msgs/cmake/apriltag_msgs__rosidl_typesupport_cExport.cmake
[2.039s] -- Up-to-date: /home/team100/roboracer_116_lehigh/team_ws/install/apriltag_msgs/share/apriltag_msgs/cmake/apriltag_msgs__rosidl_typesupport_cExport-noconfig.cmake
[2.041s] -- Up-to-date: /home/team100/roboracer_116_lehigh/team_ws/install/apriltag_msgs/share/apriltag_msgs/cmake/export_apriltag_msgs__rosidl_generator_cppExport.cmake
[2.072s] -- Up-to-date: /home/team100/roboracer_116_lehigh/team_ws/install/apriltag_msgs/share/apriltag_msgs/cmake/export_apriltag_msgs__rosidl_typesupport_fastrtps_cppExport.cmake
[2.072s] -- Up-to-date: /home/team100/roboracer_116_lehigh/team_ws/install/apriltag_msgs/share/apriltag_msgs/cmake/export_apriltag_msgs__rosidl_typesupport_fastrtps_cppExport-noconfig.cmake
[2.074s] -- Up-to-date: /home/team100/roboracer_116_lehigh/team_ws/install/apriltag_msgs/share/apriltag_msgs/cmake/apriltag_msgs__rosidl_typesupport_introspection_cppExport.cmake
[2.074s] -- Up-to-date: /home/team100/roboracer_116_lehigh/team_ws/install/apriltag_msgs/share/apriltag_msgs/cmake/apriltag_msgs__rosidl_typesupport_introspection_cppExport-noconfig.cmake
[2.076s] -- Up-to-date: /home/team100/roboracer_116_lehigh/team_ws/install/apriltag_msgs/share/apriltag_msgs/cmake/apriltag_msgs__rosidl_typesupport_cppExport.cmake
[2.076s] -- Up-to-date: /home/team100/roboracer_116_lehigh/team_ws/install/apriltag_msgs/share/apriltag_msgs/cmake/apriltag_msgs__rosidl_typesupport_cppExport-noconfig.cmake
[2.078s] -- Up-to-date: /home/team100/roboracer_116_lehigh/team_ws/install/apriltag_msgs/share/apriltag_msgs/cmake/export_apriltag_msgs__rosidl_generator_pyExport.cmake
[2.078s] -- Up-to-date: /home/team100/roboracer_116_lehigh/team_ws/install/apriltag_msgs/share/apriltag_msgs/cmake/export_apriltag_msgs__rosidl_generator_pyExport-noconfig.cmake
[2.079s] -- Up-to-date: /home/team100/roboracer_116_lehigh/team_ws/install/apriltag_msgs/share/apriltag_msgs/cmake/rosidl_cmake-extras.cmake
[2.080s] -- Up-to-date: /home/team100/roboracer_116_lehigh/team_ws/install/apriltag_msgs/share/apriltag_msgs/cmake/ament_cmake_export_dependencies-extras.cmake
[2.081s] -- Up-to-date: /home/team100/roboracer_116_lehigh/team_ws/install/apriltag_msgs/share/apriltag_msgs/cmake/ament_cmake_export_include_directories-extras.cmake
[2.081s] -- Up-to-date: /home/team100/roboracer_116_lehigh/team_ws/install/apriltag_msgs/share/apriltag_msgs/cmake/ament_cmake_export_libraries-extras.cmake
[2.082s] -- Up-to-date: /home/team100/roboracer_116_lehigh/team_ws/install/apriltag_msgs/share/apriltag_msgs/cmake/ament_cmake_export_targets-extras.cmake
[2.082s] -- Up-to-date: /home/team100/roboracer_116_lehigh/team_ws/install/apriltag_msgs/share/apriltag_msgs/cmake/rosidl_cmake_export_typesupport_targets-extras.cmake
[2.083s] -- Up-to-date: /home/team100/roboracer_116_lehigh/team_ws/install/apriltag_msgs/share/apriltag_msgs/cmake/rosidl_cmake_export_typesupport_libraries-extras.cmake
[2.083s] -- Up-to-date: /home/team100/roboracer_116_lehigh/team_ws/install/apriltag_msgs/share/apriltag_msgs/cmake/apriltag_msgsConfig.cmake
[2.083s] -- Up-to-date: /home/team100/roboracer_116_lehigh/team_ws/install/apriltag_msgs/share/apriltag_msgs/cmake/apriltag_msgsConfig-version.cmake
[2.084s] -- Up-to-date: /home/team100/roboracer_116_lehigh/team_ws/install/apriltag_msgs/share/apriltag_msgs/package.xml
[2.092s] Invoked command in '/home/team100/roboracer_116_lehigh/team_ws/build/apriltag_msgs' returned '0': CMAKE_PREFIX_PATH=/opt/ros/humble /usr/bin/cmake --install /home/team100/roboracer_116_lehigh/team_ws/build/apriltag_msgs
