[0.036s] Invoking command in '/home/team100/roboracer_116_lehigh/team_ws/build/apriltag_msgs': CMAKE_PREFIX_PATH=${CMAKE_PREFIX_PATH}:/home/team100/roboracer_116_lehigh/team_ws/install/e116:/opt/ros/humble /usr/bin/cmake --build /home/team100/roboracer_116_lehigh/team_ws/build/apriltag_msgs -- -j6 -l6
[0.161s] [ 10%] Built target apriltag_msgs__rosidl_generator_c
[0.167s] [ 12%] Built target apriltag_msgs__cpp
[0.218s] [ 12%] Built target ament_cmake_python_copy_apriltag_msgs
[0.249s] [ 23%] Built target apriltag_msgs__rosidl_typesupport_fastrtps_c
[0.264s] [ 34%] Built target apriltag_msgs__rosidl_typesupport_c
[0.273s] [ 44%] Built target apriltag_msgs__rosidl_typesupport_introspection_c
[0.285s] [ 55%] Built target apriltag_msgs__rosidl_typesupport_fastrtps_cpp
[0.294s] [ 65%] Built target apriltag_msgs__rosidl_typesupport_introspection_cpp
[0.296s] [ 76%] Built target apriltag_msgs__rosidl_typesupport_cpp
[0.348s] [ 76%] Built target apriltag_msgs
[0.397s] [ 78%] Built target apriltag_msgs__py
[0.454s] [ 87%] Built target apriltag_msgs__rosidl_generator_py
[0.505s] [ 91%] Built target apriltag_msgs__rosidl_typesupport_introspection_c__pyext
[0.517s] [ 95%] Built target apriltag_msgs__rosidl_typesupport_c__pyext
[0.518s] [100%] Built target apriltag_msgs__rosidl_typesupport_fastrtps_c__pyext
[0.868s] running egg_info
[0.871s] writing apriltag_msgs.egg-info/PKG-INFO
[0.872s] writing dependency_links to apriltag_msgs.egg-info/dependency_links.txt
[0.872s] writing top-level names to apriltag_msgs.egg-info/top_level.txt
[0.879s] reading manifest file 'apriltag_msgs.egg-info/SOURCES.txt'
[0.881s] writing manifest file 'apriltag_msgs.egg-info/SOURCES.txt'
[0.966s] [100%] Built target ament_cmake_python_build_apriltag_msgs_egg
[0.991s] Invoked command in '/home/team100/roboracer_116_lehigh/team_ws/build/apriltag_msgs' returned '0': CMAKE_PREFIX_PATH=${CMAKE_PREFIX_PATH}:/home/team100/roboracer_116_lehigh/team_ws/install/e116:/opt/ros/humble /usr/bin/cmake --build /home/team100/roboracer_116_lehigh/team_ws/build/apriltag_msgs -- -j6 -l6
[1.013s] Invoking command in '/home/team100/roboracer_116_lehigh/team_ws/build/apriltag_msgs': CMAKE_PREFIX_PATH=${CMAKE_PREFIX_PATH}:/home/team100/roboracer_116_lehigh/team_ws/install/e116:/opt/ros/humble /usr/bin/cmake --install /home/team100/roboracer_116_lehigh/team_ws/build/apriltag_msgs
[1.030s] -- Install configuration: ""
[1.030s] -- Up-to-date: /home/team100/roboracer_116_lehigh/team_ws/install/apriltag_msgs/share/ament_index/resource_index/rosidl_interfaces/apriltag_msgs
[1.031s] -- Up-to-date: /home/team100/roboracer_116_lehigh/team_ws/install/apriltag_msgs/include/apriltag_msgs/apriltag_msgs
[1.031s] -- Up-to-date: /home/team100/roboracer_116_lehigh/team_ws/install/apriltag_msgs/include/apriltag_msgs/apriltag_msgs/msg
[1.031s] -- Up-to-date: /home/team100/roboracer_116_lehigh/team_ws/install/apriltag_msgs/include/apriltag_msgs/apriltag_msgs/msg/detail
[1.031s] -- Up-to-date: /home/team100/roboracer_116_lehigh/team_ws/install/apriltag_msgs/include/apriltag_msgs/apriltag_msgs/msg/detail/april_tag_detection__functions.h
[1.032s] -- Up-to-date: /home/team100/roboracer_116_lehigh/team_ws/install/apriltag_msgs/include/apriltag_msgs/apriltag_msgs/msg/detail/april_tag_detection_array__struct.h
[1.032s] -- Up-to-date: /home/team100/roboracer_116_lehigh/team_ws/install/apriltag_msgs/include/apriltag_msgs/apriltag_msgs/msg/detail/april_tag_detection_array__type_support.h
[1.032s] -- Up-to-date: /home/team100/roboracer_116_lehigh/team_ws/install/apriltag_msgs/include/apriltag_msgs/apriltag_msgs/msg/detail/april_tag_detection__type_support.h
[1.032s] -- Up-to-date: /home/team100/roboracer_116_lehigh/team_ws/install/apriltag_msgs/include/apriltag_msgs/apriltag_msgs/msg/detail/april_tag_detection_array__functions.c
[1.032s] -- Up-to-date: /home/team100/roboracer_116_lehigh/team_ws/install/apriltag_msgs/include/apriltag_msgs/apriltag_msgs/msg/detail/point__type_support.h
[1.035s] -- Up-to-date: /home/team100/roboracer_116_lehigh/team_ws/install/apriltag_msgs/include/apriltag_msgs/apriltag_msgs/msg/detail/point__functions.h
[1.035s] -- Up-to-date: /home/team100/roboracer_116_lehigh/team_ws/install/apriltag_msgs/include/apriltag_msgs/apriltag_msgs/msg/detail/april_tag_detection__struct.h
[1.036s] -- Up-to-date: /home/team100/roboracer_116_lehigh/team_ws/install/apriltag_msgs/include/apriltag_msgs/apriltag_msgs/msg/detail/point__functions.c
[1.036s] -- Up-to-date: /home/team100/roboracer_116_lehigh/team_ws/install/apriltag_msgs/include/apriltag_msgs/apriltag_msgs/msg/detail/april_tag_detection_array__functions.h
[1.037s] -- Up-to-date: /home/team100/roboracer_116_lehigh/team_ws/install/apriltag_msgs/include/apriltag_msgs/apriltag_msgs/msg/detail/point__struct.h
[1.037s] -- Up-to-date: /home/team100/roboracer_116_lehigh/team_ws/install/apriltag_msgs/include/apriltag_msgs/apriltag_msgs/msg/detail/april_tag_detection__functions.c
[1.038s] -- Up-to-date: /home/team100/roboracer_116_lehigh/team_ws/install/apriltag_msgs/include/apriltag_msgs/apriltag_msgs/msg/point.h
[1.038s] -- Up-to-date: /home/team100/roboracer_116_lehigh/team_ws/install/apriltag_msgs/include/apriltag_msgs/apriltag_msgs/msg/april_tag_detection_array.h
[1.038s] -- Up-to-date: /home/team100/roboracer_116_lehigh/team_ws/install/apriltag_msgs/include/apriltag_msgs/apriltag_msgs/msg/april_tag_detection.h
[1.039s] -- Up-to-date: /home/team100/roboracer_116_lehigh/team_ws/install/apriltag_msgs/include/apriltag_msgs/apriltag_msgs/msg/rosidl_generator_c__visibility_control.h
[1.039s] -- Up-to-date: /home/team100/roboracer_116_lehigh/team_ws/install/apriltag_msgs/share/apriltag_msgs/environment/library_path.sh
[1.039s] -- Up-to-date: /home/team100/roboracer_116_lehigh/team_ws/install/apriltag_msgs/share/apriltag_msgs/environment/library_path.dsv
[1.040s] -- Up-to-date: /home/team100/roboracer_116_lehigh/team_ws/install/apriltag_msgs/lib/libapriltag_msgs__rosidl_generator_c.so
[1.040s] -- Up-to-date: /home/team100/roboracer_116_lehigh/team_ws/install/apriltag_msgs/include/apriltag_msgs/apriltag_msgs
[1.040s] -- Up-to-date: /home/team100/roboracer_116_lehigh/team_ws/install/apriltag_msgs/include/apriltag_msgs/apriltag_msgs/msg
[1.042s] -- Up-to-date: /home/team100/roboracer_116_lehigh/team_ws/install/apriltag_msgs/include/apriltag_msgs/apriltag_msgs/msg/detail
[1.042s] -- Up-to-date: /home/team100/roboracer_116_lehigh/team_ws/install/apriltag_msgs/include/apriltag_msgs/apriltag_msgs/msg/detail/april_tag_detection_array__rosidl_typesupport_fastrtps_c.h
[1.042s] -- Up-to-date: /home/team100/roboracer_116_lehigh/team_ws/install/apriltag_msgs/include/apriltag_msgs/apriltag_msgs/msg/detail/april_tag_detection__rosidl_typesupport_fastrtps_c.h
[1.042s] -- Up-to-date: /home/team100/roboracer_116_lehigh/team_ws/install/apriltag_msgs/include/apriltag_msgs/apriltag_msgs/msg/detail/point__rosidl_typesupport_fastrtps_c.h
[1.042s] -- Up-to-date: /home/team100/roboracer_116_lehigh/team_ws/install/apriltag_msgs/include/apriltag_msgs/apriltag_msgs/msg/rosidl_typesupport_fastrtps_c__visibility_control.h
[1.043s] -- Up-to-date: /home/team100/roboracer_116_lehigh/team_ws/install/apriltag_msgs/lib/libapriltag_msgs__rosidl_typesupport_fastrtps_c.so
[1.043s] -- Up-to-date: /home/team100/roboracer_116_lehigh/team_ws/install/apriltag_msgs/include/apriltag_msgs/apriltag_msgs
[1.043s] -- Up-to-date: /home/team100/roboracer_116_lehigh/team_ws/install/apriltag_msgs/include/apriltag_msgs/apriltag_msgs/msg
[1.043s] -- Up-to-date: /home/team100/roboracer_116_lehigh/team_ws/install/apriltag_msgs/include/apriltag_msgs/apriltag_msgs/msg/detail
[1.044s] -- Up-to-date: /home/team100/roboracer_116_lehigh/team_ws/install/apriltag_msgs/include/apriltag_msgs/apriltag_msgs/msg/detail/point__type_support.c
[1.044s] -- Up-to-date: /home/team100/roboracer_116_lehigh/team_ws/install/apriltag_msgs/include/apriltag_msgs/apriltag_msgs/msg/detail/april_tag_detection_array__rosidl_typesupport_introspection_c.h
[1.044s] -- Up-to-date: /home/team100/roboracer_116_lehigh/team_ws/install/apriltag_msgs/include/apriltag_msgs/apriltag_msgs/msg/detail/april_tag_detection__rosidl_typesupport_introspection_c.h
[1.044s] -- Up-to-date: /home/team100/roboracer_116_lehigh/team_ws/install/apriltag_msgs/include/apriltag_msgs/apriltag_msgs/msg/detail/april_tag_detection__type_support.c
[1.051s] -- Up-to-date: /home/team100/roboracer_116_lehigh/team_ws/install/apriltag_msgs/include/apriltag_msgs/apriltag_msgs/msg/detail/point__rosidl_typesupport_introspection_c.h
[1.051s] -- Up-to-date: /home/team100/roboracer_116_lehigh/team_ws/install/apriltag_msgs/include/apriltag_msgs/apriltag_msgs/msg/detail/april_tag_detection_array__type_support.c
[1.051s] -- Up-to-date: /home/team100/roboracer_116_lehigh/team_ws/install/apriltag_msgs/include/apriltag_msgs/apriltag_msgs/msg/rosidl_typesupport_introspection_c__visibility_control.h
[1.053s] -- Up-to-date: /home/team100/roboracer_116_lehigh/team_ws/install/apriltag_msgs/lib/libapriltag_msgs__rosidl_typesupport_introspection_c.so
[1.057s] -- Up-to-date: /home/team100/roboracer_116_lehigh/team_ws/install/apriltag_msgs/lib/libapriltag_msgs__rosidl_typesupport_c.so
[1.058s] -- Up-to-date: /home/team100/roboracer_116_lehigh/team_ws/install/apriltag_msgs/include/apriltag_msgs/apriltag_msgs
[1.058s] -- Up-to-date: /home/team100/roboracer_116_lehigh/team_ws/install/apriltag_msgs/include/apriltag_msgs/apriltag_msgs/msg
[1.059s] -- Up-to-date: /home/team100/roboracer_116_lehigh/team_ws/install/apriltag_msgs/include/apriltag_msgs/apriltag_msgs/msg/april_tag_detection.hpp
[1.059s] -- Up-to-date: /home/team100/roboracer_116_lehigh/team_ws/install/apriltag_msgs/include/apriltag_msgs/apriltag_msgs/msg/detail
[1.060s] -- Up-to-date: /home/team100/roboracer_116_lehigh/team_ws/install/apriltag_msgs/include/apriltag_msgs/apriltag_msgs/msg/detail/april_tag_detection__struct.hpp
[1.061s] -- Up-to-date: /home/team100/roboracer_116_lehigh/team_ws/install/apriltag_msgs/include/apriltag_msgs/apriltag_msgs/msg/detail/point__builder.hpp
[1.061s] -- Up-to-date: /home/team100/roboracer_116_lehigh/team_ws/install/apriltag_msgs/include/apriltag_msgs/apriltag_msgs/msg/detail/april_tag_detection__traits.hpp
[1.061s] -- Up-to-date: /home/team100/roboracer_116_lehigh/team_ws/install/apriltag_msgs/include/apriltag_msgs/apriltag_msgs/msg/detail/point__type_support.hpp
[1.062s] -- Up-to-date: /home/team100/roboracer_116_lehigh/team_ws/install/apriltag_msgs/include/apriltag_msgs/apriltag_msgs/msg/detail/point__struct.hpp
[1.063s] -- Up-to-date: /home/team100/roboracer_116_lehigh/team_ws/install/apriltag_msgs/include/apriltag_msgs/apriltag_msgs/msg/detail/april_tag_detection__type_support.hpp
[1.064s] -- Up-to-date: /home/team100/roboracer_116_lehigh/team_ws/install/apriltag_msgs/include/apriltag_msgs/apriltag_msgs/msg/detail/april_tag_detection_array__builder.hpp
[1.065s] -- Up-to-date: /home/team100/roboracer_116_lehigh/team_ws/install/apriltag_msgs/include/apriltag_msgs/apriltag_msgs/msg/detail/april_tag_detection__builder.hpp
[1.066s] -- Up-to-date: /home/team100/roboracer_116_lehigh/team_ws/install/apriltag_msgs/include/apriltag_msgs/apriltag_msgs/msg/detail/april_tag_detection_array__traits.hpp
[1.075s] -- Up-to-date: /home/team100/roboracer_116_lehigh/team_ws/install/apriltag_msgs/include/apriltag_msgs/apriltag_msgs/msg/detail/point__traits.hpp
[1.075s] -- Up-to-date: /home/team100/roboracer_116_lehigh/team_ws/install/apriltag_msgs/include/apriltag_msgs/apriltag_msgs/msg/detail/april_tag_detection_array__type_support.hpp
[1.076s] -- Up-to-date: /home/team100/roboracer_116_lehigh/team_ws/install/apriltag_msgs/include/apriltag_msgs/apriltag_msgs/msg/detail/april_tag_detection_array__struct.hpp
[1.076s] -- Up-to-date: /home/team100/roboracer_116_lehigh/team_ws/install/apriltag_msgs/include/apriltag_msgs/apriltag_msgs/msg/point.hpp
[1.076s] -- Up-to-date: /home/team100/roboracer_116_lehigh/team_ws/install/apriltag_msgs/include/apriltag_msgs/apriltag_msgs/msg/rosidl_generator_cpp__visibility_control.hpp
[1.077s] -- Up-to-date: /home/team100/roboracer_116_lehigh/team_ws/install/apriltag_msgs/include/apriltag_msgs/apriltag_msgs/msg/april_tag_detection_array.hpp
[1.077s] -- Up-to-date: /home/team100/roboracer_116_lehigh/team_ws/install/apriltag_msgs/include/apriltag_msgs/apriltag_msgs
[1.077s] -- Up-to-date: /home/team100/roboracer_116_lehigh/team_ws/install/apriltag_msgs/include/apriltag_msgs/apriltag_msgs/msg
[1.077s] -- Up-to-date: /home/team100/roboracer_116_lehigh/team_ws/install/apriltag_msgs/include/apriltag_msgs/apriltag_msgs/msg/detail
[1.077s] -- Up-to-date: /home/team100/roboracer_116_lehigh/team_ws/install/apriltag_msgs/include/apriltag_msgs/apriltag_msgs/msg/detail/point__rosidl_typesupport_fastrtps_cpp.hpp
[1.077s] -- Up-to-date: /home/team100/roboracer_116_lehigh/team_ws/install/apriltag_msgs/include/apriltag_msgs/apriltag_msgs/msg/detail/april_tag_detection_array__rosidl_typesupport_fastrtps_cpp.hpp
[1.078s] -- Up-to-date: /home/team100/roboracer_116_lehigh/team_ws/install/apriltag_msgs/include/apriltag_msgs/apriltag_msgs/msg/detail/dds_fastrtps
[1.078s] -- Up-to-date: /home/team100/roboracer_116_lehigh/team_ws/install/apriltag_msgs/include/apriltag_msgs/apriltag_msgs/msg/detail/april_tag_detection__rosidl_typesupport_fastrtps_cpp.hpp
[1.078s] -- Up-to-date: /home/team100/roboracer_116_lehigh/team_ws/install/apriltag_msgs/include/apriltag_msgs/apriltag_msgs/msg/rosidl_typesupport_fastrtps_cpp__visibility_control.h
[1.080s] -- Up-to-date: /home/team100/roboracer_116_lehigh/team_ws/install/apriltag_msgs/lib/libapriltag_msgs__rosidl_typesupport_fastrtps_cpp.so
[1.080s] -- Up-to-date: /home/team100/roboracer_116_lehigh/team_ws/install/apriltag_msgs/include/apriltag_msgs/apriltag_msgs
[1.081s] -- Up-to-date: /home/team100/roboracer_116_lehigh/team_ws/install/apriltag_msgs/include/apriltag_msgs/apriltag_msgs/msg
[1.081s] -- Up-to-date: /home/team100/roboracer_116_lehigh/team_ws/install/apriltag_msgs/include/apriltag_msgs/apriltag_msgs/msg/detail
[1.082s] -- Up-to-date: /home/team100/roboracer_116_lehigh/team_ws/install/apriltag_msgs/include/apriltag_msgs/apriltag_msgs/msg/detail/april_tag_detection__type_support.cpp
[1.082s] -- Up-to-date: /home/team100/roboracer_116_lehigh/team_ws/install/apriltag_msgs/include/apriltag_msgs/apriltag_msgs/msg/detail/april_tag_detection__rosidl_typesupport_introspection_cpp.hpp
[1.082s] -- Up-to-date: /home/team100/roboracer_116_lehigh/team_ws/install/apriltag_msgs/include/apriltag_msgs/apriltag_msgs/msg/detail/april_tag_detection_array__type_support.cpp
[1.083s] -- Up-to-date: /home/team100/roboracer_116_lehigh/team_ws/install/apriltag_msgs/include/apriltag_msgs/apriltag_msgs/msg/detail/point__rosidl_typesupport_introspection_cpp.hpp
[1.083s] -- Up-to-date: /home/team100/roboracer_116_lehigh/team_ws/install/apriltag_msgs/include/apriltag_msgs/apriltag_msgs/msg/detail/april_tag_detection_array__rosidl_typesupport_introspection_cpp.hpp
[1.086s] -- Up-to-date: /home/team100/roboracer_116_lehigh/team_ws/install/apriltag_msgs/include/apriltag_msgs/apriltag_msgs/msg/detail/point__type_support.cpp
[1.086s] -- Up-to-date: /home/team100/roboracer_116_lehigh/team_ws/install/apriltag_msgs/lib/libapriltag_msgs__rosidl_typesupport_introspection_cpp.so
[1.087s] -- Up-to-date: /home/team100/roboracer_116_lehigh/team_ws/install/apriltag_msgs/lib/libapriltag_msgs__rosidl_typesupport_cpp.so
[1.088s] -- Up-to-date: /home/team100/roboracer_116_lehigh/team_ws/install/apriltag_msgs/share/apriltag_msgs/environment/pythonpath.sh
[1.088s] -- Up-to-date: /home/team100/roboracer_116_lehigh/team_ws/install/apriltag_msgs/share/apriltag_msgs/environment/pythonpath.dsv
[1.089s] -- Up-to-date: /home/team100/roboracer_116_lehigh/team_ws/install/apriltag_msgs/local/lib/python3.10/dist-packages/apriltag_msgs-2.0.1-py3.10.egg-info
[1.089s] -- Installing: /home/team100/roboracer_116_lehigh/team_ws/install/apriltag_msgs/local/lib/python3.10/dist-packages/apriltag_msgs-2.0.1-py3.10.egg-info/top_level.txt
[1.089s] -- Installing: /home/team100/roboracer_116_lehigh/team_ws/install/apriltag_msgs/local/lib/python3.10/dist-packages/apriltag_msgs-2.0.1-py3.10.egg-info/dependency_links.txt
[1.090s] -- Installing: /home/team100/roboracer_116_lehigh/team_ws/install/apriltag_msgs/local/lib/python3.10/dist-packages/apriltag_msgs-2.0.1-py3.10.egg-info/SOURCES.txt
[1.090s] -- Installing: /home/team100/roboracer_116_lehigh/team_ws/install/apriltag_msgs/local/lib/python3.10/dist-packages/apriltag_msgs-2.0.1-py3.10.egg-info/PKG-INFO
[1.091s] -- Up-to-date: /home/team100/roboracer_116_lehigh/team_ws/install/apriltag_msgs/local/lib/python3.10/dist-packages/apriltag_msgs
[1.091s] -- Up-to-date: /home/team100/roboracer_116_lehigh/team_ws/install/apriltag_msgs/local/lib/python3.10/dist-packages/apriltag_msgs/apriltag_msgs_s__rosidl_typesupport_c.cpython-310-aarch64-linux-gnu.so
[1.091s] -- Up-to-date: /home/team100/roboracer_116_lehigh/team_ws/install/apriltag_msgs/local/lib/python3.10/dist-packages/apriltag_msgs/libapriltag_msgs__rosidl_generator_py.so
[1.091s] -- Up-to-date: /home/team100/roboracer_116_lehigh/team_ws/install/apriltag_msgs/local/lib/python3.10/dist-packages/apriltag_msgs/_apriltag_msgs_s.ep.rosidl_typesupport_fastrtps_c.c
[1.092s] -- Up-to-date: /home/team100/roboracer_116_lehigh/team_ws/install/apriltag_msgs/local/lib/python3.10/dist-packages/apriltag_msgs/__init__.py
[1.093s] -- Up-to-date: /home/team100/roboracer_116_lehigh/team_ws/install/apriltag_msgs/local/lib/python3.10/dist-packages/apriltag_msgs/_apriltag_msgs_s.ep.rosidl_typesupport_introspection_c.c
[1.093s] -- Up-to-date: /home/team100/roboracer_116_lehigh/team_ws/install/apriltag_msgs/local/lib/python3.10/dist-packages/apriltag_msgs/_apriltag_msgs_s.ep.rosidl_typesupport_c.c
[1.094s] -- Up-to-date: /home/team100/roboracer_116_lehigh/team_ws/install/apriltag_msgs/local/lib/python3.10/dist-packages/apriltag_msgs/msg
[1.094s] -- Up-to-date: /home/team100/roboracer_116_lehigh/team_ws/install/apriltag_msgs/local/lib/python3.10/dist-packages/apriltag_msgs/msg/_point.py
[1.094s] -- Up-to-date: /home/team100/roboracer_116_lehigh/team_ws/install/apriltag_msgs/local/lib/python3.10/dist-packages/apriltag_msgs/msg/_april_tag_detection_s.c
[1.095s] -- Up-to-date: /home/team100/roboracer_116_lehigh/team_ws/install/apriltag_msgs/local/lib/python3.10/dist-packages/apriltag_msgs/msg/__init__.py
[1.095s] -- Up-to-date: /home/team100/roboracer_116_lehigh/team_ws/install/apriltag_msgs/local/lib/python3.10/dist-packages/apriltag_msgs/msg/_point_s.c
[1.095s] -- Up-to-date: /home/team100/roboracer_116_lehigh/team_ws/install/apriltag_msgs/local/lib/python3.10/dist-packages/apriltag_msgs/msg/_april_tag_detection.py
[1.096s] -- Up-to-date: /home/team100/roboracer_116_lehigh/team_ws/install/apriltag_msgs/local/lib/python3.10/dist-packages/apriltag_msgs/msg/_april_tag_detection_array_s.c
[1.096s] -- Up-to-date: /home/team100/roboracer_116_lehigh/team_ws/install/apriltag_msgs/local/lib/python3.10/dist-packages/apriltag_msgs/msg/_april_tag_detection_array.py
[1.097s] -- Up-to-date: /home/team100/roboracer_116_lehigh/team_ws/install/apriltag_msgs/local/lib/python3.10/dist-packages/apriltag_msgs/apriltag_msgs_s__rosidl_typesupport_introspection_c.cpython-310-aarch64-linux-gnu.so
[1.097s] -- Up-to-date: /home/team100/roboracer_116_lehigh/team_ws/install/apriltag_msgs/local/lib/python3.10/dist-packages/apriltag_msgs/apriltag_msgs_s__rosidl_typesupport_fastrtps_c.cpython-310-aarch64-linux-gnu.so
[1.122s] Listing '/home/team100/roboracer_116_lehigh/team_ws/install/apriltag_msgs/local/lib/python3.10/dist-packages/apriltag_msgs'...
[1.123s] Listing '/home/team100/roboracer_116_lehigh/team_ws/install/apriltag_msgs/local/lib/python3.10/dist-packages/apriltag_msgs/msg'...
[1.134s] -- Up-to-date: /home/team100/roboracer_116_lehigh/team_ws/install/apriltag_msgs/local/lib/python3.10/dist-packages/apriltag_msgs/apriltag_msgs_s__rosidl_typesupport_fastrtps_c.cpython-310-aarch64-linux-gnu.so
[1.134s] -- Up-to-date: /home/team100/roboracer_116_lehigh/team_ws/install/apriltag_msgs/local/lib/python3.10/dist-packages/apriltag_msgs/apriltag_msgs_s__rosidl_typesupport_introspection_c.cpython-310-aarch64-linux-gnu.so
[1.135s] -- Up-to-date: /home/team100/roboracer_116_lehigh/team_ws/install/apriltag_msgs/local/lib/python3.10/dist-packages/apriltag_msgs/apriltag_msgs_s__rosidl_typesupport_c.cpython-310-aarch64-linux-gnu.so
[1.135s] -- Up-to-date: /home/team100/roboracer_116_lehigh/team_ws/install/apriltag_msgs/lib/libapriltag_msgs__rosidl_generator_py.so
[1.136s] -- Up-to-date: /home/team100/roboracer_116_lehigh/team_ws/install/apriltag_msgs/share/apriltag_msgs/msg/Point.idl
[1.136s] -- Up-to-date: /home/team100/roboracer_116_lehigh/team_ws/install/apriltag_msgs/share/apriltag_msgs/msg/AprilTagDetection.idl
[1.136s] -- Up-to-date: /home/team100/roboracer_116_lehigh/team_ws/install/apriltag_msgs/share/apriltag_msgs/msg/AprilTagDetectionArray.idl
[1.137s] -- Up-to-date: /home/team100/roboracer_116_lehigh/team_ws/install/apriltag_msgs/share/apriltag_msgs/msg/Point.msg
[1.137s] -- Up-to-date: /home/team100/roboracer_116_lehigh/team_ws/install/apriltag_msgs/share/apriltag_msgs/msg/AprilTagDetection.msg
[1.137s] -- Up-to-date: /home/team100/roboracer_116_lehigh/team_ws/install/apriltag_msgs/share/apriltag_msgs/msg/AprilTagDetectionArray.msg
[1.137s] -- Up-to-date: /home/team100/roboracer_116_lehigh/team_ws/install/apriltag_msgs/share/ament_index/resource_index/package_run_dependencies/apriltag_msgs
[1.138s] -- Up-to-date: /home/team100/roboracer_116_lehigh/team_ws/install/apriltag_msgs/share/ament_index/resource_index/parent_prefix_path/apriltag_msgs
[1.138s] -- Up-to-date: /home/team100/roboracer_116_lehigh/team_ws/install/apriltag_msgs/share/apriltag_msgs/environment/ament_prefix_path.sh
[1.138s] -- Up-to-date: /home/team100/roboracer_116_lehigh/team_ws/install/apriltag_msgs/share/apriltag_msgs/environment/ament_prefix_path.dsv
[1.138s] -- Up-to-date: /home/team100/roboracer_116_lehigh/team_ws/install/apriltag_msgs/share/apriltag_msgs/environment/path.sh
[1.139s] -- Up-to-date: /home/team100/roboracer_116_lehigh/team_ws/install/apriltag_msgs/share/apriltag_msgs/environment/path.dsv
[1.139s] -- Up-to-date: /home/team100/roboracer_116_lehigh/team_ws/install/apriltag_msgs/share/apriltag_msgs/local_setup.bash
[1.139s] -- Up-to-date: /home/team100/roboracer_116_lehigh/team_ws/install/apriltag_msgs/share/apriltag_msgs/local_setup.sh
[1.139s] -- Up-to-date: /home/team100/roboracer_116_lehigh/team_ws/install/apriltag_msgs/share/apriltag_msgs/local_setup.zsh
[1.140s] -- Up-to-date: /home/team100/roboracer_116_lehigh/team_ws/install/apriltag_msgs/share/apriltag_msgs/local_setup.dsv
[1.140s] -- Installing: /home/team100/roboracer_116_lehigh/team_ws/install/apriltag_msgs/share/apriltag_msgs/package.dsv
[1.140s] -- Up-to-date: /home/team100/roboracer_116_lehigh/team_ws/install/apriltag_msgs/share/ament_index/resource_index/packages/apriltag_msgs
[1.140s] -- Up-to-date: /home/team100/roboracer_116_lehigh/team_ws/install/apriltag_msgs/share/apriltag_msgs/cmake/export_apriltag_msgs__rosidl_generator_cExport.cmake
[1.141s] -- Up-to-date: /home/team100/roboracer_116_lehigh/team_ws/install/apriltag_msgs/share/apriltag_msgs/cmake/export_apriltag_msgs__rosidl_generator_cExport-noconfig.cmake
[1.141s] -- Up-to-date: /home/team100/roboracer_116_lehigh/team_ws/install/apriltag_msgs/share/apriltag_msgs/cmake/export_apriltag_msgs__rosidl_typesupport_fastrtps_cExport.cmake
[1.141s] -- Up-to-date: /home/team100/roboracer_116_lehigh/team_ws/install/apriltag_msgs/share/apriltag_msgs/cmake/export_apriltag_msgs__rosidl_typesupport_fastrtps_cExport-noconfig.cmake
[1.142s] -- Up-to-date: /home/team100/roboracer_116_lehigh/team_ws/install/apriltag_msgs/share/apriltag_msgs/cmake/apriltag_msgs__rosidl_typesupport_introspection_cExport.cmake
[1.142s] -- Up-to-date: /home/team100/roboracer_116_lehigh/team_ws/install/apriltag_msgs/share/apriltag_msgs/cmake/apriltag_msgs__rosidl_typesupport_introspection_cExport-noconfig.cmake
[1.142s] -- Up-to-date: /home/team100/roboracer_116_lehigh/team_ws/install/apriltag_msgs/share/apriltag_msgs/cmake/apriltag_msgs__rosidl_typesupport_cExport.cmake
[1.142s] -- Up-to-date: /home/team100/roboracer_116_lehigh/team_ws/install/apriltag_msgs/share/apriltag_msgs/cmake/apriltag_msgs__rosidl_typesupport_cExport-noconfig.cmake
[1.142s] -- Up-to-date: /home/team100/roboracer_116_lehigh/team_ws/install/apriltag_msgs/share/apriltag_msgs/cmake/export_apriltag_msgs__rosidl_generator_cppExport.cmake
[1.142s] -- Up-to-date: /home/team100/roboracer_116_lehigh/team_ws/install/apriltag_msgs/share/apriltag_msgs/cmake/export_apriltag_msgs__rosidl_typesupport_fastrtps_cppExport.cmake
[1.142s] -- Up-to-date: /home/team100/roboracer_116_lehigh/team_ws/install/apriltag_msgs/share/apriltag_msgs/cmake/export_apriltag_msgs__rosidl_typesupport_fastrtps_cppExport-noconfig.cmake
[1.143s] -- Up-to-date: /home/team100/roboracer_116_lehigh/team_ws/install/apriltag_msgs/share/apriltag_msgs/cmake/apriltag_msgs__rosidl_typesupport_introspection_cppExport.cmake
[1.143s] -- Up-to-date: /home/team100/roboracer_116_lehigh/team_ws/install/apriltag_msgs/share/apriltag_msgs/cmake/apriltag_msgs__rosidl_typesupport_introspection_cppExport-noconfig.cmake
[1.143s] -- Up-to-date: /home/team100/roboracer_116_lehigh/team_ws/install/apriltag_msgs/share/apriltag_msgs/cmake/apriltag_msgs__rosidl_typesupport_cppExport.cmake
[1.143s] -- Up-to-date: /home/team100/roboracer_116_lehigh/team_ws/install/apriltag_msgs/share/apriltag_msgs/cmake/apriltag_msgs__rosidl_typesupport_cppExport-noconfig.cmake
[1.143s] -- Up-to-date: /home/team100/roboracer_116_lehigh/team_ws/install/apriltag_msgs/share/apriltag_msgs/cmake/export_apriltag_msgs__rosidl_generator_pyExport.cmake
[1.143s] -- Up-to-date: /home/team100/roboracer_116_lehigh/team_ws/install/apriltag_msgs/share/apriltag_msgs/cmake/export_apriltag_msgs__rosidl_generator_pyExport-noconfig.cmake
[1.143s] -- Up-to-date: /home/team100/roboracer_116_lehigh/team_ws/install/apriltag_msgs/share/apriltag_msgs/cmake/rosidl_cmake-extras.cmake
[1.144s] -- Up-to-date: /home/team100/roboracer_116_lehigh/team_ws/install/apriltag_msgs/share/apriltag_msgs/cmake/ament_cmake_export_dependencies-extras.cmake
[1.144s] -- Up-to-date: /home/team100/roboracer_116_lehigh/team_ws/install/apriltag_msgs/share/apriltag_msgs/cmake/ament_cmake_export_include_directories-extras.cmake
[1.144s] -- Up-to-date: /home/team100/roboracer_116_lehigh/team_ws/install/apriltag_msgs/share/apriltag_msgs/cmake/ament_cmake_export_libraries-extras.cmake
[1.144s] -- Up-to-date: /home/team100/roboracer_116_lehigh/team_ws/install/apriltag_msgs/share/apriltag_msgs/cmake/ament_cmake_export_targets-extras.cmake
[1.144s] -- Up-to-date: /home/team100/roboracer_116_lehigh/team_ws/install/apriltag_msgs/share/apriltag_msgs/cmake/rosidl_cmake_export_typesupport_targets-extras.cmake
[1.144s] -- Up-to-date: /home/team100/roboracer_116_lehigh/team_ws/install/apriltag_msgs/share/apriltag_msgs/cmake/rosidl_cmake_export_typesupport_libraries-extras.cmake
[1.145s] -- Up-to-date: /home/team100/roboracer_116_lehigh/team_ws/install/apriltag_msgs/share/apriltag_msgs/cmake/apriltag_msgsConfig.cmake
[1.145s] -- Up-to-date: /home/team100/roboracer_116_lehigh/team_ws/install/apriltag_msgs/share/apriltag_msgs/cmake/apriltag_msgsConfig-version.cmake
[1.145s] -- Up-to-date: /home/team100/roboracer_116_lehigh/team_ws/install/apriltag_msgs/share/apriltag_msgs/package.xml
[1.148s] Invoked command in '/home/team100/roboracer_116_lehigh/team_ws/build/apriltag_msgs' returned '0': CMAKE_PREFIX_PATH=${CMAKE_PREFIX_PATH}:/home/team100/roboracer_116_lehigh/team_ws/install/e116:/opt/ros/humble /usr/bin/cmake --install /home/team100/roboracer_116_lehigh/team_ws/build/apriltag_msgs
