running egg_info
writing ../build/e116/e116.egg-info/PKG-INFO
writing dependency_links to ../build/e116/e116.egg-info/dependency_links.txt
writing entry points to ../build/e116/e116.egg-info/entry_points.txt
writing requirements to ../build/e116/e116.egg-info/requires.txt
writing top-level names to ../build/e116/e116.egg-info/top_level.txt
reading manifest file '../build/e116/e116.egg-info/SOURCES.txt'
writing manifest file '../build/e116/e116.egg-info/SOURCES.txt'
running build
running build_py
copying e116/keyJoyTerminal.py -> /home/team100/team_ws/src/build/e116/build/lib/e116
running install
running install_lib
copying /home/team100/team_ws/src/build/e116/build/lib/e116/keyJoyTerminal.py -> /home/team100/team_ws/src/install/e116/lib/python3.10/site-packages/e116
byte-compiling /home/team100/team_ws/src/install/e116/lib/python3.10/site-packages/e116/keyJoyTerminal.py to keyJoyTerminal.cpython-310.pyc
running install_data
copying launch/teleop_terminal.launch.py -> /home/team100/team_ws/src/install/e116/share/e116/launch
copying config/e116.yaml -> /home/team100/team_ws/src/install/e116/share/e116/config
running install_egg_info
removing '/home/team100/team_ws/src/install/e116/lib/python3.10/site-packages/e116-0.0.1-py3.10.egg-info' (and everything under it)
Copying ../build/e116/e116.egg-info to /home/team100/team_ws/src/install/e116/lib/python3.10/site-packages/e116-0.0.1-py3.10.egg-info
running install_scripts
Installing e116_racecar script to /home/team100/team_ws/src/install/e116/lib/e116
Installing keyJoy script to /home/team100/team_ws/src/install/e116/lib/e116
Installing keyJoyTerminal script to /home/team100/team_ws/src/install/e116/lib/e116
writing list of installed files to '/home/team100/team_ws/src/build/e116/install.log'
