[0.252s] DEBUG:colcon:Command line arguments: ['/usr/bin/colcon', 'build']
[0.252s] DEBUG:colcon:Parsed command line arguments: Namespace(log_base=None, log_level=None, verb_name='build', build_base='build', install_base='install', merge_install=False, symlink_install=False, test_result_base=None, continue_on_error=False, executor='parallel', parallel_workers=6, event_handlers=None, ignore_user_meta=False, metas=['./colcon.meta'], base_paths=['.'], packages_ignore=None, packages_ignore_regex=None, paths=None, packages_up_to=None, packages_up_to_regex=None, packages_above=None, packages_above_and_dependencies=None, packages_above_depth=None, packages_select_by_dep=None, packages_skip_by_dep=None, packages_skip_up_to=None, packages_select_build_failed=False, packages_skip_build_finished=False, packages_select_test_failures=False, packages_skip_test_passed=False, packages_select=None, packages_skip=None, packages_select_regex=None, packages_skip_regex=None, packages_start=None, packages_end=None, allow_overriding=[], cmake_args=None, cmake_target=None, cmake_target_skip_unavailable=False, cmake_clean_cache=False, cmake_clean_first=False, cmake_force_configure=False, ament_cmake_args=None, catkin_cmake_args=None, catkin_skip_building_tests=False, mixin_files=None, mixin=None, verb_parser=<colcon_mixin.mixin.mixin_argument.MixinArgumentDecorator object at 0xffff8a741cc0>, verb_extension=<colcon_core.verb.build.BuildVerb object at 0xffff8a7414b0>, main=<bound method BuildVerb.main of <colcon_core.verb.build.BuildVerb object at 0xffff8a7414b0>>, mixin_verb=('build',))
[0.635s] Level 1:colcon.colcon_core.package_discovery:discover_packages(colcon_meta) check parameters
[0.636s] Level 1:colcon.colcon_core.package_discovery:discover_packages(recursive) check parameters
[0.636s] Level 1:colcon.colcon_core.package_discovery:discover_packages(ignore) check parameters
[0.636s] Level 1:colcon.colcon_core.package_discovery:discover_packages(path) check parameters
[0.636s] Level 1:colcon.colcon_core.package_discovery:discover_packages(colcon_meta) discover
[0.636s] Level 1:colcon.colcon_core.package_discovery:discover_packages(recursive) discover
[0.636s] INFO:colcon.colcon_core.package_discovery:Crawling recursively for packages in '/home/team100/roboracer_116_lehigh/team_ws'
[0.636s] Level 1:colcon.colcon_core.package_identification:_identify(.) by extensions ['ignore', 'ignore_ament_install']
[0.637s] Level 1:colcon.colcon_core.package_identification:_identify(.) by extension 'ignore'
[0.637s] Level 1:colcon.colcon_core.package_identification:_identify(.) by extension 'ignore_ament_install'
[0.637s] Level 1:colcon.colcon_core.package_identification:_identify(.) by extensions ['colcon_pkg']
[0.637s] Level 1:colcon.colcon_core.package_identification:_identify(.) by extension 'colcon_pkg'
[0.637s] Level 1:colcon.colcon_core.package_identification:_identify(.) by extensions ['colcon_meta']
[0.637s] Level 1:colcon.colcon_core.package_identification:_identify(.) by extension 'colcon_meta'
[0.637s] Level 1:colcon.colcon_core.package_identification:_identify(.) by extensions ['ros']
[0.637s] Level 1:colcon.colcon_core.package_identification:_identify(.) by extension 'ros'
[0.662s] Level 1:colcon.colcon_core.package_identification:_identify(.) by extensions ['cmake', 'python']
[0.662s] Level 1:colcon.colcon_core.package_identification:_identify(.) by extension 'cmake'
[0.662s] Level 1:colcon.colcon_core.package_identification:_identify(.) by extension 'python'
[0.662s] Level 1:colcon.colcon_core.package_identification:_identify(.) by extensions ['python_setup_py']
[0.662s] Level 1:colcon.colcon_core.package_identification:_identify(.) by extension 'python_setup_py'
[0.663s] Level 1:colcon.colcon_core.package_identification:_identify(build) by extensions ['ignore', 'ignore_ament_install']
[0.663s] Level 1:colcon.colcon_core.package_identification:_identify(build) by extension 'ignore'
[0.663s] Level 1:colcon.colcon_core.package_identification:_identify(build) ignored
[0.663s] Level 1:colcon.colcon_core.package_identification:_identify(install) by extensions ['ignore', 'ignore_ament_install']
[0.664s] Level 1:colcon.colcon_core.package_identification:_identify(install) by extension 'ignore'
[0.664s] Level 1:colcon.colcon_core.package_identification:_identify(install) ignored
[0.664s] Level 1:colcon.colcon_core.package_identification:_identify(log) by extensions ['ignore', 'ignore_ament_install']
[0.664s] Level 1:colcon.colcon_core.package_identification:_identify(log) by extension 'ignore'
[0.664s] Level 1:colcon.colcon_core.package_identification:_identify(log) ignored
[0.664s] Level 1:colcon.colcon_core.package_identification:_identify(src) by extensions ['ignore', 'ignore_ament_install']
[0.665s] Level 1:colcon.colcon_core.package_identification:_identify(src) by extension 'ignore'
[0.665s] Level 1:colcon.colcon_core.package_identification:_identify(src) by extension 'ignore_ament_install'
[0.665s] Level 1:colcon.colcon_core.package_identification:_identify(src) by extensions ['colcon_pkg']
[0.665s] Level 1:colcon.colcon_core.package_identification:_identify(src) by extension 'colcon_pkg'
[0.665s] Level 1:colcon.colcon_core.package_identification:_identify(src) by extensions ['colcon_meta']
[0.665s] Level 1:colcon.colcon_core.package_identification:_identify(src) by extension 'colcon_meta'
[0.665s] Level 1:colcon.colcon_core.package_identification:_identify(src) by extensions ['ros']
[0.665s] Level 1:colcon.colcon_core.package_identification:_identify(src) by extension 'ros'
[0.666s] Level 1:colcon.colcon_core.package_identification:_identify(src) by extensions ['cmake', 'python']
[0.666s] Level 1:colcon.colcon_core.package_identification:_identify(src) by extension 'cmake'
[0.666s] Level 1:colcon.colcon_core.package_identification:_identify(src) by extension 'python'
[0.666s] Level 1:colcon.colcon_core.package_identification:_identify(src) by extensions ['python_setup_py']
[0.666s] Level 1:colcon.colcon_core.package_identification:_identify(src) by extension 'python_setup_py'
[0.666s] Level 1:colcon.colcon_core.package_identification:_identify(src/apriltag) by extensions ['ignore', 'ignore_ament_install']
[0.666s] Level 1:colcon.colcon_core.package_identification:_identify(src/apriltag) by extension 'ignore'
[0.666s] Level 1:colcon.colcon_core.package_identification:_identify(src/apriltag) by extension 'ignore_ament_install'
[0.667s] Level 1:colcon.colcon_core.package_identification:_identify(src/apriltag) by extensions ['colcon_pkg']
[0.667s] Level 1:colcon.colcon_core.package_identification:_identify(src/apriltag) by extension 'colcon_pkg'
[0.667s] Level 1:colcon.colcon_core.package_identification:_identify(src/apriltag) by extensions ['colcon_meta']
[0.667s] Level 1:colcon.colcon_core.package_identification:_identify(src/apriltag) by extension 'colcon_meta'
[0.667s] Level 1:colcon.colcon_core.package_identification:_identify(src/apriltag) by extensions ['ros']
[0.667s] Level 1:colcon.colcon_core.package_identification:_identify(src/apriltag) by extension 'ros'
[0.676s] DEBUG:colcon.colcon_core.package_identification:Package 'src/apriltag' with type 'ros.cmake' and name 'apriltag'
[0.677s] Level 1:colcon.colcon_core.package_identification:_identify(src/apriltag_msgs) by extensions ['ignore', 'ignore_ament_install']
[0.677s] Level 1:colcon.colcon_core.package_identification:_identify(src/apriltag_msgs) by extension 'ignore'
[0.677s] Level 1:colcon.colcon_core.package_identification:_identify(src/apriltag_msgs) by extension 'ignore_ament_install'
[0.677s] Level 1:colcon.colcon_core.package_identification:_identify(src/apriltag_msgs) by extensions ['colcon_pkg']
[0.677s] Level 1:colcon.colcon_core.package_identification:_identify(src/apriltag_msgs) by extension 'colcon_pkg'
[0.677s] Level 1:colcon.colcon_core.package_identification:_identify(src/apriltag_msgs) by extensions ['colcon_meta']
[0.678s] Level 1:colcon.colcon_core.package_identification:_identify(src/apriltag_msgs) by extension 'colcon_meta'
[0.678s] Level 1:colcon.colcon_core.package_identification:_identify(src/apriltag_msgs) by extensions ['ros']
[0.678s] Level 1:colcon.colcon_core.package_identification:_identify(src/apriltag_msgs) by extension 'ros'
[0.679s] DEBUG:colcon.colcon_core.package_identification:Package 'src/apriltag_msgs' with type 'ros.ament_cmake' and name 'apriltag_msgs'
[0.679s] Level 1:colcon.colcon_core.package_identification:_identify(src/apriltag_ros) by extensions ['ignore', 'ignore_ament_install']
[0.679s] Level 1:colcon.colcon_core.package_identification:_identify(src/apriltag_ros) by extension 'ignore'
[0.680s] Level 1:colcon.colcon_core.package_identification:_identify(src/apriltag_ros) by extension 'ignore_ament_install'
[0.680s] Level 1:colcon.colcon_core.package_identification:_identify(src/apriltag_ros) by extensions ['colcon_pkg']
[0.680s] Level 1:colcon.colcon_core.package_identification:_identify(src/apriltag_ros) by extension 'colcon_pkg'
[0.680s] Level 1:colcon.colcon_core.package_identification:_identify(src/apriltag_ros) by extensions ['colcon_meta']
[0.680s] Level 1:colcon.colcon_core.package_identification:_identify(src/apriltag_ros) by extension 'colcon_meta'
[0.680s] Level 1:colcon.colcon_core.package_identification:_identify(src/apriltag_ros) by extensions ['ros']
[0.680s] Level 1:colcon.colcon_core.package_identification:_identify(src/apriltag_ros) by extension 'ros'
[0.684s] DEBUG:colcon.colcon_core.package_identification:Package 'src/apriltag_ros' with type 'ros.ament_cmake' and name 'apriltag_ros'
[0.684s] Level 1:colcon.colcon_core.package_identification:_identify(src/build) by extensions ['ignore', 'ignore_ament_install']
[0.684s] Level 1:colcon.colcon_core.package_identification:_identify(src/build) by extension 'ignore'
[0.684s] Level 1:colcon.colcon_core.package_identification:_identify(src/build) ignored
[0.684s] Level 1:colcon.colcon_core.package_identification:_identify(src/e116) by extensions ['ignore', 'ignore_ament_install']
[0.685s] Level 1:colcon.colcon_core.package_identification:_identify(src/e116) by extension 'ignore'
[0.685s] Level 1:colcon.colcon_core.package_identification:_identify(src/e116) by extension 'ignore_ament_install'
[0.685s] Level 1:colcon.colcon_core.package_identification:_identify(src/e116) by extensions ['colcon_pkg']
[0.685s] Level 1:colcon.colcon_core.package_identification:_identify(src/e116) by extension 'colcon_pkg'
[0.685s] Level 1:colcon.colcon_core.package_identification:_identify(src/e116) by extensions ['colcon_meta']
[0.685s] Level 1:colcon.colcon_core.package_identification:_identify(src/e116) by extension 'colcon_meta'
[0.685s] Level 1:colcon.colcon_core.package_identification:_identify(src/e116) by extensions ['ros']
[0.685s] Level 1:colcon.colcon_core.package_identification:_identify(src/e116) by extension 'ros'
[0.687s] DEBUG:colcon.colcon_core.package_identification:Package 'src/e116' with type 'ros.ament_python' and name 'e116'
[0.688s] Level 1:colcon.colcon_core.package_identification:_identify(src/install) by extensions ['ignore', 'ignore_ament_install']
[0.688s] Level 1:colcon.colcon_core.package_identification:_identify(src/install) by extension 'ignore'
[0.688s] Level 1:colcon.colcon_core.package_identification:_identify(src/install) ignored
[0.688s] Level 1:colcon.colcon_core.package_identification:_identify(src/log) by extensions ['ignore', 'ignore_ament_install']
[0.688s] Level 1:colcon.colcon_core.package_identification:_identify(src/log) by extension 'ignore'
[0.688s] Level 1:colcon.colcon_core.package_identification:_identify(src/log) ignored
[0.688s] Level 1:colcon.colcon_core.package_discovery:discover_packages(recursive) using defaults
[0.689s] Level 1:colcon.colcon_core.package_discovery:discover_packages(ignore) discover
[0.689s] Level 1:colcon.colcon_core.package_discovery:discover_packages(ignore) using defaults
[0.689s] Level 1:colcon.colcon_core.package_discovery:discover_packages(path) discover
[0.689s] Level 1:colcon.colcon_core.package_discovery:discover_packages(path) using defaults
[0.764s] Level 1:colcon.colcon_core.package_discovery:discover_packages(prefix_path) check parameters
[0.764s] Level 1:colcon.colcon_core.package_discovery:discover_packages(prefix_path) discover
[0.770s] DEBUG:colcon.colcon_installed_package_information.package_discovery:Found 298 installed packages in /opt/ros/humble
[0.773s] Level 1:colcon.colcon_core.package_discovery:discover_packages(prefix_path) using defaults
[0.863s] Level 5:colcon.colcon_core.verb:set package 'apriltag' build argument 'cmake_args' from command line to 'None'
[0.863s] Level 5:colcon.colcon_core.verb:set package 'apriltag' build argument 'cmake_target' from command line to 'None'
[0.863s] Level 5:colcon.colcon_core.verb:set package 'apriltag' build argument 'cmake_target_skip_unavailable' from command line to 'False'
[0.863s] Level 5:colcon.colcon_core.verb:set package 'apriltag' build argument 'cmake_clean_cache' from command line to 'False'
[0.863s] Level 5:colcon.colcon_core.verb:set package 'apriltag' build argument 'cmake_clean_first' from command line to 'False'
[0.863s] Level 5:colcon.colcon_core.verb:set package 'apriltag' build argument 'cmake_force_configure' from command line to 'False'
[0.863s] Level 5:colcon.colcon_core.verb:set package 'apriltag' build argument 'ament_cmake_args' from command line to 'None'
[0.863s] Level 5:colcon.colcon_core.verb:set package 'apriltag' build argument 'catkin_cmake_args' from command line to 'None'
[0.863s] Level 5:colcon.colcon_core.verb:set package 'apriltag' build argument 'catkin_skip_building_tests' from command line to 'False'
[0.864s] DEBUG:colcon.colcon_core.verb:Building package 'apriltag' with the following arguments: {'ament_cmake_args': None, 'build_base': '/home/team100/roboracer_116_lehigh/team_ws/build/apriltag', 'catkin_cmake_args': None, 'catkin_skip_building_tests': False, 'cmake_args': None, 'cmake_clean_cache': False, 'cmake_clean_first': False, 'cmake_force_configure': False, 'cmake_target': None, 'cmake_target_skip_unavailable': False, 'install_base': '/home/team100/roboracer_116_lehigh/team_ws/install/apriltag', 'merge_install': False, 'path': '/home/team100/roboracer_116_lehigh/team_ws/src/apriltag', 'symlink_install': False, 'test_result_base': None}
[0.864s] Level 5:colcon.colcon_core.verb:set package 'apriltag_msgs' build argument 'cmake_args' from command line to 'None'
[0.864s] Level 5:colcon.colcon_core.verb:set package 'apriltag_msgs' build argument 'cmake_target' from command line to 'None'
[0.864s] Level 5:colcon.colcon_core.verb:set package 'apriltag_msgs' build argument 'cmake_target_skip_unavailable' from command line to 'False'
[0.865s] Level 5:colcon.colcon_core.verb:set package 'apriltag_msgs' build argument 'cmake_clean_cache' from command line to 'False'
[0.865s] Level 5:colcon.colcon_core.verb:set package 'apriltag_msgs' build argument 'cmake_clean_first' from command line to 'False'
[0.865s] Level 5:colcon.colcon_core.verb:set package 'apriltag_msgs' build argument 'cmake_force_configure' from command line to 'False'
[0.865s] Level 5:colcon.colcon_core.verb:set package 'apriltag_msgs' build argument 'ament_cmake_args' from command line to 'None'
[0.865s] Level 5:colcon.colcon_core.verb:set package 'apriltag_msgs' build argument 'catkin_cmake_args' from command line to 'None'
[0.865s] Level 5:colcon.colcon_core.verb:set package 'apriltag_msgs' build argument 'catkin_skip_building_tests' from command line to 'False'
[0.865s] DEBUG:colcon.colcon_core.verb:Building package 'apriltag_msgs' with the following arguments: {'ament_cmake_args': None, 'build_base': '/home/team100/roboracer_116_lehigh/team_ws/build/apriltag_msgs', 'catkin_cmake_args': None, 'catkin_skip_building_tests': False, 'cmake_args': None, 'cmake_clean_cache': False, 'cmake_clean_first': False, 'cmake_force_configure': False, 'cmake_target': None, 'cmake_target_skip_unavailable': False, 'install_base': '/home/team100/roboracer_116_lehigh/team_ws/install/apriltag_msgs', 'merge_install': False, 'path': '/home/team100/roboracer_116_lehigh/team_ws/src/apriltag_msgs', 'symlink_install': False, 'test_result_base': None}
[0.866s] Level 5:colcon.colcon_core.verb:set package 'e116' build argument 'cmake_args' from command line to 'None'
[0.866s] Level 5:colcon.colcon_core.verb:set package 'e116' build argument 'cmake_target' from command line to 'None'
[0.866s] Level 5:colcon.colcon_core.verb:set package 'e116' build argument 'cmake_target_skip_unavailable' from command line to 'False'
[0.866s] Level 5:colcon.colcon_core.verb:set package 'e116' build argument 'cmake_clean_cache' from command line to 'False'
[0.866s] Level 5:colcon.colcon_core.verb:set package 'e116' build argument 'cmake_clean_first' from command line to 'False'
[0.866s] Level 5:colcon.colcon_core.verb:set package 'e116' build argument 'cmake_force_configure' from command line to 'False'
[0.866s] Level 5:colcon.colcon_core.verb:set package 'e116' build argument 'ament_cmake_args' from command line to 'None'
[0.866s] Level 5:colcon.colcon_core.verb:set package 'e116' build argument 'catkin_cmake_args' from command line to 'None'
[0.866s] Level 5:colcon.colcon_core.verb:set package 'e116' build argument 'catkin_skip_building_tests' from command line to 'False'
[0.866s] DEBUG:colcon.colcon_core.verb:Building package 'e116' with the following arguments: {'ament_cmake_args': None, 'build_base': '/home/team100/roboracer_116_lehigh/team_ws/build/e116', 'catkin_cmake_args': None, 'catkin_skip_building_tests': False, 'cmake_args': None, 'cmake_clean_cache': False, 'cmake_clean_first': False, 'cmake_force_configure': False, 'cmake_target': None, 'cmake_target_skip_unavailable': False, 'install_base': '/home/team100/roboracer_116_lehigh/team_ws/install/e116', 'merge_install': False, 'path': '/home/team100/roboracer_116_lehigh/team_ws/src/e116', 'symlink_install': False, 'test_result_base': None}
[0.867s] Level 5:colcon.colcon_core.verb:set package 'apriltag_ros' build argument 'cmake_args' from command line to 'None'
[0.867s] Level 5:colcon.colcon_core.verb:set package 'apriltag_ros' build argument 'cmake_target' from command line to 'None'
[0.867s] Level 5:colcon.colcon_core.verb:set package 'apriltag_ros' build argument 'cmake_target_skip_unavailable' from command line to 'False'
[0.867s] Level 5:colcon.colcon_core.verb:set package 'apriltag_ros' build argument 'cmake_clean_cache' from command line to 'False'
[0.867s] Level 5:colcon.colcon_core.verb:set package 'apriltag_ros' build argument 'cmake_clean_first' from command line to 'False'
[0.867s] Level 5:colcon.colcon_core.verb:set package 'apriltag_ros' build argument 'cmake_force_configure' from command line to 'False'
[0.867s] Level 5:colcon.colcon_core.verb:set package 'apriltag_ros' build argument 'ament_cmake_args' from command line to 'None'
[0.867s] Level 5:colcon.colcon_core.verb:set package 'apriltag_ros' build argument 'catkin_cmake_args' from command line to 'None'
[0.867s] Level 5:colcon.colcon_core.verb:set package 'apriltag_ros' build argument 'catkin_skip_building_tests' from command line to 'False'
[0.867s] DEBUG:colcon.colcon_core.verb:Building package 'apriltag_ros' with the following arguments: {'ament_cmake_args': None, 'build_base': '/home/team100/roboracer_116_lehigh/team_ws/build/apriltag_ros', 'catkin_cmake_args': None, 'catkin_skip_building_tests': False, 'cmake_args': None, 'cmake_clean_cache': False, 'cmake_clean_first': False, 'cmake_force_configure': False, 'cmake_target': None, 'cmake_target_skip_unavailable': False, 'install_base': '/home/team100/roboracer_116_lehigh/team_ws/install/apriltag_ros', 'merge_install': False, 'path': '/home/team100/roboracer_116_lehigh/team_ws/src/apriltag_ros', 'symlink_install': False, 'test_result_base': None}
[0.868s] INFO:colcon.colcon_core.executor:Executing jobs using 'parallel' executor
[0.870s] DEBUG:colcon.colcon_parallel_executor.executor.parallel:run_until_complete
[0.871s] INFO:colcon.colcon_ros.task.cmake.build:Building ROS package in '/home/team100/roboracer_116_lehigh/team_ws/src/apriltag' with build type 'cmake'
[0.871s] INFO:colcon.colcon_cmake.task.cmake.build:Building CMake package in '/home/team100/roboracer_116_lehigh/team_ws/src/apriltag'
[0.876s] INFO:colcon.colcon_core.plugin_system:Skipping extension 'colcon_core.shell.bat': Not used on non-Windows systems
[0.877s] INFO:colcon.colcon_core.shell:Skip shell extension 'powershell' for command environment: Not usable outside of PowerShell
[0.877s] DEBUG:colcon.colcon_core.shell:Skip shell extension 'dsv' for command environment
[0.883s] INFO:colcon.colcon_ros.task.ament_cmake.build:Building ROS package in '/home/team100/roboracer_116_lehigh/team_ws/src/apriltag_msgs' with build type 'ament_cmake'
[0.883s] INFO:colcon.colcon_cmake.task.cmake.build:Building CMake package in '/home/team100/roboracer_116_lehigh/team_ws/src/apriltag_msgs'
[0.884s] INFO:colcon.colcon_core.shell:Skip shell extension 'powershell' for command environment: Not usable outside of PowerShell
[0.884s] DEBUG:colcon.colcon_core.shell:Skip shell extension 'dsv' for command environment
[0.890s] INFO:colcon.colcon_ros.task.ament_python.build:Building ROS package in '/home/team100/roboracer_116_lehigh/team_ws/src/e116' with build type 'ament_python'
[0.890s] Level 1:colcon.colcon_core.shell:create_environment_hook('e116', 'ament_prefix_path')
[0.891s] INFO:colcon.colcon_core.shell:Creating environment hook '/home/team100/roboracer_116_lehigh/team_ws/install/e116/share/e116/hook/ament_prefix_path.ps1'
[0.892s] INFO:colcon.colcon_core.shell:Creating environment descriptor '/home/team100/roboracer_116_lehigh/team_ws/install/e116/share/e116/hook/ament_prefix_path.dsv'
[0.893s] INFO:colcon.colcon_core.shell:Creating environment hook '/home/team100/roboracer_116_lehigh/team_ws/install/e116/share/e116/hook/ament_prefix_path.sh'
[0.895s] INFO:colcon.colcon_core.shell:Skip shell extension 'powershell' for command environment: Not usable outside of PowerShell
[0.895s] DEBUG:colcon.colcon_core.shell:Skip shell extension 'dsv' for command environment
[0.912s] DEBUG:colcon.colcon_core.event_handler.log_command:Invoking command in '/home/team100/roboracer_116_lehigh/team_ws/build/apriltag': CMAKE_PREFIX_PATH=/opt/ros/humble /usr/bin/cmake --build /home/team100/roboracer_116_lehigh/team_ws/build/apriltag -- -j6 -l6
[0.920s] DEBUG:colcon.colcon_core.event_handler.log_command:Invoking command in '/home/team100/roboracer_116_lehigh/team_ws/build/apriltag_msgs': CMAKE_PREFIX_PATH=/opt/ros/humble /usr/bin/cmake --build /home/team100/roboracer_116_lehigh/team_ws/build/apriltag_msgs -- -j6 -l6
[1.546s] INFO:colcon.colcon_core.task.python.build:Building Python package in '/home/team100/roboracer_116_lehigh/team_ws/src/e116'
[1.547s] INFO:colcon.colcon_core.shell:Skip shell extension 'powershell' for command environment: Not usable outside of PowerShell
[1.547s] DEBUG:colcon.colcon_core.shell:Skip shell extension 'dsv' for command environment
[1.781s] DEBUG:colcon.colcon_core.event_handler.log_command:Invoked command in '/home/team100/roboracer_116_lehigh/team_ws/build/apriltag_msgs' returned '0': CMAKE_PREFIX_PATH=/opt/ros/humble /usr/bin/cmake --build /home/team100/roboracer_116_lehigh/team_ws/build/apriltag_msgs -- -j6 -l6
[1.801s] DEBUG:colcon.colcon_core.event_handler.log_command:Invoking command in '/home/team100/roboracer_116_lehigh/team_ws/build/apriltag_msgs': CMAKE_PREFIX_PATH=/opt/ros/humble /usr/bin/cmake --install /home/team100/roboracer_116_lehigh/team_ws/build/apriltag_msgs
[1.832s] DEBUG:colcon.colcon_core.event_handler.log_command:Invoked command in '/home/team100/roboracer_116_lehigh/team_ws/build/apriltag' returned '0': CMAKE_PREFIX_PATH=/opt/ros/humble /usr/bin/cmake --build /home/team100/roboracer_116_lehigh/team_ws/build/apriltag -- -j6 -l6
[1.838s] DEBUG:colcon.colcon_core.event_handler.log_command:Invoking command in '/home/team100/roboracer_116_lehigh/team_ws/build/apriltag': CMAKE_PREFIX_PATH=/opt/ros/humble /usr/bin/cmake --install /home/team100/roboracer_116_lehigh/team_ws/build/apriltag
[1.852s] DEBUG:colcon.colcon_core.event_handler.log_command:Invoked command in '/home/team100/roboracer_116_lehigh/team_ws/build/apriltag' returned '0': CMAKE_PREFIX_PATH=/opt/ros/humble /usr/bin/cmake --install /home/team100/roboracer_116_lehigh/team_ws/build/apriltag
[1.853s] Level 1:colcon.colcon_core.shell:create_environment_hook('apriltag', 'pkg_config_path')
[1.854s] INFO:colcon.colcon_core.shell:Creating environment hook '/home/team100/roboracer_116_lehigh/team_ws/install/apriltag/share/apriltag/hook/pkg_config_path.ps1'
[1.855s] INFO:colcon.colcon_core.shell:Creating environment descriptor '/home/team100/roboracer_116_lehigh/team_ws/install/apriltag/share/apriltag/hook/pkg_config_path.dsv'
[1.856s] INFO:colcon.colcon_core.shell:Creating environment hook '/home/team100/roboracer_116_lehigh/team_ws/install/apriltag/share/apriltag/hook/pkg_config_path.sh'
[1.860s] Level 1:colcon.colcon_core.shell:create_environment_hook('apriltag', 'pkg_config_path_multiarch')
[1.861s] INFO:colcon.colcon_core.shell:Creating environment hook '/home/team100/roboracer_116_lehigh/team_ws/install/apriltag/share/apriltag/hook/pkg_config_path_multiarch.ps1'
[1.862s] INFO:colcon.colcon_core.shell:Creating environment descriptor '/home/team100/roboracer_116_lehigh/team_ws/install/apriltag/share/apriltag/hook/pkg_config_path_multiarch.dsv'
[1.863s] INFO:colcon.colcon_core.shell:Creating environment hook '/home/team100/roboracer_116_lehigh/team_ws/install/apriltag/share/apriltag/hook/pkg_config_path_multiarch.sh'
[1.864s] Level 1:colcon.colcon_core.environment:create_environment_scripts_only(apriltag)
[1.869s] Level 1:colcon.colcon_core.environment:checking '/home/team100/roboracer_116_lehigh/team_ws/install/apriltag' for CMake module files
[1.870s] Level 1:colcon.colcon_core.environment:checking '/home/team100/roboracer_116_lehigh/team_ws/install/apriltag' for CMake config files
[1.871s] Level 1:colcon.colcon_core.shell:create_environment_hook('apriltag', 'cmake_prefix_path')
[1.871s] INFO:colcon.colcon_core.shell:Creating environment hook '/home/team100/roboracer_116_lehigh/team_ws/install/apriltag/share/apriltag/hook/cmake_prefix_path.ps1'
[1.872s] INFO:colcon.colcon_core.shell:Creating environment descriptor '/home/team100/roboracer_116_lehigh/team_ws/install/apriltag/share/apriltag/hook/cmake_prefix_path.dsv'
[1.873s] INFO:colcon.colcon_core.shell:Creating environment hook '/home/team100/roboracer_116_lehigh/team_ws/install/apriltag/share/apriltag/hook/cmake_prefix_path.sh'
[1.875s] Level 1:colcon.colcon_core.environment:checking '/home/team100/roboracer_116_lehigh/team_ws/install/apriltag/lib'
[1.876s] Level 1:colcon.colcon_core.shell:create_environment_hook('apriltag', 'ld_library_path_lib')
[1.876s] INFO:colcon.colcon_core.shell:Creating environment hook '/home/team100/roboracer_116_lehigh/team_ws/install/apriltag/share/apriltag/hook/ld_library_path_lib.ps1'
[1.877s] INFO:colcon.colcon_core.shell:Creating environment descriptor '/home/team100/roboracer_116_lehigh/team_ws/install/apriltag/share/apriltag/hook/ld_library_path_lib.dsv'
[1.878s] INFO:colcon.colcon_core.shell:Creating environment hook '/home/team100/roboracer_116_lehigh/team_ws/install/apriltag/share/apriltag/hook/ld_library_path_lib.sh'
[1.879s] Level 1:colcon.colcon_core.environment:checking '/home/team100/roboracer_116_lehigh/team_ws/install/apriltag/bin'
[1.879s] Level 1:colcon.colcon_core.shell:create_environment_hook('apriltag', 'path')
[1.879s] INFO:colcon.colcon_core.shell:Creating environment hook '/home/team100/roboracer_116_lehigh/team_ws/install/apriltag/share/apriltag/hook/path.ps1'
[1.880s] INFO:colcon.colcon_core.shell:Creating environment descriptor '/home/team100/roboracer_116_lehigh/team_ws/install/apriltag/share/apriltag/hook/path.dsv'
[1.881s] INFO:colcon.colcon_core.shell:Creating environment hook '/home/team100/roboracer_116_lehigh/team_ws/install/apriltag/share/apriltag/hook/path.sh'
[1.882s] Level 1:colcon.colcon_core.environment:checking '/home/team100/roboracer_116_lehigh/team_ws/install/apriltag/lib/pkgconfig/apriltag.pc'
[1.882s] Level 1:colcon.colcon_core.shell:create_environment_hook('apriltag', 'pkg_config')
[1.883s] INFO:colcon.colcon_core.shell:Creating environment hook '/home/team100/roboracer_116_lehigh/team_ws/install/apriltag/share/apriltag/hook/pkg_config.ps1'
[1.884s] INFO:colcon.colcon_core.shell:Creating environment descriptor '/home/team100/roboracer_116_lehigh/team_ws/install/apriltag/share/apriltag/hook/pkg_config.dsv'
[1.885s] INFO:colcon.colcon_core.shell:Creating environment hook '/home/team100/roboracer_116_lehigh/team_ws/install/apriltag/share/apriltag/hook/pkg_config.sh'
[1.887s] Level 1:colcon.colcon_core.environment:checking '/home/team100/roboracer_116_lehigh/team_ws/install/apriltag/lib/python3.10/site-packages'
[1.887s] Level 1:colcon.colcon_core.shell:create_environment_hook('apriltag', 'pythonpath')
[1.887s] INFO:colcon.colcon_core.shell:Creating environment hook '/home/team100/roboracer_116_lehigh/team_ws/install/apriltag/share/apriltag/hook/pythonpath.ps1'
[1.888s] INFO:colcon.colcon_core.shell:Creating environment descriptor '/home/team100/roboracer_116_lehigh/team_ws/install/apriltag/share/apriltag/hook/pythonpath.dsv'
[1.889s] INFO:colcon.colcon_core.shell:Creating environment hook '/home/team100/roboracer_116_lehigh/team_ws/install/apriltag/share/apriltag/hook/pythonpath.sh'
[1.891s] Level 1:colcon.colcon_core.environment:checking '/home/team100/roboracer_116_lehigh/team_ws/install/apriltag/bin'
[1.891s] Level 1:colcon.colcon_core.shell:create_environment_hook('apriltag', 'pythonscriptspath')
[1.891s] INFO:colcon.colcon_core.shell:Creating environment hook '/home/team100/roboracer_116_lehigh/team_ws/install/apriltag/share/apriltag/hook/pythonscriptspath.ps1'
[1.892s] INFO:colcon.colcon_core.shell:Creating environment descriptor '/home/team100/roboracer_116_lehigh/team_ws/install/apriltag/share/apriltag/hook/pythonscriptspath.dsv'
[1.893s] INFO:colcon.colcon_core.shell:Creating environment hook '/home/team100/roboracer_116_lehigh/team_ws/install/apriltag/share/apriltag/hook/pythonscriptspath.sh'
[1.895s] INFO:colcon.colcon_core.shell:Creating package script '/home/team100/roboracer_116_lehigh/team_ws/install/apriltag/share/apriltag/package.ps1'
[1.899s] INFO:colcon.colcon_core.shell:Creating package descriptor '/home/team100/roboracer_116_lehigh/team_ws/install/apriltag/share/apriltag/package.dsv'
[1.900s] INFO:colcon.colcon_core.shell:Creating package script '/home/team100/roboracer_116_lehigh/team_ws/install/apriltag/share/apriltag/package.sh'
[1.903s] INFO:colcon.colcon_core.shell:Creating package script '/home/team100/roboracer_116_lehigh/team_ws/install/apriltag/share/apriltag/package.bash'
[1.904s] INFO:colcon.colcon_core.shell:Creating package script '/home/team100/roboracer_116_lehigh/team_ws/install/apriltag/share/apriltag/package.zsh'
[1.906s] Level 1:colcon.colcon_core.environment:create_file_with_runtime_dependencies(/home/team100/roboracer_116_lehigh/team_ws/install/apriltag/share/colcon-core/packages/apriltag)
[1.922s] Level 1:colcon.colcon_core.environment:create_environment_scripts_only(apriltag_msgs)
[1.923s] Level 1:colcon.colcon_core.environment:checking '/home/team100/roboracer_116_lehigh/team_ws/install/apriltag_msgs' for CMake module files
[1.924s] DEBUG:colcon.colcon_core.event_handler.log_command:Invoked command in '/home/team100/roboracer_116_lehigh/team_ws/build/apriltag_msgs' returned '0': CMAKE_PREFIX_PATH=/opt/ros/humble /usr/bin/cmake --install /home/team100/roboracer_116_lehigh/team_ws/build/apriltag_msgs
[1.925s] Level 1:colcon.colcon_core.environment:checking '/home/team100/roboracer_116_lehigh/team_ws/install/apriltag_msgs' for CMake config files
[1.925s] Level 1:colcon.colcon_core.shell:create_environment_hook('apriltag_msgs', 'cmake_prefix_path')
[1.926s] INFO:colcon.colcon_core.shell:Creating environment hook '/home/team100/roboracer_116_lehigh/team_ws/install/apriltag_msgs/share/apriltag_msgs/hook/cmake_prefix_path.ps1'
[1.927s] INFO:colcon.colcon_core.shell:Creating environment descriptor '/home/team100/roboracer_116_lehigh/team_ws/install/apriltag_msgs/share/apriltag_msgs/hook/cmake_prefix_path.dsv'
[1.928s] INFO:colcon.colcon_core.shell:Creating environment hook '/home/team100/roboracer_116_lehigh/team_ws/install/apriltag_msgs/share/apriltag_msgs/hook/cmake_prefix_path.sh'
[1.929s] Level 1:colcon.colcon_core.environment:checking '/home/team100/roboracer_116_lehigh/team_ws/install/apriltag_msgs/lib'
[1.930s] Level 1:colcon.colcon_core.shell:create_environment_hook('apriltag_msgs', 'ld_library_path_lib')
[1.930s] INFO:colcon.colcon_core.shell:Creating environment hook '/home/team100/roboracer_116_lehigh/team_ws/install/apriltag_msgs/share/apriltag_msgs/hook/ld_library_path_lib.ps1'
[1.931s] INFO:colcon.colcon_core.shell:Creating environment descriptor '/home/team100/roboracer_116_lehigh/team_ws/install/apriltag_msgs/share/apriltag_msgs/hook/ld_library_path_lib.dsv'
[1.932s] INFO:colcon.colcon_core.shell:Creating environment hook '/home/team100/roboracer_116_lehigh/team_ws/install/apriltag_msgs/share/apriltag_msgs/hook/ld_library_path_lib.sh'
[1.933s] Level 1:colcon.colcon_core.environment:checking '/home/team100/roboracer_116_lehigh/team_ws/install/apriltag_msgs/bin'
[1.933s] Level 1:colcon.colcon_core.environment:checking '/home/team100/roboracer_116_lehigh/team_ws/install/apriltag_msgs/lib/pkgconfig/apriltag_msgs.pc'
[1.933s] Level 1:colcon.colcon_core.environment:checking '/home/team100/roboracer_116_lehigh/team_ws/install/apriltag_msgs/lib/python3.10/site-packages'
[1.934s] Level 1:colcon.colcon_core.environment:checking '/home/team100/roboracer_116_lehigh/team_ws/install/apriltag_msgs/bin'
[1.935s] INFO:colcon.colcon_core.shell:Creating package script '/home/team100/roboracer_116_lehigh/team_ws/install/apriltag_msgs/share/apriltag_msgs/package.ps1'
[1.936s] INFO:colcon.colcon_core.shell:Creating package descriptor '/home/team100/roboracer_116_lehigh/team_ws/install/apriltag_msgs/share/apriltag_msgs/package.dsv'
[1.937s] INFO:colcon.colcon_core.shell:Creating package script '/home/team100/roboracer_116_lehigh/team_ws/install/apriltag_msgs/share/apriltag_msgs/package.sh'
[1.938s] INFO:colcon.colcon_core.shell:Creating package script '/home/team100/roboracer_116_lehigh/team_ws/install/apriltag_msgs/share/apriltag_msgs/package.bash'
[1.939s] INFO:colcon.colcon_core.shell:Creating package script '/home/team100/roboracer_116_lehigh/team_ws/install/apriltag_msgs/share/apriltag_msgs/package.zsh'
[1.940s] Level 1:colcon.colcon_core.environment:create_file_with_runtime_dependencies(/home/team100/roboracer_116_lehigh/team_ws/install/apriltag_msgs/share/colcon-core/packages/apriltag_msgs)
[1.942s] Level 1:colcon.colcon_core.environment:create_environment_scripts_only(apriltag_msgs)
[1.942s] Level 1:colcon.colcon_core.environment:checking '/home/team100/roboracer_116_lehigh/team_ws/install/apriltag_msgs' for CMake module files
[1.943s] Level 1:colcon.colcon_core.environment:checking '/home/team100/roboracer_116_lehigh/team_ws/install/apriltag_msgs' for CMake config files
[1.944s] Level 1:colcon.colcon_core.shell:create_environment_hook('apriltag_msgs', 'cmake_prefix_path')
[1.944s] INFO:colcon.colcon_core.shell:Creating environment hook '/home/team100/roboracer_116_lehigh/team_ws/install/apriltag_msgs/share/apriltag_msgs/hook/cmake_prefix_path.ps1'
[1.945s] INFO:colcon.colcon_core.shell:Creating environment descriptor '/home/team100/roboracer_116_lehigh/team_ws/install/apriltag_msgs/share/apriltag_msgs/hook/cmake_prefix_path.dsv'
[1.946s] INFO:colcon.colcon_core.shell:Creating environment hook '/home/team100/roboracer_116_lehigh/team_ws/install/apriltag_msgs/share/apriltag_msgs/hook/cmake_prefix_path.sh'
[1.947s] Level 1:colcon.colcon_core.environment:checking '/home/team100/roboracer_116_lehigh/team_ws/install/apriltag_msgs/lib'
[1.948s] Level 1:colcon.colcon_core.shell:create_environment_hook('apriltag_msgs', 'ld_library_path_lib')
[1.948s] INFO:colcon.colcon_core.shell:Creating environment hook '/home/team100/roboracer_116_lehigh/team_ws/install/apriltag_msgs/share/apriltag_msgs/hook/ld_library_path_lib.ps1'
[1.949s] INFO:colcon.colcon_core.shell:Creating environment descriptor '/home/team100/roboracer_116_lehigh/team_ws/install/apriltag_msgs/share/apriltag_msgs/hook/ld_library_path_lib.dsv'
[1.950s] INFO:colcon.colcon_core.shell:Creating environment hook '/home/team100/roboracer_116_lehigh/team_ws/install/apriltag_msgs/share/apriltag_msgs/hook/ld_library_path_lib.sh'
[1.951s] Level 1:colcon.colcon_core.environment:checking '/home/team100/roboracer_116_lehigh/team_ws/install/apriltag_msgs/bin'
[1.951s] Level 1:colcon.colcon_core.environment:checking '/home/team100/roboracer_116_lehigh/team_ws/install/apriltag_msgs/lib/pkgconfig/apriltag_msgs.pc'
[1.951s] Level 1:colcon.colcon_core.environment:checking '/home/team100/roboracer_116_lehigh/team_ws/install/apriltag_msgs/lib/python3.10/site-packages'
[1.952s] Level 1:colcon.colcon_core.environment:checking '/home/team100/roboracer_116_lehigh/team_ws/install/apriltag_msgs/bin'
[1.953s] INFO:colcon.colcon_core.shell:Creating package script '/home/team100/roboracer_116_lehigh/team_ws/install/apriltag_msgs/share/apriltag_msgs/package.ps1'
[1.954s] INFO:colcon.colcon_core.shell:Creating package descriptor '/home/team100/roboracer_116_lehigh/team_ws/install/apriltag_msgs/share/apriltag_msgs/package.dsv'
[1.955s] INFO:colcon.colcon_core.shell:Creating package script '/home/team100/roboracer_116_lehigh/team_ws/install/apriltag_msgs/share/apriltag_msgs/package.sh'
[1.956s] INFO:colcon.colcon_core.shell:Creating package script '/home/team100/roboracer_116_lehigh/team_ws/install/apriltag_msgs/share/apriltag_msgs/package.bash'
[1.957s] INFO:colcon.colcon_core.shell:Creating package script '/home/team100/roboracer_116_lehigh/team_ws/install/apriltag_msgs/share/apriltag_msgs/package.zsh'
[1.958s] Level 1:colcon.colcon_core.environment:create_file_with_runtime_dependencies(/home/team100/roboracer_116_lehigh/team_ws/install/apriltag_msgs/share/colcon-core/packages/apriltag_msgs)
[1.959s] INFO:colcon.colcon_ros.task.ament_cmake.build:Building ROS package in '/home/team100/roboracer_116_lehigh/team_ws/src/apriltag_ros' with build type 'ament_cmake'
[1.960s] INFO:colcon.colcon_cmake.task.cmake.build:Building CMake package in '/home/team100/roboracer_116_lehigh/team_ws/src/apriltag_ros'
[1.960s] INFO:colcon.colcon_core.shell:Skip shell extension 'powershell' for command environment: Not usable outside of PowerShell
[1.960s] DEBUG:colcon.colcon_core.shell:Skip shell extension 'dsv' for command environment
[1.985s] DEBUG:colcon.colcon_core.event_handler.log_command:Invoking command in '/home/team100/roboracer_116_lehigh/team_ws/build/apriltag_ros': AMENT_PREFIX_PATH=/home/team100/roboracer_116_lehigh/team_ws/install/apriltag_msgs:${AMENT_PREFIX_PATH} CMAKE_PREFIX_PATH=/home/team100/roboracer_116_lehigh/team_ws/install/apriltag_msgs:/home/team100/roboracer_116_lehigh/team_ws/install/apriltag:/opt/ros/humble LD_LIBRARY_PATH=/home/team100/roboracer_116_lehigh/team_ws/install/apriltag_msgs/lib:/home/team100/roboracer_116_lehigh/team_ws/install/apriltag/lib:${LD_LIBRARY_PATH} PATH=/home/team100/roboracer_116_lehigh/team_ws/install/apriltag/bin:${PATH} PKG_CONFIG_PATH=/home/team100/roboracer_116_lehigh/team_ws/install/apriltag/lib/aarch64-linux-gnu/pkgconfig:/home/team100/roboracer_116_lehigh/team_ws/install/apriltag/lib/pkgconfig PYTHONPATH=/home/team100/roboracer_116_lehigh/team_ws/install/apriltag_msgs/local/lib/python3.10/dist-packages:/home/team100/roboracer_116_lehigh/team_ws/install/apriltag/lib/python3.10/site-packages:${PYTHONPATH} /usr/bin/cmake --build /home/team100/roboracer_116_lehigh/team_ws/build/apriltag_ros -- -j6 -l6
[2.223s] DEBUG:colcon.colcon_core.event_handler.log_command:Invoked command in '/home/team100/roboracer_116_lehigh/team_ws/build/apriltag_ros' returned '0': AMENT_PREFIX_PATH=/home/team100/roboracer_116_lehigh/team_ws/install/apriltag_msgs:${AMENT_PREFIX_PATH} CMAKE_PREFIX_PATH=/home/team100/roboracer_116_lehigh/team_ws/install/apriltag_msgs:/home/team100/roboracer_116_lehigh/team_ws/install/apriltag:/opt/ros/humble LD_LIBRARY_PATH=/home/team100/roboracer_116_lehigh/team_ws/install/apriltag_msgs/lib:/home/team100/roboracer_116_lehigh/team_ws/install/apriltag/lib:${LD_LIBRARY_PATH} PATH=/home/team100/roboracer_116_lehigh/team_ws/install/apriltag/bin:${PATH} PKG_CONFIG_PATH=/home/team100/roboracer_116_lehigh/team_ws/install/apriltag/lib/aarch64-linux-gnu/pkgconfig:/home/team100/roboracer_116_lehigh/team_ws/install/apriltag/lib/pkgconfig PYTHONPATH=/home/team100/roboracer_116_lehigh/team_ws/install/apriltag_msgs/local/lib/python3.10/dist-packages:/home/team100/roboracer_116_lehigh/team_ws/install/apriltag/lib/python3.10/site-packages:${PYTHONPATH} /usr/bin/cmake --build /home/team100/roboracer_116_lehigh/team_ws/build/apriltag_ros -- -j6 -l6
[2.228s] DEBUG:colcon.colcon_core.event_handler.log_command:Invoking command in '/home/team100/roboracer_116_lehigh/team_ws/build/apriltag_ros': AMENT_PREFIX_PATH=/home/team100/roboracer_116_lehigh/team_ws/install/apriltag_msgs:${AMENT_PREFIX_PATH} CMAKE_PREFIX_PATH=/home/team100/roboracer_116_lehigh/team_ws/install/apriltag_msgs:/home/team100/roboracer_116_lehigh/team_ws/install/apriltag:/opt/ros/humble LD_LIBRARY_PATH=/home/team100/roboracer_116_lehigh/team_ws/install/apriltag_msgs/lib:/home/team100/roboracer_116_lehigh/team_ws/install/apriltag/lib:${LD_LIBRARY_PATH} PATH=/home/team100/roboracer_116_lehigh/team_ws/install/apriltag/bin:${PATH} PKG_CONFIG_PATH=/home/team100/roboracer_116_lehigh/team_ws/install/apriltag/lib/aarch64-linux-gnu/pkgconfig:/home/team100/roboracer_116_lehigh/team_ws/install/apriltag/lib/pkgconfig PYTHONPATH=/home/team100/roboracer_116_lehigh/team_ws/install/apriltag_msgs/local/lib/python3.10/dist-packages:/home/team100/roboracer_116_lehigh/team_ws/install/apriltag/lib/python3.10/site-packages:${PYTHONPATH} /usr/bin/cmake --install /home/team100/roboracer_116_lehigh/team_ws/build/apriltag_ros
[2.250s] Level 1:colcon.colcon_core.environment:create_environment_scripts_only(apriltag_ros)
[2.251s] Level 1:colcon.colcon_core.environment:checking '/home/team100/roboracer_116_lehigh/team_ws/install/apriltag_ros' for CMake module files
[2.252s] DEBUG:colcon.colcon_core.event_handler.log_command:Invoked command in '/home/team100/roboracer_116_lehigh/team_ws/build/apriltag_ros' returned '0': AMENT_PREFIX_PATH=/home/team100/roboracer_116_lehigh/team_ws/install/apriltag_msgs:${AMENT_PREFIX_PATH} CMAKE_PREFIX_PATH=/home/team100/roboracer_116_lehigh/team_ws/install/apriltag_msgs:/home/team100/roboracer_116_lehigh/team_ws/install/apriltag:/opt/ros/humble LD_LIBRARY_PATH=/home/team100/roboracer_116_lehigh/team_ws/install/apriltag_msgs/lib:/home/team100/roboracer_116_lehigh/team_ws/install/apriltag/lib:${LD_LIBRARY_PATH} PATH=/home/team100/roboracer_116_lehigh/team_ws/install/apriltag/bin:${PATH} PKG_CONFIG_PATH=/home/team100/roboracer_116_lehigh/team_ws/install/apriltag/lib/aarch64-linux-gnu/pkgconfig:/home/team100/roboracer_116_lehigh/team_ws/install/apriltag/lib/pkgconfig PYTHONPATH=/home/team100/roboracer_116_lehigh/team_ws/install/apriltag_msgs/local/lib/python3.10/dist-packages:/home/team100/roboracer_116_lehigh/team_ws/install/apriltag/lib/python3.10/site-packages:${PYTHONPATH} /usr/bin/cmake --install /home/team100/roboracer_116_lehigh/team_ws/build/apriltag_ros
[2.253s] Level 1:colcon.colcon_core.environment:checking '/home/team100/roboracer_116_lehigh/team_ws/install/apriltag_ros' for CMake config files
[2.253s] Level 1:colcon.colcon_core.shell:create_environment_hook('apriltag_ros', 'cmake_prefix_path')
[2.254s] INFO:colcon.colcon_core.shell:Creating environment hook '/home/team100/roboracer_116_lehigh/team_ws/install/apriltag_ros/share/apriltag_ros/hook/cmake_prefix_path.ps1'
[2.255s] INFO:colcon.colcon_core.shell:Creating environment descriptor '/home/team100/roboracer_116_lehigh/team_ws/install/apriltag_ros/share/apriltag_ros/hook/cmake_prefix_path.dsv'
[2.256s] INFO:colcon.colcon_core.shell:Creating environment hook '/home/team100/roboracer_116_lehigh/team_ws/install/apriltag_ros/share/apriltag_ros/hook/cmake_prefix_path.sh'
[2.257s] Level 1:colcon.colcon_core.environment:checking '/home/team100/roboracer_116_lehigh/team_ws/install/apriltag_ros/lib'
[2.257s] Level 1:colcon.colcon_core.shell:create_environment_hook('apriltag_ros', 'ld_library_path_lib')
[2.258s] INFO:colcon.colcon_core.shell:Creating environment hook '/home/team100/roboracer_116_lehigh/team_ws/install/apriltag_ros/share/apriltag_ros/hook/ld_library_path_lib.ps1'
[2.259s] INFO:colcon.colcon_core.shell:Creating environment descriptor '/home/team100/roboracer_116_lehigh/team_ws/install/apriltag_ros/share/apriltag_ros/hook/ld_library_path_lib.dsv'
[2.260s] INFO:colcon.colcon_core.shell:Creating environment hook '/home/team100/roboracer_116_lehigh/team_ws/install/apriltag_ros/share/apriltag_ros/hook/ld_library_path_lib.sh'
[2.261s] Level 1:colcon.colcon_core.environment:checking '/home/team100/roboracer_116_lehigh/team_ws/install/apriltag_ros/bin'
[2.261s] Level 1:colcon.colcon_core.environment:checking '/home/team100/roboracer_116_lehigh/team_ws/install/apriltag_ros/lib/pkgconfig/apriltag_ros.pc'
[2.262s] Level 1:colcon.colcon_core.environment:checking '/home/team100/roboracer_116_lehigh/team_ws/install/apriltag_ros/lib/python3.10/site-packages'
[2.263s] Level 1:colcon.colcon_core.environment:checking '/home/team100/roboracer_116_lehigh/team_ws/install/apriltag_ros/bin'
[2.263s] INFO:colcon.colcon_core.shell:Creating package script '/home/team100/roboracer_116_lehigh/team_ws/install/apriltag_ros/share/apriltag_ros/package.ps1'
[2.265s] INFO:colcon.colcon_core.shell:Creating package descriptor '/home/team100/roboracer_116_lehigh/team_ws/install/apriltag_ros/share/apriltag_ros/package.dsv'
[2.266s] INFO:colcon.colcon_core.shell:Creating package script '/home/team100/roboracer_116_lehigh/team_ws/install/apriltag_ros/share/apriltag_ros/package.sh'
[2.267s] INFO:colcon.colcon_core.shell:Creating package script '/home/team100/roboracer_116_lehigh/team_ws/install/apriltag_ros/share/apriltag_ros/package.bash'
[2.268s] INFO:colcon.colcon_core.shell:Creating package script '/home/team100/roboracer_116_lehigh/team_ws/install/apriltag_ros/share/apriltag_ros/package.zsh'
[2.269s] Level 1:colcon.colcon_core.environment:create_file_with_runtime_dependencies(/home/team100/roboracer_116_lehigh/team_ws/install/apriltag_ros/share/colcon-core/packages/apriltag_ros)
[2.270s] Level 1:colcon.colcon_core.environment:create_environment_scripts_only(apriltag_ros)
[2.271s] Level 1:colcon.colcon_core.environment:checking '/home/team100/roboracer_116_lehigh/team_ws/install/apriltag_ros' for CMake module files
[2.272s] Level 1:colcon.colcon_core.environment:checking '/home/team100/roboracer_116_lehigh/team_ws/install/apriltag_ros' for CMake config files
[2.272s] Level 1:colcon.colcon_core.shell:create_environment_hook('apriltag_ros', 'cmake_prefix_path')
[2.273s] INFO:colcon.colcon_core.shell:Creating environment hook '/home/team100/roboracer_116_lehigh/team_ws/install/apriltag_ros/share/apriltag_ros/hook/cmake_prefix_path.ps1'
[2.274s] INFO:colcon.colcon_core.shell:Creating environment descriptor '/home/team100/roboracer_116_lehigh/team_ws/install/apriltag_ros/share/apriltag_ros/hook/cmake_prefix_path.dsv'
[2.275s] INFO:colcon.colcon_core.shell:Creating environment hook '/home/team100/roboracer_116_lehigh/team_ws/install/apriltag_ros/share/apriltag_ros/hook/cmake_prefix_path.sh'
[2.277s] Level 1:colcon.colcon_core.environment:checking '/home/team100/roboracer_116_lehigh/team_ws/install/apriltag_ros/lib'
[2.277s] Level 1:colcon.colcon_core.shell:create_environment_hook('apriltag_ros', 'ld_library_path_lib')
[2.277s] INFO:colcon.colcon_core.shell:Creating environment hook '/home/team100/roboracer_116_lehigh/team_ws/install/apriltag_ros/share/apriltag_ros/hook/ld_library_path_lib.ps1'
[2.278s] INFO:colcon.colcon_core.shell:Creating environment descriptor '/home/team100/roboracer_116_lehigh/team_ws/install/apriltag_ros/share/apriltag_ros/hook/ld_library_path_lib.dsv'
[2.279s] INFO:colcon.colcon_core.shell:Creating environment hook '/home/team100/roboracer_116_lehigh/team_ws/install/apriltag_ros/share/apriltag_ros/hook/ld_library_path_lib.sh'
[2.280s] Level 1:colcon.colcon_core.environment:checking '/home/team100/roboracer_116_lehigh/team_ws/install/apriltag_ros/bin'
[2.280s] Level 1:colcon.colcon_core.environment:checking '/home/team100/roboracer_116_lehigh/team_ws/install/apriltag_ros/lib/pkgconfig/apriltag_ros.pc'
[2.281s] Level 1:colcon.colcon_core.environment:checking '/home/team100/roboracer_116_lehigh/team_ws/install/apriltag_ros/lib/python3.10/site-packages'
[2.282s] Level 1:colcon.colcon_core.environment:checking '/home/team100/roboracer_116_lehigh/team_ws/install/apriltag_ros/bin'
[2.283s] INFO:colcon.colcon_core.shell:Creating package script '/home/team100/roboracer_116_lehigh/team_ws/install/apriltag_ros/share/apriltag_ros/package.ps1'
[2.284s] INFO:colcon.colcon_core.shell:Creating package descriptor '/home/team100/roboracer_116_lehigh/team_ws/install/apriltag_ros/share/apriltag_ros/package.dsv'
[2.286s] INFO:colcon.colcon_core.shell:Creating package script '/home/team100/roboracer_116_lehigh/team_ws/install/apriltag_ros/share/apriltag_ros/package.sh'
[2.287s] INFO:colcon.colcon_core.shell:Creating package script '/home/team100/roboracer_116_lehigh/team_ws/install/apriltag_ros/share/apriltag_ros/package.bash'
[2.288s] INFO:colcon.colcon_core.shell:Creating package script '/home/team100/roboracer_116_lehigh/team_ws/install/apriltag_ros/share/apriltag_ros/package.zsh'
[2.289s] Level 1:colcon.colcon_core.environment:create_file_with_runtime_dependencies(/home/team100/roboracer_116_lehigh/team_ws/install/apriltag_ros/share/colcon-core/packages/apriltag_ros)
[2.349s] DEBUG:colcon.colcon_core.event_handler.log_command:Invoking command in '/home/team100/roboracer_116_lehigh/team_ws/src/e116': PYTHONPATH=/home/team100/roboracer_116_lehigh/team_ws/build/e116/prefix_override:/usr/lib/python3/dist-packages/colcon_core/task/python/colcon_distutils_commands:/home/team100/roboracer_116_lehigh/team_ws/install/e116/lib/python3.10/site-packages:${PYTHONPATH} /usr/bin/python3 -W ignore:setup.py install is deprecated -W ignore:easy_install command is deprecated setup.py egg_info --egg-base ../../build/e116 build --build-base /home/team100/roboracer_116_lehigh/team_ws/build/e116/build install --record /home/team100/roboracer_116_lehigh/team_ws/build/e116/install.log --single-version-externally-managed install_data
[3.027s] Level 1:colcon.colcon_core.environment:checking '/home/team100/roboracer_116_lehigh/team_ws/install/e116' for CMake module files
[3.029s] DEBUG:colcon.colcon_core.event_handler.log_command:Invoked command in '/home/team100/roboracer_116_lehigh/team_ws/src/e116' returned '0': PYTHONPATH=/home/team100/roboracer_116_lehigh/team_ws/build/e116/prefix_override:/usr/lib/python3/dist-packages/colcon_core/task/python/colcon_distutils_commands:/home/team100/roboracer_116_lehigh/team_ws/install/e116/lib/python3.10/site-packages:${PYTHONPATH} /usr/bin/python3 -W ignore:setup.py install is deprecated -W ignore:easy_install command is deprecated setup.py egg_info --egg-base ../../build/e116 build --build-base /home/team100/roboracer_116_lehigh/team_ws/build/e116/build install --record /home/team100/roboracer_116_lehigh/team_ws/build/e116/install.log --single-version-externally-managed install_data
[3.030s] Level 1:colcon.colcon_core.environment:checking '/home/team100/roboracer_116_lehigh/team_ws/install/e116' for CMake config files
[3.032s] Level 1:colcon.colcon_core.environment:checking '/home/team100/roboracer_116_lehigh/team_ws/install/e116/lib'
[3.033s] Level 1:colcon.colcon_core.environment:checking '/home/team100/roboracer_116_lehigh/team_ws/install/e116/bin'
[3.033s] Level 1:colcon.colcon_core.environment:checking '/home/team100/roboracer_116_lehigh/team_ws/install/e116/lib/pkgconfig/e116.pc'
[3.034s] Level 1:colcon.colcon_core.environment:checking '/home/team100/roboracer_116_lehigh/team_ws/install/e116/lib/python3.10/site-packages'
[3.034s] Level 1:colcon.colcon_core.shell:create_environment_hook('e116', 'pythonpath')
[3.035s] INFO:colcon.colcon_core.shell:Creating environment hook '/home/team100/roboracer_116_lehigh/team_ws/install/e116/share/e116/hook/pythonpath.ps1'
[3.037s] INFO:colcon.colcon_core.shell:Creating environment descriptor '/home/team100/roboracer_116_lehigh/team_ws/install/e116/share/e116/hook/pythonpath.dsv'
[3.038s] INFO:colcon.colcon_core.shell:Creating environment hook '/home/team100/roboracer_116_lehigh/team_ws/install/e116/share/e116/hook/pythonpath.sh'
[3.040s] Level 1:colcon.colcon_core.environment:checking '/home/team100/roboracer_116_lehigh/team_ws/install/e116/bin'
[3.041s] Level 1:colcon.colcon_core.environment:create_environment_scripts_only(e116)
[3.041s] INFO:colcon.colcon_core.shell:Creating package script '/home/team100/roboracer_116_lehigh/team_ws/install/e116/share/e116/package.ps1'
[3.043s] INFO:colcon.colcon_core.shell:Creating package descriptor '/home/team100/roboracer_116_lehigh/team_ws/install/e116/share/e116/package.dsv'
[3.045s] INFO:colcon.colcon_core.shell:Creating package script '/home/team100/roboracer_116_lehigh/team_ws/install/e116/share/e116/package.sh'
[3.047s] INFO:colcon.colcon_core.shell:Creating package script '/home/team100/roboracer_116_lehigh/team_ws/install/e116/share/e116/package.bash'
[3.048s] INFO:colcon.colcon_core.shell:Creating package script '/home/team100/roboracer_116_lehigh/team_ws/install/e116/share/e116/package.zsh'
[3.049s] Level 1:colcon.colcon_core.environment:create_file_with_runtime_dependencies(/home/team100/roboracer_116_lehigh/team_ws/install/e116/share/colcon-core/packages/e116)
[3.050s] DEBUG:colcon.colcon_parallel_executor.executor.parallel:closing loop
[3.051s] DEBUG:colcon.colcon_parallel_executor.executor.parallel:loop closed
[3.052s] DEBUG:colcon.colcon_parallel_executor.executor.parallel:run_until_complete finished with '0'
[3.052s] DEBUG:colcon.colcon_core.event_reactor:joining thread
[3.071s] INFO:colcon.colcon_core.plugin_system:Skipping extension 'colcon_notification.desktop_notification.terminal_notifier': Not used on non-Darwin systems
[3.071s] INFO:colcon.colcon_core.plugin_system:Skipping extension 'colcon_notification.desktop_notification.win32': Not used on non-Windows systems
[3.072s] INFO:colcon.colcon_notification.desktop_notification:Sending desktop notification using 'notify2'
[3.115s] DEBUG:colcon.colcon_core.event_reactor:joined thread
[3.117s] INFO:colcon.colcon_core.shell:Creating prefix script '/home/team100/roboracer_116_lehigh/team_ws/install/local_setup.ps1'
[3.121s] INFO:colcon.colcon_core.shell:Creating prefix util module '/home/team100/roboracer_116_lehigh/team_ws/install/_local_setup_util_ps1.py'
[3.125s] INFO:colcon.colcon_core.shell:Creating prefix chain script '/home/team100/roboracer_116_lehigh/team_ws/install/setup.ps1'
[3.128s] INFO:colcon.colcon_core.shell:Creating prefix script '/home/team100/roboracer_116_lehigh/team_ws/install/local_setup.sh'
[3.129s] INFO:colcon.colcon_core.shell:Creating prefix util module '/home/team100/roboracer_116_lehigh/team_ws/install/_local_setup_util_sh.py'
[3.132s] INFO:colcon.colcon_core.shell:Creating prefix chain script '/home/team100/roboracer_116_lehigh/team_ws/install/setup.sh'
[3.135s] INFO:colcon.colcon_core.shell:Creating prefix script '/home/team100/roboracer_116_lehigh/team_ws/install/local_setup.bash'
[3.137s] INFO:colcon.colcon_core.shell:Creating prefix chain script '/home/team100/roboracer_116_lehigh/team_ws/install/setup.bash'
[3.140s] INFO:colcon.colcon_core.shell:Creating prefix script '/home/team100/roboracer_116_lehigh/team_ws/install/local_setup.zsh'
[3.142s] INFO:colcon.colcon_core.shell:Creating prefix chain script '/home/team100/roboracer_116_lehigh/team_ws/install/setup.zsh'
