[1.598s] Invoking command in '/home/team100/roboracer_116_lehigh/team_ws/src/e116': PYTHONPATH=/home/team100/roboracer_116_lehigh/team_ws/build/e116/prefix_override:/usr/lib/python3/dist-packages/colcon_core/task/python/colcon_distutils_commands:/home/team100/roboracer_116_lehigh/team_ws/install/e116/lib/python3.10/site-packages:${PYTHONPATH} /usr/bin/python3 -W ignore:setup.py install is deprecated -W ignore:easy_install command is deprecated setup.py egg_info --egg-base ../../build/e116 build --build-base /home/team100/roboracer_116_lehigh/team_ws/build/e116/build install --record /home/team100/roboracer_116_lehigh/team_ws/build/e116/install.log --single-version-externally-managed install_data
[2.159s] running egg_info
[2.161s] writing ../../build/e116/e116.egg-info/PKG-INFO
[2.162s] writing dependency_links to ../../build/e116/e116.egg-info/dependency_links.txt
[2.162s] writing entry points to ../../build/e116/e116.egg-info/entry_points.txt
[2.162s] writing requirements to ../../build/e116/e116.egg-info/requires.txt
[2.163s] writing top-level names to ../../build/e116/e116.egg-info/top_level.txt
[2.167s] reading manifest file '../../build/e116/e116.egg-info/SOURCES.txt'
[2.169s] writing manifest file '../../build/e116/e116.egg-info/SOURCES.txt'
[2.169s] running build
[2.169s] running build_py
[2.170s] copying e116/gap_follow.py -> /home/team100/roboracer_116_lehigh/team_ws/build/e116/build/lib/e116
[2.171s] running install
[2.172s] running install_lib
[2.176s] copying /home/team100/roboracer_116_lehigh/team_ws/build/e116/build/lib/e116/gap_follow.py -> /home/team100/roboracer_116_lehigh/team_ws/install/e116/lib/python3.10/site-packages/e116
[2.178s] byte-compiling /home/team100/roboracer_116_lehigh/team_ws/install/e116/lib/python3.10/site-packages/e116/gap_follow.py to gap_follow.cpython-310.pyc
[2.180s] running install_data
[2.181s] running install_egg_info
[2.185s] removing '/home/team100/roboracer_116_lehigh/team_ws/install/e116/lib/python3.10/site-packages/e116-0.0.0-py3.10.egg-info' (and everything under it)
[2.186s] Copying ../../build/e116/e116.egg-info to /home/team100/roboracer_116_lehigh/team_ws/install/e116/lib/python3.10/site-packages/e116-0.0.0-py3.10.egg-info
[2.188s] running install_scripts
[2.235s] Installing e116_OLED script to /home/team100/roboracer_116_lehigh/team_ws/install/e116/lib/e116
[2.235s] Installing e116_racecar script to /home/team100/roboracer_116_lehigh/team_ws/install/e116/lib/e116
[2.235s] Installing gap_follow script to /home/team100/roboracer_116_lehigh/team_ws/install/e116/lib/e116
[2.235s] Installing keyJoy script to /home/team100/roboracer_116_lehigh/team_ws/install/e116/lib/e116
[2.236s] Installing keyJoyTerminal script to /home/team100/roboracer_116_lehigh/team_ws/install/e116/lib/e116
[2.237s] writing list of installed files to '/home/team100/roboracer_116_lehigh/team_ws/build/e116/install.log'
[2.313s] Invoked command in '/home/team100/roboracer_116_lehigh/team_ws/src/e116' returned '0': PYTHONPATH=/home/team100/roboracer_116_lehigh/team_ws/build/e116/prefix_override:/usr/lib/python3/dist-packages/colcon_core/task/python/colcon_distutils_commands:/home/team100/roboracer_116_lehigh/team_ws/install/e116/lib/python3.10/site-packages:${PYTHONPATH} /usr/bin/python3 -W ignore:setup.py install is deprecated -W ignore:easy_install command is deprecated setup.py egg_info --egg-base ../../build/e116 build --build-base /home/team100/roboracer_116_lehigh/team_ws/build/e116/build install --record /home/team100/roboracer_116_lehigh/team_ws/build/e116/install.log --single-version-externally-managed install_data
