[0.035s] Invoking command in '/home/team100/team_ws/build/apriltag_msgs': CMAKE_PREFIX_PATH=${CMAKE_PREFIX_PATH}:/home/team100/team_ws/install/e116:/opt/ros/humble /usr/bin/cmake --build /home/team100/team_ws/build/apriltag_msgs -- -j6 -l6
[0.204s] [  2%] Built target apriltag_msgs__cpp
[0.238s] [ 12%] Built target apriltag_msgs__rosidl_generator_c
[0.240s] [ 12%] Built target ament_cmake_python_symlink_apriltag_msgs
[0.317s] [ 23%] Built target apriltag_msgs__rosidl_typesupport_fastrtps_cpp
[0.336s] [ 34%] Built target apriltag_msgs__rosidl_typesupport_cpp
[0.345s] [ 44%] Built target apriltag_msgs__rosidl_typesupport_introspection_cpp
[0.349s] [ 55%] Built target apriltag_msgs__rosidl_typesupport_introspection_c
[0.357s] [ 65%] Built target apriltag_msgs__rosidl_typesupport_fastrtps_c
[0.361s] [ 76%] Built target apriltag_msgs__rosidl_typesupport_c
[0.413s] [ 76%] Built target apriltag_msgs
[0.469s] [ 78%] Built target apriltag_msgs__py
[0.531s] [ 87%] Built target apriltag_msgs__rosidl_generator_py
[0.618s] [ 91%] Built target apriltag_msgs__rosidl_typesupport_introspection_c__pyext
[0.641s] [ 95%] Built target apriltag_msgs__rosidl_typesupport_fastrtps_c__pyext
[0.665s] [100%] Built target apriltag_msgs__rosidl_typesupport_c__pyext
[0.968s] running egg_info
[0.970s] writing apriltag_msgs.egg-info/PKG-INFO
[0.970s] writing dependency_links to apriltag_msgs.egg-info/dependency_links.txt
[0.971s] writing top-level names to apriltag_msgs.egg-info/top_level.txt
[0.977s] reading manifest file 'apriltag_msgs.egg-info/SOURCES.txt'
[0.979s] writing manifest file 'apriltag_msgs.egg-info/SOURCES.txt'
[1.057s] [100%] Built target ament_cmake_python_build_apriltag_msgs_egg
[1.083s] Invoked command in '/home/team100/team_ws/build/apriltag_msgs' returned '0': CMAKE_PREFIX_PATH=${CMAKE_PREFIX_PATH}:/home/team100/team_ws/install/e116:/opt/ros/humble /usr/bin/cmake --build /home/team100/team_ws/build/apriltag_msgs -- -j6 -l6
[1.102s] Invoking command in '/home/team100/team_ws/build/apriltag_msgs': CMAKE_PREFIX_PATH=${CMAKE_PREFIX_PATH}:/home/team100/team_ws/install/e116:/opt/ros/humble /usr/bin/cmake --install /home/team100/team_ws/build/apriltag_msgs
[1.119s] -- Install configuration: ""
[1.120s] -- Execute custom install script
[1.121s] -- Up-to-date symlink: /home/team100/team_ws/install/apriltag_msgs/share/ament_index/resource_index/rosidl_interfaces/apriltag_msgs
[1.122s] -- Up-to-date symlink: /home/team100/team_ws/install/apriltag_msgs/include/apriltag_msgs/apriltag_msgs/msg/april_tag_detection.h
[1.122s] -- Up-to-date symlink: /home/team100/team_ws/install/apriltag_msgs/include/apriltag_msgs/apriltag_msgs/msg/april_tag_detection_array.h
[1.122s] -- Up-to-date symlink: /home/team100/team_ws/install/apriltag_msgs/include/apriltag_msgs/apriltag_msgs/msg/detail/april_tag_detection__functions.h
[1.123s] -- Up-to-date symlink: /home/team100/team_ws/install/apriltag_msgs/include/apriltag_msgs/apriltag_msgs/msg/detail/april_tag_detection__struct.h
[1.123s] -- Up-to-date symlink: /home/team100/team_ws/install/apriltag_msgs/include/apriltag_msgs/apriltag_msgs/msg/detail/april_tag_detection__type_support.h
[1.123s] -- Up-to-date symlink: /home/team100/team_ws/install/apriltag_msgs/include/apriltag_msgs/apriltag_msgs/msg/detail/april_tag_detection_array__functions.h
[1.123s] -- Up-to-date symlink: /home/team100/team_ws/install/apriltag_msgs/include/apriltag_msgs/apriltag_msgs/msg/detail/april_tag_detection_array__struct.h
[1.124s] -- Up-to-date symlink: /home/team100/team_ws/install/apriltag_msgs/include/apriltag_msgs/apriltag_msgs/msg/detail/april_tag_detection_array__type_support.h
[1.124s] -- Up-to-date symlink: /home/team100/team_ws/install/apriltag_msgs/include/apriltag_msgs/apriltag_msgs/msg/detail/point__functions.h
[1.124s] -- Up-to-date symlink: /home/team100/team_ws/install/apriltag_msgs/include/apriltag_msgs/apriltag_msgs/msg/detail/point__struct.h
[1.124s] -- Up-to-date symlink: /home/team100/team_ws/install/apriltag_msgs/include/apriltag_msgs/apriltag_msgs/msg/detail/point__type_support.h
[1.124s] -- Up-to-date symlink: /home/team100/team_ws/install/apriltag_msgs/include/apriltag_msgs/apriltag_msgs/msg/point.h
[1.125s] -- Up-to-date symlink: /home/team100/team_ws/install/apriltag_msgs/include/apriltag_msgs/apriltag_msgs/msg/rosidl_generator_c__visibility_control.h
[1.125s] -- Up-to-date symlink: /home/team100/team_ws/install/apriltag_msgs/share/apriltag_msgs/environment/library_path.sh
[1.125s] -- Up-to-date symlink: /home/team100/team_ws/install/apriltag_msgs/share/apriltag_msgs/environment/library_path.dsv
[1.131s] -- Up-to-date symlink: /home/team100/team_ws/install/apriltag_msgs/include/apriltag_msgs/apriltag_msgs/msg/detail/april_tag_detection__rosidl_typesupport_fastrtps_c.h
[1.131s] -- Up-to-date symlink: /home/team100/team_ws/install/apriltag_msgs/include/apriltag_msgs/apriltag_msgs/msg/detail/april_tag_detection_array__rosidl_typesupport_fastrtps_c.h
[1.131s] -- Up-to-date symlink: /home/team100/team_ws/install/apriltag_msgs/include/apriltag_msgs/apriltag_msgs/msg/detail/point__rosidl_typesupport_fastrtps_c.h
[1.132s] -- Up-to-date symlink: /home/team100/team_ws/install/apriltag_msgs/include/apriltag_msgs/apriltag_msgs/msg/rosidl_typesupport_fastrtps_c__visibility_control.h
[1.132s] -- Up-to-date symlink: /home/team100/team_ws/install/apriltag_msgs/include/apriltag_msgs/apriltag_msgs/msg/detail/april_tag_detection__rosidl_typesupport_introspection_c.h
[1.132s] -- Up-to-date symlink: /home/team100/team_ws/install/apriltag_msgs/include/apriltag_msgs/apriltag_msgs/msg/detail/april_tag_detection_array__rosidl_typesupport_introspection_c.h
[1.132s] -- Up-to-date symlink: /home/team100/team_ws/install/apriltag_msgs/include/apriltag_msgs/apriltag_msgs/msg/detail/point__rosidl_typesupport_introspection_c.h
[1.132s] -- Up-to-date symlink: /home/team100/team_ws/install/apriltag_msgs/include/apriltag_msgs/apriltag_msgs/msg/rosidl_typesupport_introspection_c__visibility_control.h
[1.133s] -- Up-to-date symlink: /home/team100/team_ws/install/apriltag_msgs/include/apriltag_msgs/apriltag_msgs/msg/april_tag_detection.hpp
[1.133s] -- Up-to-date symlink: /home/team100/team_ws/install/apriltag_msgs/include/apriltag_msgs/apriltag_msgs/msg/april_tag_detection_array.hpp
[1.133s] -- Up-to-date symlink: /home/team100/team_ws/install/apriltag_msgs/include/apriltag_msgs/apriltag_msgs/msg/detail/april_tag_detection__builder.hpp
[1.133s] -- Up-to-date symlink: /home/team100/team_ws/install/apriltag_msgs/include/apriltag_msgs/apriltag_msgs/msg/detail/april_tag_detection__struct.hpp
[1.133s] -- Up-to-date symlink: /home/team100/team_ws/install/apriltag_msgs/include/apriltag_msgs/apriltag_msgs/msg/detail/april_tag_detection__traits.hpp
[1.133s] -- Up-to-date symlink: /home/team100/team_ws/install/apriltag_msgs/include/apriltag_msgs/apriltag_msgs/msg/detail/april_tag_detection__type_support.hpp
[1.134s] -- Up-to-date symlink: /home/team100/team_ws/install/apriltag_msgs/include/apriltag_msgs/apriltag_msgs/msg/detail/april_tag_detection_array__builder.hpp
[1.134s] -- Up-to-date symlink: /home/team100/team_ws/install/apriltag_msgs/include/apriltag_msgs/apriltag_msgs/msg/detail/april_tag_detection_array__struct.hpp
[1.134s] -- Up-to-date symlink: /home/team100/team_ws/install/apriltag_msgs/include/apriltag_msgs/apriltag_msgs/msg/detail/april_tag_detection_array__traits.hpp
[1.134s] -- Up-to-date symlink: /home/team100/team_ws/install/apriltag_msgs/include/apriltag_msgs/apriltag_msgs/msg/detail/april_tag_detection_array__type_support.hpp
[1.134s] -- Up-to-date symlink: /home/team100/team_ws/install/apriltag_msgs/include/apriltag_msgs/apriltag_msgs/msg/detail/point__builder.hpp
[1.134s] -- Up-to-date symlink: /home/team100/team_ws/install/apriltag_msgs/include/apriltag_msgs/apriltag_msgs/msg/detail/point__struct.hpp
[1.135s] -- Up-to-date symlink: /home/team100/team_ws/install/apriltag_msgs/include/apriltag_msgs/apriltag_msgs/msg/detail/point__traits.hpp
[1.135s] -- Up-to-date symlink: /home/team100/team_ws/install/apriltag_msgs/include/apriltag_msgs/apriltag_msgs/msg/detail/point__type_support.hpp
[1.135s] -- Up-to-date symlink: /home/team100/team_ws/install/apriltag_msgs/include/apriltag_msgs/apriltag_msgs/msg/point.hpp
[1.135s] -- Up-to-date symlink: /home/team100/team_ws/install/apriltag_msgs/include/apriltag_msgs/apriltag_msgs/msg/rosidl_generator_cpp__visibility_control.hpp
[1.135s] -- Up-to-date symlink: /home/team100/team_ws/install/apriltag_msgs/include/apriltag_msgs/apriltag_msgs/msg/detail/april_tag_detection__rosidl_typesupport_fastrtps_cpp.hpp
[1.136s] -- Up-to-date symlink: /home/team100/team_ws/install/apriltag_msgs/include/apriltag_msgs/apriltag_msgs/msg/detail/april_tag_detection_array__rosidl_typesupport_fastrtps_cpp.hpp
[1.136s] -- Up-to-date symlink: /home/team100/team_ws/install/apriltag_msgs/include/apriltag_msgs/apriltag_msgs/msg/detail/point__rosidl_typesupport_fastrtps_cpp.hpp
[1.136s] -- Up-to-date symlink: /home/team100/team_ws/install/apriltag_msgs/include/apriltag_msgs/apriltag_msgs/msg/rosidl_typesupport_fastrtps_cpp__visibility_control.h
[1.136s] -- Up-to-date symlink: /home/team100/team_ws/install/apriltag_msgs/include/apriltag_msgs/apriltag_msgs/msg/detail/april_tag_detection__rosidl_typesupport_introspection_cpp.hpp
[1.136s] -- Up-to-date symlink: /home/team100/team_ws/install/apriltag_msgs/include/apriltag_msgs/apriltag_msgs/msg/detail/april_tag_detection_array__rosidl_typesupport_introspection_cpp.hpp
[1.137s] -- Up-to-date symlink: /home/team100/team_ws/install/apriltag_msgs/include/apriltag_msgs/apriltag_msgs/msg/detail/point__rosidl_typesupport_introspection_cpp.hpp
[1.137s] -- Up-to-date symlink: /home/team100/team_ws/install/apriltag_msgs/share/apriltag_msgs/environment/pythonpath.sh
[1.137s] -- Up-to-date symlink: /home/team100/team_ws/install/apriltag_msgs/share/apriltag_msgs/environment/pythonpath.dsv
[1.138s] -- Up-to-date symlink: /home/team100/team_ws/install/apriltag_msgs/local/lib/python3.10/dist-packages/apriltag_msgs-2.0.1-py3.10.egg-info/PKG-INFO
[1.138s] -- Up-to-date symlink: /home/team100/team_ws/install/apriltag_msgs/local/lib/python3.10/dist-packages/apriltag_msgs-2.0.1-py3.10.egg-info/SOURCES.txt
[1.138s] -- Up-to-date symlink: /home/team100/team_ws/install/apriltag_msgs/local/lib/python3.10/dist-packages/apriltag_msgs-2.0.1-py3.10.egg-info/dependency_links.txt
[1.138s] -- Up-to-date symlink: /home/team100/team_ws/install/apriltag_msgs/local/lib/python3.10/dist-packages/apriltag_msgs-2.0.1-py3.10.egg-info/top_level.txt
[1.140s] -- Up-to-date symlink: /home/team100/team_ws/install/apriltag_msgs/local/lib/python3.10/dist-packages/apriltag_msgs/__init__.py
[1.140s] -- Up-to-date symlink: /home/team100/team_ws/install/apriltag_msgs/local/lib/python3.10/dist-packages/apriltag_msgs/_apriltag_msgs_s.ep.rosidl_typesupport_c.c
[1.140s] -- Up-to-date symlink: /home/team100/team_ws/install/apriltag_msgs/local/lib/python3.10/dist-packages/apriltag_msgs/_apriltag_msgs_s.ep.rosidl_typesupport_fastrtps_c.c
[1.140s] -- Up-to-date symlink: /home/team100/team_ws/install/apriltag_msgs/local/lib/python3.10/dist-packages/apriltag_msgs/_apriltag_msgs_s.ep.rosidl_typesupport_introspection_c.c
[1.140s] -- Up-to-date symlink: /home/team100/team_ws/install/apriltag_msgs/local/lib/python3.10/dist-packages/apriltag_msgs/apriltag_msgs_s__rosidl_typesupport_c.cpython-310-aarch64-linux-gnu.so
[1.141s] -- Up-to-date symlink: /home/team100/team_ws/install/apriltag_msgs/local/lib/python3.10/dist-packages/apriltag_msgs/apriltag_msgs_s__rosidl_typesupport_fastrtps_c.cpython-310-aarch64-linux-gnu.so
[1.141s] -- Up-to-date symlink: /home/team100/team_ws/install/apriltag_msgs/local/lib/python3.10/dist-packages/apriltag_msgs/apriltag_msgs_s__rosidl_typesupport_introspection_c.cpython-310-aarch64-linux-gnu.so
[1.141s] -- Up-to-date symlink: /home/team100/team_ws/install/apriltag_msgs/local/lib/python3.10/dist-packages/apriltag_msgs/libapriltag_msgs__rosidl_generator_py.so
[1.141s] -- Up-to-date symlink: /home/team100/team_ws/install/apriltag_msgs/local/lib/python3.10/dist-packages/apriltag_msgs/msg/__init__.py
[1.142s] -- Up-to-date symlink: /home/team100/team_ws/install/apriltag_msgs/local/lib/python3.10/dist-packages/apriltag_msgs/msg/_april_tag_detection.py
[1.142s] -- Up-to-date symlink: /home/team100/team_ws/install/apriltag_msgs/local/lib/python3.10/dist-packages/apriltag_msgs/msg/_april_tag_detection_array.py
[1.142s] -- Up-to-date symlink: /home/team100/team_ws/install/apriltag_msgs/local/lib/python3.10/dist-packages/apriltag_msgs/msg/_april_tag_detection_array_s.c
[1.142s] -- Up-to-date symlink: /home/team100/team_ws/install/apriltag_msgs/local/lib/python3.10/dist-packages/apriltag_msgs/msg/_april_tag_detection_s.c
[1.143s] -- Up-to-date symlink: /home/team100/team_ws/install/apriltag_msgs/local/lib/python3.10/dist-packages/apriltag_msgs/msg/_point.py
[1.143s] -- Up-to-date symlink: /home/team100/team_ws/install/apriltag_msgs/local/lib/python3.10/dist-packages/apriltag_msgs/msg/_point_s.c
[1.143s] -- Up-to-date symlink: /home/team100/team_ws/install/apriltag_msgs/local/lib/python3.10/dist-packages/apriltag_msgs/apriltag_msgs_s__rosidl_typesupport_fastrtps_c.cpython-310-aarch64-linux-gnu.so
[1.144s] -- Up-to-date symlink: /home/team100/team_ws/install/apriltag_msgs/local/lib/python3.10/dist-packages/apriltag_msgs/apriltag_msgs_s__rosidl_typesupport_introspection_c.cpython-310-aarch64-linux-gnu.so
[1.144s] -- Up-to-date symlink: /home/team100/team_ws/install/apriltag_msgs/local/lib/python3.10/dist-packages/apriltag_msgs/apriltag_msgs_s__rosidl_typesupport_c.cpython-310-aarch64-linux-gnu.so
[1.145s] -- Up-to-date symlink: /home/team100/team_ws/install/apriltag_msgs/share/apriltag_msgs/msg/Point.idl
[1.145s] -- Up-to-date symlink: /home/team100/team_ws/install/apriltag_msgs/share/apriltag_msgs/msg/AprilTagDetection.idl
[1.145s] -- Up-to-date symlink: /home/team100/team_ws/install/apriltag_msgs/share/apriltag_msgs/msg/AprilTagDetectionArray.idl
[1.146s] -- Up-to-date symlink: /home/team100/team_ws/install/apriltag_msgs/share/apriltag_msgs/msg/Point.msg
[1.146s] -- Up-to-date symlink: /home/team100/team_ws/install/apriltag_msgs/share/apriltag_msgs/msg/AprilTagDetection.msg
[1.146s] -- Up-to-date symlink: /home/team100/team_ws/install/apriltag_msgs/share/apriltag_msgs/msg/AprilTagDetectionArray.msg
[1.147s] -- Up-to-date symlink: /home/team100/team_ws/install/apriltag_msgs/share/ament_index/resource_index/package_run_dependencies/apriltag_msgs
[1.147s] -- Up-to-date symlink: /home/team100/team_ws/install/apriltag_msgs/share/ament_index/resource_index/parent_prefix_path/apriltag_msgs
[1.147s] -- Up-to-date symlink: /home/team100/team_ws/install/apriltag_msgs/share/apriltag_msgs/environment/ament_prefix_path.sh
[1.148s] -- Up-to-date symlink: /home/team100/team_ws/install/apriltag_msgs/share/apriltag_msgs/environment/ament_prefix_path.dsv
[1.148s] -- Up-to-date symlink: /home/team100/team_ws/install/apriltag_msgs/share/apriltag_msgs/environment/path.sh
[1.148s] -- Up-to-date symlink: /home/team100/team_ws/install/apriltag_msgs/share/apriltag_msgs/environment/path.dsv
[1.148s] -- Up-to-date symlink: /home/team100/team_ws/install/apriltag_msgs/share/apriltag_msgs/local_setup.bash
[1.149s] -- Up-to-date symlink: /home/team100/team_ws/install/apriltag_msgs/share/apriltag_msgs/local_setup.sh
[1.149s] -- Up-to-date symlink: /home/team100/team_ws/install/apriltag_msgs/share/apriltag_msgs/local_setup.zsh
[1.149s] -- Up-to-date symlink: /home/team100/team_ws/install/apriltag_msgs/share/apriltag_msgs/local_setup.dsv
[1.150s] -- Symlinking: /home/team100/team_ws/install/apriltag_msgs/share/apriltag_msgs/package.dsv
[1.173s] -- Up-to-date symlink: /home/team100/team_ws/install/apriltag_msgs/share/ament_index/resource_index/packages/apriltag_msgs
[1.173s] -- Up-to-date symlink: /home/team100/team_ws/install/apriltag_msgs/share/apriltag_msgs/cmake/rosidl_cmake-extras.cmake
[1.173s] -- Up-to-date symlink: /home/team100/team_ws/install/apriltag_msgs/share/apriltag_msgs/cmake/ament_cmake_export_dependencies-extras.cmake
[1.173s] -- Up-to-date symlink: /home/team100/team_ws/install/apriltag_msgs/share/apriltag_msgs/cmake/ament_cmake_export_include_directories-extras.cmake
[1.174s] -- Up-to-date symlink: /home/team100/team_ws/install/apriltag_msgs/share/apriltag_msgs/cmake/ament_cmake_export_libraries-extras.cmake
[1.174s] -- Up-to-date symlink: /home/team100/team_ws/install/apriltag_msgs/share/apriltag_msgs/cmake/ament_cmake_export_targets-extras.cmake
[1.174s] -- Up-to-date symlink: /home/team100/team_ws/install/apriltag_msgs/share/apriltag_msgs/cmake/rosidl_cmake_export_typesupport_targets-extras.cmake
[1.174s] -- Up-to-date symlink: /home/team100/team_ws/install/apriltag_msgs/share/apriltag_msgs/cmake/rosidl_cmake_export_typesupport_libraries-extras.cmake
[1.175s] -- Up-to-date symlink: /home/team100/team_ws/install/apriltag_msgs/share/apriltag_msgs/cmake/apriltag_msgsConfig.cmake
[1.175s] -- Up-to-date symlink: /home/team100/team_ws/install/apriltag_msgs/share/apriltag_msgs/cmake/apriltag_msgsConfig-version.cmake
[1.175s] -- Up-to-date symlink: /home/team100/team_ws/install/apriltag_msgs/share/apriltag_msgs/package.xml
[1.176s] -- Up-to-date: /home/team100/team_ws/install/apriltag_msgs/lib/libapriltag_msgs__rosidl_generator_c.so
[1.176s] -- Up-to-date: /home/team100/team_ws/install/apriltag_msgs/lib/libapriltag_msgs__rosidl_typesupport_fastrtps_c.so
[1.177s] -- Up-to-date: /home/team100/team_ws/install/apriltag_msgs/lib/libapriltag_msgs__rosidl_typesupport_introspection_c.so
[1.177s] -- Up-to-date: /home/team100/team_ws/install/apriltag_msgs/lib/libapriltag_msgs__rosidl_typesupport_c.so
[1.178s] -- Up-to-date: /home/team100/team_ws/install/apriltag_msgs/lib/libapriltag_msgs__rosidl_typesupport_fastrtps_cpp.so
[1.178s] -- Up-to-date: /home/team100/team_ws/install/apriltag_msgs/lib/libapriltag_msgs__rosidl_typesupport_introspection_cpp.so
[1.179s] -- Up-to-date: /home/team100/team_ws/install/apriltag_msgs/lib/libapriltag_msgs__rosidl_typesupport_cpp.so
[1.256s] Listing '/home/team100/team_ws/install/apriltag_msgs/local/lib/python3.10/dist-packages/apriltag_msgs'...
[1.256s] Listing '/home/team100/team_ws/install/apriltag_msgs/local/lib/python3.10/dist-packages/apriltag_msgs/msg'...
[1.269s] -- Up-to-date: /home/team100/team_ws/install/apriltag_msgs/lib/libapriltag_msgs__rosidl_generator_py.so
[1.269s] -- Up-to-date: /home/team100/team_ws/install/apriltag_msgs/share/apriltag_msgs/cmake/export_apriltag_msgs__rosidl_generator_cExport.cmake
[1.270s] -- Up-to-date: /home/team100/team_ws/install/apriltag_msgs/share/apriltag_msgs/cmake/export_apriltag_msgs__rosidl_generator_cExport-noconfig.cmake
[1.270s] -- Up-to-date: /home/team100/team_ws/install/apriltag_msgs/share/apriltag_msgs/cmake/export_apriltag_msgs__rosidl_typesupport_fastrtps_cExport.cmake
[1.270s] -- Up-to-date: /home/team100/team_ws/install/apriltag_msgs/share/apriltag_msgs/cmake/export_apriltag_msgs__rosidl_typesupport_fastrtps_cExport-noconfig.cmake
[1.271s] -- Up-to-date: /home/team100/team_ws/install/apriltag_msgs/share/apriltag_msgs/cmake/apriltag_msgs__rosidl_typesupport_introspection_cExport.cmake
[1.271s] -- Up-to-date: /home/team100/team_ws/install/apriltag_msgs/share/apriltag_msgs/cmake/apriltag_msgs__rosidl_typesupport_introspection_cExport-noconfig.cmake
[1.271s] -- Up-to-date: /home/team100/team_ws/install/apriltag_msgs/share/apriltag_msgs/cmake/apriltag_msgs__rosidl_typesupport_cExport.cmake
[1.271s] -- Up-to-date: /home/team100/team_ws/install/apriltag_msgs/share/apriltag_msgs/cmake/apriltag_msgs__rosidl_typesupport_cExport-noconfig.cmake
[1.271s] -- Up-to-date: /home/team100/team_ws/install/apriltag_msgs/share/apriltag_msgs/cmake/export_apriltag_msgs__rosidl_generator_cppExport.cmake
[1.271s] -- Up-to-date: /home/team100/team_ws/install/apriltag_msgs/share/apriltag_msgs/cmake/export_apriltag_msgs__rosidl_typesupport_fastrtps_cppExport.cmake
[1.272s] -- Up-to-date: /home/team100/team_ws/install/apriltag_msgs/share/apriltag_msgs/cmake/export_apriltag_msgs__rosidl_typesupport_fastrtps_cppExport-noconfig.cmake
[1.272s] -- Up-to-date: /home/team100/team_ws/install/apriltag_msgs/share/apriltag_msgs/cmake/apriltag_msgs__rosidl_typesupport_introspection_cppExport.cmake
[1.272s] -- Up-to-date: /home/team100/team_ws/install/apriltag_msgs/share/apriltag_msgs/cmake/apriltag_msgs__rosidl_typesupport_introspection_cppExport-noconfig.cmake
[1.272s] -- Up-to-date: /home/team100/team_ws/install/apriltag_msgs/share/apriltag_msgs/cmake/apriltag_msgs__rosidl_typesupport_cppExport.cmake
[1.272s] -- Up-to-date: /home/team100/team_ws/install/apriltag_msgs/share/apriltag_msgs/cmake/apriltag_msgs__rosidl_typesupport_cppExport-noconfig.cmake
[1.272s] -- Up-to-date: /home/team100/team_ws/install/apriltag_msgs/share/apriltag_msgs/cmake/export_apriltag_msgs__rosidl_generator_pyExport.cmake
[1.273s] -- Up-to-date: /home/team100/team_ws/install/apriltag_msgs/share/apriltag_msgs/cmake/export_apriltag_msgs__rosidl_generator_pyExport-noconfig.cmake
[1.278s] Invoked command in '/home/team100/team_ws/build/apriltag_msgs' returned '0': CMAKE_PREFIX_PATH=${CMAKE_PREFIX_PATH}:/home/team100/team_ws/install/e116:/opt/ros/humble /usr/bin/cmake --install /home/team100/team_ws/build/apriltag_msgs
