[0.254s] DEBUG:colcon:Command line arguments: ['/usr/bin/colcon', 'build']
[0.255s] DEBUG:colcon:Parsed command line arguments: Namespace(log_base=None, log_level=None, verb_name='build', build_base='build', install_base='install', merge_install=False, symlink_install=False, test_result_base=None, continue_on_error=False, executor='parallel', parallel_workers=6, event_handlers=None, ignore_user_meta=False, metas=['./colcon.meta'], base_paths=['.'], packages_ignore=None, packages_ignore_regex=None, paths=None, packages_up_to=None, packages_up_to_regex=None, packages_above=None, packages_above_and_dependencies=None, packages_above_depth=None, packages_select_by_dep=None, packages_skip_by_dep=None, packages_skip_up_to=None, packages_select_build_failed=False, packages_skip_build_finished=False, packages_select_test_failures=False, packages_skip_test_passed=False, packages_select=None, packages_skip=None, packages_select_regex=None, packages_skip_regex=None, packages_start=None, packages_end=None, allow_overriding=[], cmake_args=None, cmake_target=None, cmake_target_skip_unavailable=False, cmake_clean_cache=False, cmake_clean_first=False, cmake_force_configure=False, ament_cmake_args=None, catkin_cmake_args=None, catkin_skip_building_tests=False, mixin_files=None, mixin=None, verb_parser=<colcon_mixin.mixin.mixin_argument.MixinArgumentDecorator object at 0xffffb2b727d0>, verb_extension=<colcon_core.verb.build.BuildVerb object at 0xffffb2b71fc0>, main=<bound method BuildVerb.main of <colcon_core.verb.build.BuildVerb object at 0xffffb2b71fc0>>, mixin_verb=('build',))
[0.644s] Level 1:colcon.colcon_core.package_discovery:discover_packages(colcon_meta) check parameters
[0.644s] Level 1:colcon.colcon_core.package_discovery:discover_packages(recursive) check parameters
[0.644s] Level 1:colcon.colcon_core.package_discovery:discover_packages(ignore) check parameters
[0.644s] Level 1:colcon.colcon_core.package_discovery:discover_packages(path) check parameters
[0.644s] Level 1:colcon.colcon_core.package_discovery:discover_packages(colcon_meta) discover
[0.644s] Level 1:colcon.colcon_core.package_discovery:discover_packages(recursive) discover
[0.645s] INFO:colcon.colcon_core.package_discovery:Crawling recursively for packages in '/home/team100/team_ws'
[0.645s] Level 1:colcon.colcon_core.package_identification:_identify(.) by extensions ['ignore', 'ignore_ament_install']
[0.645s] Level 1:colcon.colcon_core.package_identification:_identify(.) by extension 'ignore'
[0.645s] Level 1:colcon.colcon_core.package_identification:_identify(.) by extension 'ignore_ament_install'
[0.645s] Level 1:colcon.colcon_core.package_identification:_identify(.) by extensions ['colcon_pkg']
[0.645s] Level 1:colcon.colcon_core.package_identification:_identify(.) by extension 'colcon_pkg'
[0.646s] Level 1:colcon.colcon_core.package_identification:_identify(.) by extensions ['colcon_meta']
[0.646s] Level 1:colcon.colcon_core.package_identification:_identify(.) by extension 'colcon_meta'
[0.646s] Level 1:colcon.colcon_core.package_identification:_identify(.) by extensions ['ros']
[0.646s] Level 1:colcon.colcon_core.package_identification:_identify(.) by extension 'ros'
[0.670s] Level 1:colcon.colcon_core.package_identification:_identify(.) by extensions ['cmake', 'python']
[0.670s] Level 1:colcon.colcon_core.package_identification:_identify(.) by extension 'cmake'
[0.670s] Level 1:colcon.colcon_core.package_identification:_identify(.) by extension 'python'
[0.670s] Level 1:colcon.colcon_core.package_identification:_identify(.) by extensions ['python_setup_py']
[0.670s] Level 1:colcon.colcon_core.package_identification:_identify(.) by extension 'python_setup_py'
[0.671s] Level 1:colcon.colcon_core.package_identification:_identify(build) by extensions ['ignore', 'ignore_ament_install']
[0.671s] Level 1:colcon.colcon_core.package_identification:_identify(build) by extension 'ignore'
[0.671s] Level 1:colcon.colcon_core.package_identification:_identify(build) ignored
[0.671s] Level 1:colcon.colcon_core.package_identification:_identify(install) by extensions ['ignore', 'ignore_ament_install']
[0.672s] Level 1:colcon.colcon_core.package_identification:_identify(install) by extension 'ignore'
[0.672s] Level 1:colcon.colcon_core.package_identification:_identify(install) ignored
[0.672s] Level 1:colcon.colcon_core.package_identification:_identify(log) by extensions ['ignore', 'ignore_ament_install']
[0.672s] Level 1:colcon.colcon_core.package_identification:_identify(log) by extension 'ignore'
[0.672s] Level 1:colcon.colcon_core.package_identification:_identify(log) ignored
[0.673s] Level 1:colcon.colcon_core.package_identification:_identify(src) by extensions ['ignore', 'ignore_ament_install']
[0.673s] Level 1:colcon.colcon_core.package_identification:_identify(src) by extension 'ignore'
[0.673s] Level 1:colcon.colcon_core.package_identification:_identify(src) by extension 'ignore_ament_install'
[0.673s] Level 1:colcon.colcon_core.package_identification:_identify(src) by extensions ['colcon_pkg']
[0.673s] Level 1:colcon.colcon_core.package_identification:_identify(src) by extension 'colcon_pkg'
[0.673s] Level 1:colcon.colcon_core.package_identification:_identify(src) by extensions ['colcon_meta']
[0.673s] Level 1:colcon.colcon_core.package_identification:_identify(src) by extension 'colcon_meta'
[0.673s] Level 1:colcon.colcon_core.package_identification:_identify(src) by extensions ['ros']
[0.674s] Level 1:colcon.colcon_core.package_identification:_identify(src) by extension 'ros'
[0.674s] Level 1:colcon.colcon_core.package_identification:_identify(src) by extensions ['cmake', 'python']
[0.674s] Level 1:colcon.colcon_core.package_identification:_identify(src) by extension 'cmake'
[0.674s] Level 1:colcon.colcon_core.package_identification:_identify(src) by extension 'python'
[0.674s] Level 1:colcon.colcon_core.package_identification:_identify(src) by extensions ['python_setup_py']
[0.674s] Level 1:colcon.colcon_core.package_identification:_identify(src) by extension 'python_setup_py'
[0.674s] Level 1:colcon.colcon_core.package_identification:_identify(src/apriltag) by extensions ['ignore', 'ignore_ament_install']
[0.675s] Level 1:colcon.colcon_core.package_identification:_identify(src/apriltag) by extension 'ignore'
[0.675s] Level 1:colcon.colcon_core.package_identification:_identify(src/apriltag) by extension 'ignore_ament_install'
[0.675s] Level 1:colcon.colcon_core.package_identification:_identify(src/apriltag) by extensions ['colcon_pkg']
[0.675s] Level 1:colcon.colcon_core.package_identification:_identify(src/apriltag) by extension 'colcon_pkg'
[0.675s] Level 1:colcon.colcon_core.package_identification:_identify(src/apriltag) by extensions ['colcon_meta']
[0.675s] Level 1:colcon.colcon_core.package_identification:_identify(src/apriltag) by extension 'colcon_meta'
[0.675s] Level 1:colcon.colcon_core.package_identification:_identify(src/apriltag) by extensions ['ros']
[0.675s] Level 1:colcon.colcon_core.package_identification:_identify(src/apriltag) by extension 'ros'
[0.685s] DEBUG:colcon.colcon_core.package_identification:Package 'src/apriltag' with type 'ros.cmake' and name 'apriltag'
[0.685s] Level 1:colcon.colcon_core.package_identification:_identify(src/apriltag_msgs) by extensions ['ignore', 'ignore_ament_install']
[0.685s] Level 1:colcon.colcon_core.package_identification:_identify(src/apriltag_msgs) by extension 'ignore'
[0.685s] Level 1:colcon.colcon_core.package_identification:_identify(src/apriltag_msgs) by extension 'ignore_ament_install'
[0.686s] Level 1:colcon.colcon_core.package_identification:_identify(src/apriltag_msgs) by extensions ['colcon_pkg']
[0.686s] Level 1:colcon.colcon_core.package_identification:_identify(src/apriltag_msgs) by extension 'colcon_pkg'
[0.686s] Level 1:colcon.colcon_core.package_identification:_identify(src/apriltag_msgs) by extensions ['colcon_meta']
[0.686s] Level 1:colcon.colcon_core.package_identification:_identify(src/apriltag_msgs) by extension 'colcon_meta'
[0.686s] Level 1:colcon.colcon_core.package_identification:_identify(src/apriltag_msgs) by extensions ['ros']
[0.686s] Level 1:colcon.colcon_core.package_identification:_identify(src/apriltag_msgs) by extension 'ros'
[0.687s] DEBUG:colcon.colcon_core.package_identification:Package 'src/apriltag_msgs' with type 'ros.ament_cmake' and name 'apriltag_msgs'
[0.688s] Level 1:colcon.colcon_core.package_identification:_identify(src/apriltag_ros) by extensions ['ignore', 'ignore_ament_install']
[0.688s] Level 1:colcon.colcon_core.package_identification:_identify(src/apriltag_ros) by extension 'ignore'
[0.688s] Level 1:colcon.colcon_core.package_identification:_identify(src/apriltag_ros) by extension 'ignore_ament_install'
[0.688s] Level 1:colcon.colcon_core.package_identification:_identify(src/apriltag_ros) by extensions ['colcon_pkg']
[0.688s] Level 1:colcon.colcon_core.package_identification:_identify(src/apriltag_ros) by extension 'colcon_pkg'
[0.688s] Level 1:colcon.colcon_core.package_identification:_identify(src/apriltag_ros) by extensions ['colcon_meta']
[0.688s] Level 1:colcon.colcon_core.package_identification:_identify(src/apriltag_ros) by extension 'colcon_meta'
[0.688s] Level 1:colcon.colcon_core.package_identification:_identify(src/apriltag_ros) by extensions ['ros']
[0.689s] Level 1:colcon.colcon_core.package_identification:_identify(src/apriltag_ros) by extension 'ros'
[0.692s] DEBUG:colcon.colcon_core.package_identification:Package 'src/apriltag_ros' with type 'ros.ament_cmake' and name 'apriltag_ros'
[0.692s] Level 1:colcon.colcon_core.package_identification:_identify(src/build) by extensions ['ignore', 'ignore_ament_install']
[0.692s] Level 1:colcon.colcon_core.package_identification:_identify(src/build) by extension 'ignore'
[0.692s] Level 1:colcon.colcon_core.package_identification:_identify(src/build) ignored
[0.693s] Level 1:colcon.colcon_core.package_identification:_identify(src/e116) by extensions ['ignore', 'ignore_ament_install']
[0.693s] Level 1:colcon.colcon_core.package_identification:_identify(src/e116) by extension 'ignore'
[0.693s] Level 1:colcon.colcon_core.package_identification:_identify(src/e116) by extension 'ignore_ament_install'
[0.693s] Level 1:colcon.colcon_core.package_identification:_identify(src/e116) by extensions ['colcon_pkg']
[0.693s] Level 1:colcon.colcon_core.package_identification:_identify(src/e116) by extension 'colcon_pkg'
[0.693s] Level 1:colcon.colcon_core.package_identification:_identify(src/e116) by extensions ['colcon_meta']
[0.693s] Level 1:colcon.colcon_core.package_identification:_identify(src/e116) by extension 'colcon_meta'
[0.694s] Level 1:colcon.colcon_core.package_identification:_identify(src/e116) by extensions ['ros']
[0.694s] Level 1:colcon.colcon_core.package_identification:_identify(src/e116) by extension 'ros'
[0.695s] DEBUG:colcon.colcon_core.package_identification:Package 'src/e116' with type 'ros.ament_python' and name 'e116'
[0.696s] Level 1:colcon.colcon_core.package_identification:_identify(src/install) by extensions ['ignore', 'ignore_ament_install']
[0.696s] Level 1:colcon.colcon_core.package_identification:_identify(src/install) by extension 'ignore'
[0.696s] Level 1:colcon.colcon_core.package_identification:_identify(src/install) ignored
[0.696s] Level 1:colcon.colcon_core.package_identification:_identify(src/log) by extensions ['ignore', 'ignore_ament_install']
[0.696s] Level 1:colcon.colcon_core.package_identification:_identify(src/log) by extension 'ignore'
[0.697s] Level 1:colcon.colcon_core.package_identification:_identify(src/log) ignored
[0.697s] Level 1:colcon.colcon_core.package_discovery:discover_packages(recursive) using defaults
[0.697s] Level 1:colcon.colcon_core.package_discovery:discover_packages(ignore) discover
[0.697s] Level 1:colcon.colcon_core.package_discovery:discover_packages(ignore) using defaults
[0.697s] Level 1:colcon.colcon_core.package_discovery:discover_packages(path) discover
[0.697s] Level 1:colcon.colcon_core.package_discovery:discover_packages(path) using defaults
[0.773s] Level 1:colcon.colcon_core.package_discovery:discover_packages(prefix_path) check parameters
[0.774s] Level 1:colcon.colcon_core.package_discovery:discover_packages(prefix_path) discover
[0.778s] DEBUG:colcon.colcon_installed_package_information.package_discovery:Found 4 installed packages in /home/team100/team_ws/install
[0.781s] DEBUG:colcon.colcon_installed_package_information.package_discovery:Found 296 installed packages in /opt/ros/humble
[0.784s] Level 1:colcon.colcon_core.package_discovery:discover_packages(prefix_path) using defaults
[0.873s] Level 5:colcon.colcon_core.verb:set package 'apriltag' build argument 'cmake_args' from command line to 'None'
[0.873s] Level 5:colcon.colcon_core.verb:set package 'apriltag' build argument 'cmake_target' from command line to 'None'
[0.873s] Level 5:colcon.colcon_core.verb:set package 'apriltag' build argument 'cmake_target_skip_unavailable' from command line to 'False'
[0.873s] Level 5:colcon.colcon_core.verb:set package 'apriltag' build argument 'cmake_clean_cache' from command line to 'False'
[0.873s] Level 5:colcon.colcon_core.verb:set package 'apriltag' build argument 'cmake_clean_first' from command line to 'False'
[0.874s] Level 5:colcon.colcon_core.verb:set package 'apriltag' build argument 'cmake_force_configure' from command line to 'False'
[0.874s] Level 5:colcon.colcon_core.verb:set package 'apriltag' build argument 'ament_cmake_args' from command line to 'None'
[0.874s] Level 5:colcon.colcon_core.verb:set package 'apriltag' build argument 'catkin_cmake_args' from command line to 'None'
[0.874s] Level 5:colcon.colcon_core.verb:set package 'apriltag' build argument 'catkin_skip_building_tests' from command line to 'False'
[0.874s] DEBUG:colcon.colcon_core.verb:Building package 'apriltag' with the following arguments: {'ament_cmake_args': None, 'build_base': '/home/team100/team_ws/build/apriltag', 'catkin_cmake_args': None, 'catkin_skip_building_tests': False, 'cmake_args': None, 'cmake_clean_cache': False, 'cmake_clean_first': False, 'cmake_force_configure': False, 'cmake_target': None, 'cmake_target_skip_unavailable': False, 'install_base': '/home/team100/team_ws/install/apriltag', 'merge_install': False, 'path': '/home/team100/team_ws/src/apriltag', 'symlink_install': False, 'test_result_base': None}
[0.875s] Level 5:colcon.colcon_core.verb:set package 'apriltag_msgs' build argument 'cmake_args' from command line to 'None'
[0.875s] Level 5:colcon.colcon_core.verb:set package 'apriltag_msgs' build argument 'cmake_target' from command line to 'None'
[0.875s] Level 5:colcon.colcon_core.verb:set package 'apriltag_msgs' build argument 'cmake_target_skip_unavailable' from command line to 'False'
[0.875s] Level 5:colcon.colcon_core.verb:set package 'apriltag_msgs' build argument 'cmake_clean_cache' from command line to 'False'
[0.875s] Level 5:colcon.colcon_core.verb:set package 'apriltag_msgs' build argument 'cmake_clean_first' from command line to 'False'
[0.875s] Level 5:colcon.colcon_core.verb:set package 'apriltag_msgs' build argument 'cmake_force_configure' from command line to 'False'
[0.875s] Level 5:colcon.colcon_core.verb:set package 'apriltag_msgs' build argument 'ament_cmake_args' from command line to 'None'
[0.875s] Level 5:colcon.colcon_core.verb:set package 'apriltag_msgs' build argument 'catkin_cmake_args' from command line to 'None'
[0.875s] Level 5:colcon.colcon_core.verb:set package 'apriltag_msgs' build argument 'catkin_skip_building_tests' from command line to 'False'
[0.875s] DEBUG:colcon.colcon_core.verb:Building package 'apriltag_msgs' with the following arguments: {'ament_cmake_args': None, 'build_base': '/home/team100/team_ws/build/apriltag_msgs', 'catkin_cmake_args': None, 'catkin_skip_building_tests': False, 'cmake_args': None, 'cmake_clean_cache': False, 'cmake_clean_first': False, 'cmake_force_configure': False, 'cmake_target': None, 'cmake_target_skip_unavailable': False, 'install_base': '/home/team100/team_ws/install/apriltag_msgs', 'merge_install': False, 'path': '/home/team100/team_ws/src/apriltag_msgs', 'symlink_install': False, 'test_result_base': None}
[0.876s] Level 5:colcon.colcon_core.verb:set package 'e116' build argument 'cmake_args' from command line to 'None'
[0.876s] Level 5:colcon.colcon_core.verb:set package 'e116' build argument 'cmake_target' from command line to 'None'
[0.876s] Level 5:colcon.colcon_core.verb:set package 'e116' build argument 'cmake_target_skip_unavailable' from command line to 'False'
[0.876s] Level 5:colcon.colcon_core.verb:set package 'e116' build argument 'cmake_clean_cache' from command line to 'False'
[0.876s] Level 5:colcon.colcon_core.verb:set package 'e116' build argument 'cmake_clean_first' from command line to 'False'
[0.876s] Level 5:colcon.colcon_core.verb:set package 'e116' build argument 'cmake_force_configure' from command line to 'False'
[0.876s] Level 5:colcon.colcon_core.verb:set package 'e116' build argument 'ament_cmake_args' from command line to 'None'
[0.876s] Level 5:colcon.colcon_core.verb:set package 'e116' build argument 'catkin_cmake_args' from command line to 'None'
[0.876s] Level 5:colcon.colcon_core.verb:set package 'e116' build argument 'catkin_skip_building_tests' from command line to 'False'
[0.876s] DEBUG:colcon.colcon_core.verb:Building package 'e116' with the following arguments: {'ament_cmake_args': None, 'build_base': '/home/team100/team_ws/build/e116', 'catkin_cmake_args': None, 'catkin_skip_building_tests': False, 'cmake_args': None, 'cmake_clean_cache': False, 'cmake_clean_first': False, 'cmake_force_configure': False, 'cmake_target': None, 'cmake_target_skip_unavailable': False, 'install_base': '/home/team100/team_ws/install/e116', 'merge_install': False, 'path': '/home/team100/team_ws/src/e116', 'symlink_install': False, 'test_result_base': None}
[0.877s] Level 5:colcon.colcon_core.verb:set package 'apriltag_ros' build argument 'cmake_args' from command line to 'None'
[0.877s] Level 5:colcon.colcon_core.verb:set package 'apriltag_ros' build argument 'cmake_target' from command line to 'None'
[0.877s] Level 5:colcon.colcon_core.verb:set package 'apriltag_ros' build argument 'cmake_target_skip_unavailable' from command line to 'False'
[0.877s] Level 5:colcon.colcon_core.verb:set package 'apriltag_ros' build argument 'cmake_clean_cache' from command line to 'False'
[0.877s] Level 5:colcon.colcon_core.verb:set package 'apriltag_ros' build argument 'cmake_clean_first' from command line to 'False'
[0.877s] Level 5:colcon.colcon_core.verb:set package 'apriltag_ros' build argument 'cmake_force_configure' from command line to 'False'
[0.877s] Level 5:colcon.colcon_core.verb:set package 'apriltag_ros' build argument 'ament_cmake_args' from command line to 'None'
[0.877s] Level 5:colcon.colcon_core.verb:set package 'apriltag_ros' build argument 'catkin_cmake_args' from command line to 'None'
[0.878s] Level 5:colcon.colcon_core.verb:set package 'apriltag_ros' build argument 'catkin_skip_building_tests' from command line to 'False'
[0.878s] DEBUG:colcon.colcon_core.verb:Building package 'apriltag_ros' with the following arguments: {'ament_cmake_args': None, 'build_base': '/home/team100/team_ws/build/apriltag_ros', 'catkin_cmake_args': None, 'catkin_skip_building_tests': False, 'cmake_args': None, 'cmake_clean_cache': False, 'cmake_clean_first': False, 'cmake_force_configure': False, 'cmake_target': None, 'cmake_target_skip_unavailable': False, 'install_base': '/home/team100/team_ws/install/apriltag_ros', 'merge_install': False, 'path': '/home/team100/team_ws/src/apriltag_ros', 'symlink_install': False, 'test_result_base': None}
[0.878s] INFO:colcon.colcon_core.executor:Executing jobs using 'parallel' executor
[0.880s] DEBUG:colcon.colcon_parallel_executor.executor.parallel:run_until_complete
[0.881s] INFO:colcon.colcon_ros.task.cmake.build:Building ROS package in '/home/team100/team_ws/src/apriltag' with build type 'cmake'
[0.881s] INFO:colcon.colcon_cmake.task.cmake.build:Building CMake package in '/home/team100/team_ws/src/apriltag'
[0.886s] INFO:colcon.colcon_core.plugin_system:Skipping extension 'colcon_core.shell.bat': Not used on non-Windows systems
[0.886s] INFO:colcon.colcon_core.shell:Skip shell extension 'powershell' for command environment: Not usable outside of PowerShell
[0.886s] DEBUG:colcon.colcon_core.shell:Skip shell extension 'dsv' for command environment
[0.894s] INFO:colcon.colcon_ros.task.ament_cmake.build:Building ROS package in '/home/team100/team_ws/src/apriltag_msgs' with build type 'ament_cmake'
[0.894s] INFO:colcon.colcon_cmake.task.cmake.build:Building CMake package in '/home/team100/team_ws/src/apriltag_msgs'
[0.895s] INFO:colcon.colcon_core.shell:Skip shell extension 'powershell' for command environment: Not usable outside of PowerShell
[0.895s] DEBUG:colcon.colcon_core.shell:Skip shell extension 'dsv' for command environment
[0.901s] INFO:colcon.colcon_ros.task.ament_python.build:Building ROS package in '/home/team100/team_ws/src/e116' with build type 'ament_python'
[0.902s] Level 1:colcon.colcon_core.shell:create_environment_hook('e116', 'ament_prefix_path')
[0.902s] INFO:colcon.colcon_core.shell:Creating environment hook '/home/team100/team_ws/install/e116/share/e116/hook/ament_prefix_path.ps1'
[0.904s] INFO:colcon.colcon_core.shell:Creating environment descriptor '/home/team100/team_ws/install/e116/share/e116/hook/ament_prefix_path.dsv'
[0.905s] INFO:colcon.colcon_core.shell:Creating environment hook '/home/team100/team_ws/install/e116/share/e116/hook/ament_prefix_path.sh'
[0.907s] INFO:colcon.colcon_core.shell:Skip shell extension 'powershell' for command environment: Not usable outside of PowerShell
[0.907s] DEBUG:colcon.colcon_core.shell:Skip shell extension 'dsv' for command environment
[0.920s] DEBUG:colcon.colcon_core.event_handler.log_command:Invoking command in '/home/team100/team_ws/build/apriltag': CMAKE_PREFIX_PATH=${CMAKE_PREFIX_PATH}:/home/team100/team_ws/install/e116:/opt/ros/humble /usr/bin/cmake --build /home/team100/team_ws/build/apriltag -- -j6 -l6
[0.929s] DEBUG:colcon.colcon_core.event_handler.log_command:Invoking command in '/home/team100/team_ws/build/apriltag_msgs': CMAKE_PREFIX_PATH=${CMAKE_PREFIX_PATH}:/home/team100/team_ws/install/e116:/opt/ros/humble /usr/bin/cmake /home/team100/team_ws/src/apriltag_msgs -DCMAKE_INSTALL_PREFIX=/home/team100/team_ws/install/apriltag_msgs
[1.550s] INFO:colcon.colcon_core.task.python.build:Building Python package in '/home/team100/team_ws/src/e116'
[1.551s] INFO:colcon.colcon_core.shell:Skip shell extension 'powershell' for command environment: Not usable outside of PowerShell
[1.551s] DEBUG:colcon.colcon_core.shell:Skip shell extension 'dsv' for command environment
[1.761s] DEBUG:colcon.colcon_core.event_handler.log_command:Invoked command in '/home/team100/team_ws/build/apriltag' returned '0': CMAKE_PREFIX_PATH=${CMAKE_PREFIX_PATH}:/home/team100/team_ws/install/e116:/opt/ros/humble /usr/bin/cmake --build /home/team100/team_ws/build/apriltag -- -j6 -l6
[1.783s] DEBUG:colcon.colcon_core.event_handler.log_command:Invoking command in '/home/team100/team_ws/build/apriltag': CMAKE_PREFIX_PATH=${CMAKE_PREFIX_PATH}:/home/team100/team_ws/install/e116:/opt/ros/humble /usr/bin/cmake --install /home/team100/team_ws/build/apriltag
[1.810s] DEBUG:colcon.colcon_core.event_handler.log_command:Invoked command in '/home/team100/team_ws/build/apriltag' returned '0': CMAKE_PREFIX_PATH=${CMAKE_PREFIX_PATH}:/home/team100/team_ws/install/e116:/opt/ros/humble /usr/bin/cmake --install /home/team100/team_ws/build/apriltag
[1.810s] Level 1:colcon.colcon_core.shell:create_environment_hook('apriltag', 'pkg_config_path')
[1.811s] INFO:colcon.colcon_core.shell:Creating environment hook '/home/team100/team_ws/install/apriltag/share/apriltag/hook/pkg_config_path.ps1'
[1.812s] INFO:colcon.colcon_core.shell:Creating environment descriptor '/home/team100/team_ws/install/apriltag/share/apriltag/hook/pkg_config_path.dsv'
[1.813s] INFO:colcon.colcon_core.shell:Creating environment hook '/home/team100/team_ws/install/apriltag/share/apriltag/hook/pkg_config_path.sh'
[1.819s] Level 1:colcon.colcon_core.shell:create_environment_hook('apriltag', 'pkg_config_path_multiarch')
[1.820s] INFO:colcon.colcon_core.shell:Creating environment hook '/home/team100/team_ws/install/apriltag/share/apriltag/hook/pkg_config_path_multiarch.ps1'
[1.821s] INFO:colcon.colcon_core.shell:Creating environment descriptor '/home/team100/team_ws/install/apriltag/share/apriltag/hook/pkg_config_path_multiarch.dsv'
[1.822s] INFO:colcon.colcon_core.shell:Creating environment hook '/home/team100/team_ws/install/apriltag/share/apriltag/hook/pkg_config_path_multiarch.sh'
[1.823s] Level 1:colcon.colcon_core.environment:create_environment_scripts_only(apriltag)
[1.830s] Level 1:colcon.colcon_core.environment:checking '/home/team100/team_ws/install/apriltag' for CMake module files
[1.832s] Level 1:colcon.colcon_core.environment:checking '/home/team100/team_ws/install/apriltag' for CMake config files
[1.833s] Level 1:colcon.colcon_core.shell:create_environment_hook('apriltag', 'cmake_prefix_path')
[1.833s] INFO:colcon.colcon_core.shell:Creating environment hook '/home/team100/team_ws/install/apriltag/share/apriltag/hook/cmake_prefix_path.ps1'
[1.835s] INFO:colcon.colcon_core.shell:Creating environment descriptor '/home/team100/team_ws/install/apriltag/share/apriltag/hook/cmake_prefix_path.dsv'
[1.836s] INFO:colcon.colcon_core.shell:Creating environment hook '/home/team100/team_ws/install/apriltag/share/apriltag/hook/cmake_prefix_path.sh'
[1.839s] Level 1:colcon.colcon_core.environment:checking '/home/team100/team_ws/install/apriltag/lib'
[1.839s] Level 1:colcon.colcon_core.shell:create_environment_hook('apriltag', 'ld_library_path_lib')
[1.840s] INFO:colcon.colcon_core.shell:Creating environment hook '/home/team100/team_ws/install/apriltag/share/apriltag/hook/ld_library_path_lib.ps1'
[1.842s] INFO:colcon.colcon_core.shell:Creating environment descriptor '/home/team100/team_ws/install/apriltag/share/apriltag/hook/ld_library_path_lib.dsv'
[1.843s] INFO:colcon.colcon_core.shell:Creating environment hook '/home/team100/team_ws/install/apriltag/share/apriltag/hook/ld_library_path_lib.sh'
[1.845s] Level 1:colcon.colcon_core.environment:checking '/home/team100/team_ws/install/apriltag/bin'
[1.845s] Level 1:colcon.colcon_core.shell:create_environment_hook('apriltag', 'path')
[1.846s] INFO:colcon.colcon_core.shell:Creating environment hook '/home/team100/team_ws/install/apriltag/share/apriltag/hook/path.ps1'
[1.847s] INFO:colcon.colcon_core.shell:Creating environment descriptor '/home/team100/team_ws/install/apriltag/share/apriltag/hook/path.dsv'
[1.848s] INFO:colcon.colcon_core.shell:Creating environment hook '/home/team100/team_ws/install/apriltag/share/apriltag/hook/path.sh'
[1.850s] Level 1:colcon.colcon_core.environment:checking '/home/team100/team_ws/install/apriltag/lib/pkgconfig/apriltag.pc'
[1.850s] Level 1:colcon.colcon_core.shell:create_environment_hook('apriltag', 'pkg_config')
[1.850s] INFO:colcon.colcon_core.shell:Creating environment hook '/home/team100/team_ws/install/apriltag/share/apriltag/hook/pkg_config.ps1'
[1.852s] INFO:colcon.colcon_core.shell:Creating environment descriptor '/home/team100/team_ws/install/apriltag/share/apriltag/hook/pkg_config.dsv'
[1.853s] INFO:colcon.colcon_core.shell:Creating environment hook '/home/team100/team_ws/install/apriltag/share/apriltag/hook/pkg_config.sh'
[1.855s] Level 1:colcon.colcon_core.environment:checking '/home/team100/team_ws/install/apriltag/lib/python3.10/site-packages'
[1.855s] Level 1:colcon.colcon_core.shell:create_environment_hook('apriltag', 'pythonpath')
[1.856s] INFO:colcon.colcon_core.shell:Creating environment hook '/home/team100/team_ws/install/apriltag/share/apriltag/hook/pythonpath.ps1'
[1.857s] INFO:colcon.colcon_core.shell:Creating environment descriptor '/home/team100/team_ws/install/apriltag/share/apriltag/hook/pythonpath.dsv'
[1.858s] INFO:colcon.colcon_core.shell:Creating environment hook '/home/team100/team_ws/install/apriltag/share/apriltag/hook/pythonpath.sh'
[1.860s] Level 1:colcon.colcon_core.environment:checking '/home/team100/team_ws/install/apriltag/bin'
[1.861s] Level 1:colcon.colcon_core.shell:create_environment_hook('apriltag', 'pythonscriptspath')
[1.861s] INFO:colcon.colcon_core.shell:Creating environment hook '/home/team100/team_ws/install/apriltag/share/apriltag/hook/pythonscriptspath.ps1'
[1.863s] INFO:colcon.colcon_core.shell:Creating environment descriptor '/home/team100/team_ws/install/apriltag/share/apriltag/hook/pythonscriptspath.dsv'
[1.864s] INFO:colcon.colcon_core.shell:Creating environment hook '/home/team100/team_ws/install/apriltag/share/apriltag/hook/pythonscriptspath.sh'
[1.866s] INFO:colcon.colcon_core.shell:Creating package script '/home/team100/team_ws/install/apriltag/share/apriltag/package.ps1'
[1.869s] INFO:colcon.colcon_core.shell:Creating package descriptor '/home/team100/team_ws/install/apriltag/share/apriltag/package.dsv'
[1.872s] INFO:colcon.colcon_core.shell:Creating package script '/home/team100/team_ws/install/apriltag/share/apriltag/package.sh'
[1.874s] INFO:colcon.colcon_core.shell:Creating package script '/home/team100/team_ws/install/apriltag/share/apriltag/package.bash'
[1.876s] INFO:colcon.colcon_core.shell:Creating package script '/home/team100/team_ws/install/apriltag/share/apriltag/package.zsh'
[1.878s] Level 1:colcon.colcon_core.environment:create_file_with_runtime_dependencies(/home/team100/team_ws/install/apriltag/share/colcon-core/packages/apriltag)
[2.359s] DEBUG:colcon.colcon_core.event_handler.log_command:Invoking command in '/home/team100/team_ws/build/e116': PYTHONPATH=/home/team100/team_ws/build/e116/prefix_override:/usr/lib/python3/dist-packages/colcon_core/task/python/colcon_distutils_commands:/home/team100/team_ws/install/e116/lib/python3.10/site-packages:${PYTHONPATH} /usr/bin/python3 -W ignore:setup.py install is deprecated -W ignore:easy_install command is deprecated setup.py develop --uninstall --editable --build-directory /home/team100/team_ws/build/e116/build
[3.447s] DEBUG:colcon.colcon_core.event_handler.log_command:Invoked command in '/home/team100/team_ws/build/e116' returned '0': PYTHONPATH=/home/team100/team_ws/build/e116/prefix_override:/usr/lib/python3/dist-packages/colcon_core/task/python/colcon_distutils_commands:/home/team100/team_ws/install/e116/lib/python3.10/site-packages:${PYTHONPATH} /usr/bin/python3 -W ignore:setup.py install is deprecated -W ignore:easy_install command is deprecated setup.py develop --uninstall --editable --build-directory /home/team100/team_ws/build/e116/build
[3.452s] DEBUG:colcon.colcon_core.event_handler.log_command:Invoking command in '/home/team100/team_ws/src/e116': PYTHONPATH=/home/team100/team_ws/build/e116/prefix_override:/usr/lib/python3/dist-packages/colcon_core/task/python/colcon_distutils_commands:/home/team100/team_ws/install/e116/lib/python3.10/site-packages:${PYTHONPATH} /usr/bin/python3 -W ignore:setup.py install is deprecated -W ignore:easy_install command is deprecated setup.py egg_info --egg-base ../../build/e116 build --build-base /home/team100/team_ws/build/e116/build install --record /home/team100/team_ws/build/e116/install.log --single-version-externally-managed install_data --force
[3.677s] DEBUG:colcon.colcon_core.event_handler.log_command:Invoked command in '/home/team100/team_ws/build/apriltag_msgs' returned '0': CMAKE_PREFIX_PATH=${CMAKE_PREFIX_PATH}:/home/team100/team_ws/install/e116:/opt/ros/humble /usr/bin/cmake /home/team100/team_ws/src/apriltag_msgs -DCMAKE_INSTALL_PREFIX=/home/team100/team_ws/install/apriltag_msgs
[3.680s] DEBUG:colcon.colcon_core.event_handler.log_command:Invoking command in '/home/team100/team_ws/build/apriltag_msgs': CMAKE_PREFIX_PATH=${CMAKE_PREFIX_PATH}:/home/team100/team_ws/install/e116:/opt/ros/humble /usr/bin/cmake --build /home/team100/team_ws/build/apriltag_msgs -- -j6 -l6
[4.174s] Level 1:colcon.colcon_core.environment:checking '/home/team100/team_ws/install/e116' for CMake module files
[4.176s] DEBUG:colcon.colcon_core.event_handler.log_command:Invoked command in '/home/team100/team_ws/src/e116' returned '0': PYTHONPATH=/home/team100/team_ws/build/e116/prefix_override:/usr/lib/python3/dist-packages/colcon_core/task/python/colcon_distutils_commands:/home/team100/team_ws/install/e116/lib/python3.10/site-packages:${PYTHONPATH} /usr/bin/python3 -W ignore:setup.py install is deprecated -W ignore:easy_install command is deprecated setup.py egg_info --egg-base ../../build/e116 build --build-base /home/team100/team_ws/build/e116/build install --record /home/team100/team_ws/build/e116/install.log --single-version-externally-managed install_data --force
[4.177s] Level 1:colcon.colcon_core.environment:checking '/home/team100/team_ws/install/e116' for CMake config files
[4.179s] Level 1:colcon.colcon_core.environment:checking '/home/team100/team_ws/install/e116/lib'
[4.180s] Level 1:colcon.colcon_core.environment:checking '/home/team100/team_ws/install/e116/bin'
[4.180s] Level 1:colcon.colcon_core.environment:checking '/home/team100/team_ws/install/e116/lib/pkgconfig/e116.pc'
[4.181s] Level 1:colcon.colcon_core.environment:checking '/home/team100/team_ws/install/e116/lib/python3.10/site-packages'
[4.181s] Level 1:colcon.colcon_core.shell:create_environment_hook('e116', 'pythonpath')
[4.182s] INFO:colcon.colcon_core.shell:Creating environment hook '/home/team100/team_ws/install/e116/share/e116/hook/pythonpath.ps1'
[4.183s] INFO:colcon.colcon_core.shell:Creating environment descriptor '/home/team100/team_ws/install/e116/share/e116/hook/pythonpath.dsv'
[4.185s] INFO:colcon.colcon_core.shell:Creating environment hook '/home/team100/team_ws/install/e116/share/e116/hook/pythonpath.sh'
[4.187s] Level 1:colcon.colcon_core.environment:checking '/home/team100/team_ws/install/e116/bin'
[4.188s] Level 1:colcon.colcon_core.environment:create_environment_scripts_only(e116)
[4.189s] INFO:colcon.colcon_core.shell:Creating package script '/home/team100/team_ws/install/e116/share/e116/package.ps1'
[4.191s] INFO:colcon.colcon_core.shell:Creating package descriptor '/home/team100/team_ws/install/e116/share/e116/package.dsv'
[4.193s] INFO:colcon.colcon_core.shell:Creating package script '/home/team100/team_ws/install/e116/share/e116/package.sh'
[4.195s] INFO:colcon.colcon_core.shell:Creating package script '/home/team100/team_ws/install/e116/share/e116/package.bash'
[4.196s] INFO:colcon.colcon_core.shell:Creating package script '/home/team100/team_ws/install/e116/share/e116/package.zsh'
[4.197s] Level 1:colcon.colcon_core.environment:create_file_with_runtime_dependencies(/home/team100/team_ws/install/e116/share/colcon-core/packages/e116)
[4.525s] DEBUG:colcon.colcon_core.event_handler.log_command:Invoked command in '/home/team100/team_ws/build/apriltag_msgs' returned '0': CMAKE_PREFIX_PATH=${CMAKE_PREFIX_PATH}:/home/team100/team_ws/install/e116:/opt/ros/humble /usr/bin/cmake --build /home/team100/team_ws/build/apriltag_msgs -- -j6 -l6
[4.530s] DEBUG:colcon.colcon_core.event_handler.log_command:Invoking command in '/home/team100/team_ws/build/apriltag_msgs': CMAKE_PREFIX_PATH=${CMAKE_PREFIX_PATH}:/home/team100/team_ws/install/e116:/opt/ros/humble /usr/bin/cmake --install /home/team100/team_ws/build/apriltag_msgs
[4.695s] Level 1:colcon.colcon_core.environment:create_environment_scripts_only(apriltag_msgs)
[4.696s] Level 1:colcon.colcon_core.environment:checking '/home/team100/team_ws/install/apriltag_msgs' for CMake module files
[4.698s] DEBUG:colcon.colcon_core.event_handler.log_command:Invoked command in '/home/team100/team_ws/build/apriltag_msgs' returned '0': CMAKE_PREFIX_PATH=${CMAKE_PREFIX_PATH}:/home/team100/team_ws/install/e116:/opt/ros/humble /usr/bin/cmake --install /home/team100/team_ws/build/apriltag_msgs
[4.700s] Level 1:colcon.colcon_core.environment:checking '/home/team100/team_ws/install/apriltag_msgs' for CMake config files
[4.702s] Level 1:colcon.colcon_core.shell:create_environment_hook('apriltag_msgs', 'cmake_prefix_path')
[4.703s] INFO:colcon.colcon_core.shell:Creating environment hook '/home/team100/team_ws/install/apriltag_msgs/share/apriltag_msgs/hook/cmake_prefix_path.ps1'
[4.705s] INFO:colcon.colcon_core.shell:Creating environment descriptor '/home/team100/team_ws/install/apriltag_msgs/share/apriltag_msgs/hook/cmake_prefix_path.dsv'
[4.706s] INFO:colcon.colcon_core.shell:Creating environment hook '/home/team100/team_ws/install/apriltag_msgs/share/apriltag_msgs/hook/cmake_prefix_path.sh'
[4.708s] Level 1:colcon.colcon_core.environment:checking '/home/team100/team_ws/install/apriltag_msgs/lib'
[4.708s] Level 1:colcon.colcon_core.shell:create_environment_hook('apriltag_msgs', 'ld_library_path_lib')
[4.709s] INFO:colcon.colcon_core.shell:Creating environment hook '/home/team100/team_ws/install/apriltag_msgs/share/apriltag_msgs/hook/ld_library_path_lib.ps1'
[4.711s] INFO:colcon.colcon_core.shell:Creating environment descriptor '/home/team100/team_ws/install/apriltag_msgs/share/apriltag_msgs/hook/ld_library_path_lib.dsv'
[4.712s] INFO:colcon.colcon_core.shell:Creating environment hook '/home/team100/team_ws/install/apriltag_msgs/share/apriltag_msgs/hook/ld_library_path_lib.sh'
[4.714s] Level 1:colcon.colcon_core.environment:checking '/home/team100/team_ws/install/apriltag_msgs/bin'
[4.714s] Level 1:colcon.colcon_core.environment:checking '/home/team100/team_ws/install/apriltag_msgs/lib/pkgconfig/apriltag_msgs.pc'
[4.715s] Level 1:colcon.colcon_core.environment:checking '/home/team100/team_ws/install/apriltag_msgs/lib/python3.10/site-packages'
[4.716s] Level 1:colcon.colcon_core.environment:checking '/home/team100/team_ws/install/apriltag_msgs/bin'
[4.717s] INFO:colcon.colcon_core.shell:Creating package script '/home/team100/team_ws/install/apriltag_msgs/share/apriltag_msgs/package.ps1'
[4.719s] INFO:colcon.colcon_core.shell:Creating package descriptor '/home/team100/team_ws/install/apriltag_msgs/share/apriltag_msgs/package.dsv'
[4.721s] INFO:colcon.colcon_core.shell:Creating package script '/home/team100/team_ws/install/apriltag_msgs/share/apriltag_msgs/package.sh'
[4.723s] INFO:colcon.colcon_core.shell:Creating package script '/home/team100/team_ws/install/apriltag_msgs/share/apriltag_msgs/package.bash'
[4.724s] INFO:colcon.colcon_core.shell:Creating package script '/home/team100/team_ws/install/apriltag_msgs/share/apriltag_msgs/package.zsh'
[4.726s] Level 1:colcon.colcon_core.environment:create_file_with_runtime_dependencies(/home/team100/team_ws/install/apriltag_msgs/share/colcon-core/packages/apriltag_msgs)
[4.728s] Level 1:colcon.colcon_core.environment:create_environment_scripts_only(apriltag_msgs)
[4.729s] Level 1:colcon.colcon_core.environment:checking '/home/team100/team_ws/install/apriltag_msgs' for CMake module files
[4.731s] Level 1:colcon.colcon_core.environment:checking '/home/team100/team_ws/install/apriltag_msgs' for CMake config files
[4.733s] Level 1:colcon.colcon_core.shell:create_environment_hook('apriltag_msgs', 'cmake_prefix_path')
[4.734s] INFO:colcon.colcon_core.shell:Creating environment hook '/home/team100/team_ws/install/apriltag_msgs/share/apriltag_msgs/hook/cmake_prefix_path.ps1'
[4.735s] INFO:colcon.colcon_core.shell:Creating environment descriptor '/home/team100/team_ws/install/apriltag_msgs/share/apriltag_msgs/hook/cmake_prefix_path.dsv'
[4.737s] INFO:colcon.colcon_core.shell:Creating environment hook '/home/team100/team_ws/install/apriltag_msgs/share/apriltag_msgs/hook/cmake_prefix_path.sh'
[4.739s] Level 1:colcon.colcon_core.environment:checking '/home/team100/team_ws/install/apriltag_msgs/lib'
[4.739s] Level 1:colcon.colcon_core.shell:create_environment_hook('apriltag_msgs', 'ld_library_path_lib')
[4.740s] INFO:colcon.colcon_core.shell:Creating environment hook '/home/team100/team_ws/install/apriltag_msgs/share/apriltag_msgs/hook/ld_library_path_lib.ps1'
[4.741s] INFO:colcon.colcon_core.shell:Creating environment descriptor '/home/team100/team_ws/install/apriltag_msgs/share/apriltag_msgs/hook/ld_library_path_lib.dsv'
[4.743s] INFO:colcon.colcon_core.shell:Creating environment hook '/home/team100/team_ws/install/apriltag_msgs/share/apriltag_msgs/hook/ld_library_path_lib.sh'
[4.744s] Level 1:colcon.colcon_core.environment:checking '/home/team100/team_ws/install/apriltag_msgs/bin'
[4.744s] Level 1:colcon.colcon_core.environment:checking '/home/team100/team_ws/install/apriltag_msgs/lib/pkgconfig/apriltag_msgs.pc'
[4.745s] Level 1:colcon.colcon_core.environment:checking '/home/team100/team_ws/install/apriltag_msgs/lib/python3.10/site-packages'
[4.746s] Level 1:colcon.colcon_core.environment:checking '/home/team100/team_ws/install/apriltag_msgs/bin'
[4.747s] INFO:colcon.colcon_core.shell:Creating package script '/home/team100/team_ws/install/apriltag_msgs/share/apriltag_msgs/package.ps1'
[4.749s] INFO:colcon.colcon_core.shell:Creating package descriptor '/home/team100/team_ws/install/apriltag_msgs/share/apriltag_msgs/package.dsv'
[4.751s] INFO:colcon.colcon_core.shell:Creating package script '/home/team100/team_ws/install/apriltag_msgs/share/apriltag_msgs/package.sh'
[4.752s] INFO:colcon.colcon_core.shell:Creating package script '/home/team100/team_ws/install/apriltag_msgs/share/apriltag_msgs/package.bash'
[4.754s] INFO:colcon.colcon_core.shell:Creating package script '/home/team100/team_ws/install/apriltag_msgs/share/apriltag_msgs/package.zsh'
[4.755s] Level 1:colcon.colcon_core.environment:create_file_with_runtime_dependencies(/home/team100/team_ws/install/apriltag_msgs/share/colcon-core/packages/apriltag_msgs)
[4.756s] INFO:colcon.colcon_ros.task.ament_cmake.build:Building ROS package in '/home/team100/team_ws/src/apriltag_ros' with build type 'ament_cmake'
[4.757s] INFO:colcon.colcon_cmake.task.cmake.build:Building CMake package in '/home/team100/team_ws/src/apriltag_ros'
[4.758s] INFO:colcon.colcon_core.shell:Skip shell extension 'powershell' for command environment: Not usable outside of PowerShell
[4.758s] DEBUG:colcon.colcon_core.shell:Skip shell extension 'dsv' for command environment
[4.790s] DEBUG:colcon.colcon_core.event_handler.log_command:Invoking command in '/home/team100/team_ws/build/apriltag_ros': CMAKE_PREFIX_PATH=/home/team100/team_ws/install/apriltag_msgs:/home/team100/team_ws/install/apriltag:/home/team100/team_ws/install/apriltag_ros:/home/team100/team_ws/install/e116:/opt/ros/humble LD_LIBRARY_PATH=/home/team100/team_ws/install/apriltag_msgs/lib:/home/team100/team_ws/install/apriltag/lib:/home/team100/team_ws/install/apriltag_ros/lib:/opt/ros/humble/opt/rviz_ogre_vendor/lib:/opt/ros/humble/lib/aarch64-linux-gnu:/opt/ros/humble/lib PYTHONPATH=/home/team100/team_ws/install/apriltag/lib/python3.10/site-packages:/home/team100/team_ws/build/e116:/home/team100/team_ws/install/e116/lib/python3.10/site-packages:/home/team100/team_ws/install/apriltag_msgs/local/lib/python3.10/dist-packages:/opt/ros/humble/lib/python3.10/site-packages:/opt/ros/humble/local/lib/python3.10/dist-packages /usr/bin/cmake /home/team100/team_ws/src/apriltag_ros -DCMAKE_INSTALL_PREFIX=/home/team100/team_ws/install/apriltag_ros
[6.208s] DEBUG:colcon.colcon_core.event_handler.log_command:Invoked command in '/home/team100/team_ws/build/apriltag_ros' returned '0': CMAKE_PREFIX_PATH=/home/team100/team_ws/install/apriltag_msgs:/home/team100/team_ws/install/apriltag:/home/team100/team_ws/install/apriltag_ros:/home/team100/team_ws/install/e116:/opt/ros/humble LD_LIBRARY_PATH=/home/team100/team_ws/install/apriltag_msgs/lib:/home/team100/team_ws/install/apriltag/lib:/home/team100/team_ws/install/apriltag_ros/lib:/opt/ros/humble/opt/rviz_ogre_vendor/lib:/opt/ros/humble/lib/aarch64-linux-gnu:/opt/ros/humble/lib PYTHONPATH=/home/team100/team_ws/install/apriltag/lib/python3.10/site-packages:/home/team100/team_ws/build/e116:/home/team100/team_ws/install/e116/lib/python3.10/site-packages:/home/team100/team_ws/install/apriltag_msgs/local/lib/python3.10/dist-packages:/opt/ros/humble/lib/python3.10/site-packages:/opt/ros/humble/local/lib/python3.10/dist-packages /usr/bin/cmake /home/team100/team_ws/src/apriltag_ros -DCMAKE_INSTALL_PREFIX=/home/team100/team_ws/install/apriltag_ros
[6.213s] DEBUG:colcon.colcon_core.event_handler.log_command:Invoking command in '/home/team100/team_ws/build/apriltag_ros': CMAKE_PREFIX_PATH=/home/team100/team_ws/install/apriltag_msgs:/home/team100/team_ws/install/apriltag:/home/team100/team_ws/install/apriltag_ros:/home/team100/team_ws/install/e116:/opt/ros/humble LD_LIBRARY_PATH=/home/team100/team_ws/install/apriltag_msgs/lib:/home/team100/team_ws/install/apriltag/lib:/home/team100/team_ws/install/apriltag_ros/lib:/opt/ros/humble/opt/rviz_ogre_vendor/lib:/opt/ros/humble/lib/aarch64-linux-gnu:/opt/ros/humble/lib PYTHONPATH=/home/team100/team_ws/install/apriltag/lib/python3.10/site-packages:/home/team100/team_ws/build/e116:/home/team100/team_ws/install/e116/lib/python3.10/site-packages:/home/team100/team_ws/install/apriltag_msgs/local/lib/python3.10/dist-packages:/opt/ros/humble/lib/python3.10/site-packages:/opt/ros/humble/local/lib/python3.10/dist-packages /usr/bin/cmake --build /home/team100/team_ws/build/apriltag_ros -- -j6 -l6
[6.472s] DEBUG:colcon.colcon_core.event_handler.log_command:Invoked command in '/home/team100/team_ws/build/apriltag_ros' returned '0': CMAKE_PREFIX_PATH=/home/team100/team_ws/install/apriltag_msgs:/home/team100/team_ws/install/apriltag:/home/team100/team_ws/install/apriltag_ros:/home/team100/team_ws/install/e116:/opt/ros/humble LD_LIBRARY_PATH=/home/team100/team_ws/install/apriltag_msgs/lib:/home/team100/team_ws/install/apriltag/lib:/home/team100/team_ws/install/apriltag_ros/lib:/opt/ros/humble/opt/rviz_ogre_vendor/lib:/opt/ros/humble/lib/aarch64-linux-gnu:/opt/ros/humble/lib PYTHONPATH=/home/team100/team_ws/install/apriltag/lib/python3.10/site-packages:/home/team100/team_ws/build/e116:/home/team100/team_ws/install/e116/lib/python3.10/site-packages:/home/team100/team_ws/install/apriltag_msgs/local/lib/python3.10/dist-packages:/opt/ros/humble/lib/python3.10/site-packages:/opt/ros/humble/local/lib/python3.10/dist-packages /usr/bin/cmake --build /home/team100/team_ws/build/apriltag_ros -- -j6 -l6
[6.477s] DEBUG:colcon.colcon_core.event_handler.log_command:Invoking command in '/home/team100/team_ws/build/apriltag_ros': CMAKE_PREFIX_PATH=/home/team100/team_ws/install/apriltag_msgs:/home/team100/team_ws/install/apriltag:/home/team100/team_ws/install/apriltag_ros:/home/team100/team_ws/install/e116:/opt/ros/humble LD_LIBRARY_PATH=/home/team100/team_ws/install/apriltag_msgs/lib:/home/team100/team_ws/install/apriltag/lib:/home/team100/team_ws/install/apriltag_ros/lib:/opt/ros/humble/opt/rviz_ogre_vendor/lib:/opt/ros/humble/lib/aarch64-linux-gnu:/opt/ros/humble/lib PYTHONPATH=/home/team100/team_ws/install/apriltag/lib/python3.10/site-packages:/home/team100/team_ws/build/e116:/home/team100/team_ws/install/e116/lib/python3.10/site-packages:/home/team100/team_ws/install/apriltag_msgs/local/lib/python3.10/dist-packages:/opt/ros/humble/lib/python3.10/site-packages:/opt/ros/humble/local/lib/python3.10/dist-packages /usr/bin/cmake --install /home/team100/team_ws/build/apriltag_ros
[6.523s] Level 1:colcon.colcon_core.environment:create_environment_scripts_only(apriltag_ros)
[6.523s] Level 1:colcon.colcon_core.environment:checking '/home/team100/team_ws/install/apriltag_ros' for CMake module files
[6.525s] DEBUG:colcon.colcon_core.event_handler.log_command:Invoked command in '/home/team100/team_ws/build/apriltag_ros' returned '0': CMAKE_PREFIX_PATH=/home/team100/team_ws/install/apriltag_msgs:/home/team100/team_ws/install/apriltag:/home/team100/team_ws/install/apriltag_ros:/home/team100/team_ws/install/e116:/opt/ros/humble LD_LIBRARY_PATH=/home/team100/team_ws/install/apriltag_msgs/lib:/home/team100/team_ws/install/apriltag/lib:/home/team100/team_ws/install/apriltag_ros/lib:/opt/ros/humble/opt/rviz_ogre_vendor/lib:/opt/ros/humble/lib/aarch64-linux-gnu:/opt/ros/humble/lib PYTHONPATH=/home/team100/team_ws/install/apriltag/lib/python3.10/site-packages:/home/team100/team_ws/build/e116:/home/team100/team_ws/install/e116/lib/python3.10/site-packages:/home/team100/team_ws/install/apriltag_msgs/local/lib/python3.10/dist-packages:/opt/ros/humble/lib/python3.10/site-packages:/opt/ros/humble/local/lib/python3.10/dist-packages /usr/bin/cmake --install /home/team100/team_ws/build/apriltag_ros
[6.526s] Level 1:colcon.colcon_core.environment:checking '/home/team100/team_ws/install/apriltag_ros' for CMake config files
[6.526s] Level 1:colcon.colcon_core.shell:create_environment_hook('apriltag_ros', 'cmake_prefix_path')
[6.527s] INFO:colcon.colcon_core.shell:Creating environment hook '/home/team100/team_ws/install/apriltag_ros/share/apriltag_ros/hook/cmake_prefix_path.ps1'
[6.529s] INFO:colcon.colcon_core.shell:Creating environment descriptor '/home/team100/team_ws/install/apriltag_ros/share/apriltag_ros/hook/cmake_prefix_path.dsv'
[6.530s] INFO:colcon.colcon_core.shell:Creating environment hook '/home/team100/team_ws/install/apriltag_ros/share/apriltag_ros/hook/cmake_prefix_path.sh'
[6.532s] Level 1:colcon.colcon_core.environment:checking '/home/team100/team_ws/install/apriltag_ros/lib'
[6.533s] Level 1:colcon.colcon_core.shell:create_environment_hook('apriltag_ros', 'ld_library_path_lib')
[6.533s] INFO:colcon.colcon_core.shell:Creating environment hook '/home/team100/team_ws/install/apriltag_ros/share/apriltag_ros/hook/ld_library_path_lib.ps1'
[6.535s] INFO:colcon.colcon_core.shell:Creating environment descriptor '/home/team100/team_ws/install/apriltag_ros/share/apriltag_ros/hook/ld_library_path_lib.dsv'
[6.536s] INFO:colcon.colcon_core.shell:Creating environment hook '/home/team100/team_ws/install/apriltag_ros/share/apriltag_ros/hook/ld_library_path_lib.sh'
[6.538s] Level 1:colcon.colcon_core.environment:checking '/home/team100/team_ws/install/apriltag_ros/bin'
[6.538s] Level 1:colcon.colcon_core.environment:checking '/home/team100/team_ws/install/apriltag_ros/lib/pkgconfig/apriltag_ros.pc'
[6.539s] Level 1:colcon.colcon_core.environment:checking '/home/team100/team_ws/install/apriltag_ros/lib/python3.10/site-packages'
[6.540s] Level 1:colcon.colcon_core.environment:checking '/home/team100/team_ws/install/apriltag_ros/bin'
[6.541s] INFO:colcon.colcon_core.shell:Creating package script '/home/team100/team_ws/install/apriltag_ros/share/apriltag_ros/package.ps1'
[6.543s] INFO:colcon.colcon_core.shell:Creating package descriptor '/home/team100/team_ws/install/apriltag_ros/share/apriltag_ros/package.dsv'
[6.545s] INFO:colcon.colcon_core.shell:Creating package script '/home/team100/team_ws/install/apriltag_ros/share/apriltag_ros/package.sh'
[6.547s] INFO:colcon.colcon_core.shell:Creating package script '/home/team100/team_ws/install/apriltag_ros/share/apriltag_ros/package.bash'
[6.548s] INFO:colcon.colcon_core.shell:Creating package script '/home/team100/team_ws/install/apriltag_ros/share/apriltag_ros/package.zsh'
[6.549s] Level 1:colcon.colcon_core.environment:create_file_with_runtime_dependencies(/home/team100/team_ws/install/apriltag_ros/share/colcon-core/packages/apriltag_ros)
[6.552s] Level 1:colcon.colcon_core.environment:create_environment_scripts_only(apriltag_ros)
[6.552s] Level 1:colcon.colcon_core.environment:checking '/home/team100/team_ws/install/apriltag_ros' for CMake module files
[6.554s] Level 1:colcon.colcon_core.environment:checking '/home/team100/team_ws/install/apriltag_ros' for CMake config files
[6.555s] Level 1:colcon.colcon_core.shell:create_environment_hook('apriltag_ros', 'cmake_prefix_path')
[6.555s] INFO:colcon.colcon_core.shell:Creating environment hook '/home/team100/team_ws/install/apriltag_ros/share/apriltag_ros/hook/cmake_prefix_path.ps1'
[6.557s] INFO:colcon.colcon_core.shell:Creating environment descriptor '/home/team100/team_ws/install/apriltag_ros/share/apriltag_ros/hook/cmake_prefix_path.dsv'
[6.558s] INFO:colcon.colcon_core.shell:Creating environment hook '/home/team100/team_ws/install/apriltag_ros/share/apriltag_ros/hook/cmake_prefix_path.sh'
[6.560s] Level 1:colcon.colcon_core.environment:checking '/home/team100/team_ws/install/apriltag_ros/lib'
[6.561s] Level 1:colcon.colcon_core.shell:create_environment_hook('apriltag_ros', 'ld_library_path_lib')
[6.561s] INFO:colcon.colcon_core.shell:Creating environment hook '/home/team100/team_ws/install/apriltag_ros/share/apriltag_ros/hook/ld_library_path_lib.ps1'
[6.563s] INFO:colcon.colcon_core.shell:Creating environment descriptor '/home/team100/team_ws/install/apriltag_ros/share/apriltag_ros/hook/ld_library_path_lib.dsv'
[6.564s] INFO:colcon.colcon_core.shell:Creating environment hook '/home/team100/team_ws/install/apriltag_ros/share/apriltag_ros/hook/ld_library_path_lib.sh'
[6.566s] Level 1:colcon.colcon_core.environment:checking '/home/team100/team_ws/install/apriltag_ros/bin'
[6.566s] Level 1:colcon.colcon_core.environment:checking '/home/team100/team_ws/install/apriltag_ros/lib/pkgconfig/apriltag_ros.pc'
[6.567s] Level 1:colcon.colcon_core.environment:checking '/home/team100/team_ws/install/apriltag_ros/lib/python3.10/site-packages'
[6.568s] Level 1:colcon.colcon_core.environment:checking '/home/team100/team_ws/install/apriltag_ros/bin'
[6.569s] INFO:colcon.colcon_core.shell:Creating package script '/home/team100/team_ws/install/apriltag_ros/share/apriltag_ros/package.ps1'
[6.571s] INFO:colcon.colcon_core.shell:Creating package descriptor '/home/team100/team_ws/install/apriltag_ros/share/apriltag_ros/package.dsv'
[6.573s] INFO:colcon.colcon_core.shell:Creating package script '/home/team100/team_ws/install/apriltag_ros/share/apriltag_ros/package.sh'
[6.574s] INFO:colcon.colcon_core.shell:Creating package script '/home/team100/team_ws/install/apriltag_ros/share/apriltag_ros/package.bash'
[6.576s] INFO:colcon.colcon_core.shell:Creating package script '/home/team100/team_ws/install/apriltag_ros/share/apriltag_ros/package.zsh'
[6.577s] Level 1:colcon.colcon_core.environment:create_file_with_runtime_dependencies(/home/team100/team_ws/install/apriltag_ros/share/colcon-core/packages/apriltag_ros)
[6.578s] DEBUG:colcon.colcon_parallel_executor.executor.parallel:closing loop
[6.579s] DEBUG:colcon.colcon_parallel_executor.executor.parallel:loop closed
[6.579s] DEBUG:colcon.colcon_parallel_executor.executor.parallel:run_until_complete finished with '0'
[6.580s] DEBUG:colcon.colcon_core.event_reactor:joining thread
[6.599s] INFO:colcon.colcon_core.plugin_system:Skipping extension 'colcon_notification.desktop_notification.terminal_notifier': Not used on non-Darwin systems
[6.599s] INFO:colcon.colcon_core.plugin_system:Skipping extension 'colcon_notification.desktop_notification.win32': Not used on non-Windows systems
[6.599s] INFO:colcon.colcon_notification.desktop_notification:Sending desktop notification using 'notify2'
[6.642s] DEBUG:colcon.colcon_core.event_reactor:joined thread
[6.643s] INFO:colcon.colcon_core.shell:Creating prefix script '/home/team100/team_ws/install/local_setup.ps1'
[6.648s] INFO:colcon.colcon_core.shell:Creating prefix util module '/home/team100/team_ws/install/_local_setup_util_ps1.py'
[6.653s] INFO:colcon.colcon_core.shell:Creating prefix chain script '/home/team100/team_ws/install/setup.ps1'
[6.656s] INFO:colcon.colcon_core.shell:Creating prefix script '/home/team100/team_ws/install/local_setup.sh'
[6.658s] INFO:colcon.colcon_core.shell:Creating prefix util module '/home/team100/team_ws/install/_local_setup_util_sh.py'
[6.660s] INFO:colcon.colcon_core.shell:Creating prefix chain script '/home/team100/team_ws/install/setup.sh'
[6.664s] INFO:colcon.colcon_core.shell:Creating prefix script '/home/team100/team_ws/install/local_setup.bash'
[6.666s] INFO:colcon.colcon_core.shell:Creating prefix chain script '/home/team100/team_ws/install/setup.bash'
[6.670s] INFO:colcon.colcon_core.shell:Creating prefix script '/home/team100/team_ws/install/local_setup.zsh'
[6.671s] INFO:colcon.colcon_core.shell:Creating prefix chain script '/home/team100/team_ws/install/setup.zsh'
