[2.426s] Invoking command in '/home/team100/team_ws/src/e116': PYTHONPATH=/home/team100/team_ws/build/e116/prefix_override:/usr/lib/python3/dist-packages/colcon_core/task/python/colcon_distutils_commands:/home/team100/team_ws/install/e116/lib/python3.10/site-packages:${PYTHONPATH} /usr/bin/python3 -W ignore:setup.py install is deprecated -W ignore:easy_install command is deprecated setup.py egg_info --egg-base ../../build/e116 build --build-base /home/team100/team_ws/build/e116/build install --record /home/team100/team_ws/build/e116/install.log --single-version-externally-managed install_data
[2.987s] running egg_info
[2.988s] writing ../../build/e116/e116.egg-info/PKG-INFO
[2.990s] writing dependency_links to ../../build/e116/e116.egg-info/dependency_links.txt
[2.990s] writing entry points to ../../build/e116/e116.egg-info/entry_points.txt
[2.990s] writing requirements to ../../build/e116/e116.egg-info/requires.txt
[2.991s] writing top-level names to ../../build/e116/e116.egg-info/top_level.txt
[2.997s] reading manifest file '../../build/e116/e116.egg-info/SOURCES.txt'
[3.000s] writing manifest file '../../build/e116/e116.egg-info/SOURCES.txt'
[3.000s] running build
[3.000s] running build_py
[3.022s] copying e116/keyJoyTerminal.py -> /home/team100/team_ws/build/e116/build/lib/e116
[3.023s] running install
[3.024s] running install_lib
[3.029s] copying /home/team100/team_ws/build/e116/build/lib/e116/keyJoyTerminal.py -> /home/team100/team_ws/install/e116/lib/python3.10/site-packages/e116
[3.031s] byte-compiling /home/team100/team_ws/install/e116/lib/python3.10/site-packages/e116/keyJoyTerminal.py to keyJoyTerminal.cpython-310.pyc
[3.034s] running install_data
[3.056s] running install_egg_info
[3.061s] removing '/home/team100/team_ws/install/e116/lib/python3.10/site-packages/e116-0.0.1-py3.10.egg-info' (and everything under it)
[3.061s] Copying ../../build/e116/e116.egg-info to /home/team100/team_ws/install/e116/lib/python3.10/site-packages/e116-0.0.1-py3.10.egg-info
[3.066s] running install_scripts
[3.113s] Installing e116_racecar script to /home/team100/team_ws/install/e116/lib/e116
[3.114s] Installing keyJoy script to /home/team100/team_ws/install/e116/lib/e116
[3.114s] Installing keyJoyTerminal script to /home/team100/team_ws/install/e116/lib/e116
[3.115s] writing list of installed files to '/home/team100/team_ws/build/e116/install.log'
[3.193s] Invoked command in '/home/team100/team_ws/src/e116' returned '0': PYTHONPATH=/home/team100/team_ws/build/e116/prefix_override:/usr/lib/python3/dist-packages/colcon_core/task/python/colcon_distutils_commands:/home/team100/team_ws/install/e116/lib/python3.10/site-packages:${PYTHONPATH} /usr/bin/python3 -W ignore:setup.py install is deprecated -W ignore:easy_install command is deprecated setup.py egg_info --egg-base ../../build/e116 build --build-base /home/team100/team_ws/build/e116/build install --record /home/team100/team_ws/build/e116/install.log --single-version-externally-managed install_data
