[0.044s] Invoking command in '/home/team100/team_ws/build/apriltag_msgs': CMAKE_PREFIX_PATH=${CMAKE_PREFIX_PATH}:/home/team100/team_ws/install/e116:/opt/ros/humble /usr/bin/cmake --build /home/team100/team_ws/build/apriltag_msgs -- -j6 -l6
[0.333s] [  2%] Built target apriltag_msgs__cpp
[0.346s] [ 12%] Built target apriltag_msgs__rosidl_generator_c
[0.419s] [ 12%] Built target ament_cmake_python_symlink_apriltag_msgs
[0.456s] [ 23%] Built target apriltag_msgs__rosidl_typesupport_introspection_cpp
[0.520s] [ 34%] Built target apriltag_msgs__rosidl_typesupport_introspection_c
[0.566s] [ 44%] Built target apriltag_msgs__rosidl_typesupport_c
[0.654s] [ 55%] Built target apriltag_msgs__rosidl_typesupport_fastrtps_c
[0.737s] [ 65%] Built target apriltag_msgs__rosidl_typesupport_fastrtps_cpp
[0.788s] [ 76%] Built target apriltag_msgs__rosidl_typesupport_cpp
[0.836s] [ 76%] Built target apriltag_msgs
[0.886s] [ 78%] Built target apriltag_msgs__py
[1.040s] [ 87%] Built target apriltag_msgs__rosidl_generator_py
[1.137s] [ 91%] Built target apriltag_msgs__rosidl_typesupport_fastrtps_c__pyext
[1.304s] [ 95%] Built target apriltag_msgs__rosidl_typesupport_c__pyext
[1.385s] [100%] Built target apriltag_msgs__rosidl_typesupport_introspection_c__pyext
[1.437s] running egg_info
[1.444s] writing apriltag_msgs.egg-info/PKG-INFO
[1.445s] writing dependency_links to apriltag_msgs.egg-info/dependency_links.txt
[1.445s] writing top-level names to apriltag_msgs.egg-info/top_level.txt
[1.457s] reading manifest file 'apriltag_msgs.egg-info/SOURCES.txt'
[1.459s] writing manifest file 'apriltag_msgs.egg-info/SOURCES.txt'
[1.577s] [100%] Built target ament_cmake_python_build_apriltag_msgs_egg
[1.617s] Invoked command in '/home/team100/team_ws/build/apriltag_msgs' returned '0': CMAKE_PREFIX_PATH=${CMAKE_PREFIX_PATH}:/home/team100/team_ws/install/e116:/opt/ros/humble /usr/bin/cmake --build /home/team100/team_ws/build/apriltag_msgs -- -j6 -l6
[1.620s] Invoking command in '/home/team100/team_ws/build/apriltag_msgs': CMAKE_PREFIX_PATH=${CMAKE_PREFIX_PATH}:/home/team100/team_ws/install/e116:/opt/ros/humble /usr/bin/cmake --install /home/team100/team_ws/build/apriltag_msgs
[1.641s] -- Install configuration: ""
[1.642s] -- Execute custom install script
[1.642s] -- Up-to-date symlink: /home/team100/team_ws/install/apriltag_msgs/share/ament_index/resource_index/rosidl_interfaces/apriltag_msgs
[1.644s] -- Up-to-date symlink: /home/team100/team_ws/install/apriltag_msgs/include/apriltag_msgs/apriltag_msgs/msg/april_tag_detection.h
[1.644s] -- Up-to-date symlink: /home/team100/team_ws/install/apriltag_msgs/include/apriltag_msgs/apriltag_msgs/msg/april_tag_detection_array.h
[1.645s] -- Up-to-date symlink: /home/team100/team_ws/install/apriltag_msgs/include/apriltag_msgs/apriltag_msgs/msg/detail/april_tag_detection__functions.h
[1.645s] -- Up-to-date symlink: /home/team100/team_ws/install/apriltag_msgs/include/apriltag_msgs/apriltag_msgs/msg/detail/april_tag_detection__struct.h
[1.645s] -- Up-to-date symlink: /home/team100/team_ws/install/apriltag_msgs/include/apriltag_msgs/apriltag_msgs/msg/detail/april_tag_detection__type_support.h
[1.645s] -- Up-to-date symlink: /home/team100/team_ws/install/apriltag_msgs/include/apriltag_msgs/apriltag_msgs/msg/detail/april_tag_detection_array__functions.h
[1.646s] -- Up-to-date symlink: /home/team100/team_ws/install/apriltag_msgs/include/apriltag_msgs/apriltag_msgs/msg/detail/april_tag_detection_array__struct.h
[1.646s] -- Up-to-date symlink: /home/team100/team_ws/install/apriltag_msgs/include/apriltag_msgs/apriltag_msgs/msg/detail/april_tag_detection_array__type_support.h
[1.646s] -- Up-to-date symlink: /home/team100/team_ws/install/apriltag_msgs/include/apriltag_msgs/apriltag_msgs/msg/detail/point__functions.h
[1.647s] -- Up-to-date symlink: /home/team100/team_ws/install/apriltag_msgs/include/apriltag_msgs/apriltag_msgs/msg/detail/point__struct.h
[1.648s] -- Up-to-date symlink: /home/team100/team_ws/install/apriltag_msgs/include/apriltag_msgs/apriltag_msgs/msg/detail/point__type_support.h
[1.648s] -- Up-to-date symlink: /home/team100/team_ws/install/apriltag_msgs/include/apriltag_msgs/apriltag_msgs/msg/point.h
[1.648s] -- Up-to-date symlink: /home/team100/team_ws/install/apriltag_msgs/include/apriltag_msgs/apriltag_msgs/msg/rosidl_generator_c__visibility_control.h
[1.651s] -- Up-to-date symlink: /home/team100/team_ws/install/apriltag_msgs/share/apriltag_msgs/environment/library_path.sh
[1.652s] -- Up-to-date symlink: /home/team100/team_ws/install/apriltag_msgs/share/apriltag_msgs/environment/library_path.dsv
[1.652s] -- Up-to-date symlink: /home/team100/team_ws/install/apriltag_msgs/include/apriltag_msgs/apriltag_msgs/msg/detail/april_tag_detection__rosidl_typesupport_fastrtps_c.h
[1.652s] -- Up-to-date symlink: /home/team100/team_ws/install/apriltag_msgs/include/apriltag_msgs/apriltag_msgs/msg/detail/april_tag_detection_array__rosidl_typesupport_fastrtps_c.h
[1.652s] -- Up-to-date symlink: /home/team100/team_ws/install/apriltag_msgs/include/apriltag_msgs/apriltag_msgs/msg/detail/point__rosidl_typesupport_fastrtps_c.h
[1.652s] -- Up-to-date symlink: /home/team100/team_ws/install/apriltag_msgs/include/apriltag_msgs/apriltag_msgs/msg/rosidl_typesupport_fastrtps_c__visibility_control.h
[1.653s] -- Up-to-date symlink: /home/team100/team_ws/install/apriltag_msgs/include/apriltag_msgs/apriltag_msgs/msg/detail/april_tag_detection__rosidl_typesupport_introspection_c.h
[1.653s] -- Up-to-date symlink: /home/team100/team_ws/install/apriltag_msgs/include/apriltag_msgs/apriltag_msgs/msg/detail/april_tag_detection_array__rosidl_typesupport_introspection_c.h
[1.654s] -- Up-to-date symlink: /home/team100/team_ws/install/apriltag_msgs/include/apriltag_msgs/apriltag_msgs/msg/detail/point__rosidl_typesupport_introspection_c.h
[1.654s] -- Up-to-date symlink: /home/team100/team_ws/install/apriltag_msgs/include/apriltag_msgs/apriltag_msgs/msg/rosidl_typesupport_introspection_c__visibility_control.h
[1.654s] -- Up-to-date symlink: /home/team100/team_ws/install/apriltag_msgs/include/apriltag_msgs/apriltag_msgs/msg/april_tag_detection.hpp
[1.654s] -- Up-to-date symlink: /home/team100/team_ws/install/apriltag_msgs/include/apriltag_msgs/apriltag_msgs/msg/april_tag_detection_array.hpp
[1.662s] -- Up-to-date symlink: /home/team100/team_ws/install/apriltag_msgs/include/apriltag_msgs/apriltag_msgs/msg/detail/april_tag_detection__builder.hpp
[1.663s] -- Up-to-date symlink: /home/team100/team_ws/install/apriltag_msgs/include/apriltag_msgs/apriltag_msgs/msg/detail/april_tag_detection__struct.hpp
[1.663s] -- Up-to-date symlink: /home/team100/team_ws/install/apriltag_msgs/include/apriltag_msgs/apriltag_msgs/msg/detail/april_tag_detection__traits.hpp
[1.663s] -- Up-to-date symlink: /home/team100/team_ws/install/apriltag_msgs/include/apriltag_msgs/apriltag_msgs/msg/detail/april_tag_detection__type_support.hpp
[1.663s] -- Up-to-date symlink: /home/team100/team_ws/install/apriltag_msgs/include/apriltag_msgs/apriltag_msgs/msg/detail/april_tag_detection_array__builder.hpp
[1.664s] -- Up-to-date symlink: /home/team100/team_ws/install/apriltag_msgs/include/apriltag_msgs/apriltag_msgs/msg/detail/april_tag_detection_array__struct.hpp
[1.664s] -- Up-to-date symlink: /home/team100/team_ws/install/apriltag_msgs/include/apriltag_msgs/apriltag_msgs/msg/detail/april_tag_detection_array__traits.hpp
[1.664s] -- Up-to-date symlink: /home/team100/team_ws/install/apriltag_msgs/include/apriltag_msgs/apriltag_msgs/msg/detail/april_tag_detection_array__type_support.hpp
[1.664s] -- Up-to-date symlink: /home/team100/team_ws/install/apriltag_msgs/include/apriltag_msgs/apriltag_msgs/msg/detail/point__builder.hpp
[1.664s] -- Up-to-date symlink: /home/team100/team_ws/install/apriltag_msgs/include/apriltag_msgs/apriltag_msgs/msg/detail/point__struct.hpp
[1.665s] -- Up-to-date symlink: /home/team100/team_ws/install/apriltag_msgs/include/apriltag_msgs/apriltag_msgs/msg/detail/point__traits.hpp
[1.665s] -- Up-to-date symlink: /home/team100/team_ws/install/apriltag_msgs/include/apriltag_msgs/apriltag_msgs/msg/detail/point__type_support.hpp
[1.668s] -- Up-to-date symlink: /home/team100/team_ws/install/apriltag_msgs/include/apriltag_msgs/apriltag_msgs/msg/point.hpp
[1.668s] -- Up-to-date symlink: /home/team100/team_ws/install/apriltag_msgs/include/apriltag_msgs/apriltag_msgs/msg/rosidl_generator_cpp__visibility_control.hpp
[1.668s] -- Up-to-date symlink: /home/team100/team_ws/install/apriltag_msgs/include/apriltag_msgs/apriltag_msgs/msg/detail/april_tag_detection__rosidl_typesupport_fastrtps_cpp.hpp
[1.669s] -- Up-to-date symlink: /home/team100/team_ws/install/apriltag_msgs/include/apriltag_msgs/apriltag_msgs/msg/detail/april_tag_detection_array__rosidl_typesupport_fastrtps_cpp.hpp
[1.669s] -- Up-to-date symlink: /home/team100/team_ws/install/apriltag_msgs/include/apriltag_msgs/apriltag_msgs/msg/detail/point__rosidl_typesupport_fastrtps_cpp.hpp
[1.670s] -- Up-to-date symlink: /home/team100/team_ws/install/apriltag_msgs/include/apriltag_msgs/apriltag_msgs/msg/rosidl_typesupport_fastrtps_cpp__visibility_control.h
[1.671s] -- Up-to-date symlink: /home/team100/team_ws/install/apriltag_msgs/include/apriltag_msgs/apriltag_msgs/msg/detail/april_tag_detection__rosidl_typesupport_introspection_cpp.hpp
[1.671s] -- Up-to-date symlink: /home/team100/team_ws/install/apriltag_msgs/include/apriltag_msgs/apriltag_msgs/msg/detail/april_tag_detection_array__rosidl_typesupport_introspection_cpp.hpp
[1.671s] -- Up-to-date symlink: /home/team100/team_ws/install/apriltag_msgs/include/apriltag_msgs/apriltag_msgs/msg/detail/point__rosidl_typesupport_introspection_cpp.hpp
[1.672s] -- Up-to-date symlink: /home/team100/team_ws/install/apriltag_msgs/share/apriltag_msgs/environment/pythonpath.sh
[1.673s] -- Up-to-date symlink: /home/team100/team_ws/install/apriltag_msgs/share/apriltag_msgs/environment/pythonpath.dsv
[1.673s] -- Up-to-date symlink: /home/team100/team_ws/install/apriltag_msgs/local/lib/python3.10/dist-packages/apriltag_msgs-2.0.1-py3.10.egg-info/PKG-INFO
[1.674s] -- Up-to-date symlink: /home/team100/team_ws/install/apriltag_msgs/local/lib/python3.10/dist-packages/apriltag_msgs-2.0.1-py3.10.egg-info/SOURCES.txt
[1.679s] -- Up-to-date symlink: /home/team100/team_ws/install/apriltag_msgs/local/lib/python3.10/dist-packages/apriltag_msgs-2.0.1-py3.10.egg-info/dependency_links.txt
[1.680s] -- Up-to-date symlink: /home/team100/team_ws/install/apriltag_msgs/local/lib/python3.10/dist-packages/apriltag_msgs-2.0.1-py3.10.egg-info/top_level.txt
[1.680s] -- Up-to-date symlink: /home/team100/team_ws/install/apriltag_msgs/local/lib/python3.10/dist-packages/apriltag_msgs/__init__.py
[1.680s] -- Up-to-date symlink: /home/team100/team_ws/install/apriltag_msgs/local/lib/python3.10/dist-packages/apriltag_msgs/_apriltag_msgs_s.ep.rosidl_typesupport_c.c
[1.680s] -- Up-to-date symlink: /home/team100/team_ws/install/apriltag_msgs/local/lib/python3.10/dist-packages/apriltag_msgs/_apriltag_msgs_s.ep.rosidl_typesupport_fastrtps_c.c
[1.680s] -- Up-to-date symlink: /home/team100/team_ws/install/apriltag_msgs/local/lib/python3.10/dist-packages/apriltag_msgs/_apriltag_msgs_s.ep.rosidl_typesupport_introspection_c.c
[1.680s] -- Up-to-date symlink: /home/team100/team_ws/install/apriltag_msgs/local/lib/python3.10/dist-packages/apriltag_msgs/apriltag_msgs_s__rosidl_typesupport_c.cpython-310-aarch64-linux-gnu.so
[1.681s] -- Up-to-date symlink: /home/team100/team_ws/install/apriltag_msgs/local/lib/python3.10/dist-packages/apriltag_msgs/apriltag_msgs_s__rosidl_typesupport_fastrtps_c.cpython-310-aarch64-linux-gnu.so
[1.681s] -- Up-to-date symlink: /home/team100/team_ws/install/apriltag_msgs/local/lib/python3.10/dist-packages/apriltag_msgs/apriltag_msgs_s__rosidl_typesupport_introspection_c.cpython-310-aarch64-linux-gnu.so
[1.681s] -- Up-to-date symlink: /home/team100/team_ws/install/apriltag_msgs/local/lib/python3.10/dist-packages/apriltag_msgs/libapriltag_msgs__rosidl_generator_py.so
[1.681s] -- Up-to-date symlink: /home/team100/team_ws/install/apriltag_msgs/local/lib/python3.10/dist-packages/apriltag_msgs/msg/__init__.py
[1.681s] -- Up-to-date symlink: /home/team100/team_ws/install/apriltag_msgs/local/lib/python3.10/dist-packages/apriltag_msgs/msg/_april_tag_detection.py
[1.681s] -- Up-to-date symlink: /home/team100/team_ws/install/apriltag_msgs/local/lib/python3.10/dist-packages/apriltag_msgs/msg/_april_tag_detection_array.py
[1.681s] -- Up-to-date symlink: /home/team100/team_ws/install/apriltag_msgs/local/lib/python3.10/dist-packages/apriltag_msgs/msg/_april_tag_detection_array_s.c
[1.682s] -- Up-to-date symlink: /home/team100/team_ws/install/apriltag_msgs/local/lib/python3.10/dist-packages/apriltag_msgs/msg/_april_tag_detection_s.c
[1.682s] -- Up-to-date symlink: /home/team100/team_ws/install/apriltag_msgs/local/lib/python3.10/dist-packages/apriltag_msgs/msg/_point.py
[1.682s] -- Up-to-date symlink: /home/team100/team_ws/install/apriltag_msgs/local/lib/python3.10/dist-packages/apriltag_msgs/msg/_point_s.c
[1.682s] -- Up-to-date symlink: /home/team100/team_ws/install/apriltag_msgs/local/lib/python3.10/dist-packages/apriltag_msgs/apriltag_msgs_s__rosidl_typesupport_fastrtps_c.cpython-310-aarch64-linux-gnu.so
[1.682s] -- Up-to-date symlink: /home/team100/team_ws/install/apriltag_msgs/local/lib/python3.10/dist-packages/apriltag_msgs/apriltag_msgs_s__rosidl_typesupport_introspection_c.cpython-310-aarch64-linux-gnu.so
[1.682s] -- Up-to-date symlink: /home/team100/team_ws/install/apriltag_msgs/local/lib/python3.10/dist-packages/apriltag_msgs/apriltag_msgs_s__rosidl_typesupport_c.cpython-310-aarch64-linux-gnu.so
[1.682s] -- Up-to-date symlink: /home/team100/team_ws/install/apriltag_msgs/share/apriltag_msgs/msg/Point.idl
[1.682s] -- Up-to-date symlink: /home/team100/team_ws/install/apriltag_msgs/share/apriltag_msgs/msg/AprilTagDetection.idl
[1.683s] -- Up-to-date symlink: /home/team100/team_ws/install/apriltag_msgs/share/apriltag_msgs/msg/AprilTagDetectionArray.idl
[1.683s] -- Up-to-date symlink: /home/team100/team_ws/install/apriltag_msgs/share/apriltag_msgs/msg/Point.msg
[1.683s] -- Up-to-date symlink: /home/team100/team_ws/install/apriltag_msgs/share/apriltag_msgs/msg/AprilTagDetection.msg
[1.683s] -- Up-to-date symlink: /home/team100/team_ws/install/apriltag_msgs/share/apriltag_msgs/msg/AprilTagDetectionArray.msg
[1.684s] -- Up-to-date symlink: /home/team100/team_ws/install/apriltag_msgs/share/ament_index/resource_index/package_run_dependencies/apriltag_msgs
[1.684s] -- Up-to-date symlink: /home/team100/team_ws/install/apriltag_msgs/share/ament_index/resource_index/parent_prefix_path/apriltag_msgs
[1.684s] -- Up-to-date symlink: /home/team100/team_ws/install/apriltag_msgs/share/apriltag_msgs/environment/ament_prefix_path.sh
[1.684s] -- Up-to-date symlink: /home/team100/team_ws/install/apriltag_msgs/share/apriltag_msgs/environment/ament_prefix_path.dsv
[1.684s] -- Up-to-date symlink: /home/team100/team_ws/install/apriltag_msgs/share/apriltag_msgs/environment/path.sh
[1.684s] -- Up-to-date symlink: /home/team100/team_ws/install/apriltag_msgs/share/apriltag_msgs/environment/path.dsv
[1.684s] -- Up-to-date symlink: /home/team100/team_ws/install/apriltag_msgs/share/apriltag_msgs/local_setup.bash
[1.684s] -- Up-to-date symlink: /home/team100/team_ws/install/apriltag_msgs/share/apriltag_msgs/local_setup.sh
[1.711s] -- Up-to-date symlink: /home/team100/team_ws/install/apriltag_msgs/share/apriltag_msgs/local_setup.zsh
[1.712s] -- Up-to-date symlink: /home/team100/team_ws/install/apriltag_msgs/share/apriltag_msgs/local_setup.dsv
[1.712s] -- Symlinking: /home/team100/team_ws/install/apriltag_msgs/share/apriltag_msgs/package.dsv
[1.712s] -- Up-to-date symlink: /home/team100/team_ws/install/apriltag_msgs/share/ament_index/resource_index/packages/apriltag_msgs
[1.712s] -- Up-to-date symlink: /home/team100/team_ws/install/apriltag_msgs/share/apriltag_msgs/cmake/rosidl_cmake-extras.cmake
[1.712s] -- Up-to-date symlink: /home/team100/team_ws/install/apriltag_msgs/share/apriltag_msgs/cmake/ament_cmake_export_dependencies-extras.cmake
[1.712s] -- Up-to-date symlink: /home/team100/team_ws/install/apriltag_msgs/share/apriltag_msgs/cmake/ament_cmake_export_include_directories-extras.cmake
[1.712s] -- Up-to-date symlink: /home/team100/team_ws/install/apriltag_msgs/share/apriltag_msgs/cmake/ament_cmake_export_libraries-extras.cmake
[1.713s] -- Up-to-date symlink: /home/team100/team_ws/install/apriltag_msgs/share/apriltag_msgs/cmake/ament_cmake_export_targets-extras.cmake
[1.713s] -- Up-to-date symlink: /home/team100/team_ws/install/apriltag_msgs/share/apriltag_msgs/cmake/rosidl_cmake_export_typesupport_targets-extras.cmake
[1.713s] -- Up-to-date symlink: /home/team100/team_ws/install/apriltag_msgs/share/apriltag_msgs/cmake/rosidl_cmake_export_typesupport_libraries-extras.cmake
[1.713s] -- Up-to-date symlink: /home/team100/team_ws/install/apriltag_msgs/share/apriltag_msgs/cmake/apriltag_msgsConfig.cmake
[1.713s] -- Up-to-date symlink: /home/team100/team_ws/install/apriltag_msgs/share/apriltag_msgs/cmake/apriltag_msgsConfig-version.cmake
[1.713s] -- Up-to-date symlink: /home/team100/team_ws/install/apriltag_msgs/share/apriltag_msgs/package.xml
[1.713s] -- Up-to-date: /home/team100/team_ws/install/apriltag_msgs/lib/libapriltag_msgs__rosidl_generator_c.so
[1.714s] -- Up-to-date: /home/team100/team_ws/install/apriltag_msgs/lib/libapriltag_msgs__rosidl_typesupport_fastrtps_c.so
[1.714s] -- Up-to-date: /home/team100/team_ws/install/apriltag_msgs/lib/libapriltag_msgs__rosidl_typesupport_introspection_c.so
[1.714s] -- Up-to-date: /home/team100/team_ws/install/apriltag_msgs/lib/libapriltag_msgs__rosidl_typesupport_c.so
[1.714s] -- Up-to-date: /home/team100/team_ws/install/apriltag_msgs/lib/libapriltag_msgs__rosidl_typesupport_fastrtps_cpp.so
[1.714s] -- Up-to-date: /home/team100/team_ws/install/apriltag_msgs/lib/libapriltag_msgs__rosidl_typesupport_introspection_cpp.so
[1.714s] -- Up-to-date: /home/team100/team_ws/install/apriltag_msgs/lib/libapriltag_msgs__rosidl_typesupport_cpp.so
[1.821s] Listing '/home/team100/team_ws/install/apriltag_msgs/local/lib/python3.10/dist-packages/apriltag_msgs'...
[1.821s] Listing '/home/team100/team_ws/install/apriltag_msgs/local/lib/python3.10/dist-packages/apriltag_msgs/msg'...
[1.835s] -- Up-to-date: /home/team100/team_ws/install/apriltag_msgs/lib/libapriltag_msgs__rosidl_generator_py.so
[1.835s] -- Up-to-date: /home/team100/team_ws/install/apriltag_msgs/share/apriltag_msgs/cmake/export_apriltag_msgs__rosidl_generator_cExport.cmake
[1.836s] -- Up-to-date: /home/team100/team_ws/install/apriltag_msgs/share/apriltag_msgs/cmake/export_apriltag_msgs__rosidl_generator_cExport-noconfig.cmake
[1.836s] -- Up-to-date: /home/team100/team_ws/install/apriltag_msgs/share/apriltag_msgs/cmake/export_apriltag_msgs__rosidl_typesupport_fastrtps_cExport.cmake
[1.837s] -- Up-to-date: /home/team100/team_ws/install/apriltag_msgs/share/apriltag_msgs/cmake/export_apriltag_msgs__rosidl_typesupport_fastrtps_cExport-noconfig.cmake
[1.837s] -- Up-to-date: /home/team100/team_ws/install/apriltag_msgs/share/apriltag_msgs/cmake/apriltag_msgs__rosidl_typesupport_introspection_cExport.cmake
[1.837s] -- Up-to-date: /home/team100/team_ws/install/apriltag_msgs/share/apriltag_msgs/cmake/apriltag_msgs__rosidl_typesupport_introspection_cExport-noconfig.cmake
[1.838s] -- Up-to-date: /home/team100/team_ws/install/apriltag_msgs/share/apriltag_msgs/cmake/apriltag_msgs__rosidl_typesupport_cExport.cmake
[1.838s] -- Up-to-date: /home/team100/team_ws/install/apriltag_msgs/share/apriltag_msgs/cmake/apriltag_msgs__rosidl_typesupport_cExport-noconfig.cmake
[1.840s] -- Up-to-date: /home/team100/team_ws/install/apriltag_msgs/share/apriltag_msgs/cmake/export_apriltag_msgs__rosidl_generator_cppExport.cmake
[1.840s] -- Up-to-date: /home/team100/team_ws/install/apriltag_msgs/share/apriltag_msgs/cmake/export_apriltag_msgs__rosidl_typesupport_fastrtps_cppExport.cmake
[1.840s] -- Up-to-date: /home/team100/team_ws/install/apriltag_msgs/share/apriltag_msgs/cmake/export_apriltag_msgs__rosidl_typesupport_fastrtps_cppExport-noconfig.cmake
[1.841s] -- Up-to-date: /home/team100/team_ws/install/apriltag_msgs/share/apriltag_msgs/cmake/apriltag_msgs__rosidl_typesupport_introspection_cppExport.cmake
[1.841s] -- Up-to-date: /home/team100/team_ws/install/apriltag_msgs/share/apriltag_msgs/cmake/apriltag_msgs__rosidl_typesupport_introspection_cppExport-noconfig.cmake
[1.841s] -- Up-to-date: /home/team100/team_ws/install/apriltag_msgs/share/apriltag_msgs/cmake/apriltag_msgs__rosidl_typesupport_cppExport.cmake
[1.850s] -- Up-to-date: /home/team100/team_ws/install/apriltag_msgs/share/apriltag_msgs/cmake/apriltag_msgs__rosidl_typesupport_cppExport-noconfig.cmake
[1.851s] -- Up-to-date: /home/team100/team_ws/install/apriltag_msgs/share/apriltag_msgs/cmake/export_apriltag_msgs__rosidl_generator_pyExport.cmake
[1.851s] -- Up-to-date: /home/team100/team_ws/install/apriltag_msgs/share/apriltag_msgs/cmake/export_apriltag_msgs__rosidl_generator_pyExport-noconfig.cmake
[1.851s] Invoked command in '/home/team100/team_ws/build/apriltag_msgs' returned '0': CMAKE_PREFIX_PATH=${CMAKE_PREFIX_PATH}:/home/team100/team_ws/install/e116:/opt/ros/humble /usr/bin/cmake --install /home/team100/team_ws/build/apriltag_msgs
