[0.035s] Invoking command in '/home/team100/team_ws/src/build/apriltag_msgs': CMAKE_PREFIX_PATH=${CMAKE_PREFIX_PATH}:/home/team100/team_ws/install/e116:/opt/ros/humble /usr/bin/cmake --build /home/team100/team_ws/src/build/apriltag_msgs -- -j6 -l6
[0.127s] [ 10%] Built target apriltag_msgs__rosidl_generator_c
[0.138s] [ 12%] Built target apriltag_msgs__cpp
[0.165s] [ 12%] Built target ament_cmake_python_copy_apriltag_msgs
[0.205s] [ 23%] Built target apriltag_msgs__rosidl_typesupport_fastrtps_c
[0.216s] [ 34%] Built target apriltag_msgs__rosidl_typesupport_introspection_c
[0.220s] [ 44%] Built target apriltag_msgs__rosidl_typesupport_c
[0.235s] [ 55%] Built target apriltag_msgs__rosidl_typesupport_fastrtps_cpp
[0.240s] [ 65%] Built target apriltag_msgs__rosidl_typesupport_cpp
[0.242s] [ 76%] Built target apriltag_msgs__rosidl_typesupport_introspection_cpp
[0.285s] [ 76%] Built target apriltag_msgs
[0.330s] [ 78%] Built target apriltag_msgs__py
[0.378s] [ 87%] Built target apriltag_msgs__rosidl_generator_py
[0.426s] [100%] Built target apriltag_msgs__rosidl_typesupport_introspection_c__pyext
[0.426s] [100%] Built target apriltag_msgs__rosidl_typesupport_fastrtps_c__pyext
[0.427s] [100%] Built target apriltag_msgs__rosidl_typesupport_c__pyext
[0.811s] running egg_info
[0.812s] writing apriltag_msgs.egg-info/PKG-INFO
[0.813s] writing dependency_links to apriltag_msgs.egg-info/dependency_links.txt
[0.814s] writing top-level names to apriltag_msgs.egg-info/top_level.txt
[0.819s] reading manifest file 'apriltag_msgs.egg-info/SOURCES.txt'
[0.821s] writing manifest file 'apriltag_msgs.egg-info/SOURCES.txt'
[0.900s] [100%] Built target ament_cmake_python_build_apriltag_msgs_egg
[0.931s] Invoked command in '/home/team100/team_ws/src/build/apriltag_msgs' returned '0': CMAKE_PREFIX_PATH=${CMAKE_PREFIX_PATH}:/home/team100/team_ws/install/e116:/opt/ros/humble /usr/bin/cmake --build /home/team100/team_ws/src/build/apriltag_msgs -- -j6 -l6
[0.934s] Invoking command in '/home/team100/team_ws/src/build/apriltag_msgs': CMAKE_PREFIX_PATH=${CMAKE_PREFIX_PATH}:/home/team100/team_ws/install/e116:/opt/ros/humble /usr/bin/cmake --install /home/team100/team_ws/src/build/apriltag_msgs
[0.955s] -- Install configuration: ""
[0.956s] -- Up-to-date: /home/team100/team_ws/src/install/apriltag_msgs/share/ament_index/resource_index/rosidl_interfaces/apriltag_msgs
[0.957s] -- Up-to-date: /home/team100/team_ws/src/install/apriltag_msgs/include/apriltag_msgs/apriltag_msgs
[0.961s] -- Up-to-date: /home/team100/team_ws/src/install/apriltag_msgs/include/apriltag_msgs/apriltag_msgs/msg
[0.961s] -- Up-to-date: /home/team100/team_ws/src/install/apriltag_msgs/include/apriltag_msgs/apriltag_msgs/msg/detail
[0.962s] -- Up-to-date: /home/team100/team_ws/src/install/apriltag_msgs/include/apriltag_msgs/apriltag_msgs/msg/detail/april_tag_detection__functions.h
[0.962s] -- Up-to-date: /home/team100/team_ws/src/install/apriltag_msgs/include/apriltag_msgs/apriltag_msgs/msg/detail/april_tag_detection_array__struct.h
[0.963s] -- Up-to-date: /home/team100/team_ws/src/install/apriltag_msgs/include/apriltag_msgs/apriltag_msgs/msg/detail/april_tag_detection_array__type_support.h
[0.963s] -- Up-to-date: /home/team100/team_ws/src/install/apriltag_msgs/include/apriltag_msgs/apriltag_msgs/msg/detail/april_tag_detection__type_support.h
[0.963s] -- Up-to-date: /home/team100/team_ws/src/install/apriltag_msgs/include/apriltag_msgs/apriltag_msgs/msg/detail/april_tag_detection_array__functions.c
[0.964s] -- Up-to-date: /home/team100/team_ws/src/install/apriltag_msgs/include/apriltag_msgs/apriltag_msgs/msg/detail/point__type_support.h
[0.964s] -- Up-to-date: /home/team100/team_ws/src/install/apriltag_msgs/include/apriltag_msgs/apriltag_msgs/msg/detail/point__functions.h
[0.964s] -- Up-to-date: /home/team100/team_ws/src/install/apriltag_msgs/include/apriltag_msgs/apriltag_msgs/msg/detail/april_tag_detection__struct.h
[0.965s] -- Up-to-date: /home/team100/team_ws/src/install/apriltag_msgs/include/apriltag_msgs/apriltag_msgs/msg/detail/point__functions.c
[0.966s] -- Up-to-date: /home/team100/team_ws/src/install/apriltag_msgs/include/apriltag_msgs/apriltag_msgs/msg/detail/april_tag_detection_array__functions.h
[0.966s] -- Up-to-date: /home/team100/team_ws/src/install/apriltag_msgs/include/apriltag_msgs/apriltag_msgs/msg/detail/point__struct.h
[0.966s] -- Up-to-date: /home/team100/team_ws/src/install/apriltag_msgs/include/apriltag_msgs/apriltag_msgs/msg/detail/april_tag_detection__functions.c
[0.966s] -- Up-to-date: /home/team100/team_ws/src/install/apriltag_msgs/include/apriltag_msgs/apriltag_msgs/msg/point.h
[0.967s] -- Up-to-date: /home/team100/team_ws/src/install/apriltag_msgs/include/apriltag_msgs/apriltag_msgs/msg/april_tag_detection_array.h
[0.967s] -- Up-to-date: /home/team100/team_ws/src/install/apriltag_msgs/include/apriltag_msgs/apriltag_msgs/msg/april_tag_detection.h
[0.967s] -- Up-to-date: /home/team100/team_ws/src/install/apriltag_msgs/include/apriltag_msgs/apriltag_msgs/msg/rosidl_generator_c__visibility_control.h
[0.967s] -- Up-to-date: /home/team100/team_ws/src/install/apriltag_msgs/share/apriltag_msgs/environment/library_path.sh
[0.967s] -- Up-to-date: /home/team100/team_ws/src/install/apriltag_msgs/share/apriltag_msgs/environment/library_path.dsv
[0.968s] -- Up-to-date: /home/team100/team_ws/src/install/apriltag_msgs/lib/libapriltag_msgs__rosidl_generator_c.so
[0.968s] -- Up-to-date: /home/team100/team_ws/src/install/apriltag_msgs/include/apriltag_msgs/apriltag_msgs
[0.969s] -- Up-to-date: /home/team100/team_ws/src/install/apriltag_msgs/include/apriltag_msgs/apriltag_msgs/msg
[0.970s] -- Up-to-date: /home/team100/team_ws/src/install/apriltag_msgs/include/apriltag_msgs/apriltag_msgs/msg/detail
[0.970s] -- Up-to-date: /home/team100/team_ws/src/install/apriltag_msgs/include/apriltag_msgs/apriltag_msgs/msg/detail/april_tag_detection_array__rosidl_typesupport_fastrtps_c.h
[0.970s] -- Up-to-date: /home/team100/team_ws/src/install/apriltag_msgs/include/apriltag_msgs/apriltag_msgs/msg/detail/april_tag_detection__rosidl_typesupport_fastrtps_c.h
[0.971s] -- Up-to-date: /home/team100/team_ws/src/install/apriltag_msgs/include/apriltag_msgs/apriltag_msgs/msg/detail/point__rosidl_typesupport_fastrtps_c.h
[0.971s] -- Up-to-date: /home/team100/team_ws/src/install/apriltag_msgs/include/apriltag_msgs/apriltag_msgs/msg/rosidl_typesupport_fastrtps_c__visibility_control.h
[0.971s] -- Up-to-date: /home/team100/team_ws/src/install/apriltag_msgs/lib/libapriltag_msgs__rosidl_typesupport_fastrtps_c.so
[0.972s] -- Up-to-date: /home/team100/team_ws/src/install/apriltag_msgs/include/apriltag_msgs/apriltag_msgs
[0.972s] -- Up-to-date: /home/team100/team_ws/src/install/apriltag_msgs/include/apriltag_msgs/apriltag_msgs/msg
[0.972s] -- Up-to-date: /home/team100/team_ws/src/install/apriltag_msgs/include/apriltag_msgs/apriltag_msgs/msg/detail
[0.973s] -- Up-to-date: /home/team100/team_ws/src/install/apriltag_msgs/include/apriltag_msgs/apriltag_msgs/msg/detail/point__type_support.c
[0.973s] -- Up-to-date: /home/team100/team_ws/src/install/apriltag_msgs/include/apriltag_msgs/apriltag_msgs/msg/detail/april_tag_detection_array__rosidl_typesupport_introspection_c.h
[0.973s] -- Up-to-date: /home/team100/team_ws/src/install/apriltag_msgs/include/apriltag_msgs/apriltag_msgs/msg/detail/april_tag_detection__rosidl_typesupport_introspection_c.h
[0.974s] -- Up-to-date: /home/team100/team_ws/src/install/apriltag_msgs/include/apriltag_msgs/apriltag_msgs/msg/detail/april_tag_detection__type_support.c
[0.974s] -- Up-to-date: /home/team100/team_ws/src/install/apriltag_msgs/include/apriltag_msgs/apriltag_msgs/msg/detail/point__rosidl_typesupport_introspection_c.h
[0.974s] -- Up-to-date: /home/team100/team_ws/src/install/apriltag_msgs/include/apriltag_msgs/apriltag_msgs/msg/detail/april_tag_detection_array__type_support.c
[0.975s] -- Up-to-date: /home/team100/team_ws/src/install/apriltag_msgs/include/apriltag_msgs/apriltag_msgs/msg/rosidl_typesupport_introspection_c__visibility_control.h
[0.975s] -- Up-to-date: /home/team100/team_ws/src/install/apriltag_msgs/lib/libapriltag_msgs__rosidl_typesupport_introspection_c.so
[0.976s] -- Up-to-date: /home/team100/team_ws/src/install/apriltag_msgs/lib/libapriltag_msgs__rosidl_typesupport_c.so
[0.976s] -- Up-to-date: /home/team100/team_ws/src/install/apriltag_msgs/include/apriltag_msgs/apriltag_msgs
[0.976s] -- Up-to-date: /home/team100/team_ws/src/install/apriltag_msgs/include/apriltag_msgs/apriltag_msgs/msg
[0.977s] -- Up-to-date: /home/team100/team_ws/src/install/apriltag_msgs/include/apriltag_msgs/apriltag_msgs/msg/april_tag_detection.hpp
[0.977s] -- Up-to-date: /home/team100/team_ws/src/install/apriltag_msgs/include/apriltag_msgs/apriltag_msgs/msg/detail
[0.977s] -- Up-to-date: /home/team100/team_ws/src/install/apriltag_msgs/include/apriltag_msgs/apriltag_msgs/msg/detail/april_tag_detection__struct.hpp
[0.978s] -- Up-to-date: /home/team100/team_ws/src/install/apriltag_msgs/include/apriltag_msgs/apriltag_msgs/msg/detail/point__builder.hpp
[0.978s] -- Up-to-date: /home/team100/team_ws/src/install/apriltag_msgs/include/apriltag_msgs/apriltag_msgs/msg/detail/april_tag_detection__traits.hpp
[0.979s] -- Up-to-date: /home/team100/team_ws/src/install/apriltag_msgs/include/apriltag_msgs/apriltag_msgs/msg/detail/point__type_support.hpp
[0.979s] -- Up-to-date: /home/team100/team_ws/src/install/apriltag_msgs/include/apriltag_msgs/apriltag_msgs/msg/detail/point__struct.hpp
[0.979s] -- Up-to-date: /home/team100/team_ws/src/install/apriltag_msgs/include/apriltag_msgs/apriltag_msgs/msg/detail/april_tag_detection__type_support.hpp
[0.980s] -- Up-to-date: /home/team100/team_ws/src/install/apriltag_msgs/include/apriltag_msgs/apriltag_msgs/msg/detail/april_tag_detection_array__builder.hpp
[0.980s] -- Up-to-date: /home/team100/team_ws/src/install/apriltag_msgs/include/apriltag_msgs/apriltag_msgs/msg/detail/april_tag_detection__builder.hpp
[0.980s] -- Up-to-date: /home/team100/team_ws/src/install/apriltag_msgs/include/apriltag_msgs/apriltag_msgs/msg/detail/april_tag_detection_array__traits.hpp
[0.980s] -- Up-to-date: /home/team100/team_ws/src/install/apriltag_msgs/include/apriltag_msgs/apriltag_msgs/msg/detail/point__traits.hpp
[0.981s] -- Up-to-date: /home/team100/team_ws/src/install/apriltag_msgs/include/apriltag_msgs/apriltag_msgs/msg/detail/april_tag_detection_array__type_support.hpp
[0.981s] -- Up-to-date: /home/team100/team_ws/src/install/apriltag_msgs/include/apriltag_msgs/apriltag_msgs/msg/detail/april_tag_detection_array__struct.hpp
[0.981s] -- Up-to-date: /home/team100/team_ws/src/install/apriltag_msgs/include/apriltag_msgs/apriltag_msgs/msg/point.hpp
[0.982s] -- Up-to-date: /home/team100/team_ws/src/install/apriltag_msgs/include/apriltag_msgs/apriltag_msgs/msg/rosidl_generator_cpp__visibility_control.hpp
[0.982s] -- Up-to-date: /home/team100/team_ws/src/install/apriltag_msgs/include/apriltag_msgs/apriltag_msgs/msg/april_tag_detection_array.hpp
[0.982s] -- Up-to-date: /home/team100/team_ws/src/install/apriltag_msgs/include/apriltag_msgs/apriltag_msgs
[0.983s] -- Up-to-date: /home/team100/team_ws/src/install/apriltag_msgs/include/apriltag_msgs/apriltag_msgs/msg
[0.983s] -- Up-to-date: /home/team100/team_ws/src/install/apriltag_msgs/include/apriltag_msgs/apriltag_msgs/msg/detail
[0.983s] -- Up-to-date: /home/team100/team_ws/src/install/apriltag_msgs/include/apriltag_msgs/apriltag_msgs/msg/detail/point__rosidl_typesupport_fastrtps_cpp.hpp
[0.984s] -- Up-to-date: /home/team100/team_ws/src/install/apriltag_msgs/include/apriltag_msgs/apriltag_msgs/msg/detail/april_tag_detection_array__rosidl_typesupport_fastrtps_cpp.hpp
[0.984s] -- Up-to-date: /home/team100/team_ws/src/install/apriltag_msgs/include/apriltag_msgs/apriltag_msgs/msg/detail/dds_fastrtps
[0.984s] -- Up-to-date: /home/team100/team_ws/src/install/apriltag_msgs/include/apriltag_msgs/apriltag_msgs/msg/detail/april_tag_detection__rosidl_typesupport_fastrtps_cpp.hpp
[0.985s] -- Up-to-date: /home/team100/team_ws/src/install/apriltag_msgs/include/apriltag_msgs/apriltag_msgs/msg/rosidl_typesupport_fastrtps_cpp__visibility_control.h
[0.986s] -- Up-to-date: /home/team100/team_ws/src/install/apriltag_msgs/lib/libapriltag_msgs__rosidl_typesupport_fastrtps_cpp.so
[0.986s] -- Up-to-date: /home/team100/team_ws/src/install/apriltag_msgs/include/apriltag_msgs/apriltag_msgs
[0.986s] -- Up-to-date: /home/team100/team_ws/src/install/apriltag_msgs/include/apriltag_msgs/apriltag_msgs/msg
[0.987s] -- Up-to-date: /home/team100/team_ws/src/install/apriltag_msgs/include/apriltag_msgs/apriltag_msgs/msg/detail
[0.987s] -- Up-to-date: /home/team100/team_ws/src/install/apriltag_msgs/include/apriltag_msgs/apriltag_msgs/msg/detail/april_tag_detection__type_support.cpp
[0.987s] -- Up-to-date: /home/team100/team_ws/src/install/apriltag_msgs/include/apriltag_msgs/apriltag_msgs/msg/detail/april_tag_detection__rosidl_typesupport_introspection_cpp.hpp
[0.988s] -- Up-to-date: /home/team100/team_ws/src/install/apriltag_msgs/include/apriltag_msgs/apriltag_msgs/msg/detail/april_tag_detection_array__type_support.cpp
[0.988s] -- Up-to-date: /home/team100/team_ws/src/install/apriltag_msgs/include/apriltag_msgs/apriltag_msgs/msg/detail/point__rosidl_typesupport_introspection_cpp.hpp
[0.988s] -- Up-to-date: /home/team100/team_ws/src/install/apriltag_msgs/include/apriltag_msgs/apriltag_msgs/msg/detail/april_tag_detection_array__rosidl_typesupport_introspection_cpp.hpp
[0.988s] -- Up-to-date: /home/team100/team_ws/src/install/apriltag_msgs/include/apriltag_msgs/apriltag_msgs/msg/detail/point__type_support.cpp
[0.990s] -- Up-to-date: /home/team100/team_ws/src/install/apriltag_msgs/lib/libapriltag_msgs__rosidl_typesupport_introspection_cpp.so
[0.991s] -- Up-to-date: /home/team100/team_ws/src/install/apriltag_msgs/lib/libapriltag_msgs__rosidl_typesupport_cpp.so
[0.991s] -- Up-to-date: /home/team100/team_ws/src/install/apriltag_msgs/share/apriltag_msgs/environment/pythonpath.sh
[0.992s] -- Up-to-date: /home/team100/team_ws/src/install/apriltag_msgs/share/apriltag_msgs/environment/pythonpath.dsv
[0.992s] -- Up-to-date: /home/team100/team_ws/src/install/apriltag_msgs/local/lib/python3.10/dist-packages/apriltag_msgs-2.0.1-py3.10.egg-info
[0.992s] -- Installing: /home/team100/team_ws/src/install/apriltag_msgs/local/lib/python3.10/dist-packages/apriltag_msgs-2.0.1-py3.10.egg-info/top_level.txt
[0.992s] -- Installing: /home/team100/team_ws/src/install/apriltag_msgs/local/lib/python3.10/dist-packages/apriltag_msgs-2.0.1-py3.10.egg-info/dependency_links.txt
[0.993s] -- Installing: /home/team100/team_ws/src/install/apriltag_msgs/local/lib/python3.10/dist-packages/apriltag_msgs-2.0.1-py3.10.egg-info/SOURCES.txt
[0.993s] -- Installing: /home/team100/team_ws/src/install/apriltag_msgs/local/lib/python3.10/dist-packages/apriltag_msgs-2.0.1-py3.10.egg-info/PKG-INFO
[0.993s] -- Up-to-date: /home/team100/team_ws/src/install/apriltag_msgs/local/lib/python3.10/dist-packages/apriltag_msgs
[0.994s] -- Up-to-date: /home/team100/team_ws/src/install/apriltag_msgs/local/lib/python3.10/dist-packages/apriltag_msgs/apriltag_msgs_s__rosidl_typesupport_c.cpython-310-aarch64-linux-gnu.so
[0.995s] -- Up-to-date: /home/team100/team_ws/src/install/apriltag_msgs/local/lib/python3.10/dist-packages/apriltag_msgs/libapriltag_msgs__rosidl_generator_py.so
[0.995s] -- Up-to-date: /home/team100/team_ws/src/install/apriltag_msgs/local/lib/python3.10/dist-packages/apriltag_msgs/_apriltag_msgs_s.ep.rosidl_typesupport_fastrtps_c.c
[0.995s] -- Up-to-date: /home/team100/team_ws/src/install/apriltag_msgs/local/lib/python3.10/dist-packages/apriltag_msgs/__init__.py
[0.996s] -- Up-to-date: /home/team100/team_ws/src/install/apriltag_msgs/local/lib/python3.10/dist-packages/apriltag_msgs/_apriltag_msgs_s.ep.rosidl_typesupport_introspection_c.c
[0.996s] -- Up-to-date: /home/team100/team_ws/src/install/apriltag_msgs/local/lib/python3.10/dist-packages/apriltag_msgs/_apriltag_msgs_s.ep.rosidl_typesupport_c.c
[0.996s] -- Up-to-date: /home/team100/team_ws/src/install/apriltag_msgs/local/lib/python3.10/dist-packages/apriltag_msgs/msg
[0.997s] -- Up-to-date: /home/team100/team_ws/src/install/apriltag_msgs/local/lib/python3.10/dist-packages/apriltag_msgs/msg/_point.py
[0.997s] -- Up-to-date: /home/team100/team_ws/src/install/apriltag_msgs/local/lib/python3.10/dist-packages/apriltag_msgs/msg/_april_tag_detection_s.c
[0.998s] -- Up-to-date: /home/team100/team_ws/src/install/apriltag_msgs/local/lib/python3.10/dist-packages/apriltag_msgs/msg/__init__.py
[0.998s] -- Up-to-date: /home/team100/team_ws/src/install/apriltag_msgs/local/lib/python3.10/dist-packages/apriltag_msgs/msg/_point_s.c
[0.998s] -- Up-to-date: /home/team100/team_ws/src/install/apriltag_msgs/local/lib/python3.10/dist-packages/apriltag_msgs/msg/_april_tag_detection.py
[0.999s] -- Up-to-date: /home/team100/team_ws/src/install/apriltag_msgs/local/lib/python3.10/dist-packages/apriltag_msgs/msg/_april_tag_detection_array_s.c
[0.999s] -- Up-to-date: /home/team100/team_ws/src/install/apriltag_msgs/local/lib/python3.10/dist-packages/apriltag_msgs/msg/_april_tag_detection_array.py
[1.000s] -- Up-to-date: /home/team100/team_ws/src/install/apriltag_msgs/local/lib/python3.10/dist-packages/apriltag_msgs/apriltag_msgs_s__rosidl_typesupport_introspection_c.cpython-310-aarch64-linux-gnu.so
[1.001s] -- Up-to-date: /home/team100/team_ws/src/install/apriltag_msgs/local/lib/python3.10/dist-packages/apriltag_msgs/apriltag_msgs_s__rosidl_typesupport_fastrtps_c.cpython-310-aarch64-linux-gnu.so
[1.033s] Listing '/home/team100/team_ws/src/install/apriltag_msgs/local/lib/python3.10/dist-packages/apriltag_msgs'...
[1.034s] Listing '/home/team100/team_ws/src/install/apriltag_msgs/local/lib/python3.10/dist-packages/apriltag_msgs/msg'...
[1.045s] -- Up-to-date: /home/team100/team_ws/src/install/apriltag_msgs/local/lib/python3.10/dist-packages/apriltag_msgs/apriltag_msgs_s__rosidl_typesupport_fastrtps_c.cpython-310-aarch64-linux-gnu.so
[1.045s] -- Up-to-date: /home/team100/team_ws/src/install/apriltag_msgs/local/lib/python3.10/dist-packages/apriltag_msgs/apriltag_msgs_s__rosidl_typesupport_introspection_c.cpython-310-aarch64-linux-gnu.so
[1.046s] -- Up-to-date: /home/team100/team_ws/src/install/apriltag_msgs/local/lib/python3.10/dist-packages/apriltag_msgs/apriltag_msgs_s__rosidl_typesupport_c.cpython-310-aarch64-linux-gnu.so
[1.047s] -- Up-to-date: /home/team100/team_ws/src/install/apriltag_msgs/lib/libapriltag_msgs__rosidl_generator_py.so
[1.047s] -- Up-to-date: /home/team100/team_ws/src/install/apriltag_msgs/share/apriltag_msgs/msg/Point.idl
[1.047s] -- Up-to-date: /home/team100/team_ws/src/install/apriltag_msgs/share/apriltag_msgs/msg/AprilTagDetection.idl
[1.048s] -- Up-to-date: /home/team100/team_ws/src/install/apriltag_msgs/share/apriltag_msgs/msg/AprilTagDetectionArray.idl
[1.048s] -- Up-to-date: /home/team100/team_ws/src/install/apriltag_msgs/share/apriltag_msgs/msg/Point.msg
[1.048s] -- Up-to-date: /home/team100/team_ws/src/install/apriltag_msgs/share/apriltag_msgs/msg/AprilTagDetection.msg
[1.049s] -- Up-to-date: /home/team100/team_ws/src/install/apriltag_msgs/share/apriltag_msgs/msg/AprilTagDetectionArray.msg
[1.049s] -- Up-to-date: /home/team100/team_ws/src/install/apriltag_msgs/share/ament_index/resource_index/package_run_dependencies/apriltag_msgs
[1.049s] -- Up-to-date: /home/team100/team_ws/src/install/apriltag_msgs/share/ament_index/resource_index/parent_prefix_path/apriltag_msgs
[1.049s] -- Up-to-date: /home/team100/team_ws/src/install/apriltag_msgs/share/apriltag_msgs/environment/ament_prefix_path.sh
[1.049s] -- Up-to-date: /home/team100/team_ws/src/install/apriltag_msgs/share/apriltag_msgs/environment/ament_prefix_path.dsv
[1.050s] -- Up-to-date: /home/team100/team_ws/src/install/apriltag_msgs/share/apriltag_msgs/environment/path.sh
[1.050s] -- Up-to-date: /home/team100/team_ws/src/install/apriltag_msgs/share/apriltag_msgs/environment/path.dsv
[1.050s] -- Up-to-date: /home/team100/team_ws/src/install/apriltag_msgs/share/apriltag_msgs/local_setup.bash
[1.050s] -- Up-to-date: /home/team100/team_ws/src/install/apriltag_msgs/share/apriltag_msgs/local_setup.sh
[1.050s] -- Up-to-date: /home/team100/team_ws/src/install/apriltag_msgs/share/apriltag_msgs/local_setup.zsh
[1.051s] -- Up-to-date: /home/team100/team_ws/src/install/apriltag_msgs/share/apriltag_msgs/local_setup.dsv
[1.051s] -- Installing: /home/team100/team_ws/src/install/apriltag_msgs/share/apriltag_msgs/package.dsv
[1.051s] -- Up-to-date: /home/team100/team_ws/src/install/apriltag_msgs/share/ament_index/resource_index/packages/apriltag_msgs
[1.051s] -- Up-to-date: /home/team100/team_ws/src/install/apriltag_msgs/share/apriltag_msgs/cmake/export_apriltag_msgs__rosidl_generator_cExport.cmake
[1.052s] -- Up-to-date: /home/team100/team_ws/src/install/apriltag_msgs/share/apriltag_msgs/cmake/export_apriltag_msgs__rosidl_generator_cExport-noconfig.cmake
[1.052s] -- Up-to-date: /home/team100/team_ws/src/install/apriltag_msgs/share/apriltag_msgs/cmake/export_apriltag_msgs__rosidl_typesupport_fastrtps_cExport.cmake
[1.052s] -- Up-to-date: /home/team100/team_ws/src/install/apriltag_msgs/share/apriltag_msgs/cmake/export_apriltag_msgs__rosidl_typesupport_fastrtps_cExport-noconfig.cmake
[1.052s] -- Up-to-date: /home/team100/team_ws/src/install/apriltag_msgs/share/apriltag_msgs/cmake/apriltag_msgs__rosidl_typesupport_introspection_cExport.cmake
[1.052s] -- Up-to-date: /home/team100/team_ws/src/install/apriltag_msgs/share/apriltag_msgs/cmake/apriltag_msgs__rosidl_typesupport_introspection_cExport-noconfig.cmake
[1.053s] -- Up-to-date: /home/team100/team_ws/src/install/apriltag_msgs/share/apriltag_msgs/cmake/apriltag_msgs__rosidl_typesupport_cExport.cmake
[1.053s] -- Up-to-date: /home/team100/team_ws/src/install/apriltag_msgs/share/apriltag_msgs/cmake/apriltag_msgs__rosidl_typesupport_cExport-noconfig.cmake
[1.053s] -- Up-to-date: /home/team100/team_ws/src/install/apriltag_msgs/share/apriltag_msgs/cmake/export_apriltag_msgs__rosidl_generator_cppExport.cmake
[1.054s] -- Up-to-date: /home/team100/team_ws/src/install/apriltag_msgs/share/apriltag_msgs/cmake/export_apriltag_msgs__rosidl_typesupport_fastrtps_cppExport.cmake
[1.054s] -- Up-to-date: /home/team100/team_ws/src/install/apriltag_msgs/share/apriltag_msgs/cmake/export_apriltag_msgs__rosidl_typesupport_fastrtps_cppExport-noconfig.cmake
[1.054s] -- Up-to-date: /home/team100/team_ws/src/install/apriltag_msgs/share/apriltag_msgs/cmake/apriltag_msgs__rosidl_typesupport_introspection_cppExport.cmake
[1.054s] -- Up-to-date: /home/team100/team_ws/src/install/apriltag_msgs/share/apriltag_msgs/cmake/apriltag_msgs__rosidl_typesupport_introspection_cppExport-noconfig.cmake
[1.054s] -- Up-to-date: /home/team100/team_ws/src/install/apriltag_msgs/share/apriltag_msgs/cmake/apriltag_msgs__rosidl_typesupport_cppExport.cmake
[1.054s] -- Up-to-date: /home/team100/team_ws/src/install/apriltag_msgs/share/apriltag_msgs/cmake/apriltag_msgs__rosidl_typesupport_cppExport-noconfig.cmake
[1.054s] -- Up-to-date: /home/team100/team_ws/src/install/apriltag_msgs/share/apriltag_msgs/cmake/export_apriltag_msgs__rosidl_generator_pyExport.cmake
[1.055s] -- Up-to-date: /home/team100/team_ws/src/install/apriltag_msgs/share/apriltag_msgs/cmake/export_apriltag_msgs__rosidl_generator_pyExport-noconfig.cmake
[1.055s] -- Up-to-date: /home/team100/team_ws/src/install/apriltag_msgs/share/apriltag_msgs/cmake/rosidl_cmake-extras.cmake
[1.055s] -- Up-to-date: /home/team100/team_ws/src/install/apriltag_msgs/share/apriltag_msgs/cmake/ament_cmake_export_dependencies-extras.cmake
[1.055s] -- Up-to-date: /home/team100/team_ws/src/install/apriltag_msgs/share/apriltag_msgs/cmake/ament_cmake_export_include_directories-extras.cmake
[1.055s] -- Up-to-date: /home/team100/team_ws/src/install/apriltag_msgs/share/apriltag_msgs/cmake/ament_cmake_export_libraries-extras.cmake
[1.055s] -- Up-to-date: /home/team100/team_ws/src/install/apriltag_msgs/share/apriltag_msgs/cmake/ament_cmake_export_targets-extras.cmake
[1.055s] -- Up-to-date: /home/team100/team_ws/src/install/apriltag_msgs/share/apriltag_msgs/cmake/rosidl_cmake_export_typesupport_targets-extras.cmake
[1.055s] -- Up-to-date: /home/team100/team_ws/src/install/apriltag_msgs/share/apriltag_msgs/cmake/rosidl_cmake_export_typesupport_libraries-extras.cmake
[1.056s] -- Up-to-date: /home/team100/team_ws/src/install/apriltag_msgs/share/apriltag_msgs/cmake/apriltag_msgsConfig.cmake
[1.056s] -- Up-to-date: /home/team100/team_ws/src/install/apriltag_msgs/share/apriltag_msgs/cmake/apriltag_msgsConfig-version.cmake
[1.056s] -- Up-to-date: /home/team100/team_ws/src/install/apriltag_msgs/share/apriltag_msgs/package.xml
[1.060s] Invoked command in '/home/team100/team_ws/src/build/apriltag_msgs' returned '0': CMAKE_PREFIX_PATH=${CMAKE_PREFIX_PATH}:/home/team100/team_ws/install/e116:/opt/ros/humble /usr/bin/cmake --install /home/team100/team_ws/src/build/apriltag_msgs
