[0.039s] Invoking command in '/home/team100/roboracer_116_lehigh/team_ws/src/build/apriltag': CMAKE_PREFIX_PATH=${CMAKE_PREFIX_PATH}:/home/team100/roboracer_116_lehigh/team_ws/install/e116:/opt/ros/humble /usr/bin/cmake --build /home/team100/roboracer_116_lehigh/team_ws/src/build/apriltag -- -j6 -l6
[0.058s] [0mCMake Error: The current CMakeCache.txt directory /home/team100/roboracer_116_lehigh/team_ws/src/build/apriltag/CMakeCache.txt is different than the directory /home/team100/team_ws/src/build/apriltag where CMakeCache.txt was created. This may result in binaries being created in the wrong place. If you are not sure, reedit the CMakeCache.txt[0m
[0.926s] -- Configuring done
[0.969s] -- Generating done
[0.978s] -- Build files have been written to: /home/team100/team_ws/src/build/apriltag
[1.060s] [35m[1mConsolidate compiler generated dependencies of target apriltag[0m
[1.065s] [  6%] Built target apriltag_py_docstrings
[1.106s] [ 86%] Built target apriltag
[1.134s] [35m[1mConsolidate compiler generated dependencies of target apriltag.cpython-310-aarch64-linux-gnu[0m
[1.135s] [35m[1mConsolidate compiler generated dependencies of target opencv_demo[0m
[1.138s] [35m[1mConsolidate compiler generated dependencies of target apriltag_demo[0m
[1.163s] [ 93%] Built target apriltag_demo
[1.164s] [ 95%] Built target opencv_demo
[1.165s] [100%] Built target apriltag.cpython-310-aarch64-linux-gnu
[1.191s] Invoked command in '/home/team100/roboracer_116_lehigh/team_ws/src/build/apriltag' returned '0': CMAKE_PREFIX_PATH=${CMAKE_PREFIX_PATH}:/home/team100/roboracer_116_lehigh/team_ws/install/e116:/opt/ros/humble /usr/bin/cmake --build /home/team100/roboracer_116_lehigh/team_ws/src/build/apriltag -- -j6 -l6
[1.213s] Invoking command in '/home/team100/roboracer_116_lehigh/team_ws/src/build/apriltag': CMAKE_PREFIX_PATH=${CMAKE_PREFIX_PATH}:/home/team100/roboracer_116_lehigh/team_ws/install/e116:/opt/ros/humble /usr/bin/cmake --install /home/team100/roboracer_116_lehigh/team_ws/src/build/apriltag
[1.230s] -- Install configuration: "Release"
[1.231s] -- Up-to-date: /home/team100/team_ws/src/install/apriltag/include/apriltag/apriltag.h
[1.231s] -- Up-to-date: /home/team100/team_ws/src/install/apriltag/include/apriltag/apriltag_math.h
[1.231s] -- Up-to-date: /home/team100/team_ws/src/install/apriltag/include/apriltag/apriltag_pose.h
[1.232s] -- Up-to-date: /home/team100/team_ws/src/install/apriltag/include/apriltag/common/debug_print.h
[1.232s] -- Up-to-date: /home/team100/team_ws/src/install/apriltag/include/apriltag/common/doubles.h
[1.232s] -- Up-to-date: /home/team100/team_ws/src/install/apriltag/include/apriltag/common/doubles_floats_impl.h
[1.232s] -- Up-to-date: /home/team100/team_ws/src/install/apriltag/include/apriltag/common/floats.h
[1.232s] -- Up-to-date: /home/team100/team_ws/src/install/apriltag/include/apriltag/common/g2d.h
[1.233s] -- Up-to-date: /home/team100/team_ws/src/install/apriltag/include/apriltag/common/getopt.h
[1.233s] -- Up-to-date: /home/team100/team_ws/src/install/apriltag/include/apriltag/common/homography.h
[1.233s] -- Up-to-date: /home/team100/team_ws/src/install/apriltag/include/apriltag/common/image_types.h
[1.233s] -- Up-to-date: /home/team100/team_ws/src/install/apriltag/include/apriltag/common/image_u8.h
[1.233s] -- Up-to-date: /home/team100/team_ws/src/install/apriltag/include/apriltag/common/image_u8_parallel.h
[1.234s] -- Up-to-date: /home/team100/team_ws/src/install/apriltag/include/apriltag/common/image_u8x3.h
[1.234s] -- Up-to-date: /home/team100/team_ws/src/install/apriltag/include/apriltag/common/image_u8x4.h
[1.234s] -- Up-to-date: /home/team100/team_ws/src/install/apriltag/include/apriltag/common/matd.h
[1.234s] -- Up-to-date: /home/team100/team_ws/src/install/apriltag/include/apriltag/common/math_util.h
[1.234s] -- Up-to-date: /home/team100/team_ws/src/install/apriltag/include/apriltag/common/pam.h
[1.235s] -- Up-to-date: /home/team100/team_ws/src/install/apriltag/include/apriltag/common/pjpeg.h
[1.235s] -- Up-to-date: /home/team100/team_ws/src/install/apriltag/include/apriltag/common/pnm.h
[1.235s] -- Up-to-date: /home/team100/team_ws/src/install/apriltag/include/apriltag/common/postscript_utils.h
[1.235s] -- Up-to-date: /home/team100/team_ws/src/install/apriltag/include/apriltag/common/pthreads_cross.h
[1.235s] -- Up-to-date: /home/team100/team_ws/src/install/apriltag/include/apriltag/common/string_util.h
[1.235s] -- Up-to-date: /home/team100/team_ws/src/install/apriltag/include/apriltag/common/svd22.h
[1.236s] -- Up-to-date: /home/team100/team_ws/src/install/apriltag/include/apriltag/common/time_util.h
[1.236s] -- Up-to-date: /home/team100/team_ws/src/install/apriltag/include/apriltag/common/timeprofile.h
[1.236s] -- Up-to-date: /home/team100/team_ws/src/install/apriltag/include/apriltag/common/unionfind.h
[1.236s] -- Up-to-date: /home/team100/team_ws/src/install/apriltag/include/apriltag/common/workerpool.h
[1.236s] -- Up-to-date: /home/team100/team_ws/src/install/apriltag/include/apriltag/common/zarray.h
[1.236s] -- Up-to-date: /home/team100/team_ws/src/install/apriltag/include/apriltag/common/zhash.h
[1.236s] -- Up-to-date: /home/team100/team_ws/src/install/apriltag/include/apriltag/common/zmaxheap.h
[1.236s] -- Up-to-date: /home/team100/team_ws/src/install/apriltag/include/apriltag/tag16h5.h
[1.237s] -- Up-to-date: /home/team100/team_ws/src/install/apriltag/include/apriltag/tag25h9.h
[1.237s] -- Up-to-date: /home/team100/team_ws/src/install/apriltag/include/apriltag/tag36h10.h
[1.237s] -- Up-to-date: /home/team100/team_ws/src/install/apriltag/include/apriltag/tag36h11.h
[1.237s] -- Up-to-date: /home/team100/team_ws/src/install/apriltag/include/apriltag/tagCircle21h7.h
[1.237s] -- Up-to-date: /home/team100/team_ws/src/install/apriltag/include/apriltag/tagCircle49h12.h
[1.237s] -- Up-to-date: /home/team100/team_ws/src/install/apriltag/include/apriltag/tagCustom48h12.h
[1.237s] -- Up-to-date: /home/team100/team_ws/src/install/apriltag/include/apriltag/tagStandard41h12.h
[1.238s] -- Up-to-date: /home/team100/team_ws/src/install/apriltag/include/apriltag/tagStandard52h13.h
[1.238s] -- Up-to-date: /home/team100/team_ws/src/install/apriltag/lib/libapriltag.so.3.4.5
[1.238s] -- Up-to-date: /home/team100/team_ws/src/install/apriltag/lib/libapriltag.so.3
[1.238s] -- Up-to-date: /home/team100/team_ws/src/install/apriltag/lib/libapriltag.so
[1.239s] -- Up-to-date: /home/team100/team_ws/src/install/apriltag/lib/apriltag/cmake/apriltagTargets.cmake
[1.239s] -- Up-to-date: /home/team100/team_ws/src/install/apriltag/lib/apriltag/cmake/apriltagTargets-release.cmake
[1.240s] -- Up-to-date: /home/team100/team_ws/src/install/apriltag/lib/apriltag/cmake/apriltagConfig.cmake
[1.240s] -- Up-to-date: /home/team100/team_ws/src/install/apriltag/lib/apriltag/cmake/apriltagConfigVersion.cmake
[1.240s] -- Up-to-date: /home/team100/team_ws/src/install/apriltag/lib/pkgconfig/apriltag.pc
[1.242s] -- Up-to-date: /home/team100/team_ws/src/install/apriltag/lib/python3.10/site-packages/apriltag.cpython-310-aarch64-linux-gnu.so
[1.244s] -- Up-to-date: /home/team100/team_ws/src/install/apriltag/bin/opencv_demo
[1.245s] -- Up-to-date: /home/team100/team_ws/src/install/apriltag/bin/apriltag_demo
[1.250s] Invoked command in '/home/team100/roboracer_116_lehigh/team_ws/src/build/apriltag' returned '0': CMAKE_PREFIX_PATH=${CMAKE_PREFIX_PATH}:/home/team100/roboracer_116_lehigh/team_ws/install/e116:/opt/ros/humble /usr/bin/cmake --install /home/team100/roboracer_116_lehigh/team_ws/src/build/apriltag
