[1.358s] Invoking command in '/home/team100/roboracer_116_lehigh/team_ws/build/e116': PYTHONPATH=/home/team100/roboracer_116_lehigh/team_ws/build/e116/prefix_override:/usr/lib/python3/dist-packages/colcon_core/task/python/colcon_distutils_commands:/home/team100/roboracer_116_lehigh/team_ws/install/e116/lib/python3.10/site-packages:${PYTHONPATH} /usr/bin/python3 -W ignore:setup.py install is deprecated -W ignore:easy_install command is deprecated setup.py develop --editable --build-directory /home/team100/roboracer_116_lehigh/team_ws/build/e116/build --no-deps symlink_data --force
[1.939s] running develop
[2.311s] running egg_info
[2.311s] writing e116.egg-info/PKG-INFO
[2.312s] writing dependency_links to e116.egg-info/dependency_links.txt
[2.312s] writing entry points to e116.egg-info/entry_points.txt
[2.312s] writing requirements to e116.egg-info/requires.txt
[2.313s] writing top-level names to e116.egg-info/top_level.txt
[2.317s] reading manifest file 'e116.egg-info/SOURCES.txt'
[2.319s] writing manifest file 'e116.egg-info/SOURCES.txt'
[2.322s] running build_ext
[2.322s] Creating /home/team100/roboracer_116_lehigh/team_ws/install/e116/lib/python3.10/site-packages/e116.egg-link (link to .)
[2.324s] Installing e116_OLED script to /home/team100/roboracer_116_lehigh/team_ws/install/e116/lib/e116
[2.324s] Installing e116_racecar script to /home/team100/roboracer_116_lehigh/team_ws/install/e116/lib/e116
[2.325s] Installing gap_follow script to /home/team100/roboracer_116_lehigh/team_ws/install/e116/lib/e116
[2.325s] Installing keyJoy script to /home/team100/roboracer_116_lehigh/team_ws/install/e116/lib/e116
[2.325s] Installing keyJoyTerminal script to /home/team100/roboracer_116_lehigh/team_ws/install/e116/lib/e116
[2.326s] 
[2.326s] Installed /home/team100/roboracer_116_lehigh/team_ws/build/e116
[2.326s] running symlink_data
[2.326s] symbolically linking /home/team100/roboracer_116_lehigh/team_ws/build/e116/resource/e116 -> /home/team100/roboracer_116_lehigh/team_ws/install/e116/share/ament_index/resource_index/packages
[2.327s] symbolically linking /home/team100/roboracer_116_lehigh/team_ws/build/e116/package.xml -> /home/team100/roboracer_116_lehigh/team_ws/install/e116/share/e116
[2.327s] symbolically linking /home/team100/roboracer_116_lehigh/team_ws/build/e116/launch/teleop.launch.py -> /home/team100/roboracer_116_lehigh/team_ws/install/e116/share/e116/launch
[2.327s] symbolically linking /home/team100/roboracer_116_lehigh/team_ws/build/e116/launch/e116race.launch.py -> /home/team100/roboracer_116_lehigh/team_ws/install/e116/share/e116/launch
[2.327s] symbolically linking /home/team100/roboracer_116_lehigh/team_ws/build/e116/config/e116.yaml -> /home/team100/roboracer_116_lehigh/team_ws/install/e116/share/e116/config
[2.406s] Invoked command in '/home/team100/roboracer_116_lehigh/team_ws/build/e116' returned '0': PYTHONPATH=/home/team100/roboracer_116_lehigh/team_ws/build/e116/prefix_override:/usr/lib/python3/dist-packages/colcon_core/task/python/colcon_distutils_commands:/home/team100/roboracer_116_lehigh/team_ws/install/e116/lib/python3.10/site-packages:${PYTHONPATH} /usr/bin/python3 -W ignore:setup.py install is deprecated -W ignore:easy_install command is deprecated setup.py develop --editable --build-directory /home/team100/roboracer_116_lehigh/team_ws/build/e116/build --no-deps symlink_data --force
