[0.779s] DEBUG:colcon:Command line arguments: ['/usr/bin/colcon', 'build']
[0.779s] DEBUG:colcon:Parsed command line arguments: Namespace(log_base=None, log_level=None, verb_name='build', build_base='build', install_base='install', merge_install=False, symlink_install=False, test_result_base=None, continue_on_error=False, executor='parallel', parallel_workers=6, event_handlers=None, ignore_user_meta=False, metas=['./colcon.meta'], base_paths=['.'], packages_ignore=None, packages_ignore_regex=None, paths=None, packages_up_to=None, packages_up_to_regex=None, packages_above=None, packages_above_and_dependencies=None, packages_above_depth=None, packages_select_by_dep=None, packages_skip_by_dep=None, packages_skip_up_to=None, packages_select_build_failed=False, packages_skip_build_finished=False, packages_select_test_failures=False, packages_skip_test_passed=False, packages_select=None, packages_skip=None, packages_select_regex=None, packages_skip_regex=None, packages_start=None, packages_end=None, allow_overriding=[], cmake_args=None, cmake_target=None, cmake_target_skip_unavailable=False, cmake_clean_cache=False, cmake_clean_first=False, cmake_force_configure=False, ament_cmake_args=None, catkin_cmake_args=None, catkin_skip_building_tests=False, mixin_files=None, mixin=None, verb_parser=<colcon_mixin.mixin.mixin_argument.MixinArgumentDecorator object at 0xffff9bd51cf0>, verb_extension=<colcon_core.verb.build.BuildVerb object at 0xffff9bd514e0>, main=<bound method BuildVerb.main of <colcon_core.verb.build.BuildVerb object at 0xffff9bd514e0>>, mixin_verb=('build',))
[1.503s] Level 1:colcon.colcon_core.package_discovery:discover_packages(colcon_meta) check parameters
[1.504s] Level 1:colcon.colcon_core.package_discovery:discover_packages(recursive) check parameters
[1.504s] Level 1:colcon.colcon_core.package_discovery:discover_packages(ignore) check parameters
[1.504s] Level 1:colcon.colcon_core.package_discovery:discover_packages(path) check parameters
[1.504s] Level 1:colcon.colcon_core.package_discovery:discover_packages(colcon_meta) discover
[1.504s] Level 1:colcon.colcon_core.package_discovery:discover_packages(recursive) discover
[1.504s] INFO:colcon.colcon_core.package_discovery:Crawling recursively for packages in '/home/team100/team_ws'
[1.505s] Level 1:colcon.colcon_core.package_identification:_identify(.) by extensions ['ignore', 'ignore_ament_install']
[1.505s] Level 1:colcon.colcon_core.package_identification:_identify(.) by extension 'ignore'
[1.505s] Level 1:colcon.colcon_core.package_identification:_identify(.) by extension 'ignore_ament_install'
[1.506s] Level 1:colcon.colcon_core.package_identification:_identify(.) by extensions ['colcon_pkg']
[1.506s] Level 1:colcon.colcon_core.package_identification:_identify(.) by extension 'colcon_pkg'
[1.506s] Level 1:colcon.colcon_core.package_identification:_identify(.) by extensions ['colcon_meta']
[1.506s] Level 1:colcon.colcon_core.package_identification:_identify(.) by extension 'colcon_meta'
[1.506s] Level 1:colcon.colcon_core.package_identification:_identify(.) by extensions ['ros']
[1.507s] Level 1:colcon.colcon_core.package_identification:_identify(.) by extension 'ros'
[1.588s] Level 1:colcon.colcon_core.package_identification:_identify(.) by extensions ['cmake', 'python']
[1.588s] Level 1:colcon.colcon_core.package_identification:_identify(.) by extension 'cmake'
[1.589s] Level 1:colcon.colcon_core.package_identification:_identify(.) by extension 'python'
[1.589s] Level 1:colcon.colcon_core.package_identification:_identify(.) by extensions ['python_setup_py']
[1.589s] Level 1:colcon.colcon_core.package_identification:_identify(.) by extension 'python_setup_py'
[1.590s] Level 1:colcon.colcon_core.package_identification:_identify(build) by extensions ['ignore', 'ignore_ament_install']
[1.590s] Level 1:colcon.colcon_core.package_identification:_identify(build) by extension 'ignore'
[1.590s] Level 1:colcon.colcon_core.package_identification:_identify(build) ignored
[1.591s] Level 1:colcon.colcon_core.package_identification:_identify(install) by extensions ['ignore', 'ignore_ament_install']
[1.591s] Level 1:colcon.colcon_core.package_identification:_identify(install) by extension 'ignore'
[1.591s] Level 1:colcon.colcon_core.package_identification:_identify(install) ignored
[1.592s] Level 1:colcon.colcon_core.package_identification:_identify(log) by extensions ['ignore', 'ignore_ament_install']
[1.592s] Level 1:colcon.colcon_core.package_identification:_identify(log) by extension 'ignore'
[1.592s] Level 1:colcon.colcon_core.package_identification:_identify(log) ignored
[1.597s] Level 1:colcon.colcon_core.package_identification:_identify(src) by extensions ['ignore', 'ignore_ament_install']
[1.597s] Level 1:colcon.colcon_core.package_identification:_identify(src) by extension 'ignore'
[1.597s] Level 1:colcon.colcon_core.package_identification:_identify(src) by extension 'ignore_ament_install'
[1.598s] Level 1:colcon.colcon_core.package_identification:_identify(src) by extensions ['colcon_pkg']
[1.598s] Level 1:colcon.colcon_core.package_identification:_identify(src) by extension 'colcon_pkg'
[1.598s] Level 1:colcon.colcon_core.package_identification:_identify(src) by extensions ['colcon_meta']
[1.598s] Level 1:colcon.colcon_core.package_identification:_identify(src) by extension 'colcon_meta'
[1.598s] Level 1:colcon.colcon_core.package_identification:_identify(src) by extensions ['ros']
[1.598s] Level 1:colcon.colcon_core.package_identification:_identify(src) by extension 'ros'
[1.599s] Level 1:colcon.colcon_core.package_identification:_identify(src) by extensions ['cmake', 'python']
[1.599s] Level 1:colcon.colcon_core.package_identification:_identify(src) by extension 'cmake'
[1.599s] Level 1:colcon.colcon_core.package_identification:_identify(src) by extension 'python'
[1.599s] Level 1:colcon.colcon_core.package_identification:_identify(src) by extensions ['python_setup_py']
[1.599s] Level 1:colcon.colcon_core.package_identification:_identify(src) by extension 'python_setup_py'
[1.603s] Level 1:colcon.colcon_core.package_identification:_identify(src/apriltag) by extensions ['ignore', 'ignore_ament_install']
[1.604s] Level 1:colcon.colcon_core.package_identification:_identify(src/apriltag) by extension 'ignore'
[1.604s] Level 1:colcon.colcon_core.package_identification:_identify(src/apriltag) by extension 'ignore_ament_install'
[1.604s] Level 1:colcon.colcon_core.package_identification:_identify(src/apriltag) by extensions ['colcon_pkg']
[1.604s] Level 1:colcon.colcon_core.package_identification:_identify(src/apriltag) by extension 'colcon_pkg'
[1.604s] Level 1:colcon.colcon_core.package_identification:_identify(src/apriltag) by extensions ['colcon_meta']
[1.604s] Level 1:colcon.colcon_core.package_identification:_identify(src/apriltag) by extension 'colcon_meta'
[1.605s] Level 1:colcon.colcon_core.package_identification:_identify(src/apriltag) by extensions ['ros']
[1.605s] Level 1:colcon.colcon_core.package_identification:_identify(src/apriltag) by extension 'ros'
[1.630s] DEBUG:colcon.colcon_core.package_identification:Package 'src/apriltag' with type 'ros.cmake' and name 'apriltag'
[1.633s] Level 1:colcon.colcon_core.package_identification:_identify(src/apriltag_msgs) by extensions ['ignore', 'ignore_ament_install']
[1.633s] Level 1:colcon.colcon_core.package_identification:_identify(src/apriltag_msgs) by extension 'ignore'
[1.633s] Level 1:colcon.colcon_core.package_identification:_identify(src/apriltag_msgs) by extension 'ignore_ament_install'
[1.634s] Level 1:colcon.colcon_core.package_identification:_identify(src/apriltag_msgs) by extensions ['colcon_pkg']
[1.634s] Level 1:colcon.colcon_core.package_identification:_identify(src/apriltag_msgs) by extension 'colcon_pkg'
[1.634s] Level 1:colcon.colcon_core.package_identification:_identify(src/apriltag_msgs) by extensions ['colcon_meta']
[1.634s] Level 1:colcon.colcon_core.package_identification:_identify(src/apriltag_msgs) by extension 'colcon_meta'
[1.635s] Level 1:colcon.colcon_core.package_identification:_identify(src/apriltag_msgs) by extensions ['ros']
[1.635s] Level 1:colcon.colcon_core.package_identification:_identify(src/apriltag_msgs) by extension 'ros'
[1.641s] DEBUG:colcon.colcon_core.package_identification:Package 'src/apriltag_msgs' with type 'ros.ament_cmake' and name 'apriltag_msgs'
[1.641s] Level 1:colcon.colcon_core.package_identification:_identify(src/apriltag_ros) by extensions ['ignore', 'ignore_ament_install']
[1.642s] Level 1:colcon.colcon_core.package_identification:_identify(src/apriltag_ros) by extension 'ignore'
[1.642s] Level 1:colcon.colcon_core.package_identification:_identify(src/apriltag_ros) by extension 'ignore_ament_install'
[1.642s] Level 1:colcon.colcon_core.package_identification:_identify(src/apriltag_ros) by extensions ['colcon_pkg']
[1.643s] Level 1:colcon.colcon_core.package_identification:_identify(src/apriltag_ros) by extension 'colcon_pkg'
[1.643s] Level 1:colcon.colcon_core.package_identification:_identify(src/apriltag_ros) by extensions ['colcon_meta']
[1.643s] Level 1:colcon.colcon_core.package_identification:_identify(src/apriltag_ros) by extension 'colcon_meta'
[1.643s] Level 1:colcon.colcon_core.package_identification:_identify(src/apriltag_ros) by extensions ['ros']
[1.643s] Level 1:colcon.colcon_core.package_identification:_identify(src/apriltag_ros) by extension 'ros'
[1.653s] DEBUG:colcon.colcon_core.package_identification:Package 'src/apriltag_ros' with type 'ros.ament_cmake' and name 'apriltag_ros'
[1.656s] Level 1:colcon.colcon_core.package_identification:_identify(src/build) by extensions ['ignore', 'ignore_ament_install']
[1.656s] Level 1:colcon.colcon_core.package_identification:_identify(src/build) by extension 'ignore'
[1.656s] Level 1:colcon.colcon_core.package_identification:_identify(src/build) ignored
[1.657s] Level 1:colcon.colcon_core.package_identification:_identify(src/e116) by extensions ['ignore', 'ignore_ament_install']
[1.657s] Level 1:colcon.colcon_core.package_identification:_identify(src/e116) by extension 'ignore'
[1.658s] Level 1:colcon.colcon_core.package_identification:_identify(src/e116) by extension 'ignore_ament_install'
[1.658s] Level 1:colcon.colcon_core.package_identification:_identify(src/e116) by extensions ['colcon_pkg']
[1.658s] Level 1:colcon.colcon_core.package_identification:_identify(src/e116) by extension 'colcon_pkg'
[1.658s] Level 1:colcon.colcon_core.package_identification:_identify(src/e116) by extensions ['colcon_meta']
[1.658s] Level 1:colcon.colcon_core.package_identification:_identify(src/e116) by extension 'colcon_meta'
[1.659s] Level 1:colcon.colcon_core.package_identification:_identify(src/e116) by extensions ['ros']
[1.659s] Level 1:colcon.colcon_core.package_identification:_identify(src/e116) by extension 'ros'
[1.666s] DEBUG:colcon.colcon_core.package_identification:Package 'src/e116' with type 'ros.ament_python' and name 'e116'
[1.669s] Level 1:colcon.colcon_core.package_identification:_identify(src/install) by extensions ['ignore', 'ignore_ament_install']
[1.670s] Level 1:colcon.colcon_core.package_identification:_identify(src/install) by extension 'ignore'
[1.670s] Level 1:colcon.colcon_core.package_identification:_identify(src/install) ignored
[1.671s] Level 1:colcon.colcon_core.package_identification:_identify(src/log) by extensions ['ignore', 'ignore_ament_install']
[1.671s] Level 1:colcon.colcon_core.package_identification:_identify(src/log) by extension 'ignore'
[1.671s] Level 1:colcon.colcon_core.package_identification:_identify(src/log) ignored
[1.672s] Level 1:colcon.colcon_core.package_discovery:discover_packages(recursive) using defaults
[1.672s] Level 1:colcon.colcon_core.package_discovery:discover_packages(ignore) discover
[1.672s] Level 1:colcon.colcon_core.package_discovery:discover_packages(ignore) using defaults
[1.672s] Level 1:colcon.colcon_core.package_discovery:discover_packages(path) discover
[1.672s] Level 1:colcon.colcon_core.package_discovery:discover_packages(path) using defaults
[1.874s] Level 1:colcon.colcon_core.package_discovery:discover_packages(prefix_path) check parameters
[1.874s] Level 1:colcon.colcon_core.package_discovery:discover_packages(prefix_path) discover
[1.887s] DEBUG:colcon.colcon_installed_package_information.package_discovery:Found 296 installed packages in /opt/ros/humble
[1.893s] Level 1:colcon.colcon_core.package_discovery:discover_packages(prefix_path) using defaults
[2.008s] Level 5:colcon.colcon_core.verb:set package 'apriltag' build argument 'cmake_args' from command line to 'None'
[2.009s] Level 5:colcon.colcon_core.verb:set package 'apriltag' build argument 'cmake_target' from command line to 'None'
[2.009s] Level 5:colcon.colcon_core.verb:set package 'apriltag' build argument 'cmake_target_skip_unavailable' from command line to 'False'
[2.009s] Level 5:colcon.colcon_core.verb:set package 'apriltag' build argument 'cmake_clean_cache' from command line to 'False'
[2.009s] Level 5:colcon.colcon_core.verb:set package 'apriltag' build argument 'cmake_clean_first' from command line to 'False'
[2.009s] Level 5:colcon.colcon_core.verb:set package 'apriltag' build argument 'cmake_force_configure' from command line to 'False'
[2.009s] Level 5:colcon.colcon_core.verb:set package 'apriltag' build argument 'ament_cmake_args' from command line to 'None'
[2.009s] Level 5:colcon.colcon_core.verb:set package 'apriltag' build argument 'catkin_cmake_args' from command line to 'None'
[2.009s] Level 5:colcon.colcon_core.verb:set package 'apriltag' build argument 'catkin_skip_building_tests' from command line to 'False'
[2.009s] DEBUG:colcon.colcon_core.verb:Building package 'apriltag' with the following arguments: {'ament_cmake_args': None, 'build_base': '/home/team100/team_ws/build/apriltag', 'catkin_cmake_args': None, 'catkin_skip_building_tests': False, 'cmake_args': None, 'cmake_clean_cache': False, 'cmake_clean_first': False, 'cmake_force_configure': False, 'cmake_target': None, 'cmake_target_skip_unavailable': False, 'install_base': '/home/team100/team_ws/install/apriltag', 'merge_install': False, 'path': '/home/team100/team_ws/src/apriltag', 'symlink_install': False, 'test_result_base': None}
[2.010s] Level 5:colcon.colcon_core.verb:set package 'apriltag_msgs' build argument 'cmake_args' from command line to 'None'
[2.010s] Level 5:colcon.colcon_core.verb:set package 'apriltag_msgs' build argument 'cmake_target' from command line to 'None'
[2.010s] Level 5:colcon.colcon_core.verb:set package 'apriltag_msgs' build argument 'cmake_target_skip_unavailable' from command line to 'False'
[2.010s] Level 5:colcon.colcon_core.verb:set package 'apriltag_msgs' build argument 'cmake_clean_cache' from command line to 'False'
[2.010s] Level 5:colcon.colcon_core.verb:set package 'apriltag_msgs' build argument 'cmake_clean_first' from command line to 'False'
[2.010s] Level 5:colcon.colcon_core.verb:set package 'apriltag_msgs' build argument 'cmake_force_configure' from command line to 'False'
[2.010s] Level 5:colcon.colcon_core.verb:set package 'apriltag_msgs' build argument 'ament_cmake_args' from command line to 'None'
[2.010s] Level 5:colcon.colcon_core.verb:set package 'apriltag_msgs' build argument 'catkin_cmake_args' from command line to 'None'
[2.011s] Level 5:colcon.colcon_core.verb:set package 'apriltag_msgs' build argument 'catkin_skip_building_tests' from command line to 'False'
[2.011s] DEBUG:colcon.colcon_core.verb:Building package 'apriltag_msgs' with the following arguments: {'ament_cmake_args': None, 'build_base': '/home/team100/team_ws/build/apriltag_msgs', 'catkin_cmake_args': None, 'catkin_skip_building_tests': False, 'cmake_args': None, 'cmake_clean_cache': False, 'cmake_clean_first': False, 'cmake_force_configure': False, 'cmake_target': None, 'cmake_target_skip_unavailable': False, 'install_base': '/home/team100/team_ws/install/apriltag_msgs', 'merge_install': False, 'path': '/home/team100/team_ws/src/apriltag_msgs', 'symlink_install': False, 'test_result_base': None}
[2.011s] Level 5:colcon.colcon_core.verb:set package 'e116' build argument 'cmake_args' from command line to 'None'
[2.011s] Level 5:colcon.colcon_core.verb:set package 'e116' build argument 'cmake_target' from command line to 'None'
[2.011s] Level 5:colcon.colcon_core.verb:set package 'e116' build argument 'cmake_target_skip_unavailable' from command line to 'False'
[2.012s] Level 5:colcon.colcon_core.verb:set package 'e116' build argument 'cmake_clean_cache' from command line to 'False'
[2.012s] Level 5:colcon.colcon_core.verb:set package 'e116' build argument 'cmake_clean_first' from command line to 'False'
[2.012s] Level 5:colcon.colcon_core.verb:set package 'e116' build argument 'cmake_force_configure' from command line to 'False'
[2.012s] Level 5:colcon.colcon_core.verb:set package 'e116' build argument 'ament_cmake_args' from command line to 'None'
[2.012s] Level 5:colcon.colcon_core.verb:set package 'e116' build argument 'catkin_cmake_args' from command line to 'None'
[2.012s] Level 5:colcon.colcon_core.verb:set package 'e116' build argument 'catkin_skip_building_tests' from command line to 'False'
[2.012s] DEBUG:colcon.colcon_core.verb:Building package 'e116' with the following arguments: {'ament_cmake_args': None, 'build_base': '/home/team100/team_ws/build/e116', 'catkin_cmake_args': None, 'catkin_skip_building_tests': False, 'cmake_args': None, 'cmake_clean_cache': False, 'cmake_clean_first': False, 'cmake_force_configure': False, 'cmake_target': None, 'cmake_target_skip_unavailable': False, 'install_base': '/home/team100/team_ws/install/e116', 'merge_install': False, 'path': '/home/team100/team_ws/src/e116', 'symlink_install': False, 'test_result_base': None}
[2.013s] Level 5:colcon.colcon_core.verb:set package 'apriltag_ros' build argument 'cmake_args' from command line to 'None'
[2.013s] Level 5:colcon.colcon_core.verb:set package 'apriltag_ros' build argument 'cmake_target' from command line to 'None'
[2.013s] Level 5:colcon.colcon_core.verb:set package 'apriltag_ros' build argument 'cmake_target_skip_unavailable' from command line to 'False'
[2.013s] Level 5:colcon.colcon_core.verb:set package 'apriltag_ros' build argument 'cmake_clean_cache' from command line to 'False'
[2.013s] Level 5:colcon.colcon_core.verb:set package 'apriltag_ros' build argument 'cmake_clean_first' from command line to 'False'
[2.013s] Level 5:colcon.colcon_core.verb:set package 'apriltag_ros' build argument 'cmake_force_configure' from command line to 'False'
[2.013s] Level 5:colcon.colcon_core.verb:set package 'apriltag_ros' build argument 'ament_cmake_args' from command line to 'None'
[2.013s] Level 5:colcon.colcon_core.verb:set package 'apriltag_ros' build argument 'catkin_cmake_args' from command line to 'None'
[2.013s] Level 5:colcon.colcon_core.verb:set package 'apriltag_ros' build argument 'catkin_skip_building_tests' from command line to 'False'
[2.013s] DEBUG:colcon.colcon_core.verb:Building package 'apriltag_ros' with the following arguments: {'ament_cmake_args': None, 'build_base': '/home/team100/team_ws/build/apriltag_ros', 'catkin_cmake_args': None, 'catkin_skip_building_tests': False, 'cmake_args': None, 'cmake_clean_cache': False, 'cmake_clean_first': False, 'cmake_force_configure': False, 'cmake_target': None, 'cmake_target_skip_unavailable': False, 'install_base': '/home/team100/team_ws/install/apriltag_ros', 'merge_install': False, 'path': '/home/team100/team_ws/src/apriltag_ros', 'symlink_install': False, 'test_result_base': None}
[2.013s] INFO:colcon.colcon_core.executor:Executing jobs using 'parallel' executor
[2.016s] DEBUG:colcon.colcon_parallel_executor.executor.parallel:run_until_complete
[2.017s] INFO:colcon.colcon_ros.task.cmake.build:Building ROS package in '/home/team100/team_ws/src/apriltag' with build type 'cmake'
[2.017s] INFO:colcon.colcon_cmake.task.cmake.build:Building CMake package in '/home/team100/team_ws/src/apriltag'
[2.051s] INFO:colcon.colcon_core.plugin_system:Skipping extension 'colcon_core.shell.bat': Not used on non-Windows systems
[2.052s] INFO:colcon.colcon_core.shell:Skip shell extension 'powershell' for command environment: Not usable outside of PowerShell
[2.052s] DEBUG:colcon.colcon_core.shell:Skip shell extension 'dsv' for command environment
[2.065s] INFO:colcon.colcon_ros.task.ament_cmake.build:Building ROS package in '/home/team100/team_ws/src/apriltag_msgs' with build type 'ament_cmake'
[2.065s] INFO:colcon.colcon_cmake.task.cmake.build:Building CMake package in '/home/team100/team_ws/src/apriltag_msgs'
[2.066s] INFO:colcon.colcon_core.shell:Skip shell extension 'powershell' for command environment: Not usable outside of PowerShell
[2.066s] DEBUG:colcon.colcon_core.shell:Skip shell extension 'dsv' for command environment
[2.108s] INFO:colcon.colcon_ros.task.ament_python.build:Building ROS package in '/home/team100/team_ws/src/e116' with build type 'ament_python'
[2.109s] Level 1:colcon.colcon_core.shell:create_environment_hook('e116', 'ament_prefix_path')
[2.110s] INFO:colcon.colcon_core.shell:Creating environment hook '/home/team100/team_ws/install/e116/share/e116/hook/ament_prefix_path.ps1'
[2.117s] INFO:colcon.colcon_core.shell:Creating environment descriptor '/home/team100/team_ws/install/e116/share/e116/hook/ament_prefix_path.dsv'
[2.119s] INFO:colcon.colcon_core.shell:Creating environment hook '/home/team100/team_ws/install/e116/share/e116/hook/ament_prefix_path.sh'
[2.123s] INFO:colcon.colcon_core.shell:Skip shell extension 'powershell' for command environment: Not usable outside of PowerShell
[2.123s] DEBUG:colcon.colcon_core.shell:Skip shell extension 'dsv' for command environment
[2.148s] DEBUG:colcon.colcon_core.event_handler.log_command:Invoking command in '/home/team100/team_ws/build/apriltag': CMAKE_PREFIX_PATH=/opt/ros/humble /usr/bin/cmake --build /home/team100/team_ws/build/apriltag -- -j6 -l6
[2.234s] DEBUG:colcon.colcon_core.event_handler.log_command:Invoking command in '/home/team100/team_ws/build/apriltag_msgs': CMAKE_PREFIX_PATH=/opt/ros/humble /usr/bin/cmake --build /home/team100/team_ws/build/apriltag_msgs -- -j6 -l6
[2.965s] INFO:colcon.colcon_core.task.python.build:Building Python package in '/home/team100/team_ws/src/e116'
[2.966s] INFO:colcon.colcon_core.shell:Skip shell extension 'powershell' for command environment: Not usable outside of PowerShell
[2.966s] DEBUG:colcon.colcon_core.shell:Skip shell extension 'dsv' for command environment
[3.716s] DEBUG:colcon.colcon_core.event_handler.log_command:Invoked command in '/home/team100/team_ws/build/apriltag_msgs' returned '0': CMAKE_PREFIX_PATH=/opt/ros/humble /usr/bin/cmake --build /home/team100/team_ws/build/apriltag_msgs -- -j6 -l6
[3.745s] DEBUG:colcon.colcon_core.event_handler.log_command:Invoking command in '/home/team100/team_ws/build/apriltag_msgs': CMAKE_PREFIX_PATH=/opt/ros/humble /usr/bin/cmake --install /home/team100/team_ws/build/apriltag_msgs
[4.369s] Level 1:colcon.colcon_core.environment:create_environment_scripts_only(apriltag_msgs)
[4.371s] DEBUG:colcon.colcon_core.event_handler.log_command:Invoked command in '/home/team100/team_ws/build/apriltag_msgs' returned '0': CMAKE_PREFIX_PATH=/opt/ros/humble /usr/bin/cmake --install /home/team100/team_ws/build/apriltag_msgs
[4.413s] Level 1:colcon.colcon_core.environment:checking '/home/team100/team_ws/install/apriltag_msgs' for CMake module files
[4.415s] Level 1:colcon.colcon_core.environment:checking '/home/team100/team_ws/install/apriltag_msgs' for CMake config files
[4.416s] Level 1:colcon.colcon_core.shell:create_environment_hook('apriltag_msgs', 'cmake_prefix_path')
[4.417s] INFO:colcon.colcon_core.shell:Creating environment hook '/home/team100/team_ws/install/apriltag_msgs/share/apriltag_msgs/hook/cmake_prefix_path.ps1'
[4.421s] INFO:colcon.colcon_core.shell:Creating environment descriptor '/home/team100/team_ws/install/apriltag_msgs/share/apriltag_msgs/hook/cmake_prefix_path.dsv'
[4.423s] INFO:colcon.colcon_core.shell:Creating environment hook '/home/team100/team_ws/install/apriltag_msgs/share/apriltag_msgs/hook/cmake_prefix_path.sh'
[4.425s] Level 1:colcon.colcon_core.environment:checking '/home/team100/team_ws/install/apriltag_msgs/lib'
[4.425s] Level 1:colcon.colcon_core.shell:create_environment_hook('apriltag_msgs', 'ld_library_path_lib')
[4.426s] INFO:colcon.colcon_core.shell:Creating environment hook '/home/team100/team_ws/install/apriltag_msgs/share/apriltag_msgs/hook/ld_library_path_lib.ps1'
[4.427s] INFO:colcon.colcon_core.shell:Creating environment descriptor '/home/team100/team_ws/install/apriltag_msgs/share/apriltag_msgs/hook/ld_library_path_lib.dsv'
[4.428s] INFO:colcon.colcon_core.shell:Creating environment hook '/home/team100/team_ws/install/apriltag_msgs/share/apriltag_msgs/hook/ld_library_path_lib.sh'
[4.429s] Level 1:colcon.colcon_core.environment:checking '/home/team100/team_ws/install/apriltag_msgs/bin'
[4.429s] Level 1:colcon.colcon_core.environment:checking '/home/team100/team_ws/install/apriltag_msgs/lib/pkgconfig/apriltag_msgs.pc'
[4.430s] Level 1:colcon.colcon_core.environment:checking '/home/team100/team_ws/install/apriltag_msgs/lib/python3.10/site-packages'
[4.431s] Level 1:colcon.colcon_core.environment:checking '/home/team100/team_ws/install/apriltag_msgs/bin'
[4.432s] INFO:colcon.colcon_core.shell:Creating package script '/home/team100/team_ws/install/apriltag_msgs/share/apriltag_msgs/package.ps1'
[4.435s] INFO:colcon.colcon_core.shell:Creating package descriptor '/home/team100/team_ws/install/apriltag_msgs/share/apriltag_msgs/package.dsv'
[4.438s] INFO:colcon.colcon_core.shell:Creating package script '/home/team100/team_ws/install/apriltag_msgs/share/apriltag_msgs/package.sh'
[4.445s] INFO:colcon.colcon_core.shell:Creating package script '/home/team100/team_ws/install/apriltag_msgs/share/apriltag_msgs/package.bash'
[4.448s] INFO:colcon.colcon_core.shell:Creating package script '/home/team100/team_ws/install/apriltag_msgs/share/apriltag_msgs/package.zsh'
[4.456s] Level 1:colcon.colcon_core.environment:create_file_with_runtime_dependencies(/home/team100/team_ws/install/apriltag_msgs/share/colcon-core/packages/apriltag_msgs)
[4.459s] Level 1:colcon.colcon_core.environment:create_environment_scripts_only(apriltag_msgs)
[4.461s] Level 1:colcon.colcon_core.environment:checking '/home/team100/team_ws/install/apriltag_msgs' for CMake module files
[4.462s] Level 1:colcon.colcon_core.environment:checking '/home/team100/team_ws/install/apriltag_msgs' for CMake config files
[4.464s] Level 1:colcon.colcon_core.shell:create_environment_hook('apriltag_msgs', 'cmake_prefix_path')
[4.465s] INFO:colcon.colcon_core.shell:Creating environment hook '/home/team100/team_ws/install/apriltag_msgs/share/apriltag_msgs/hook/cmake_prefix_path.ps1'
[4.466s] INFO:colcon.colcon_core.shell:Creating environment descriptor '/home/team100/team_ws/install/apriltag_msgs/share/apriltag_msgs/hook/cmake_prefix_path.dsv'
[4.467s] INFO:colcon.colcon_core.shell:Creating environment hook '/home/team100/team_ws/install/apriltag_msgs/share/apriltag_msgs/hook/cmake_prefix_path.sh'
[4.469s] Level 1:colcon.colcon_core.environment:checking '/home/team100/team_ws/install/apriltag_msgs/lib'
[4.469s] Level 1:colcon.colcon_core.shell:create_environment_hook('apriltag_msgs', 'ld_library_path_lib')
[4.470s] INFO:colcon.colcon_core.shell:Creating environment hook '/home/team100/team_ws/install/apriltag_msgs/share/apriltag_msgs/hook/ld_library_path_lib.ps1'
[4.471s] INFO:colcon.colcon_core.shell:Creating environment descriptor '/home/team100/team_ws/install/apriltag_msgs/share/apriltag_msgs/hook/ld_library_path_lib.dsv'
[4.472s] INFO:colcon.colcon_core.shell:Creating environment hook '/home/team100/team_ws/install/apriltag_msgs/share/apriltag_msgs/hook/ld_library_path_lib.sh'
[4.473s] Level 1:colcon.colcon_core.environment:checking '/home/team100/team_ws/install/apriltag_msgs/bin'
[4.473s] Level 1:colcon.colcon_core.environment:checking '/home/team100/team_ws/install/apriltag_msgs/lib/pkgconfig/apriltag_msgs.pc'
[4.473s] Level 1:colcon.colcon_core.environment:checking '/home/team100/team_ws/install/apriltag_msgs/lib/python3.10/site-packages'
[4.474s] Level 1:colcon.colcon_core.environment:checking '/home/team100/team_ws/install/apriltag_msgs/bin'
[4.475s] INFO:colcon.colcon_core.shell:Creating package script '/home/team100/team_ws/install/apriltag_msgs/share/apriltag_msgs/package.ps1'
[4.477s] INFO:colcon.colcon_core.shell:Creating package descriptor '/home/team100/team_ws/install/apriltag_msgs/share/apriltag_msgs/package.dsv'
[4.478s] INFO:colcon.colcon_core.shell:Creating package script '/home/team100/team_ws/install/apriltag_msgs/share/apriltag_msgs/package.sh'
[4.479s] INFO:colcon.colcon_core.shell:Creating package script '/home/team100/team_ws/install/apriltag_msgs/share/apriltag_msgs/package.bash'
[4.480s] INFO:colcon.colcon_core.shell:Creating package script '/home/team100/team_ws/install/apriltag_msgs/share/apriltag_msgs/package.zsh'
[4.482s] Level 1:colcon.colcon_core.environment:create_file_with_runtime_dependencies(/home/team100/team_ws/install/apriltag_msgs/share/colcon-core/packages/apriltag_msgs)
[4.535s] DEBUG:colcon.colcon_core.event_handler.log_command:Invoking command in '/home/team100/team_ws/src/e116': PYTHONPATH=/home/team100/team_ws/build/e116/prefix_override:/usr/lib/python3/dist-packages/colcon_core/task/python/colcon_distutils_commands:/home/team100/team_ws/install/e116/lib/python3.10/site-packages:${PYTHONPATH} /usr/bin/python3 -W ignore:setup.py install is deprecated -W ignore:easy_install command is deprecated setup.py egg_info --egg-base ../../build/e116 build --build-base /home/team100/team_ws/build/e116/build install --record /home/team100/team_ws/build/e116/install.log --single-version-externally-managed install_data
[4.792s] DEBUG:colcon.colcon_core.event_handler.log_command:Invoked command in '/home/team100/team_ws/build/apriltag' returned '0': CMAKE_PREFIX_PATH=/opt/ros/humble /usr/bin/cmake --build /home/team100/team_ws/build/apriltag -- -j6 -l6
[4.821s] DEBUG:colcon.colcon_core.event_handler.log_command:Invoking command in '/home/team100/team_ws/build/apriltag': CMAKE_PREFIX_PATH=/opt/ros/humble /usr/bin/cmake --install /home/team100/team_ws/build/apriltag
[4.868s] DEBUG:colcon.colcon_core.event_handler.log_command:Invoked command in '/home/team100/team_ws/build/apriltag' returned '0': CMAKE_PREFIX_PATH=/opt/ros/humble /usr/bin/cmake --install /home/team100/team_ws/build/apriltag
[4.869s] Level 1:colcon.colcon_core.shell:create_environment_hook('apriltag', 'pkg_config_path')
[4.870s] INFO:colcon.colcon_core.shell:Creating environment hook '/home/team100/team_ws/install/apriltag/share/apriltag/hook/pkg_config_path.ps1'
[4.897s] INFO:colcon.colcon_core.shell:Creating environment descriptor '/home/team100/team_ws/install/apriltag/share/apriltag/hook/pkg_config_path.dsv'
[4.899s] INFO:colcon.colcon_core.shell:Creating environment hook '/home/team100/team_ws/install/apriltag/share/apriltag/hook/pkg_config_path.sh'
[4.903s] Level 1:colcon.colcon_core.shell:create_environment_hook('apriltag', 'pkg_config_path_multiarch')
[4.904s] INFO:colcon.colcon_core.shell:Creating environment hook '/home/team100/team_ws/install/apriltag/share/apriltag/hook/pkg_config_path_multiarch.ps1'
[4.905s] INFO:colcon.colcon_core.shell:Creating environment descriptor '/home/team100/team_ws/install/apriltag/share/apriltag/hook/pkg_config_path_multiarch.dsv'
[4.906s] INFO:colcon.colcon_core.shell:Creating environment hook '/home/team100/team_ws/install/apriltag/share/apriltag/hook/pkg_config_path_multiarch.sh'
[4.907s] Level 1:colcon.colcon_core.environment:create_environment_scripts_only(apriltag)
[4.908s] Level 1:colcon.colcon_core.environment:checking '/home/team100/team_ws/install/apriltag' for CMake module files
[4.909s] Level 1:colcon.colcon_core.environment:checking '/home/team100/team_ws/install/apriltag' for CMake config files
[4.910s] Level 1:colcon.colcon_core.shell:create_environment_hook('apriltag', 'cmake_prefix_path')
[4.910s] INFO:colcon.colcon_core.shell:Creating environment hook '/home/team100/team_ws/install/apriltag/share/apriltag/hook/cmake_prefix_path.ps1'
[4.911s] INFO:colcon.colcon_core.shell:Creating environment descriptor '/home/team100/team_ws/install/apriltag/share/apriltag/hook/cmake_prefix_path.dsv'
[4.912s] INFO:colcon.colcon_core.shell:Creating environment hook '/home/team100/team_ws/install/apriltag/share/apriltag/hook/cmake_prefix_path.sh'
[4.913s] Level 1:colcon.colcon_core.environment:checking '/home/team100/team_ws/install/apriltag/lib'
[4.914s] Level 1:colcon.colcon_core.shell:create_environment_hook('apriltag', 'ld_library_path_lib')
[4.914s] INFO:colcon.colcon_core.shell:Creating environment hook '/home/team100/team_ws/install/apriltag/share/apriltag/hook/ld_library_path_lib.ps1'
[4.915s] INFO:colcon.colcon_core.shell:Creating environment descriptor '/home/team100/team_ws/install/apriltag/share/apriltag/hook/ld_library_path_lib.dsv'
[4.916s] INFO:colcon.colcon_core.shell:Creating environment hook '/home/team100/team_ws/install/apriltag/share/apriltag/hook/ld_library_path_lib.sh'
[4.917s] Level 1:colcon.colcon_core.environment:checking '/home/team100/team_ws/install/apriltag/bin'
[4.917s] Level 1:colcon.colcon_core.shell:create_environment_hook('apriltag', 'path')
[4.917s] INFO:colcon.colcon_core.shell:Creating environment hook '/home/team100/team_ws/install/apriltag/share/apriltag/hook/path.ps1'
[4.918s] INFO:colcon.colcon_core.shell:Creating environment descriptor '/home/team100/team_ws/install/apriltag/share/apriltag/hook/path.dsv'
[4.919s] INFO:colcon.colcon_core.shell:Creating environment hook '/home/team100/team_ws/install/apriltag/share/apriltag/hook/path.sh'
[4.920s] Level 1:colcon.colcon_core.environment:checking '/home/team100/team_ws/install/apriltag/lib/pkgconfig/apriltag.pc'
[4.920s] Level 1:colcon.colcon_core.shell:create_environment_hook('apriltag', 'pkg_config')
[4.920s] INFO:colcon.colcon_core.shell:Creating environment hook '/home/team100/team_ws/install/apriltag/share/apriltag/hook/pkg_config.ps1'
[4.921s] INFO:colcon.colcon_core.shell:Creating environment descriptor '/home/team100/team_ws/install/apriltag/share/apriltag/hook/pkg_config.dsv'
[4.922s] INFO:colcon.colcon_core.shell:Creating environment hook '/home/team100/team_ws/install/apriltag/share/apriltag/hook/pkg_config.sh'
[4.924s] Level 1:colcon.colcon_core.environment:checking '/home/team100/team_ws/install/apriltag/lib/python3.10/site-packages'
[4.924s] Level 1:colcon.colcon_core.shell:create_environment_hook('apriltag', 'pythonpath')
[4.925s] INFO:colcon.colcon_core.shell:Creating environment hook '/home/team100/team_ws/install/apriltag/share/apriltag/hook/pythonpath.ps1'
[4.925s] INFO:colcon.colcon_core.shell:Creating environment descriptor '/home/team100/team_ws/install/apriltag/share/apriltag/hook/pythonpath.dsv'
[4.927s] INFO:colcon.colcon_core.shell:Creating environment hook '/home/team100/team_ws/install/apriltag/share/apriltag/hook/pythonpath.sh'
[4.929s] Level 1:colcon.colcon_core.environment:checking '/home/team100/team_ws/install/apriltag/bin'
[4.930s] Level 1:colcon.colcon_core.shell:create_environment_hook('apriltag', 'pythonscriptspath')
[4.931s] INFO:colcon.colcon_core.shell:Creating environment hook '/home/team100/team_ws/install/apriltag/share/apriltag/hook/pythonscriptspath.ps1'
[4.932s] INFO:colcon.colcon_core.shell:Creating environment descriptor '/home/team100/team_ws/install/apriltag/share/apriltag/hook/pythonscriptspath.dsv'
[4.933s] INFO:colcon.colcon_core.shell:Creating environment hook '/home/team100/team_ws/install/apriltag/share/apriltag/hook/pythonscriptspath.sh'
[4.936s] INFO:colcon.colcon_core.shell:Creating package script '/home/team100/team_ws/install/apriltag/share/apriltag/package.ps1'
[4.939s] INFO:colcon.colcon_core.shell:Creating package descriptor '/home/team100/team_ws/install/apriltag/share/apriltag/package.dsv'
[4.941s] INFO:colcon.colcon_core.shell:Creating package script '/home/team100/team_ws/install/apriltag/share/apriltag/package.sh'
[4.944s] INFO:colcon.colcon_core.shell:Creating package script '/home/team100/team_ws/install/apriltag/share/apriltag/package.bash'
[4.945s] INFO:colcon.colcon_core.shell:Creating package script '/home/team100/team_ws/install/apriltag/share/apriltag/package.zsh'
[4.946s] Level 1:colcon.colcon_core.environment:create_file_with_runtime_dependencies(/home/team100/team_ws/install/apriltag/share/colcon-core/packages/apriltag)
[4.972s] INFO:colcon.colcon_ros.task.ament_cmake.build:Building ROS package in '/home/team100/team_ws/src/apriltag_ros' with build type 'ament_cmake'
[4.972s] INFO:colcon.colcon_cmake.task.cmake.build:Building CMake package in '/home/team100/team_ws/src/apriltag_ros'
[4.973s] INFO:colcon.colcon_core.shell:Skip shell extension 'powershell' for command environment: Not usable outside of PowerShell
[4.974s] DEBUG:colcon.colcon_core.shell:Skip shell extension 'dsv' for command environment
[5.020s] DEBUG:colcon.colcon_core.event_handler.log_command:Invoking command in '/home/team100/team_ws/build/apriltag_ros': AMENT_PREFIX_PATH=/home/team100/team_ws/install/apriltag_msgs:${AMENT_PREFIX_PATH} CMAKE_PREFIX_PATH=/home/team100/team_ws/install/apriltag_msgs:/home/team100/team_ws/install/apriltag:/opt/ros/humble LD_LIBRARY_PATH=/home/team100/team_ws/install/apriltag_msgs/lib:/home/team100/team_ws/install/apriltag/lib:${LD_LIBRARY_PATH} PATH=/home/team100/team_ws/install/apriltag/bin:${PATH} PKG_CONFIG_PATH=/home/team100/team_ws/install/apriltag/lib/aarch64-linux-gnu/pkgconfig:/home/team100/team_ws/install/apriltag/lib/pkgconfig PYTHONPATH=/home/team100/team_ws/install/apriltag_msgs/local/lib/python3.10/dist-packages:/home/team100/team_ws/install/apriltag/lib/python3.10/site-packages:${PYTHONPATH} /usr/bin/cmake --build /home/team100/team_ws/build/apriltag_ros -- -j6 -l6
[5.300s] Level 1:colcon.colcon_core.environment:checking '/home/team100/team_ws/install/e116' for CMake module files
[5.302s] DEBUG:colcon.colcon_core.event_handler.log_command:Invoked command in '/home/team100/team_ws/src/e116' returned '0': PYTHONPATH=/home/team100/team_ws/build/e116/prefix_override:/usr/lib/python3/dist-packages/colcon_core/task/python/colcon_distutils_commands:/home/team100/team_ws/install/e116/lib/python3.10/site-packages:${PYTHONPATH} /usr/bin/python3 -W ignore:setup.py install is deprecated -W ignore:easy_install command is deprecated setup.py egg_info --egg-base ../../build/e116 build --build-base /home/team100/team_ws/build/e116/build install --record /home/team100/team_ws/build/e116/install.log --single-version-externally-managed install_data
[5.303s] Level 1:colcon.colcon_core.environment:checking '/home/team100/team_ws/install/e116' for CMake config files
[5.325s] Level 1:colcon.colcon_core.environment:checking '/home/team100/team_ws/install/e116/lib'
[5.325s] Level 1:colcon.colcon_core.environment:checking '/home/team100/team_ws/install/e116/bin'
[5.325s] Level 1:colcon.colcon_core.environment:checking '/home/team100/team_ws/install/e116/lib/pkgconfig/e116.pc'
[5.326s] Level 1:colcon.colcon_core.environment:checking '/home/team100/team_ws/install/e116/lib/python3.10/site-packages'
[5.327s] Level 1:colcon.colcon_core.shell:create_environment_hook('e116', 'pythonpath')
[5.327s] INFO:colcon.colcon_core.shell:Creating environment hook '/home/team100/team_ws/install/e116/share/e116/hook/pythonpath.ps1'
[5.329s] INFO:colcon.colcon_core.shell:Creating environment descriptor '/home/team100/team_ws/install/e116/share/e116/hook/pythonpath.dsv'
[5.330s] INFO:colcon.colcon_core.shell:Creating environment hook '/home/team100/team_ws/install/e116/share/e116/hook/pythonpath.sh'
[5.331s] Level 1:colcon.colcon_core.environment:checking '/home/team100/team_ws/install/e116/bin'
[5.331s] Level 1:colcon.colcon_core.environment:create_environment_scripts_only(e116)
[5.332s] INFO:colcon.colcon_core.shell:Creating package script '/home/team100/team_ws/install/e116/share/e116/package.ps1'
[5.334s] INFO:colcon.colcon_core.shell:Creating package descriptor '/home/team100/team_ws/install/e116/share/e116/package.dsv'
[5.335s] INFO:colcon.colcon_core.shell:Creating package script '/home/team100/team_ws/install/e116/share/e116/package.sh'
[5.336s] INFO:colcon.colcon_core.shell:Creating package script '/home/team100/team_ws/install/e116/share/e116/package.bash'
[5.337s] INFO:colcon.colcon_core.shell:Creating package script '/home/team100/team_ws/install/e116/share/e116/package.zsh'
[5.337s] Level 1:colcon.colcon_core.environment:create_file_with_runtime_dependencies(/home/team100/team_ws/install/e116/share/colcon-core/packages/e116)
[5.603s] DEBUG:colcon.colcon_core.event_handler.log_command:Invoked command in '/home/team100/team_ws/build/apriltag_ros' returned '0': AMENT_PREFIX_PATH=/home/team100/team_ws/install/apriltag_msgs:${AMENT_PREFIX_PATH} CMAKE_PREFIX_PATH=/home/team100/team_ws/install/apriltag_msgs:/home/team100/team_ws/install/apriltag:/opt/ros/humble LD_LIBRARY_PATH=/home/team100/team_ws/install/apriltag_msgs/lib:/home/team100/team_ws/install/apriltag/lib:${LD_LIBRARY_PATH} PATH=/home/team100/team_ws/install/apriltag/bin:${PATH} PKG_CONFIG_PATH=/home/team100/team_ws/install/apriltag/lib/aarch64-linux-gnu/pkgconfig:/home/team100/team_ws/install/apriltag/lib/pkgconfig PYTHONPATH=/home/team100/team_ws/install/apriltag_msgs/local/lib/python3.10/dist-packages:/home/team100/team_ws/install/apriltag/lib/python3.10/site-packages:${PYTHONPATH} /usr/bin/cmake --build /home/team100/team_ws/build/apriltag_ros -- -j6 -l6
[5.611s] DEBUG:colcon.colcon_core.event_handler.log_command:Invoking command in '/home/team100/team_ws/build/apriltag_ros': AMENT_PREFIX_PATH=/home/team100/team_ws/install/apriltag_msgs:${AMENT_PREFIX_PATH} CMAKE_PREFIX_PATH=/home/team100/team_ws/install/apriltag_msgs:/home/team100/team_ws/install/apriltag:/opt/ros/humble LD_LIBRARY_PATH=/home/team100/team_ws/install/apriltag_msgs/lib:/home/team100/team_ws/install/apriltag/lib:${LD_LIBRARY_PATH} PATH=/home/team100/team_ws/install/apriltag/bin:${PATH} PKG_CONFIG_PATH=/home/team100/team_ws/install/apriltag/lib/aarch64-linux-gnu/pkgconfig:/home/team100/team_ws/install/apriltag/lib/pkgconfig PYTHONPATH=/home/team100/team_ws/install/apriltag_msgs/local/lib/python3.10/dist-packages:/home/team100/team_ws/install/apriltag/lib/python3.10/site-packages:${PYTHONPATH} /usr/bin/cmake --install /home/team100/team_ws/build/apriltag_ros
[5.701s] Level 1:colcon.colcon_core.environment:create_environment_scripts_only(apriltag_ros)
[5.702s] Level 1:colcon.colcon_core.environment:checking '/home/team100/team_ws/install/apriltag_ros' for CMake module files
[5.704s] DEBUG:colcon.colcon_core.event_handler.log_command:Invoked command in '/home/team100/team_ws/build/apriltag_ros' returned '0': AMENT_PREFIX_PATH=/home/team100/team_ws/install/apriltag_msgs:${AMENT_PREFIX_PATH} CMAKE_PREFIX_PATH=/home/team100/team_ws/install/apriltag_msgs:/home/team100/team_ws/install/apriltag:/opt/ros/humble LD_LIBRARY_PATH=/home/team100/team_ws/install/apriltag_msgs/lib:/home/team100/team_ws/install/apriltag/lib:${LD_LIBRARY_PATH} PATH=/home/team100/team_ws/install/apriltag/bin:${PATH} PKG_CONFIG_PATH=/home/team100/team_ws/install/apriltag/lib/aarch64-linux-gnu/pkgconfig:/home/team100/team_ws/install/apriltag/lib/pkgconfig PYTHONPATH=/home/team100/team_ws/install/apriltag_msgs/local/lib/python3.10/dist-packages:/home/team100/team_ws/install/apriltag/lib/python3.10/site-packages:${PYTHONPATH} /usr/bin/cmake --install /home/team100/team_ws/build/apriltag_ros
[5.705s] Level 1:colcon.colcon_core.environment:checking '/home/team100/team_ws/install/apriltag_ros' for CMake config files
[5.706s] Level 1:colcon.colcon_core.shell:create_environment_hook('apriltag_ros', 'cmake_prefix_path')
[5.707s] INFO:colcon.colcon_core.shell:Creating environment hook '/home/team100/team_ws/install/apriltag_ros/share/apriltag_ros/hook/cmake_prefix_path.ps1'
[5.713s] INFO:colcon.colcon_core.shell:Creating environment descriptor '/home/team100/team_ws/install/apriltag_ros/share/apriltag_ros/hook/cmake_prefix_path.dsv'
[5.714s] INFO:colcon.colcon_core.shell:Creating environment hook '/home/team100/team_ws/install/apriltag_ros/share/apriltag_ros/hook/cmake_prefix_path.sh'
[5.716s] Level 1:colcon.colcon_core.environment:checking '/home/team100/team_ws/install/apriltag_ros/lib'
[5.717s] Level 1:colcon.colcon_core.shell:create_environment_hook('apriltag_ros', 'ld_library_path_lib')
[5.717s] INFO:colcon.colcon_core.shell:Creating environment hook '/home/team100/team_ws/install/apriltag_ros/share/apriltag_ros/hook/ld_library_path_lib.ps1'
[5.719s] INFO:colcon.colcon_core.shell:Creating environment descriptor '/home/team100/team_ws/install/apriltag_ros/share/apriltag_ros/hook/ld_library_path_lib.dsv'
[5.720s] INFO:colcon.colcon_core.shell:Creating environment hook '/home/team100/team_ws/install/apriltag_ros/share/apriltag_ros/hook/ld_library_path_lib.sh'
[5.721s] Level 1:colcon.colcon_core.environment:checking '/home/team100/team_ws/install/apriltag_ros/bin'
[5.722s] Level 1:colcon.colcon_core.environment:checking '/home/team100/team_ws/install/apriltag_ros/lib/pkgconfig/apriltag_ros.pc'
[5.723s] Level 1:colcon.colcon_core.environment:checking '/home/team100/team_ws/install/apriltag_ros/lib/python3.10/site-packages'
[5.724s] Level 1:colcon.colcon_core.environment:checking '/home/team100/team_ws/install/apriltag_ros/bin'
[5.726s] INFO:colcon.colcon_core.shell:Creating package script '/home/team100/team_ws/install/apriltag_ros/share/apriltag_ros/package.ps1'
[5.728s] INFO:colcon.colcon_core.shell:Creating package descriptor '/home/team100/team_ws/install/apriltag_ros/share/apriltag_ros/package.dsv'
[5.729s] INFO:colcon.colcon_core.shell:Creating package script '/home/team100/team_ws/install/apriltag_ros/share/apriltag_ros/package.sh'
[5.731s] INFO:colcon.colcon_core.shell:Creating package script '/home/team100/team_ws/install/apriltag_ros/share/apriltag_ros/package.bash'
[5.732s] INFO:colcon.colcon_core.shell:Creating package script '/home/team100/team_ws/install/apriltag_ros/share/apriltag_ros/package.zsh'
[5.734s] Level 1:colcon.colcon_core.environment:create_file_with_runtime_dependencies(/home/team100/team_ws/install/apriltag_ros/share/colcon-core/packages/apriltag_ros)
[5.739s] Level 1:colcon.colcon_core.environment:create_environment_scripts_only(apriltag_ros)
[5.740s] Level 1:colcon.colcon_core.environment:checking '/home/team100/team_ws/install/apriltag_ros' for CMake module files
[5.742s] Level 1:colcon.colcon_core.environment:checking '/home/team100/team_ws/install/apriltag_ros' for CMake config files
[5.743s] Level 1:colcon.colcon_core.shell:create_environment_hook('apriltag_ros', 'cmake_prefix_path')
[5.743s] INFO:colcon.colcon_core.shell:Creating environment hook '/home/team100/team_ws/install/apriltag_ros/share/apriltag_ros/hook/cmake_prefix_path.ps1'
[5.745s] INFO:colcon.colcon_core.shell:Creating environment descriptor '/home/team100/team_ws/install/apriltag_ros/share/apriltag_ros/hook/cmake_prefix_path.dsv'
[5.746s] INFO:colcon.colcon_core.shell:Creating environment hook '/home/team100/team_ws/install/apriltag_ros/share/apriltag_ros/hook/cmake_prefix_path.sh'
[5.748s] Level 1:colcon.colcon_core.environment:checking '/home/team100/team_ws/install/apriltag_ros/lib'
[5.749s] Level 1:colcon.colcon_core.shell:create_environment_hook('apriltag_ros', 'ld_library_path_lib')
[5.750s] INFO:colcon.colcon_core.shell:Creating environment hook '/home/team100/team_ws/install/apriltag_ros/share/apriltag_ros/hook/ld_library_path_lib.ps1'
[5.751s] INFO:colcon.colcon_core.shell:Creating environment descriptor '/home/team100/team_ws/install/apriltag_ros/share/apriltag_ros/hook/ld_library_path_lib.dsv'
[5.752s] INFO:colcon.colcon_core.shell:Creating environment hook '/home/team100/team_ws/install/apriltag_ros/share/apriltag_ros/hook/ld_library_path_lib.sh'
[5.754s] Level 1:colcon.colcon_core.environment:checking '/home/team100/team_ws/install/apriltag_ros/bin'
[5.754s] Level 1:colcon.colcon_core.environment:checking '/home/team100/team_ws/install/apriltag_ros/lib/pkgconfig/apriltag_ros.pc'
[5.755s] Level 1:colcon.colcon_core.environment:checking '/home/team100/team_ws/install/apriltag_ros/lib/python3.10/site-packages'
[5.756s] Level 1:colcon.colcon_core.environment:checking '/home/team100/team_ws/install/apriltag_ros/bin'
[5.757s] INFO:colcon.colcon_core.shell:Creating package script '/home/team100/team_ws/install/apriltag_ros/share/apriltag_ros/package.ps1'
[5.759s] INFO:colcon.colcon_core.shell:Creating package descriptor '/home/team100/team_ws/install/apriltag_ros/share/apriltag_ros/package.dsv'
[5.761s] INFO:colcon.colcon_core.shell:Creating package script '/home/team100/team_ws/install/apriltag_ros/share/apriltag_ros/package.sh'
[5.763s] INFO:colcon.colcon_core.shell:Creating package script '/home/team100/team_ws/install/apriltag_ros/share/apriltag_ros/package.bash'
[5.765s] INFO:colcon.colcon_core.shell:Creating package script '/home/team100/team_ws/install/apriltag_ros/share/apriltag_ros/package.zsh'
[5.766s] Level 1:colcon.colcon_core.environment:create_file_with_runtime_dependencies(/home/team100/team_ws/install/apriltag_ros/share/colcon-core/packages/apriltag_ros)
[5.767s] DEBUG:colcon.colcon_parallel_executor.executor.parallel:closing loop
[5.768s] DEBUG:colcon.colcon_parallel_executor.executor.parallel:loop closed
[5.768s] DEBUG:colcon.colcon_parallel_executor.executor.parallel:run_until_complete finished with '0'
[5.768s] DEBUG:colcon.colcon_core.event_reactor:joining thread
[5.793s] INFO:colcon.colcon_core.plugin_system:Skipping extension 'colcon_notification.desktop_notification.terminal_notifier': Not used on non-Darwin systems
[5.794s] INFO:colcon.colcon_core.plugin_system:Skipping extension 'colcon_notification.desktop_notification.win32': Not used on non-Windows systems
[5.794s] INFO:colcon.colcon_notification.desktop_notification:Sending desktop notification using 'notify2'
[5.851s] DEBUG:colcon.colcon_core.event_reactor:joined thread
[5.852s] INFO:colcon.colcon_core.shell:Creating prefix script '/home/team100/team_ws/install/local_setup.ps1'
[5.857s] INFO:colcon.colcon_core.shell:Creating prefix util module '/home/team100/team_ws/install/_local_setup_util_ps1.py'
[5.866s] INFO:colcon.colcon_core.shell:Creating prefix chain script '/home/team100/team_ws/install/setup.ps1'
[5.873s] INFO:colcon.colcon_core.shell:Creating prefix script '/home/team100/team_ws/install/local_setup.sh'
[5.879s] INFO:colcon.colcon_core.shell:Creating prefix util module '/home/team100/team_ws/install/_local_setup_util_sh.py'
[5.881s] INFO:colcon.colcon_core.shell:Creating prefix chain script '/home/team100/team_ws/install/setup.sh'
[5.885s] INFO:colcon.colcon_core.shell:Creating prefix script '/home/team100/team_ws/install/local_setup.bash'
[5.892s] INFO:colcon.colcon_core.shell:Creating prefix chain script '/home/team100/team_ws/install/setup.bash'
[5.895s] INFO:colcon.colcon_core.shell:Creating prefix script '/home/team100/team_ws/install/local_setup.zsh'
[5.898s] INFO:colcon.colcon_core.shell:Creating prefix chain script '/home/team100/team_ws/install/setup.zsh'
