[0.251s] DEBUG:colcon:Command line arguments: ['/usr/bin/colcon', 'build', '--packages-select', 'e116', '--symlink-install']
[0.251s] DEBUG:colcon:Parsed command line arguments: Namespace(log_base=None, log_level=None, verb_name='build', build_base='build', install_base='install', merge_install=False, symlink_install=True, test_result_base=None, continue_on_error=False, executor='parallel', parallel_workers=6, event_handlers=None, ignore_user_meta=False, metas=['./colcon.meta'], base_paths=['.'], packages_ignore=None, packages_ignore_regex=None, paths=None, packages_up_to=None, packages_up_to_regex=None, packages_above=None, packages_above_and_dependencies=None, packages_above_depth=None, packages_select_by_dep=None, packages_skip_by_dep=None, packages_skip_up_to=None, packages_select_build_failed=False, packages_skip_build_finished=False, packages_select_test_failures=False, packages_skip_test_passed=False, packages_select=['e116'], packages_skip=None, packages_select_regex=None, packages_skip_regex=None, packages_start=None, packages_end=None, allow_overriding=[], cmake_args=None, cmake_target=None, cmake_target_skip_unavailable=False, cmake_clean_cache=False, cmake_clean_first=False, cmake_force_configure=False, ament_cmake_args=None, catkin_cmake_args=None, catkin_skip_building_tests=False, mixin_files=None, mixin=None, verb_parser=<colcon_mixin.mixin.mixin_argument.MixinArgumentDecorator object at 0xffff881e18a0>, verb_extension=<colcon_core.verb.build.BuildVerb object at 0xffff881e1090>, main=<bound method BuildVerb.main of <colcon_core.verb.build.BuildVerb object at 0xffff881e1090>>, mixin_verb=('build',))
[0.638s] Level 1:colcon.colcon_core.package_discovery:discover_packages(colcon_meta) check parameters
[0.638s] Level 1:colcon.colcon_core.package_discovery:discover_packages(recursive) check parameters
[0.638s] Level 1:colcon.colcon_core.package_discovery:discover_packages(ignore) check parameters
[0.638s] Level 1:colcon.colcon_core.package_discovery:discover_packages(path) check parameters
[0.639s] Level 1:colcon.colcon_core.package_discovery:discover_packages(colcon_meta) discover
[0.639s] Level 1:colcon.colcon_core.package_discovery:discover_packages(recursive) discover
[0.639s] INFO:colcon.colcon_core.package_discovery:Crawling recursively for packages in '/home/team100/roboracer_116_lehigh/team_ws'
[0.639s] Level 1:colcon.colcon_core.package_identification:_identify(.) by extensions ['ignore', 'ignore_ament_install']
[0.639s] Level 1:colcon.colcon_core.package_identification:_identify(.) by extension 'ignore'
[0.639s] Level 1:colcon.colcon_core.package_identification:_identify(.) by extension 'ignore_ament_install'
[0.640s] Level 1:colcon.colcon_core.package_identification:_identify(.) by extensions ['colcon_pkg']
[0.640s] Level 1:colcon.colcon_core.package_identification:_identify(.) by extension 'colcon_pkg'
[0.640s] Level 1:colcon.colcon_core.package_identification:_identify(.) by extensions ['colcon_meta']
[0.640s] Level 1:colcon.colcon_core.package_identification:_identify(.) by extension 'colcon_meta'
[0.640s] Level 1:colcon.colcon_core.package_identification:_identify(.) by extensions ['ros']
[0.640s] Level 1:colcon.colcon_core.package_identification:_identify(.) by extension 'ros'
[0.664s] Level 1:colcon.colcon_core.package_identification:_identify(.) by extensions ['cmake', 'python']
[0.664s] Level 1:colcon.colcon_core.package_identification:_identify(.) by extension 'cmake'
[0.664s] Level 1:colcon.colcon_core.package_identification:_identify(.) by extension 'python'
[0.664s] Level 1:colcon.colcon_core.package_identification:_identify(.) by extensions ['python_setup_py']
[0.665s] Level 1:colcon.colcon_core.package_identification:_identify(.) by extension 'python_setup_py'
[0.665s] Level 1:colcon.colcon_core.package_identification:_identify(build) by extensions ['ignore', 'ignore_ament_install']
[0.665s] Level 1:colcon.colcon_core.package_identification:_identify(build) by extension 'ignore'
[0.665s] Level 1:colcon.colcon_core.package_identification:_identify(build) ignored
[0.665s] Level 1:colcon.colcon_core.package_identification:_identify(install) by extensions ['ignore', 'ignore_ament_install']
[0.666s] Level 1:colcon.colcon_core.package_identification:_identify(install) by extension 'ignore'
[0.666s] Level 1:colcon.colcon_core.package_identification:_identify(install) ignored
[0.666s] Level 1:colcon.colcon_core.package_identification:_identify(log) by extensions ['ignore', 'ignore_ament_install']
[0.666s] Level 1:colcon.colcon_core.package_identification:_identify(log) by extension 'ignore'
[0.666s] Level 1:colcon.colcon_core.package_identification:_identify(log) ignored
[0.667s] Level 1:colcon.colcon_core.package_identification:_identify(src) by extensions ['ignore', 'ignore_ament_install']
[0.667s] Level 1:colcon.colcon_core.package_identification:_identify(src) by extension 'ignore'
[0.667s] Level 1:colcon.colcon_core.package_identification:_identify(src) by extension 'ignore_ament_install'
[0.667s] Level 1:colcon.colcon_core.package_identification:_identify(src) by extensions ['colcon_pkg']
[0.667s] Level 1:colcon.colcon_core.package_identification:_identify(src) by extension 'colcon_pkg'
[0.667s] Level 1:colcon.colcon_core.package_identification:_identify(src) by extensions ['colcon_meta']
[0.667s] Level 1:colcon.colcon_core.package_identification:_identify(src) by extension 'colcon_meta'
[0.667s] Level 1:colcon.colcon_core.package_identification:_identify(src) by extensions ['ros']
[0.667s] Level 1:colcon.colcon_core.package_identification:_identify(src) by extension 'ros'
[0.668s] Level 1:colcon.colcon_core.package_identification:_identify(src) by extensions ['cmake', 'python']
[0.668s] Level 1:colcon.colcon_core.package_identification:_identify(src) by extension 'cmake'
[0.668s] Level 1:colcon.colcon_core.package_identification:_identify(src) by extension 'python'
[0.668s] Level 1:colcon.colcon_core.package_identification:_identify(src) by extensions ['python_setup_py']
[0.668s] Level 1:colcon.colcon_core.package_identification:_identify(src) by extension 'python_setup_py'
[0.668s] Level 1:colcon.colcon_core.package_identification:_identify(src/apriltag) by extensions ['ignore', 'ignore_ament_install']
[0.669s] Level 1:colcon.colcon_core.package_identification:_identify(src/apriltag) by extension 'ignore'
[0.669s] Level 1:colcon.colcon_core.package_identification:_identify(src/apriltag) by extension 'ignore_ament_install'
[0.669s] Level 1:colcon.colcon_core.package_identification:_identify(src/apriltag) by extensions ['colcon_pkg']
[0.669s] Level 1:colcon.colcon_core.package_identification:_identify(src/apriltag) by extension 'colcon_pkg'
[0.669s] Level 1:colcon.colcon_core.package_identification:_identify(src/apriltag) by extensions ['colcon_meta']
[0.669s] Level 1:colcon.colcon_core.package_identification:_identify(src/apriltag) by extension 'colcon_meta'
[0.669s] Level 1:colcon.colcon_core.package_identification:_identify(src/apriltag) by extensions ['ros']
[0.669s] Level 1:colcon.colcon_core.package_identification:_identify(src/apriltag) by extension 'ros'
[0.678s] DEBUG:colcon.colcon_core.package_identification:Package 'src/apriltag' with type 'ros.cmake' and name 'apriltag'
[0.679s] Level 1:colcon.colcon_core.package_identification:_identify(src/apriltag_msgs) by extensions ['ignore', 'ignore_ament_install']
[0.679s] Level 1:colcon.colcon_core.package_identification:_identify(src/apriltag_msgs) by extension 'ignore'
[0.679s] Level 1:colcon.colcon_core.package_identification:_identify(src/apriltag_msgs) by extension 'ignore_ament_install'
[0.679s] Level 1:colcon.colcon_core.package_identification:_identify(src/apriltag_msgs) by extensions ['colcon_pkg']
[0.679s] Level 1:colcon.colcon_core.package_identification:_identify(src/apriltag_msgs) by extension 'colcon_pkg'
[0.680s] Level 1:colcon.colcon_core.package_identification:_identify(src/apriltag_msgs) by extensions ['colcon_meta']
[0.680s] Level 1:colcon.colcon_core.package_identification:_identify(src/apriltag_msgs) by extension 'colcon_meta'
[0.680s] Level 1:colcon.colcon_core.package_identification:_identify(src/apriltag_msgs) by extensions ['ros']
[0.680s] Level 1:colcon.colcon_core.package_identification:_identify(src/apriltag_msgs) by extension 'ros'
[0.681s] DEBUG:colcon.colcon_core.package_identification:Package 'src/apriltag_msgs' with type 'ros.ament_cmake' and name 'apriltag_msgs'
[0.681s] Level 1:colcon.colcon_core.package_identification:_identify(src/apriltag_ros) by extensions ['ignore', 'ignore_ament_install']
[0.682s] Level 1:colcon.colcon_core.package_identification:_identify(src/apriltag_ros) by extension 'ignore'
[0.682s] Level 1:colcon.colcon_core.package_identification:_identify(src/apriltag_ros) by extension 'ignore_ament_install'
[0.682s] Level 1:colcon.colcon_core.package_identification:_identify(src/apriltag_ros) by extensions ['colcon_pkg']
[0.682s] Level 1:colcon.colcon_core.package_identification:_identify(src/apriltag_ros) by extension 'colcon_pkg'
[0.682s] Level 1:colcon.colcon_core.package_identification:_identify(src/apriltag_ros) by extensions ['colcon_meta']
[0.682s] Level 1:colcon.colcon_core.package_identification:_identify(src/apriltag_ros) by extension 'colcon_meta'
[0.682s] Level 1:colcon.colcon_core.package_identification:_identify(src/apriltag_ros) by extensions ['ros']
[0.682s] Level 1:colcon.colcon_core.package_identification:_identify(src/apriltag_ros) by extension 'ros'
[0.686s] DEBUG:colcon.colcon_core.package_identification:Package 'src/apriltag_ros' with type 'ros.ament_cmake' and name 'apriltag_ros'
[0.686s] Level 1:colcon.colcon_core.package_identification:_identify(src/build) by extensions ['ignore', 'ignore_ament_install']
[0.686s] Level 1:colcon.colcon_core.package_identification:_identify(src/build) by extension 'ignore'
[0.686s] Level 1:colcon.colcon_core.package_identification:_identify(src/build) ignored
[0.687s] Level 1:colcon.colcon_core.package_identification:_identify(src/e116) by extensions ['ignore', 'ignore_ament_install']
[0.687s] Level 1:colcon.colcon_core.package_identification:_identify(src/e116) by extension 'ignore'
[0.687s] Level 1:colcon.colcon_core.package_identification:_identify(src/e116) by extension 'ignore_ament_install'
[0.687s] Level 1:colcon.colcon_core.package_identification:_identify(src/e116) by extensions ['colcon_pkg']
[0.687s] Level 1:colcon.colcon_core.package_identification:_identify(src/e116) by extension 'colcon_pkg'
[0.687s] Level 1:colcon.colcon_core.package_identification:_identify(src/e116) by extensions ['colcon_meta']
[0.687s] Level 1:colcon.colcon_core.package_identification:_identify(src/e116) by extension 'colcon_meta'
[0.687s] Level 1:colcon.colcon_core.package_identification:_identify(src/e116) by extensions ['ros']
[0.687s] Level 1:colcon.colcon_core.package_identification:_identify(src/e116) by extension 'ros'
[0.689s] DEBUG:colcon.colcon_core.package_identification:Package 'src/e116' with type 'ros.ament_python' and name 'e116'
[0.689s] Level 1:colcon.colcon_core.package_identification:_identify(src/install) by extensions ['ignore', 'ignore_ament_install']
[0.690s] Level 1:colcon.colcon_core.package_identification:_identify(src/install) by extension 'ignore'
[0.690s] Level 1:colcon.colcon_core.package_identification:_identify(src/install) ignored
[0.690s] Level 1:colcon.colcon_core.package_identification:_identify(src/log) by extensions ['ignore', 'ignore_ament_install']
[0.690s] Level 1:colcon.colcon_core.package_identification:_identify(src/log) by extension 'ignore'
[0.690s] Level 1:colcon.colcon_core.package_identification:_identify(src/log) ignored
[0.690s] Level 1:colcon.colcon_core.package_discovery:discover_packages(recursive) using defaults
[0.691s] Level 1:colcon.colcon_core.package_discovery:discover_packages(ignore) discover
[0.691s] Level 1:colcon.colcon_core.package_discovery:discover_packages(ignore) using defaults
[0.691s] Level 1:colcon.colcon_core.package_discovery:discover_packages(path) discover
[0.691s] Level 1:colcon.colcon_core.package_discovery:discover_packages(path) using defaults
[0.765s] INFO:colcon.colcon_core.package_selection:Skipping not selected package 'apriltag' in 'src/apriltag'
[0.765s] INFO:colcon.colcon_core.package_selection:Skipping not selected package 'apriltag_msgs' in 'src/apriltag_msgs'
[0.765s] INFO:colcon.colcon_core.package_selection:Skipping not selected package 'apriltag_ros' in 'src/apriltag_ros'
[0.766s] Level 1:colcon.colcon_core.package_discovery:discover_packages(prefix_path) check parameters
[0.766s] Level 1:colcon.colcon_core.package_discovery:discover_packages(prefix_path) discover
[0.772s] DEBUG:colcon.colcon_installed_package_information.package_discovery:Found 298 installed packages in /opt/ros/humble
[0.775s] Level 1:colcon.colcon_core.package_discovery:discover_packages(prefix_path) using defaults
[0.864s] Level 5:colcon.colcon_core.verb:set package 'e116' build argument 'cmake_args' from command line to 'None'
[0.864s] Level 5:colcon.colcon_core.verb:set package 'e116' build argument 'cmake_target' from command line to 'None'
[0.864s] Level 5:colcon.colcon_core.verb:set package 'e116' build argument 'cmake_target_skip_unavailable' from command line to 'False'
[0.864s] Level 5:colcon.colcon_core.verb:set package 'e116' build argument 'cmake_clean_cache' from command line to 'False'
[0.864s] Level 5:colcon.colcon_core.verb:set package 'e116' build argument 'cmake_clean_first' from command line to 'False'
[0.865s] Level 5:colcon.colcon_core.verb:set package 'e116' build argument 'cmake_force_configure' from command line to 'False'
[0.865s] Level 5:colcon.colcon_core.verb:set package 'e116' build argument 'ament_cmake_args' from command line to 'None'
[0.865s] Level 5:colcon.colcon_core.verb:set package 'e116' build argument 'catkin_cmake_args' from command line to 'None'
[0.865s] Level 5:colcon.colcon_core.verb:set package 'e116' build argument 'catkin_skip_building_tests' from command line to 'False'
[0.865s] DEBUG:colcon.colcon_core.verb:Building package 'e116' with the following arguments: {'ament_cmake_args': None, 'build_base': '/home/team100/roboracer_116_lehigh/team_ws/build/e116', 'catkin_cmake_args': None, 'catkin_skip_building_tests': False, 'cmake_args': None, 'cmake_clean_cache': False, 'cmake_clean_first': False, 'cmake_force_configure': False, 'cmake_target': None, 'cmake_target_skip_unavailable': False, 'install_base': '/home/team100/roboracer_116_lehigh/team_ws/install/e116', 'merge_install': False, 'path': '/home/team100/roboracer_116_lehigh/team_ws/src/e116', 'symlink_install': True, 'test_result_base': None}
[0.865s] INFO:colcon.colcon_core.executor:Executing jobs using 'parallel' executor
[0.867s] DEBUG:colcon.colcon_parallel_executor.executor.parallel:run_until_complete
[0.868s] INFO:colcon.colcon_ros.task.ament_python.build:Building ROS package in '/home/team100/roboracer_116_lehigh/team_ws/src/e116' with build type 'ament_python'
[0.868s] Level 1:colcon.colcon_core.shell:create_environment_hook('e116', 'ament_prefix_path')
[0.873s] INFO:colcon.colcon_core.plugin_system:Skipping extension 'colcon_core.shell.bat': Not used on non-Windows systems
[0.873s] INFO:colcon.colcon_core.shell:Creating environment hook '/home/team100/roboracer_116_lehigh/team_ws/install/e116/share/e116/hook/ament_prefix_path.ps1'
[0.875s] INFO:colcon.colcon_core.shell:Creating environment descriptor '/home/team100/roboracer_116_lehigh/team_ws/install/e116/share/e116/hook/ament_prefix_path.dsv'
[0.876s] INFO:colcon.colcon_core.shell:Creating environment hook '/home/team100/roboracer_116_lehigh/team_ws/install/e116/share/e116/hook/ament_prefix_path.sh'
[0.878s] INFO:colcon.colcon_core.shell:Skip shell extension 'powershell' for command environment: Not usable outside of PowerShell
[0.878s] DEBUG:colcon.colcon_core.shell:Skip shell extension 'dsv' for command environment
[1.465s] INFO:colcon.colcon_core.task.python.build:Building Python package in '/home/team100/roboracer_116_lehigh/team_ws/src/e116'
[1.466s] INFO:colcon.colcon_core.shell:Skip shell extension 'powershell' for command environment: Not usable outside of PowerShell
[1.466s] DEBUG:colcon.colcon_core.shell:Skip shell extension 'dsv' for command environment
[2.219s] DEBUG:colcon.colcon_core.task.python.build:While undoing a previous installation files outside the Python library path are being ignored: /home/team100/roboracer_116_lehigh/team_ws/install/e116/share/ament_index/resource_index/packages/e116
[2.219s] DEBUG:colcon.colcon_core.task.python.build:While undoing a previous installation files outside the Python library path are being ignored: /home/team100/roboracer_116_lehigh/team_ws/install/e116/share/e116/package.xml
[2.219s] DEBUG:colcon.colcon_core.task.python.build:While undoing a previous installation files outside the Python library path are being ignored: /home/team100/roboracer_116_lehigh/team_ws/install/e116/share/e116/launch/teleop.launch.py
[2.219s] DEBUG:colcon.colcon_core.task.python.build:While undoing a previous installation files outside the Python library path are being ignored: /home/team100/roboracer_116_lehigh/team_ws/install/e116/share/e116/launch/e116race.launch.py
[2.220s] DEBUG:colcon.colcon_core.task.python.build:While undoing a previous installation files outside the Python library path are being ignored: /home/team100/roboracer_116_lehigh/team_ws/install/e116/share/e116/config/e116.yaml
[2.220s] DEBUG:colcon.colcon_core.task.python.build:While undoing a previous installation files outside the Python library path are being ignored: /home/team100/roboracer_116_lehigh/team_ws/install/e116/lib/e116/e116_OLED
[2.220s] DEBUG:colcon.colcon_core.task.python.build:While undoing a previous installation files outside the Python library path are being ignored: /home/team100/roboracer_116_lehigh/team_ws/install/e116/lib/e116/e116_racecar
[2.221s] DEBUG:colcon.colcon_core.task.python.build:While undoing a previous installation files outside the Python library path are being ignored: /home/team100/roboracer_116_lehigh/team_ws/install/e116/lib/e116/gap_follow
[2.221s] DEBUG:colcon.colcon_core.task.python.build:While undoing a previous installation files outside the Python library path are being ignored: /home/team100/roboracer_116_lehigh/team_ws/install/e116/lib/e116/keyJoy
[2.221s] DEBUG:colcon.colcon_core.task.python.build:While undoing a previous installation files outside the Python library path are being ignored: /home/team100/roboracer_116_lehigh/team_ws/install/e116/lib/e116/keyJoyTerminal
[2.227s] DEBUG:colcon.colcon_core.event_handler.log_command:Invoking command in '/home/team100/roboracer_116_lehigh/team_ws/build/e116': PYTHONPATH=/home/team100/roboracer_116_lehigh/team_ws/build/e116/prefix_override:/usr/lib/python3/dist-packages/colcon_core/task/python/colcon_distutils_commands:/home/team100/roboracer_116_lehigh/team_ws/install/e116/lib/python3.10/site-packages:${PYTHONPATH} /usr/bin/python3 -W ignore:setup.py install is deprecated -W ignore:easy_install command is deprecated setup.py develop --editable --build-directory /home/team100/roboracer_116_lehigh/team_ws/build/e116/build --no-deps symlink_data --force
[3.273s] Level 1:colcon.colcon_core.shell:create_environment_hook('e116', 'pythonpath_develop')
[3.274s] INFO:colcon.colcon_core.shell:Creating environment hook '/home/team100/roboracer_116_lehigh/team_ws/build/e116/share/e116/hook/pythonpath_develop.ps1'
[3.275s] DEBUG:colcon.colcon_core.event_handler.log_command:Invoked command in '/home/team100/roboracer_116_lehigh/team_ws/build/e116' returned '0': PYTHONPATH=/home/team100/roboracer_116_lehigh/team_ws/build/e116/prefix_override:/usr/lib/python3/dist-packages/colcon_core/task/python/colcon_distutils_commands:/home/team100/roboracer_116_lehigh/team_ws/install/e116/lib/python3.10/site-packages:${PYTHONPATH} /usr/bin/python3 -W ignore:setup.py install is deprecated -W ignore:easy_install command is deprecated setup.py develop --editable --build-directory /home/team100/roboracer_116_lehigh/team_ws/build/e116/build --no-deps symlink_data --force
[3.277s] INFO:colcon.colcon_core.shell:Creating environment descriptor '/home/team100/roboracer_116_lehigh/team_ws/build/e116/share/e116/hook/pythonpath_develop.dsv'
[3.279s] INFO:colcon.colcon_core.shell:Creating environment hook '/home/team100/roboracer_116_lehigh/team_ws/build/e116/share/e116/hook/pythonpath_develop.sh'
[3.289s] Level 1:colcon.colcon_core.environment:checking '/home/team100/roboracer_116_lehigh/team_ws/install/e116' for CMake module files
[3.291s] Level 1:colcon.colcon_core.environment:checking '/home/team100/roboracer_116_lehigh/team_ws/install/e116' for CMake config files
[3.293s] Level 1:colcon.colcon_core.environment:checking '/home/team100/roboracer_116_lehigh/team_ws/install/e116/lib'
[3.294s] Level 1:colcon.colcon_core.environment:checking '/home/team100/roboracer_116_lehigh/team_ws/install/e116/bin'
[3.294s] Level 1:colcon.colcon_core.environment:checking '/home/team100/roboracer_116_lehigh/team_ws/install/e116/lib/pkgconfig/e116.pc'
[3.295s] Level 1:colcon.colcon_core.environment:checking '/home/team100/roboracer_116_lehigh/team_ws/install/e116/lib/python3.10/site-packages'
[3.295s] Level 1:colcon.colcon_core.shell:create_environment_hook('e116', 'pythonpath')
[3.296s] INFO:colcon.colcon_core.shell:Creating environment hook '/home/team100/roboracer_116_lehigh/team_ws/install/e116/share/e116/hook/pythonpath.ps1'
[3.298s] INFO:colcon.colcon_core.shell:Creating environment descriptor '/home/team100/roboracer_116_lehigh/team_ws/install/e116/share/e116/hook/pythonpath.dsv'
[3.299s] INFO:colcon.colcon_core.shell:Creating environment hook '/home/team100/roboracer_116_lehigh/team_ws/install/e116/share/e116/hook/pythonpath.sh'
[3.302s] Level 1:colcon.colcon_core.environment:checking '/home/team100/roboracer_116_lehigh/team_ws/install/e116/bin'
[3.302s] Level 1:colcon.colcon_core.environment:create_environment_scripts_only(e116)
[3.304s] INFO:colcon.colcon_core.shell:Creating package script '/home/team100/roboracer_116_lehigh/team_ws/install/e116/share/e116/package.ps1'
[3.307s] INFO:colcon.colcon_core.shell:Creating package descriptor '/home/team100/roboracer_116_lehigh/team_ws/install/e116/share/e116/package.dsv'
[3.309s] INFO:colcon.colcon_core.shell:Creating package script '/home/team100/roboracer_116_lehigh/team_ws/install/e116/share/e116/package.sh'
[3.312s] INFO:colcon.colcon_core.shell:Creating package script '/home/team100/roboracer_116_lehigh/team_ws/install/e116/share/e116/package.bash'
[3.315s] INFO:colcon.colcon_core.shell:Creating package script '/home/team100/roboracer_116_lehigh/team_ws/install/e116/share/e116/package.zsh'
[3.318s] Level 1:colcon.colcon_core.environment:create_file_with_runtime_dependencies(/home/team100/roboracer_116_lehigh/team_ws/install/e116/share/colcon-core/packages/e116)
[3.319s] DEBUG:colcon.colcon_parallel_executor.executor.parallel:closing loop
[3.320s] DEBUG:colcon.colcon_parallel_executor.executor.parallel:loop closed
[3.320s] DEBUG:colcon.colcon_parallel_executor.executor.parallel:run_until_complete finished with '0'
[3.320s] DEBUG:colcon.colcon_core.event_reactor:joining thread
[3.338s] INFO:colcon.colcon_core.plugin_system:Skipping extension 'colcon_notification.desktop_notification.terminal_notifier': Not used on non-Darwin systems
[3.338s] INFO:colcon.colcon_core.plugin_system:Skipping extension 'colcon_notification.desktop_notification.win32': Not used on non-Windows systems
[3.338s] INFO:colcon.colcon_notification.desktop_notification:Sending desktop notification using 'notify2'
[3.392s] DEBUG:colcon.colcon_core.event_reactor:joined thread
[3.393s] INFO:colcon.colcon_core.shell:Creating prefix script '/home/team100/roboracer_116_lehigh/team_ws/install/local_setup.ps1'
[3.396s] INFO:colcon.colcon_core.shell:Creating prefix util module '/home/team100/roboracer_116_lehigh/team_ws/install/_local_setup_util_ps1.py'
[3.401s] INFO:colcon.colcon_core.shell:Creating prefix chain script '/home/team100/roboracer_116_lehigh/team_ws/install/setup.ps1'
[3.405s] INFO:colcon.colcon_core.shell:Creating prefix script '/home/team100/roboracer_116_lehigh/team_ws/install/local_setup.sh'
[3.407s] INFO:colcon.colcon_core.shell:Creating prefix util module '/home/team100/roboracer_116_lehigh/team_ws/install/_local_setup_util_sh.py'
[3.408s] INFO:colcon.colcon_core.shell:Creating prefix chain script '/home/team100/roboracer_116_lehigh/team_ws/install/setup.sh'
[3.411s] INFO:colcon.colcon_core.shell:Creating prefix script '/home/team100/roboracer_116_lehigh/team_ws/install/local_setup.bash'
[3.412s] INFO:colcon.colcon_core.shell:Creating prefix chain script '/home/team100/roboracer_116_lehigh/team_ws/install/setup.bash'
[3.415s] INFO:colcon.colcon_core.shell:Creating prefix script '/home/team100/roboracer_116_lehigh/team_ws/install/local_setup.zsh'
[3.416s] INFO:colcon.colcon_core.shell:Creating prefix chain script '/home/team100/roboracer_116_lehigh/team_ws/install/setup.zsh'
