[0.160s] Invoking command in '/home/team100/team_ws/src/build/apriltag_msgs': CMAKE_PREFIX_PATH=/opt/ros/humble /usr/bin/cmake --build /home/team100/team_ws/src/build/apriltag_msgs -- -j6 -l6
[0.592s] [  2%] Built target apriltag_msgs__cpp
[0.660s] [35m[1mConsolidate compiler generated dependencies of target apriltag_msgs__rosidl_generator_c[0m
[0.675s] [  2%] Built target ament_cmake_python_copy_apriltag_msgs
[0.761s] [35m[1mConsolidate compiler generated dependencies of target apriltag_msgs__rosidl_typesupport_cpp[0m
[0.765s] [35m[1mConsolidate compiler generated dependencies of target apriltag_msgs__rosidl_typesupport_introspection_cpp[0m
[0.768s] [35m[1mConsolidate compiler generated dependencies of target apriltag_msgs__rosidl_typesupport_fastrtps_cpp[0m
[0.820s] [ 12%] Built target apriltag_msgs__rosidl_generator_c
[0.864s] [ 34%] Built target apriltag_msgs__rosidl_typesupport_cpp
[0.864s] [ 34%] Built target apriltag_msgs__rosidl_typesupport_introspection_cpp
[0.886s] [ 44%] Built target apriltag_msgs__rosidl_typesupport_fastrtps_cpp
[1.106s] [35m[1mConsolidate compiler generated dependencies of target apriltag_msgs__rosidl_typesupport_fastrtps_c[0m
[1.157s] [35m[1mConsolidate compiler generated dependencies of target apriltag_msgs__rosidl_typesupport_introspection_c[0m
[1.168s] [ 55%] Built target apriltag_msgs__rosidl_typesupport_fastrtps_c
[1.242s] [ 65%] Built target apriltag_msgs__rosidl_typesupport_introspection_c
[1.274s] [35m[1mConsolidate compiler generated dependencies of target apriltag_msgs__rosidl_typesupport_c[0m
[1.299s] [ 76%] Built target apriltag_msgs__rosidl_typesupport_c
[1.330s] running egg_info
[1.332s] writing apriltag_msgs.egg-info/PKG-INFO
[1.333s] writing dependency_links to apriltag_msgs.egg-info/dependency_links.txt
[1.333s] writing top-level names to apriltag_msgs.egg-info/top_level.txt
[1.341s] reading manifest file 'apriltag_msgs.egg-info/SOURCES.txt'
[1.361s] writing manifest file 'apriltag_msgs.egg-info/SOURCES.txt'
[1.380s] [ 76%] Built target apriltag_msgs
[1.436s] [ 76%] Built target ament_cmake_python_build_apriltag_msgs_egg
[1.476s] [ 78%] Built target apriltag_msgs__py
[1.540s] [35m[1mConsolidate compiler generated dependencies of target apriltag_msgs__rosidl_generator_py[0m
[1.572s] [ 87%] Built target apriltag_msgs__rosidl_generator_py
[1.624s] [35m[1mConsolidate compiler generated dependencies of target apriltag_msgs__rosidl_typesupport_fastrtps_c__pyext[0m
[1.644s] [35m[1mConsolidate compiler generated dependencies of target apriltag_msgs__rosidl_typesupport_introspection_c__pyext[0m
[1.644s] [35m[1mConsolidate compiler generated dependencies of target apriltag_msgs__rosidl_typesupport_c__pyext[0m
[1.650s] [ 91%] Built target apriltag_msgs__rosidl_typesupport_fastrtps_c__pyext
[1.671s] [ 97%] Built target apriltag_msgs__rosidl_typesupport_c__pyext
[1.671s] [100%] Built target apriltag_msgs__rosidl_typesupport_introspection_c__pyext
[1.697s] Invoked command in '/home/team100/team_ws/src/build/apriltag_msgs' returned '0': CMAKE_PREFIX_PATH=/opt/ros/humble /usr/bin/cmake --build /home/team100/team_ws/src/build/apriltag_msgs -- -j6 -l6
[1.723s] Invoking command in '/home/team100/team_ws/src/build/apriltag_msgs': CMAKE_PREFIX_PATH=/opt/ros/humble /usr/bin/cmake --install /home/team100/team_ws/src/build/apriltag_msgs
[1.745s] -- Install configuration: ""
[1.747s] -- Up-to-date: /home/team100/team_ws/src/install/apriltag_msgs/share/ament_index/resource_index/rosidl_interfaces/apriltag_msgs
[1.748s] -- Up-to-date: /home/team100/team_ws/src/install/apriltag_msgs/include/apriltag_msgs/apriltag_msgs
[1.749s] -- Up-to-date: /home/team100/team_ws/src/install/apriltag_msgs/include/apriltag_msgs/apriltag_msgs/msg
[1.750s] -- Up-to-date: /home/team100/team_ws/src/install/apriltag_msgs/include/apriltag_msgs/apriltag_msgs/msg/detail
[1.750s] -- Up-to-date: /home/team100/team_ws/src/install/apriltag_msgs/include/apriltag_msgs/apriltag_msgs/msg/detail/april_tag_detection__functions.h
[1.751s] -- Up-to-date: /home/team100/team_ws/src/install/apriltag_msgs/include/apriltag_msgs/apriltag_msgs/msg/detail/april_tag_detection_array__struct.h
[1.751s] -- Up-to-date: /home/team100/team_ws/src/install/apriltag_msgs/include/apriltag_msgs/apriltag_msgs/msg/detail/april_tag_detection_array__type_support.h
[1.751s] -- Up-to-date: /home/team100/team_ws/src/install/apriltag_msgs/include/apriltag_msgs/apriltag_msgs/msg/detail/april_tag_detection__type_support.h
[1.752s] -- Up-to-date: /home/team100/team_ws/src/install/apriltag_msgs/include/apriltag_msgs/apriltag_msgs/msg/detail/april_tag_detection_array__functions.c
[1.752s] -- Up-to-date: /home/team100/team_ws/src/install/apriltag_msgs/include/apriltag_msgs/apriltag_msgs/msg/detail/point__type_support.h
[1.752s] -- Up-to-date: /home/team100/team_ws/src/install/apriltag_msgs/include/apriltag_msgs/apriltag_msgs/msg/detail/point__functions.h
[1.752s] -- Up-to-date: /home/team100/team_ws/src/install/apriltag_msgs/include/apriltag_msgs/apriltag_msgs/msg/detail/april_tag_detection__struct.h
[1.752s] -- Up-to-date: /home/team100/team_ws/src/install/apriltag_msgs/include/apriltag_msgs/apriltag_msgs/msg/detail/point__functions.c
[1.753s] -- Up-to-date: /home/team100/team_ws/src/install/apriltag_msgs/include/apriltag_msgs/apriltag_msgs/msg/detail/april_tag_detection_array__functions.h
[1.753s] -- Up-to-date: /home/team100/team_ws/src/install/apriltag_msgs/include/apriltag_msgs/apriltag_msgs/msg/detail/point__struct.h
[1.753s] -- Up-to-date: /home/team100/team_ws/src/install/apriltag_msgs/include/apriltag_msgs/apriltag_msgs/msg/detail/april_tag_detection__functions.c
[1.753s] -- Up-to-date: /home/team100/team_ws/src/install/apriltag_msgs/include/apriltag_msgs/apriltag_msgs/msg/point.h
[1.753s] -- Up-to-date: /home/team100/team_ws/src/install/apriltag_msgs/include/apriltag_msgs/apriltag_msgs/msg/april_tag_detection_array.h
[1.754s] -- Up-to-date: /home/team100/team_ws/src/install/apriltag_msgs/include/apriltag_msgs/apriltag_msgs/msg/april_tag_detection.h
[1.754s] -- Up-to-date: /home/team100/team_ws/src/install/apriltag_msgs/include/apriltag_msgs/apriltag_msgs/msg/rosidl_generator_c__visibility_control.h
[1.754s] -- Up-to-date: /home/team100/team_ws/src/install/apriltag_msgs/share/apriltag_msgs/environment/library_path.sh
[1.754s] -- Up-to-date: /home/team100/team_ws/src/install/apriltag_msgs/share/apriltag_msgs/environment/library_path.dsv
[1.755s] -- Up-to-date: /home/team100/team_ws/src/install/apriltag_msgs/lib/libapriltag_msgs__rosidl_generator_c.so
[1.755s] -- Up-to-date: /home/team100/team_ws/src/install/apriltag_msgs/include/apriltag_msgs/apriltag_msgs
[1.755s] -- Up-to-date: /home/team100/team_ws/src/install/apriltag_msgs/include/apriltag_msgs/apriltag_msgs/msg
[1.755s] -- Up-to-date: /home/team100/team_ws/src/install/apriltag_msgs/include/apriltag_msgs/apriltag_msgs/msg/detail
[1.756s] -- Up-to-date: /home/team100/team_ws/src/install/apriltag_msgs/include/apriltag_msgs/apriltag_msgs/msg/detail/april_tag_detection_array__rosidl_typesupport_fastrtps_c.h
[1.756s] -- Up-to-date: /home/team100/team_ws/src/install/apriltag_msgs/include/apriltag_msgs/apriltag_msgs/msg/detail/april_tag_detection__rosidl_typesupport_fastrtps_c.h
[1.756s] -- Up-to-date: /home/team100/team_ws/src/install/apriltag_msgs/include/apriltag_msgs/apriltag_msgs/msg/detail/point__rosidl_typesupport_fastrtps_c.h
[1.756s] -- Up-to-date: /home/team100/team_ws/src/install/apriltag_msgs/include/apriltag_msgs/apriltag_msgs/msg/rosidl_typesupport_fastrtps_c__visibility_control.h
[1.757s] -- Up-to-date: /home/team100/team_ws/src/install/apriltag_msgs/lib/libapriltag_msgs__rosidl_typesupport_fastrtps_c.so
[1.757s] -- Up-to-date: /home/team100/team_ws/src/install/apriltag_msgs/include/apriltag_msgs/apriltag_msgs
[1.758s] -- Up-to-date: /home/team100/team_ws/src/install/apriltag_msgs/include/apriltag_msgs/apriltag_msgs/msg
[1.758s] -- Up-to-date: /home/team100/team_ws/src/install/apriltag_msgs/include/apriltag_msgs/apriltag_msgs/msg/detail
[1.758s] -- Up-to-date: /home/team100/team_ws/src/install/apriltag_msgs/include/apriltag_msgs/apriltag_msgs/msg/detail/point__type_support.c
[1.758s] -- Up-to-date: /home/team100/team_ws/src/install/apriltag_msgs/include/apriltag_msgs/apriltag_msgs/msg/detail/april_tag_detection_array__rosidl_typesupport_introspection_c.h
[1.759s] -- Up-to-date: /home/team100/team_ws/src/install/apriltag_msgs/include/apriltag_msgs/apriltag_msgs/msg/detail/april_tag_detection__rosidl_typesupport_introspection_c.h
[1.759s] -- Up-to-date: /home/team100/team_ws/src/install/apriltag_msgs/include/apriltag_msgs/apriltag_msgs/msg/detail/april_tag_detection__type_support.c
[1.759s] -- Up-to-date: /home/team100/team_ws/src/install/apriltag_msgs/include/apriltag_msgs/apriltag_msgs/msg/detail/point__rosidl_typesupport_introspection_c.h
[1.759s] -- Up-to-date: /home/team100/team_ws/src/install/apriltag_msgs/include/apriltag_msgs/apriltag_msgs/msg/detail/april_tag_detection_array__type_support.c
[1.759s] -- Up-to-date: /home/team100/team_ws/src/install/apriltag_msgs/include/apriltag_msgs/apriltag_msgs/msg/rosidl_typesupport_introspection_c__visibility_control.h
[1.778s] -- Up-to-date: /home/team100/team_ws/src/install/apriltag_msgs/lib/libapriltag_msgs__rosidl_typesupport_introspection_c.so
[1.783s] -- Up-to-date: /home/team100/team_ws/src/install/apriltag_msgs/lib/libapriltag_msgs__rosidl_typesupport_c.so
[1.784s] -- Up-to-date: /home/team100/team_ws/src/install/apriltag_msgs/include/apriltag_msgs/apriltag_msgs
[1.784s] -- Up-to-date: /home/team100/team_ws/src/install/apriltag_msgs/include/apriltag_msgs/apriltag_msgs/msg
[1.785s] -- Up-to-date: /home/team100/team_ws/src/install/apriltag_msgs/include/apriltag_msgs/apriltag_msgs/msg/april_tag_detection.hpp
[1.785s] -- Up-to-date: /home/team100/team_ws/src/install/apriltag_msgs/include/apriltag_msgs/apriltag_msgs/msg/detail
[1.785s] -- Up-to-date: /home/team100/team_ws/src/install/apriltag_msgs/include/apriltag_msgs/apriltag_msgs/msg/detail/april_tag_detection__struct.hpp
[1.786s] -- Up-to-date: /home/team100/team_ws/src/install/apriltag_msgs/include/apriltag_msgs/apriltag_msgs/msg/detail/point__builder.hpp
[1.786s] -- Up-to-date: /home/team100/team_ws/src/install/apriltag_msgs/include/apriltag_msgs/apriltag_msgs/msg/detail/april_tag_detection__traits.hpp
[1.787s] -- Up-to-date: /home/team100/team_ws/src/install/apriltag_msgs/include/apriltag_msgs/apriltag_msgs/msg/detail/point__type_support.hpp
[1.787s] -- Up-to-date: /home/team100/team_ws/src/install/apriltag_msgs/include/apriltag_msgs/apriltag_msgs/msg/detail/point__struct.hpp
[1.787s] -- Up-to-date: /home/team100/team_ws/src/install/apriltag_msgs/include/apriltag_msgs/apriltag_msgs/msg/detail/april_tag_detection__type_support.hpp
[1.787s] -- Up-to-date: /home/team100/team_ws/src/install/apriltag_msgs/include/apriltag_msgs/apriltag_msgs/msg/detail/april_tag_detection_array__builder.hpp
[1.788s] -- Up-to-date: /home/team100/team_ws/src/install/apriltag_msgs/include/apriltag_msgs/apriltag_msgs/msg/detail/april_tag_detection__builder.hpp
[1.788s] -- Up-to-date: /home/team100/team_ws/src/install/apriltag_msgs/include/apriltag_msgs/apriltag_msgs/msg/detail/april_tag_detection_array__traits.hpp
[1.788s] -- Up-to-date: /home/team100/team_ws/src/install/apriltag_msgs/include/apriltag_msgs/apriltag_msgs/msg/detail/point__traits.hpp
[1.789s] -- Up-to-date: /home/team100/team_ws/src/install/apriltag_msgs/include/apriltag_msgs/apriltag_msgs/msg/detail/april_tag_detection_array__type_support.hpp
[1.789s] -- Up-to-date: /home/team100/team_ws/src/install/apriltag_msgs/include/apriltag_msgs/apriltag_msgs/msg/detail/april_tag_detection_array__struct.hpp
[1.789s] -- Up-to-date: /home/team100/team_ws/src/install/apriltag_msgs/include/apriltag_msgs/apriltag_msgs/msg/point.hpp
[1.790s] -- Up-to-date: /home/team100/team_ws/src/install/apriltag_msgs/include/apriltag_msgs/apriltag_msgs/msg/rosidl_generator_cpp__visibility_control.hpp
[1.790s] -- Up-to-date: /home/team100/team_ws/src/install/apriltag_msgs/include/apriltag_msgs/apriltag_msgs/msg/april_tag_detection_array.hpp
[1.790s] -- Up-to-date: /home/team100/team_ws/src/install/apriltag_msgs/include/apriltag_msgs/apriltag_msgs
[1.791s] -- Up-to-date: /home/team100/team_ws/src/install/apriltag_msgs/include/apriltag_msgs/apriltag_msgs/msg
[1.791s] -- Up-to-date: /home/team100/team_ws/src/install/apriltag_msgs/include/apriltag_msgs/apriltag_msgs/msg/detail
[1.791s] -- Up-to-date: /home/team100/team_ws/src/install/apriltag_msgs/include/apriltag_msgs/apriltag_msgs/msg/detail/point__rosidl_typesupport_fastrtps_cpp.hpp
[1.791s] -- Up-to-date: /home/team100/team_ws/src/install/apriltag_msgs/include/apriltag_msgs/apriltag_msgs/msg/detail/april_tag_detection_array__rosidl_typesupport_fastrtps_cpp.hpp
[1.792s] -- Up-to-date: /home/team100/team_ws/src/install/apriltag_msgs/include/apriltag_msgs/apriltag_msgs/msg/detail/dds_fastrtps
[1.792s] -- Up-to-date: /home/team100/team_ws/src/install/apriltag_msgs/include/apriltag_msgs/apriltag_msgs/msg/detail/april_tag_detection__rosidl_typesupport_fastrtps_cpp.hpp
[1.792s] -- Up-to-date: /home/team100/team_ws/src/install/apriltag_msgs/include/apriltag_msgs/apriltag_msgs/msg/rosidl_typesupport_fastrtps_cpp__visibility_control.h
[1.792s] -- Up-to-date: /home/team100/team_ws/src/install/apriltag_msgs/lib/libapriltag_msgs__rosidl_typesupport_fastrtps_cpp.so
[1.793s] -- Up-to-date: /home/team100/team_ws/src/install/apriltag_msgs/include/apriltag_msgs/apriltag_msgs
[1.793s] -- Up-to-date: /home/team100/team_ws/src/install/apriltag_msgs/include/apriltag_msgs/apriltag_msgs/msg
[1.793s] -- Up-to-date: /home/team100/team_ws/src/install/apriltag_msgs/include/apriltag_msgs/apriltag_msgs/msg/detail
[1.794s] -- Up-to-date: /home/team100/team_ws/src/install/apriltag_msgs/include/apriltag_msgs/apriltag_msgs/msg/detail/april_tag_detection__type_support.cpp
[1.794s] -- Up-to-date: /home/team100/team_ws/src/install/apriltag_msgs/include/apriltag_msgs/apriltag_msgs/msg/detail/april_tag_detection__rosidl_typesupport_introspection_cpp.hpp
[1.794s] -- Up-to-date: /home/team100/team_ws/src/install/apriltag_msgs/include/apriltag_msgs/apriltag_msgs/msg/detail/april_tag_detection_array__type_support.cpp
[1.794s] -- Up-to-date: /home/team100/team_ws/src/install/apriltag_msgs/include/apriltag_msgs/apriltag_msgs/msg/detail/point__rosidl_typesupport_introspection_cpp.hpp
[1.795s] -- Up-to-date: /home/team100/team_ws/src/install/apriltag_msgs/include/apriltag_msgs/apriltag_msgs/msg/detail/april_tag_detection_array__rosidl_typesupport_introspection_cpp.hpp
[1.795s] -- Up-to-date: /home/team100/team_ws/src/install/apriltag_msgs/include/apriltag_msgs/apriltag_msgs/msg/detail/point__type_support.cpp
[1.795s] -- Up-to-date: /home/team100/team_ws/src/install/apriltag_msgs/lib/libapriltag_msgs__rosidl_typesupport_introspection_cpp.so
[1.796s] -- Up-to-date: /home/team100/team_ws/src/install/apriltag_msgs/lib/libapriltag_msgs__rosidl_typesupport_cpp.so
[1.796s] -- Up-to-date: /home/team100/team_ws/src/install/apriltag_msgs/share/apriltag_msgs/environment/pythonpath.sh
[1.796s] -- Up-to-date: /home/team100/team_ws/src/install/apriltag_msgs/share/apriltag_msgs/environment/pythonpath.dsv
[1.818s] -- Up-to-date: /home/team100/team_ws/src/install/apriltag_msgs/local/lib/python3.10/dist-packages/apriltag_msgs-2.0.1-py3.10.egg-info
[1.819s] -- Installing: /home/team100/team_ws/src/install/apriltag_msgs/local/lib/python3.10/dist-packages/apriltag_msgs-2.0.1-py3.10.egg-info/top_level.txt
[1.820s] -- Installing: /home/team100/team_ws/src/install/apriltag_msgs/local/lib/python3.10/dist-packages/apriltag_msgs-2.0.1-py3.10.egg-info/dependency_links.txt
[1.820s] -- Installing: /home/team100/team_ws/src/install/apriltag_msgs/local/lib/python3.10/dist-packages/apriltag_msgs-2.0.1-py3.10.egg-info/SOURCES.txt
[1.821s] -- Installing: /home/team100/team_ws/src/install/apriltag_msgs/local/lib/python3.10/dist-packages/apriltag_msgs-2.0.1-py3.10.egg-info/PKG-INFO
[1.821s] -- Up-to-date: /home/team100/team_ws/src/install/apriltag_msgs/local/lib/python3.10/dist-packages/apriltag_msgs
[1.822s] -- Up-to-date: /home/team100/team_ws/src/install/apriltag_msgs/local/lib/python3.10/dist-packages/apriltag_msgs/apriltag_msgs_s__rosidl_typesupport_c.cpython-310-aarch64-linux-gnu.so
[1.822s] -- Up-to-date: /home/team100/team_ws/src/install/apriltag_msgs/local/lib/python3.10/dist-packages/apriltag_msgs/libapriltag_msgs__rosidl_generator_py.so
[1.823s] -- Up-to-date: /home/team100/team_ws/src/install/apriltag_msgs/local/lib/python3.10/dist-packages/apriltag_msgs/_apriltag_msgs_s.ep.rosidl_typesupport_fastrtps_c.c
[1.823s] -- Up-to-date: /home/team100/team_ws/src/install/apriltag_msgs/local/lib/python3.10/dist-packages/apriltag_msgs/__init__.py
[1.823s] -- Up-to-date: /home/team100/team_ws/src/install/apriltag_msgs/local/lib/python3.10/dist-packages/apriltag_msgs/_apriltag_msgs_s.ep.rosidl_typesupport_introspection_c.c
[1.824s] -- Up-to-date: /home/team100/team_ws/src/install/apriltag_msgs/local/lib/python3.10/dist-packages/apriltag_msgs/_apriltag_msgs_s.ep.rosidl_typesupport_c.c
[1.824s] -- Up-to-date: /home/team100/team_ws/src/install/apriltag_msgs/local/lib/python3.10/dist-packages/apriltag_msgs/msg
[1.824s] -- Up-to-date: /home/team100/team_ws/src/install/apriltag_msgs/local/lib/python3.10/dist-packages/apriltag_msgs/msg/_point.py
[1.825s] -- Up-to-date: /home/team100/team_ws/src/install/apriltag_msgs/local/lib/python3.10/dist-packages/apriltag_msgs/msg/_april_tag_detection_s.c
[1.825s] -- Up-to-date: /home/team100/team_ws/src/install/apriltag_msgs/local/lib/python3.10/dist-packages/apriltag_msgs/msg/__init__.py
[1.825s] -- Up-to-date: /home/team100/team_ws/src/install/apriltag_msgs/local/lib/python3.10/dist-packages/apriltag_msgs/msg/_point_s.c
[1.825s] -- Up-to-date: /home/team100/team_ws/src/install/apriltag_msgs/local/lib/python3.10/dist-packages/apriltag_msgs/msg/_april_tag_detection.py
[1.825s] -- Up-to-date: /home/team100/team_ws/src/install/apriltag_msgs/local/lib/python3.10/dist-packages/apriltag_msgs/msg/_april_tag_detection_array_s.c
[1.825s] -- Up-to-date: /home/team100/team_ws/src/install/apriltag_msgs/local/lib/python3.10/dist-packages/apriltag_msgs/msg/_april_tag_detection_array.py
[1.825s] -- Up-to-date: /home/team100/team_ws/src/install/apriltag_msgs/local/lib/python3.10/dist-packages/apriltag_msgs/apriltag_msgs_s__rosidl_typesupport_introspection_c.cpython-310-aarch64-linux-gnu.so
[1.826s] -- Up-to-date: /home/team100/team_ws/src/install/apriltag_msgs/local/lib/python3.10/dist-packages/apriltag_msgs/apriltag_msgs_s__rosidl_typesupport_fastrtps_c.cpython-310-aarch64-linux-gnu.so
[1.937s] Listing '/home/team100/team_ws/src/install/apriltag_msgs/local/lib/python3.10/dist-packages/apriltag_msgs'...
[1.937s] Listing '/home/team100/team_ws/src/install/apriltag_msgs/local/lib/python3.10/dist-packages/apriltag_msgs/msg'...
[1.962s] -- Up-to-date: /home/team100/team_ws/src/install/apriltag_msgs/local/lib/python3.10/dist-packages/apriltag_msgs/apriltag_msgs_s__rosidl_typesupport_fastrtps_c.cpython-310-aarch64-linux-gnu.so
[1.965s] -- Up-to-date: /home/team100/team_ws/src/install/apriltag_msgs/local/lib/python3.10/dist-packages/apriltag_msgs/apriltag_msgs_s__rosidl_typesupport_introspection_c.cpython-310-aarch64-linux-gnu.so
[1.967s] -- Up-to-date: /home/team100/team_ws/src/install/apriltag_msgs/local/lib/python3.10/dist-packages/apriltag_msgs/apriltag_msgs_s__rosidl_typesupport_c.cpython-310-aarch64-linux-gnu.so
[1.969s] -- Up-to-date: /home/team100/team_ws/src/install/apriltag_msgs/lib/libapriltag_msgs__rosidl_generator_py.so
[1.970s] -- Up-to-date: /home/team100/team_ws/src/install/apriltag_msgs/share/apriltag_msgs/msg/Point.idl
[1.971s] -- Up-to-date: /home/team100/team_ws/src/install/apriltag_msgs/share/apriltag_msgs/msg/AprilTagDetection.idl
[1.971s] -- Up-to-date: /home/team100/team_ws/src/install/apriltag_msgs/share/apriltag_msgs/msg/AprilTagDetectionArray.idl
[1.971s] -- Up-to-date: /home/team100/team_ws/src/install/apriltag_msgs/share/apriltag_msgs/msg/Point.msg
[1.971s] -- Up-to-date: /home/team100/team_ws/src/install/apriltag_msgs/share/apriltag_msgs/msg/AprilTagDetection.msg
[1.972s] -- Up-to-date: /home/team100/team_ws/src/install/apriltag_msgs/share/apriltag_msgs/msg/AprilTagDetectionArray.msg
[1.972s] -- Up-to-date: /home/team100/team_ws/src/install/apriltag_msgs/share/ament_index/resource_index/package_run_dependencies/apriltag_msgs
[1.972s] -- Up-to-date: /home/team100/team_ws/src/install/apriltag_msgs/share/ament_index/resource_index/parent_prefix_path/apriltag_msgs
[1.973s] -- Up-to-date: /home/team100/team_ws/src/install/apriltag_msgs/share/apriltag_msgs/environment/ament_prefix_path.sh
[1.973s] -- Up-to-date: /home/team100/team_ws/src/install/apriltag_msgs/share/apriltag_msgs/environment/ament_prefix_path.dsv
[1.973s] -- Up-to-date: /home/team100/team_ws/src/install/apriltag_msgs/share/apriltag_msgs/environment/path.sh
[1.974s] -- Up-to-date: /home/team100/team_ws/src/install/apriltag_msgs/share/apriltag_msgs/environment/path.dsv
[1.974s] -- Up-to-date: /home/team100/team_ws/src/install/apriltag_msgs/share/apriltag_msgs/local_setup.bash
[1.974s] -- Up-to-date: /home/team100/team_ws/src/install/apriltag_msgs/share/apriltag_msgs/local_setup.sh
[1.975s] -- Up-to-date: /home/team100/team_ws/src/install/apriltag_msgs/share/apriltag_msgs/local_setup.zsh
[1.975s] -- Up-to-date: /home/team100/team_ws/src/install/apriltag_msgs/share/apriltag_msgs/local_setup.dsv
[1.975s] -- Installing: /home/team100/team_ws/src/install/apriltag_msgs/share/apriltag_msgs/package.dsv
[1.976s] -- Up-to-date: /home/team100/team_ws/src/install/apriltag_msgs/share/ament_index/resource_index/packages/apriltag_msgs
[2.001s] -- Up-to-date: /home/team100/team_ws/src/install/apriltag_msgs/share/apriltag_msgs/cmake/export_apriltag_msgs__rosidl_generator_cExport.cmake
[2.001s] -- Up-to-date: /home/team100/team_ws/src/install/apriltag_msgs/share/apriltag_msgs/cmake/export_apriltag_msgs__rosidl_generator_cExport-noconfig.cmake
[2.002s] -- Up-to-date: /home/team100/team_ws/src/install/apriltag_msgs/share/apriltag_msgs/cmake/export_apriltag_msgs__rosidl_typesupport_fastrtps_cExport.cmake
[2.002s] -- Up-to-date: /home/team100/team_ws/src/install/apriltag_msgs/share/apriltag_msgs/cmake/export_apriltag_msgs__rosidl_typesupport_fastrtps_cExport-noconfig.cmake
[2.005s] -- Up-to-date: /home/team100/team_ws/src/install/apriltag_msgs/share/apriltag_msgs/cmake/apriltag_msgs__rosidl_typesupport_introspection_cExport.cmake
[2.005s] -- Up-to-date: /home/team100/team_ws/src/install/apriltag_msgs/share/apriltag_msgs/cmake/apriltag_msgs__rosidl_typesupport_introspection_cExport-noconfig.cmake
[2.008s] -- Up-to-date: /home/team100/team_ws/src/install/apriltag_msgs/share/apriltag_msgs/cmake/apriltag_msgs__rosidl_typesupport_cExport.cmake
[2.009s] -- Up-to-date: /home/team100/team_ws/src/install/apriltag_msgs/share/apriltag_msgs/cmake/apriltag_msgs__rosidl_typesupport_cExport-noconfig.cmake
[2.010s] -- Up-to-date: /home/team100/team_ws/src/install/apriltag_msgs/share/apriltag_msgs/cmake/export_apriltag_msgs__rosidl_generator_cppExport.cmake
[2.011s] -- Up-to-date: /home/team100/team_ws/src/install/apriltag_msgs/share/apriltag_msgs/cmake/export_apriltag_msgs__rosidl_typesupport_fastrtps_cppExport.cmake
[2.012s] -- Up-to-date: /home/team100/team_ws/src/install/apriltag_msgs/share/apriltag_msgs/cmake/export_apriltag_msgs__rosidl_typesupport_fastrtps_cppExport-noconfig.cmake
[2.042s] -- Up-to-date: /home/team100/team_ws/src/install/apriltag_msgs/share/apriltag_msgs/cmake/apriltag_msgs__rosidl_typesupport_introspection_cppExport.cmake
[2.043s] -- Up-to-date: /home/team100/team_ws/src/install/apriltag_msgs/share/apriltag_msgs/cmake/apriltag_msgs__rosidl_typesupport_introspection_cppExport-noconfig.cmake
[2.087s] -- Up-to-date: /home/team100/team_ws/src/install/apriltag_msgs/share/apriltag_msgs/cmake/apriltag_msgs__rosidl_typesupport_cppExport.cmake
[2.087s] -- Up-to-date: /home/team100/team_ws/src/install/apriltag_msgs/share/apriltag_msgs/cmake/apriltag_msgs__rosidl_typesupport_cppExport-noconfig.cmake
[2.090s] -- Up-to-date: /home/team100/team_ws/src/install/apriltag_msgs/share/apriltag_msgs/cmake/export_apriltag_msgs__rosidl_generator_pyExport.cmake
[2.091s] -- Up-to-date: /home/team100/team_ws/src/install/apriltag_msgs/share/apriltag_msgs/cmake/export_apriltag_msgs__rosidl_generator_pyExport-noconfig.cmake
[2.091s] -- Up-to-date: /home/team100/team_ws/src/install/apriltag_msgs/share/apriltag_msgs/cmake/rosidl_cmake-extras.cmake
[2.092s] -- Up-to-date: /home/team100/team_ws/src/install/apriltag_msgs/share/apriltag_msgs/cmake/ament_cmake_export_dependencies-extras.cmake
[2.092s] -- Up-to-date: /home/team100/team_ws/src/install/apriltag_msgs/share/apriltag_msgs/cmake/ament_cmake_export_include_directories-extras.cmake
[2.092s] -- Up-to-date: /home/team100/team_ws/src/install/apriltag_msgs/share/apriltag_msgs/cmake/ament_cmake_export_libraries-extras.cmake
[2.093s] -- Up-to-date: /home/team100/team_ws/src/install/apriltag_msgs/share/apriltag_msgs/cmake/ament_cmake_export_targets-extras.cmake
[2.093s] -- Up-to-date: /home/team100/team_ws/src/install/apriltag_msgs/share/apriltag_msgs/cmake/rosidl_cmake_export_typesupport_targets-extras.cmake
[2.093s] -- Up-to-date: /home/team100/team_ws/src/install/apriltag_msgs/share/apriltag_msgs/cmake/rosidl_cmake_export_typesupport_libraries-extras.cmake
[2.093s] -- Up-to-date: /home/team100/team_ws/src/install/apriltag_msgs/share/apriltag_msgs/cmake/apriltag_msgsConfig.cmake
[2.094s] -- Up-to-date: /home/team100/team_ws/src/install/apriltag_msgs/share/apriltag_msgs/cmake/apriltag_msgsConfig-version.cmake
[2.094s] -- Up-to-date: /home/team100/team_ws/src/install/apriltag_msgs/share/apriltag_msgs/package.xml
[2.101s] Invoked command in '/home/team100/team_ws/src/build/apriltag_msgs' returned '0': CMAKE_PREFIX_PATH=/opt/ros/humble /usr/bin/cmake --install /home/team100/team_ws/src/build/apriltag_msgs
