[0.276s] DEBUG:colcon:Command line arguments: ['/usr/bin/colcon', 'build']
[0.276s] DEBUG:colcon:Parsed command line arguments: Namespace(log_base=None, log_level=None, verb_name='build', build_base='build', install_base='install', merge_install=False, symlink_install=False, test_result_base=None, continue_on_error=False, executor='parallel', parallel_workers=6, event_handlers=None, ignore_user_meta=False, metas=['./colcon.meta'], base_paths=['.'], packages_ignore=None, packages_ignore_regex=None, paths=None, packages_up_to=None, packages_up_to_regex=None, packages_above=None, packages_above_and_dependencies=None, packages_above_depth=None, packages_select_by_dep=None, packages_skip_by_dep=None, packages_skip_up_to=None, packages_select_build_failed=False, packages_skip_build_finished=False, packages_select_test_failures=False, packages_skip_test_passed=False, packages_select=None, packages_skip=None, packages_select_regex=None, packages_skip_regex=None, packages_start=None, packages_end=None, allow_overriding=[], cmake_args=None, cmake_target=None, cmake_target_skip_unavailable=False, cmake_clean_cache=False, cmake_clean_first=False, cmake_force_configure=False, ament_cmake_args=None, catkin_cmake_args=None, catkin_skip_building_tests=False, mixin_files=None, mixin=None, verb_parser=<colcon_mixin.mixin.mixin_argument.MixinArgumentDecorator object at 0xffffb9192a70>, verb_extension=<colcon_core.verb.build.BuildVerb object at 0xffffb9192260>, main=<bound method BuildVerb.main of <colcon_core.verb.build.BuildVerb object at 0xffffb9192260>>, mixin_verb=('build',))
[0.685s] Level 1:colcon.colcon_core.package_discovery:discover_packages(colcon_meta) check parameters
[0.686s] Level 1:colcon.colcon_core.package_discovery:discover_packages(recursive) check parameters
[0.686s] Level 1:colcon.colcon_core.package_discovery:discover_packages(ignore) check parameters
[0.686s] Level 1:colcon.colcon_core.package_discovery:discover_packages(path) check parameters
[0.686s] Level 1:colcon.colcon_core.package_discovery:discover_packages(colcon_meta) discover
[0.686s] Level 1:colcon.colcon_core.package_discovery:discover_packages(recursive) discover
[0.687s] INFO:colcon.colcon_core.package_discovery:Crawling recursively for packages in '/home/team100/roboracer_116_lehigh/team_ws'
[0.687s] Level 1:colcon.colcon_core.package_identification:_identify(.) by extensions ['ignore', 'ignore_ament_install']
[0.687s] Level 1:colcon.colcon_core.package_identification:_identify(.) by extension 'ignore'
[0.687s] Level 1:colcon.colcon_core.package_identification:_identify(.) by extension 'ignore_ament_install'
[0.687s] Level 1:colcon.colcon_core.package_identification:_identify(.) by extensions ['colcon_pkg']
[0.687s] Level 1:colcon.colcon_core.package_identification:_identify(.) by extension 'colcon_pkg'
[0.688s] Level 1:colcon.colcon_core.package_identification:_identify(.) by extensions ['colcon_meta']
[0.688s] Level 1:colcon.colcon_core.package_identification:_identify(.) by extension 'colcon_meta'
[0.688s] Level 1:colcon.colcon_core.package_identification:_identify(.) by extensions ['ros']
[0.688s] Level 1:colcon.colcon_core.package_identification:_identify(.) by extension 'ros'
[0.713s] Level 1:colcon.colcon_core.package_identification:_identify(.) by extensions ['cmake', 'python']
[0.714s] Level 1:colcon.colcon_core.package_identification:_identify(.) by extension 'cmake'
[0.714s] Level 1:colcon.colcon_core.package_identification:_identify(.) by extension 'python'
[0.714s] Level 1:colcon.colcon_core.package_identification:_identify(.) by extensions ['python_setup_py']
[0.714s] Level 1:colcon.colcon_core.package_identification:_identify(.) by extension 'python_setup_py'
[0.714s] Level 1:colcon.colcon_core.package_identification:_identify(build) by extensions ['ignore', 'ignore_ament_install']
[0.715s] Level 1:colcon.colcon_core.package_identification:_identify(build) by extension 'ignore'
[0.715s] Level 1:colcon.colcon_core.package_identification:_identify(build) ignored
[0.715s] Level 1:colcon.colcon_core.package_identification:_identify(install) by extensions ['ignore', 'ignore_ament_install']
[0.715s] Level 1:colcon.colcon_core.package_identification:_identify(install) by extension 'ignore'
[0.715s] Level 1:colcon.colcon_core.package_identification:_identify(install) ignored
[0.716s] Level 1:colcon.colcon_core.package_identification:_identify(log) by extensions ['ignore', 'ignore_ament_install']
[0.716s] Level 1:colcon.colcon_core.package_identification:_identify(log) by extension 'ignore'
[0.716s] Level 1:colcon.colcon_core.package_identification:_identify(log) ignored
[0.716s] Level 1:colcon.colcon_core.package_identification:_identify(src) by extensions ['ignore', 'ignore_ament_install']
[0.717s] Level 1:colcon.colcon_core.package_identification:_identify(src) by extension 'ignore'
[0.717s] Level 1:colcon.colcon_core.package_identification:_identify(src) by extension 'ignore_ament_install'
[0.717s] Level 1:colcon.colcon_core.package_identification:_identify(src) by extensions ['colcon_pkg']
[0.717s] Level 1:colcon.colcon_core.package_identification:_identify(src) by extension 'colcon_pkg'
[0.717s] Level 1:colcon.colcon_core.package_identification:_identify(src) by extensions ['colcon_meta']
[0.717s] Level 1:colcon.colcon_core.package_identification:_identify(src) by extension 'colcon_meta'
[0.717s] Level 1:colcon.colcon_core.package_identification:_identify(src) by extensions ['ros']
[0.718s] Level 1:colcon.colcon_core.package_identification:_identify(src) by extension 'ros'
[0.718s] Level 1:colcon.colcon_core.package_identification:_identify(src) by extensions ['cmake', 'python']
[0.718s] Level 1:colcon.colcon_core.package_identification:_identify(src) by extension 'cmake'
[0.718s] Level 1:colcon.colcon_core.package_identification:_identify(src) by extension 'python'
[0.718s] Level 1:colcon.colcon_core.package_identification:_identify(src) by extensions ['python_setup_py']
[0.718s] Level 1:colcon.colcon_core.package_identification:_identify(src) by extension 'python_setup_py'
[0.718s] Level 1:colcon.colcon_core.package_identification:_identify(src/apriltag) by extensions ['ignore', 'ignore_ament_install']
[0.719s] Level 1:colcon.colcon_core.package_identification:_identify(src/apriltag) by extension 'ignore'
[0.719s] Level 1:colcon.colcon_core.package_identification:_identify(src/apriltag) by extension 'ignore_ament_install'
[0.719s] Level 1:colcon.colcon_core.package_identification:_identify(src/apriltag) by extensions ['colcon_pkg']
[0.719s] Level 1:colcon.colcon_core.package_identification:_identify(src/apriltag) by extension 'colcon_pkg'
[0.719s] Level 1:colcon.colcon_core.package_identification:_identify(src/apriltag) by extensions ['colcon_meta']
[0.719s] Level 1:colcon.colcon_core.package_identification:_identify(src/apriltag) by extension 'colcon_meta'
[0.719s] Level 1:colcon.colcon_core.package_identification:_identify(src/apriltag) by extensions ['ros']
[0.719s] Level 1:colcon.colcon_core.package_identification:_identify(src/apriltag) by extension 'ros'
[0.730s] DEBUG:colcon.colcon_core.package_identification:Package 'src/apriltag' with type 'ros.cmake' and name 'apriltag'
[0.730s] Level 1:colcon.colcon_core.package_identification:_identify(src/apriltag_msgs) by extensions ['ignore', 'ignore_ament_install']
[0.731s] Level 1:colcon.colcon_core.package_identification:_identify(src/apriltag_msgs) by extension 'ignore'
[0.731s] Level 1:colcon.colcon_core.package_identification:_identify(src/apriltag_msgs) by extension 'ignore_ament_install'
[0.731s] Level 1:colcon.colcon_core.package_identification:_identify(src/apriltag_msgs) by extensions ['colcon_pkg']
[0.731s] Level 1:colcon.colcon_core.package_identification:_identify(src/apriltag_msgs) by extension 'colcon_pkg'
[0.731s] Level 1:colcon.colcon_core.package_identification:_identify(src/apriltag_msgs) by extensions ['colcon_meta']
[0.731s] Level 1:colcon.colcon_core.package_identification:_identify(src/apriltag_msgs) by extension 'colcon_meta'
[0.731s] Level 1:colcon.colcon_core.package_identification:_identify(src/apriltag_msgs) by extensions ['ros']
[0.731s] Level 1:colcon.colcon_core.package_identification:_identify(src/apriltag_msgs) by extension 'ros'
[0.733s] DEBUG:colcon.colcon_core.package_identification:Package 'src/apriltag_msgs' with type 'ros.ament_cmake' and name 'apriltag_msgs'
[0.733s] Level 1:colcon.colcon_core.package_identification:_identify(src/apriltag_ros) by extensions ['ignore', 'ignore_ament_install']
[0.733s] Level 1:colcon.colcon_core.package_identification:_identify(src/apriltag_ros) by extension 'ignore'
[0.733s] Level 1:colcon.colcon_core.package_identification:_identify(src/apriltag_ros) by extension 'ignore_ament_install'
[0.734s] Level 1:colcon.colcon_core.package_identification:_identify(src/apriltag_ros) by extensions ['colcon_pkg']
[0.734s] Level 1:colcon.colcon_core.package_identification:_identify(src/apriltag_ros) by extension 'colcon_pkg'
[0.734s] Level 1:colcon.colcon_core.package_identification:_identify(src/apriltag_ros) by extensions ['colcon_meta']
[0.734s] Level 1:colcon.colcon_core.package_identification:_identify(src/apriltag_ros) by extension 'colcon_meta'
[0.734s] Level 1:colcon.colcon_core.package_identification:_identify(src/apriltag_ros) by extensions ['ros']
[0.734s] Level 1:colcon.colcon_core.package_identification:_identify(src/apriltag_ros) by extension 'ros'
[0.738s] DEBUG:colcon.colcon_core.package_identification:Package 'src/apriltag_ros' with type 'ros.ament_cmake' and name 'apriltag_ros'
[0.738s] Level 1:colcon.colcon_core.package_identification:_identify(src/build) by extensions ['ignore', 'ignore_ament_install']
[0.738s] Level 1:colcon.colcon_core.package_identification:_identify(src/build) by extension 'ignore'
[0.738s] Level 1:colcon.colcon_core.package_identification:_identify(src/build) ignored
[0.738s] Level 1:colcon.colcon_core.package_identification:_identify(src/e116) by extensions ['ignore', 'ignore_ament_install']
[0.739s] Level 1:colcon.colcon_core.package_identification:_identify(src/e116) by extension 'ignore'
[0.739s] Level 1:colcon.colcon_core.package_identification:_identify(src/e116) by extension 'ignore_ament_install'
[0.739s] Level 1:colcon.colcon_core.package_identification:_identify(src/e116) by extensions ['colcon_pkg']
[0.739s] Level 1:colcon.colcon_core.package_identification:_identify(src/e116) by extension 'colcon_pkg'
[0.739s] Level 1:colcon.colcon_core.package_identification:_identify(src/e116) by extensions ['colcon_meta']
[0.739s] Level 1:colcon.colcon_core.package_identification:_identify(src/e116) by extension 'colcon_meta'
[0.739s] Level 1:colcon.colcon_core.package_identification:_identify(src/e116) by extensions ['ros']
[0.739s] Level 1:colcon.colcon_core.package_identification:_identify(src/e116) by extension 'ros'
[0.741s] DEBUG:colcon.colcon_core.package_identification:Package 'src/e116' with type 'ros.ament_python' and name 'e116'
[0.742s] Level 1:colcon.colcon_core.package_identification:_identify(src/install) by extensions ['ignore', 'ignore_ament_install']
[0.742s] Level 1:colcon.colcon_core.package_identification:_identify(src/install) by extension 'ignore'
[0.742s] Level 1:colcon.colcon_core.package_identification:_identify(src/install) ignored
[0.742s] Level 1:colcon.colcon_core.package_identification:_identify(src/log) by extensions ['ignore', 'ignore_ament_install']
[0.743s] Level 1:colcon.colcon_core.package_identification:_identify(src/log) by extension 'ignore'
[0.743s] Level 1:colcon.colcon_core.package_identification:_identify(src/log) ignored
[0.743s] Level 1:colcon.colcon_core.package_discovery:discover_packages(recursive) using defaults
[0.743s] Level 1:colcon.colcon_core.package_discovery:discover_packages(ignore) discover
[0.743s] Level 1:colcon.colcon_core.package_discovery:discover_packages(ignore) using defaults
[0.743s] Level 1:colcon.colcon_core.package_discovery:discover_packages(path) discover
[0.743s] Level 1:colcon.colcon_core.package_discovery:discover_packages(path) using defaults
[0.831s] Level 1:colcon.colcon_core.package_discovery:discover_packages(prefix_path) check parameters
[0.832s] Level 1:colcon.colcon_core.package_discovery:discover_packages(prefix_path) discover
[0.836s] DEBUG:colcon.colcon_installed_package_information.package_discovery:Found 4 installed packages in /home/team100/roboracer_116_lehigh/team_ws/install
[0.839s] DEBUG:colcon.colcon_installed_package_information.package_discovery:Found 298 installed packages in /opt/ros/humble
[0.842s] Level 1:colcon.colcon_core.package_discovery:discover_packages(prefix_path) using defaults
[0.939s] Level 5:colcon.colcon_core.verb:set package 'apriltag' build argument 'cmake_args' from command line to 'None'
[0.939s] Level 5:colcon.colcon_core.verb:set package 'apriltag' build argument 'cmake_target' from command line to 'None'
[0.939s] Level 5:colcon.colcon_core.verb:set package 'apriltag' build argument 'cmake_target_skip_unavailable' from command line to 'False'
[0.939s] Level 5:colcon.colcon_core.verb:set package 'apriltag' build argument 'cmake_clean_cache' from command line to 'False'
[0.939s] Level 5:colcon.colcon_core.verb:set package 'apriltag' build argument 'cmake_clean_first' from command line to 'False'
[0.939s] Level 5:colcon.colcon_core.verb:set package 'apriltag' build argument 'cmake_force_configure' from command line to 'False'
[0.940s] Level 5:colcon.colcon_core.verb:set package 'apriltag' build argument 'ament_cmake_args' from command line to 'None'
[0.940s] Level 5:colcon.colcon_core.verb:set package 'apriltag' build argument 'catkin_cmake_args' from command line to 'None'
[0.940s] Level 5:colcon.colcon_core.verb:set package 'apriltag' build argument 'catkin_skip_building_tests' from command line to 'False'
[0.940s] DEBUG:colcon.colcon_core.verb:Building package 'apriltag' with the following arguments: {'ament_cmake_args': None, 'build_base': '/home/team100/roboracer_116_lehigh/team_ws/build/apriltag', 'catkin_cmake_args': None, 'catkin_skip_building_tests': False, 'cmake_args': None, 'cmake_clean_cache': False, 'cmake_clean_first': False, 'cmake_force_configure': False, 'cmake_target': None, 'cmake_target_skip_unavailable': False, 'install_base': '/home/team100/roboracer_116_lehigh/team_ws/install/apriltag', 'merge_install': False, 'path': '/home/team100/roboracer_116_lehigh/team_ws/src/apriltag', 'symlink_install': False, 'test_result_base': None}
[0.941s] Level 5:colcon.colcon_core.verb:set package 'apriltag_msgs' build argument 'cmake_args' from command line to 'None'
[0.941s] Level 5:colcon.colcon_core.verb:set package 'apriltag_msgs' build argument 'cmake_target' from command line to 'None'
[0.941s] Level 5:colcon.colcon_core.verb:set package 'apriltag_msgs' build argument 'cmake_target_skip_unavailable' from command line to 'False'
[0.941s] Level 5:colcon.colcon_core.verb:set package 'apriltag_msgs' build argument 'cmake_clean_cache' from command line to 'False'
[0.941s] Level 5:colcon.colcon_core.verb:set package 'apriltag_msgs' build argument 'cmake_clean_first' from command line to 'False'
[0.941s] Level 5:colcon.colcon_core.verb:set package 'apriltag_msgs' build argument 'cmake_force_configure' from command line to 'False'
[0.941s] Level 5:colcon.colcon_core.verb:set package 'apriltag_msgs' build argument 'ament_cmake_args' from command line to 'None'
[0.941s] Level 5:colcon.colcon_core.verb:set package 'apriltag_msgs' build argument 'catkin_cmake_args' from command line to 'None'
[0.941s] Level 5:colcon.colcon_core.verb:set package 'apriltag_msgs' build argument 'catkin_skip_building_tests' from command line to 'False'
[0.941s] DEBUG:colcon.colcon_core.verb:Building package 'apriltag_msgs' with the following arguments: {'ament_cmake_args': None, 'build_base': '/home/team100/roboracer_116_lehigh/team_ws/build/apriltag_msgs', 'catkin_cmake_args': None, 'catkin_skip_building_tests': False, 'cmake_args': None, 'cmake_clean_cache': False, 'cmake_clean_first': False, 'cmake_force_configure': False, 'cmake_target': None, 'cmake_target_skip_unavailable': False, 'install_base': '/home/team100/roboracer_116_lehigh/team_ws/install/apriltag_msgs', 'merge_install': False, 'path': '/home/team100/roboracer_116_lehigh/team_ws/src/apriltag_msgs', 'symlink_install': False, 'test_result_base': None}
[0.942s] Level 5:colcon.colcon_core.verb:set package 'e116' build argument 'cmake_args' from command line to 'None'
[0.942s] Level 5:colcon.colcon_core.verb:set package 'e116' build argument 'cmake_target' from command line to 'None'
[0.942s] Level 5:colcon.colcon_core.verb:set package 'e116' build argument 'cmake_target_skip_unavailable' from command line to 'False'
[0.942s] Level 5:colcon.colcon_core.verb:set package 'e116' build argument 'cmake_clean_cache' from command line to 'False'
[0.942s] Level 5:colcon.colcon_core.verb:set package 'e116' build argument 'cmake_clean_first' from command line to 'False'
[0.942s] Level 5:colcon.colcon_core.verb:set package 'e116' build argument 'cmake_force_configure' from command line to 'False'
[0.942s] Level 5:colcon.colcon_core.verb:set package 'e116' build argument 'ament_cmake_args' from command line to 'None'
[0.942s] Level 5:colcon.colcon_core.verb:set package 'e116' build argument 'catkin_cmake_args' from command line to 'None'
[0.942s] Level 5:colcon.colcon_core.verb:set package 'e116' build argument 'catkin_skip_building_tests' from command line to 'False'
[0.943s] DEBUG:colcon.colcon_core.verb:Building package 'e116' with the following arguments: {'ament_cmake_args': None, 'build_base': '/home/team100/roboracer_116_lehigh/team_ws/build/e116', 'catkin_cmake_args': None, 'catkin_skip_building_tests': False, 'cmake_args': None, 'cmake_clean_cache': False, 'cmake_clean_first': False, 'cmake_force_configure': False, 'cmake_target': None, 'cmake_target_skip_unavailable': False, 'install_base': '/home/team100/roboracer_116_lehigh/team_ws/install/e116', 'merge_install': False, 'path': '/home/team100/roboracer_116_lehigh/team_ws/src/e116', 'symlink_install': False, 'test_result_base': None}
[0.943s] Level 5:colcon.colcon_core.verb:set package 'apriltag_ros' build argument 'cmake_args' from command line to 'None'
[0.943s] Level 5:colcon.colcon_core.verb:set package 'apriltag_ros' build argument 'cmake_target' from command line to 'None'
[0.943s] Level 5:colcon.colcon_core.verb:set package 'apriltag_ros' build argument 'cmake_target_skip_unavailable' from command line to 'False'
[0.943s] Level 5:colcon.colcon_core.verb:set package 'apriltag_ros' build argument 'cmake_clean_cache' from command line to 'False'
[0.943s] Level 5:colcon.colcon_core.verb:set package 'apriltag_ros' build argument 'cmake_clean_first' from command line to 'False'
[0.944s] Level 5:colcon.colcon_core.verb:set package 'apriltag_ros' build argument 'cmake_force_configure' from command line to 'False'
[0.944s] Level 5:colcon.colcon_core.verb:set package 'apriltag_ros' build argument 'ament_cmake_args' from command line to 'None'
[0.944s] Level 5:colcon.colcon_core.verb:set package 'apriltag_ros' build argument 'catkin_cmake_args' from command line to 'None'
[0.944s] Level 5:colcon.colcon_core.verb:set package 'apriltag_ros' build argument 'catkin_skip_building_tests' from command line to 'False'
[0.944s] DEBUG:colcon.colcon_core.verb:Building package 'apriltag_ros' with the following arguments: {'ament_cmake_args': None, 'build_base': '/home/team100/roboracer_116_lehigh/team_ws/build/apriltag_ros', 'catkin_cmake_args': None, 'catkin_skip_building_tests': False, 'cmake_args': None, 'cmake_clean_cache': False, 'cmake_clean_first': False, 'cmake_force_configure': False, 'cmake_target': None, 'cmake_target_skip_unavailable': False, 'install_base': '/home/team100/roboracer_116_lehigh/team_ws/install/apriltag_ros', 'merge_install': False, 'path': '/home/team100/roboracer_116_lehigh/team_ws/src/apriltag_ros', 'symlink_install': False, 'test_result_base': None}
[0.944s] INFO:colcon.colcon_core.executor:Executing jobs using 'parallel' executor
[0.947s] DEBUG:colcon.colcon_parallel_executor.executor.parallel:run_until_complete
[0.947s] INFO:colcon.colcon_ros.task.cmake.build:Building ROS package in '/home/team100/roboracer_116_lehigh/team_ws/src/apriltag' with build type 'cmake'
[0.947s] INFO:colcon.colcon_cmake.task.cmake.build:Building CMake package in '/home/team100/roboracer_116_lehigh/team_ws/src/apriltag'
[0.952s] INFO:colcon.colcon_core.plugin_system:Skipping extension 'colcon_core.shell.bat': Not used on non-Windows systems
[0.953s] INFO:colcon.colcon_core.shell:Skip shell extension 'powershell' for command environment: Not usable outside of PowerShell
[0.953s] DEBUG:colcon.colcon_core.shell:Skip shell extension 'dsv' for command environment
[0.961s] INFO:colcon.colcon_ros.task.ament_cmake.build:Building ROS package in '/home/team100/roboracer_116_lehigh/team_ws/src/apriltag_msgs' with build type 'ament_cmake'
[0.962s] INFO:colcon.colcon_cmake.task.cmake.build:Building CMake package in '/home/team100/roboracer_116_lehigh/team_ws/src/apriltag_msgs'
[0.962s] INFO:colcon.colcon_core.shell:Skip shell extension 'powershell' for command environment: Not usable outside of PowerShell
[0.963s] DEBUG:colcon.colcon_core.shell:Skip shell extension 'dsv' for command environment
[0.971s] INFO:colcon.colcon_ros.task.ament_python.build:Building ROS package in '/home/team100/roboracer_116_lehigh/team_ws/src/e116' with build type 'ament_python'
[0.971s] Level 1:colcon.colcon_core.shell:create_environment_hook('e116', 'ament_prefix_path')
[0.972s] INFO:colcon.colcon_core.shell:Creating environment hook '/home/team100/roboracer_116_lehigh/team_ws/install/e116/share/e116/hook/ament_prefix_path.ps1'
[0.974s] INFO:colcon.colcon_core.shell:Creating environment descriptor '/home/team100/roboracer_116_lehigh/team_ws/install/e116/share/e116/hook/ament_prefix_path.dsv'
[0.975s] INFO:colcon.colcon_core.shell:Creating environment hook '/home/team100/roboracer_116_lehigh/team_ws/install/e116/share/e116/hook/ament_prefix_path.sh'
[0.977s] INFO:colcon.colcon_core.shell:Skip shell extension 'powershell' for command environment: Not usable outside of PowerShell
[0.977s] DEBUG:colcon.colcon_core.shell:Skip shell extension 'dsv' for command environment
[0.993s] DEBUG:colcon.colcon_core.event_handler.log_command:Invoking command in '/home/team100/roboracer_116_lehigh/team_ws/build/apriltag': CMAKE_PREFIX_PATH=${CMAKE_PREFIX_PATH}:/home/team100/roboracer_116_lehigh/team_ws/install/e116:/opt/ros/humble /usr/bin/cmake --build /home/team100/roboracer_116_lehigh/team_ws/build/apriltag -- -j6 -l6
[1.001s] DEBUG:colcon.colcon_core.event_handler.log_command:Invoking command in '/home/team100/roboracer_116_lehigh/team_ws/build/apriltag_msgs': CMAKE_PREFIX_PATH=${CMAKE_PREFIX_PATH}:/home/team100/roboracer_116_lehigh/team_ws/install/e116:/opt/ros/humble /usr/bin/cmake --build /home/team100/roboracer_116_lehigh/team_ws/build/apriltag_msgs -- -j6 -l6
[1.708s] INFO:colcon.colcon_core.task.python.build:Building Python package in '/home/team100/roboracer_116_lehigh/team_ws/src/e116'
[1.709s] INFO:colcon.colcon_core.shell:Skip shell extension 'powershell' for command environment: Not usable outside of PowerShell
[1.710s] DEBUG:colcon.colcon_core.shell:Skip shell extension 'dsv' for command environment
[2.046s] DEBUG:colcon.colcon_core.event_handler.log_command:Invoked command in '/home/team100/roboracer_116_lehigh/team_ws/build/apriltag' returned '0': CMAKE_PREFIX_PATH=${CMAKE_PREFIX_PATH}:/home/team100/roboracer_116_lehigh/team_ws/install/e116:/opt/ros/humble /usr/bin/cmake --build /home/team100/roboracer_116_lehigh/team_ws/build/apriltag -- -j6 -l6
[2.069s] DEBUG:colcon.colcon_core.event_handler.log_command:Invoking command in '/home/team100/roboracer_116_lehigh/team_ws/build/apriltag': CMAKE_PREFIX_PATH=${CMAKE_PREFIX_PATH}:/home/team100/roboracer_116_lehigh/team_ws/install/e116:/opt/ros/humble /usr/bin/cmake --install /home/team100/roboracer_116_lehigh/team_ws/build/apriltag
[2.106s] Level 1:colcon.colcon_core.shell:create_environment_hook('apriltag', 'pkg_config_path')
[2.108s] INFO:colcon.colcon_core.shell:Creating environment hook '/home/team100/roboracer_116_lehigh/team_ws/install/apriltag/share/apriltag/hook/pkg_config_path.ps1'
[2.110s] DEBUG:colcon.colcon_core.event_handler.log_command:Invoked command in '/home/team100/roboracer_116_lehigh/team_ws/build/apriltag_msgs' returned '0': CMAKE_PREFIX_PATH=${CMAKE_PREFIX_PATH}:/home/team100/roboracer_116_lehigh/team_ws/install/e116:/opt/ros/humble /usr/bin/cmake --build /home/team100/roboracer_116_lehigh/team_ws/build/apriltag_msgs -- -j6 -l6
[2.111s] DEBUG:colcon.colcon_core.event_handler.log_command:Invoking command in '/home/team100/roboracer_116_lehigh/team_ws/build/apriltag_msgs': CMAKE_PREFIX_PATH=${CMAKE_PREFIX_PATH}:/home/team100/roboracer_116_lehigh/team_ws/install/e116:/opt/ros/humble /usr/bin/cmake --install /home/team100/roboracer_116_lehigh/team_ws/build/apriltag_msgs
[2.111s] DEBUG:colcon.colcon_core.event_handler.log_command:Invoked command in '/home/team100/roboracer_116_lehigh/team_ws/build/apriltag' returned '0': CMAKE_PREFIX_PATH=${CMAKE_PREFIX_PATH}:/home/team100/roboracer_116_lehigh/team_ws/install/e116:/opt/ros/humble /usr/bin/cmake --install /home/team100/roboracer_116_lehigh/team_ws/build/apriltag
[2.112s] INFO:colcon.colcon_core.shell:Creating environment descriptor '/home/team100/roboracer_116_lehigh/team_ws/install/apriltag/share/apriltag/hook/pkg_config_path.dsv'
[2.114s] INFO:colcon.colcon_core.shell:Creating environment hook '/home/team100/roboracer_116_lehigh/team_ws/install/apriltag/share/apriltag/hook/pkg_config_path.sh'
[2.129s] Level 1:colcon.colcon_core.shell:create_environment_hook('apriltag', 'pkg_config_path_multiarch')
[2.130s] INFO:colcon.colcon_core.shell:Creating environment hook '/home/team100/roboracer_116_lehigh/team_ws/install/apriltag/share/apriltag/hook/pkg_config_path_multiarch.ps1'
[2.133s] INFO:colcon.colcon_core.shell:Creating environment descriptor '/home/team100/roboracer_116_lehigh/team_ws/install/apriltag/share/apriltag/hook/pkg_config_path_multiarch.dsv'
[2.135s] INFO:colcon.colcon_core.shell:Creating environment hook '/home/team100/roboracer_116_lehigh/team_ws/install/apriltag/share/apriltag/hook/pkg_config_path_multiarch.sh'
[2.136s] Level 1:colcon.colcon_core.environment:create_environment_scripts_only(apriltag)
[2.148s] Level 1:colcon.colcon_core.environment:checking '/home/team100/roboracer_116_lehigh/team_ws/install/apriltag' for CMake module files
[2.152s] Level 1:colcon.colcon_core.environment:checking '/home/team100/roboracer_116_lehigh/team_ws/install/apriltag' for CMake config files
[2.155s] Level 1:colcon.colcon_core.shell:create_environment_hook('apriltag', 'cmake_prefix_path')
[2.156s] INFO:colcon.colcon_core.shell:Creating environment hook '/home/team100/roboracer_116_lehigh/team_ws/install/apriltag/share/apriltag/hook/cmake_prefix_path.ps1'
[2.159s] INFO:colcon.colcon_core.shell:Creating environment descriptor '/home/team100/roboracer_116_lehigh/team_ws/install/apriltag/share/apriltag/hook/cmake_prefix_path.dsv'
[2.160s] INFO:colcon.colcon_core.shell:Creating environment hook '/home/team100/roboracer_116_lehigh/team_ws/install/apriltag/share/apriltag/hook/cmake_prefix_path.sh'
[2.162s] Level 1:colcon.colcon_core.environment:checking '/home/team100/roboracer_116_lehigh/team_ws/install/apriltag/lib'
[2.163s] Level 1:colcon.colcon_core.shell:create_environment_hook('apriltag', 'ld_library_path_lib')
[2.163s] INFO:colcon.colcon_core.shell:Creating environment hook '/home/team100/roboracer_116_lehigh/team_ws/install/apriltag/share/apriltag/hook/ld_library_path_lib.ps1'
[2.164s] INFO:colcon.colcon_core.shell:Creating environment descriptor '/home/team100/roboracer_116_lehigh/team_ws/install/apriltag/share/apriltag/hook/ld_library_path_lib.dsv'
[2.165s] INFO:colcon.colcon_core.shell:Creating environment hook '/home/team100/roboracer_116_lehigh/team_ws/install/apriltag/share/apriltag/hook/ld_library_path_lib.sh'
[2.166s] Level 1:colcon.colcon_core.environment:checking '/home/team100/roboracer_116_lehigh/team_ws/install/apriltag/bin'
[2.166s] Level 1:colcon.colcon_core.shell:create_environment_hook('apriltag', 'path')
[2.167s] INFO:colcon.colcon_core.shell:Creating environment hook '/home/team100/roboracer_116_lehigh/team_ws/install/apriltag/share/apriltag/hook/path.ps1'
[2.168s] INFO:colcon.colcon_core.shell:Creating environment descriptor '/home/team100/roboracer_116_lehigh/team_ws/install/apriltag/share/apriltag/hook/path.dsv'
[2.168s] INFO:colcon.colcon_core.shell:Creating environment hook '/home/team100/roboracer_116_lehigh/team_ws/install/apriltag/share/apriltag/hook/path.sh'
[2.169s] Level 1:colcon.colcon_core.environment:checking '/home/team100/roboracer_116_lehigh/team_ws/install/apriltag/lib/pkgconfig/apriltag.pc'
[2.170s] Level 1:colcon.colcon_core.shell:create_environment_hook('apriltag', 'pkg_config')
[2.170s] INFO:colcon.colcon_core.shell:Creating environment hook '/home/team100/roboracer_116_lehigh/team_ws/install/apriltag/share/apriltag/hook/pkg_config.ps1'
[2.171s] INFO:colcon.colcon_core.shell:Creating environment descriptor '/home/team100/roboracer_116_lehigh/team_ws/install/apriltag/share/apriltag/hook/pkg_config.dsv'
[2.172s] INFO:colcon.colcon_core.shell:Creating environment hook '/home/team100/roboracer_116_lehigh/team_ws/install/apriltag/share/apriltag/hook/pkg_config.sh'
[2.173s] Level 1:colcon.colcon_core.environment:checking '/home/team100/roboracer_116_lehigh/team_ws/install/apriltag/lib/python3.10/site-packages'
[2.173s] Level 1:colcon.colcon_core.shell:create_environment_hook('apriltag', 'pythonpath')
[2.174s] INFO:colcon.colcon_core.shell:Creating environment hook '/home/team100/roboracer_116_lehigh/team_ws/install/apriltag/share/apriltag/hook/pythonpath.ps1'
[2.175s] INFO:colcon.colcon_core.shell:Creating environment descriptor '/home/team100/roboracer_116_lehigh/team_ws/install/apriltag/share/apriltag/hook/pythonpath.dsv'
[2.176s] INFO:colcon.colcon_core.shell:Creating environment hook '/home/team100/roboracer_116_lehigh/team_ws/install/apriltag/share/apriltag/hook/pythonpath.sh'
[2.178s] Level 1:colcon.colcon_core.environment:checking '/home/team100/roboracer_116_lehigh/team_ws/install/apriltag/bin'
[2.178s] Level 1:colcon.colcon_core.shell:create_environment_hook('apriltag', 'pythonscriptspath')
[2.179s] INFO:colcon.colcon_core.shell:Creating environment hook '/home/team100/roboracer_116_lehigh/team_ws/install/apriltag/share/apriltag/hook/pythonscriptspath.ps1'
[2.180s] INFO:colcon.colcon_core.shell:Creating environment descriptor '/home/team100/roboracer_116_lehigh/team_ws/install/apriltag/share/apriltag/hook/pythonscriptspath.dsv'
[2.181s] INFO:colcon.colcon_core.shell:Creating environment hook '/home/team100/roboracer_116_lehigh/team_ws/install/apriltag/share/apriltag/hook/pythonscriptspath.sh'
[2.183s] INFO:colcon.colcon_core.shell:Creating package script '/home/team100/roboracer_116_lehigh/team_ws/install/apriltag/share/apriltag/package.ps1'
[2.187s] INFO:colcon.colcon_core.shell:Creating package descriptor '/home/team100/roboracer_116_lehigh/team_ws/install/apriltag/share/apriltag/package.dsv'
[2.189s] INFO:colcon.colcon_core.shell:Creating package script '/home/team100/roboracer_116_lehigh/team_ws/install/apriltag/share/apriltag/package.sh'
[2.192s] INFO:colcon.colcon_core.shell:Creating package script '/home/team100/roboracer_116_lehigh/team_ws/install/apriltag/share/apriltag/package.bash'
[2.194s] INFO:colcon.colcon_core.shell:Creating package script '/home/team100/roboracer_116_lehigh/team_ws/install/apriltag/share/apriltag/package.zsh'
[2.195s] Level 1:colcon.colcon_core.environment:create_file_with_runtime_dependencies(/home/team100/roboracer_116_lehigh/team_ws/install/apriltag/share/colcon-core/packages/apriltag)
[2.238s] Level 1:colcon.colcon_core.environment:create_environment_scripts_only(apriltag_msgs)
[2.239s] Level 1:colcon.colcon_core.environment:checking '/home/team100/roboracer_116_lehigh/team_ws/install/apriltag_msgs' for CMake module files
[2.240s] DEBUG:colcon.colcon_core.event_handler.log_command:Invoked command in '/home/team100/roboracer_116_lehigh/team_ws/build/apriltag_msgs' returned '0': CMAKE_PREFIX_PATH=${CMAKE_PREFIX_PATH}:/home/team100/roboracer_116_lehigh/team_ws/install/e116:/opt/ros/humble /usr/bin/cmake --install /home/team100/roboracer_116_lehigh/team_ws/build/apriltag_msgs
[2.241s] Level 1:colcon.colcon_core.environment:checking '/home/team100/roboracer_116_lehigh/team_ws/install/apriltag_msgs' for CMake config files
[2.242s] Level 1:colcon.colcon_core.shell:create_environment_hook('apriltag_msgs', 'cmake_prefix_path')
[2.242s] INFO:colcon.colcon_core.shell:Creating environment hook '/home/team100/roboracer_116_lehigh/team_ws/install/apriltag_msgs/share/apriltag_msgs/hook/cmake_prefix_path.ps1'
[2.244s] INFO:colcon.colcon_core.shell:Creating environment descriptor '/home/team100/roboracer_116_lehigh/team_ws/install/apriltag_msgs/share/apriltag_msgs/hook/cmake_prefix_path.dsv'
[2.245s] INFO:colcon.colcon_core.shell:Creating environment hook '/home/team100/roboracer_116_lehigh/team_ws/install/apriltag_msgs/share/apriltag_msgs/hook/cmake_prefix_path.sh'
[2.247s] Level 1:colcon.colcon_core.environment:checking '/home/team100/roboracer_116_lehigh/team_ws/install/apriltag_msgs/lib'
[2.247s] Level 1:colcon.colcon_core.shell:create_environment_hook('apriltag_msgs', 'ld_library_path_lib')
[2.247s] INFO:colcon.colcon_core.shell:Creating environment hook '/home/team100/roboracer_116_lehigh/team_ws/install/apriltag_msgs/share/apriltag_msgs/hook/ld_library_path_lib.ps1'
[2.249s] INFO:colcon.colcon_core.shell:Creating environment descriptor '/home/team100/roboracer_116_lehigh/team_ws/install/apriltag_msgs/share/apriltag_msgs/hook/ld_library_path_lib.dsv'
[2.250s] INFO:colcon.colcon_core.shell:Creating environment hook '/home/team100/roboracer_116_lehigh/team_ws/install/apriltag_msgs/share/apriltag_msgs/hook/ld_library_path_lib.sh'
[2.252s] Level 1:colcon.colcon_core.environment:checking '/home/team100/roboracer_116_lehigh/team_ws/install/apriltag_msgs/bin'
[2.253s] Level 1:colcon.colcon_core.environment:checking '/home/team100/roboracer_116_lehigh/team_ws/install/apriltag_msgs/lib/pkgconfig/apriltag_msgs.pc'
[2.253s] Level 1:colcon.colcon_core.environment:checking '/home/team100/roboracer_116_lehigh/team_ws/install/apriltag_msgs/lib/python3.10/site-packages'
[2.254s] Level 1:colcon.colcon_core.environment:checking '/home/team100/roboracer_116_lehigh/team_ws/install/apriltag_msgs/bin'
[2.255s] INFO:colcon.colcon_core.shell:Creating package script '/home/team100/roboracer_116_lehigh/team_ws/install/apriltag_msgs/share/apriltag_msgs/package.ps1'
[2.257s] INFO:colcon.colcon_core.shell:Creating package descriptor '/home/team100/roboracer_116_lehigh/team_ws/install/apriltag_msgs/share/apriltag_msgs/package.dsv'
[2.258s] INFO:colcon.colcon_core.shell:Creating package script '/home/team100/roboracer_116_lehigh/team_ws/install/apriltag_msgs/share/apriltag_msgs/package.sh'
[2.259s] INFO:colcon.colcon_core.shell:Creating package script '/home/team100/roboracer_116_lehigh/team_ws/install/apriltag_msgs/share/apriltag_msgs/package.bash'
[2.260s] INFO:colcon.colcon_core.shell:Creating package script '/home/team100/roboracer_116_lehigh/team_ws/install/apriltag_msgs/share/apriltag_msgs/package.zsh'
[2.261s] Level 1:colcon.colcon_core.environment:create_file_with_runtime_dependencies(/home/team100/roboracer_116_lehigh/team_ws/install/apriltag_msgs/share/colcon-core/packages/apriltag_msgs)
[2.263s] Level 1:colcon.colcon_core.environment:create_environment_scripts_only(apriltag_msgs)
[2.263s] Level 1:colcon.colcon_core.environment:checking '/home/team100/roboracer_116_lehigh/team_ws/install/apriltag_msgs' for CMake module files
[2.264s] Level 1:colcon.colcon_core.environment:checking '/home/team100/roboracer_116_lehigh/team_ws/install/apriltag_msgs' for CMake config files
[2.265s] Level 1:colcon.colcon_core.shell:create_environment_hook('apriltag_msgs', 'cmake_prefix_path')
[2.266s] INFO:colcon.colcon_core.shell:Creating environment hook '/home/team100/roboracer_116_lehigh/team_ws/install/apriltag_msgs/share/apriltag_msgs/hook/cmake_prefix_path.ps1'
[2.268s] INFO:colcon.colcon_core.shell:Creating environment descriptor '/home/team100/roboracer_116_lehigh/team_ws/install/apriltag_msgs/share/apriltag_msgs/hook/cmake_prefix_path.dsv'
[2.269s] INFO:colcon.colcon_core.shell:Creating environment hook '/home/team100/roboracer_116_lehigh/team_ws/install/apriltag_msgs/share/apriltag_msgs/hook/cmake_prefix_path.sh'
[2.270s] Level 1:colcon.colcon_core.environment:checking '/home/team100/roboracer_116_lehigh/team_ws/install/apriltag_msgs/lib'
[2.271s] Level 1:colcon.colcon_core.shell:create_environment_hook('apriltag_msgs', 'ld_library_path_lib')
[2.271s] INFO:colcon.colcon_core.shell:Creating environment hook '/home/team100/roboracer_116_lehigh/team_ws/install/apriltag_msgs/share/apriltag_msgs/hook/ld_library_path_lib.ps1'
[2.272s] INFO:colcon.colcon_core.shell:Creating environment descriptor '/home/team100/roboracer_116_lehigh/team_ws/install/apriltag_msgs/share/apriltag_msgs/hook/ld_library_path_lib.dsv'
[2.273s] INFO:colcon.colcon_core.shell:Creating environment hook '/home/team100/roboracer_116_lehigh/team_ws/install/apriltag_msgs/share/apriltag_msgs/hook/ld_library_path_lib.sh'
[2.274s] Level 1:colcon.colcon_core.environment:checking '/home/team100/roboracer_116_lehigh/team_ws/install/apriltag_msgs/bin'
[2.274s] Level 1:colcon.colcon_core.environment:checking '/home/team100/roboracer_116_lehigh/team_ws/install/apriltag_msgs/lib/pkgconfig/apriltag_msgs.pc'
[2.275s] Level 1:colcon.colcon_core.environment:checking '/home/team100/roboracer_116_lehigh/team_ws/install/apriltag_msgs/lib/python3.10/site-packages'
[2.275s] Level 1:colcon.colcon_core.environment:checking '/home/team100/roboracer_116_lehigh/team_ws/install/apriltag_msgs/bin'
[2.276s] INFO:colcon.colcon_core.shell:Creating package script '/home/team100/roboracer_116_lehigh/team_ws/install/apriltag_msgs/share/apriltag_msgs/package.ps1'
[2.278s] INFO:colcon.colcon_core.shell:Creating package descriptor '/home/team100/roboracer_116_lehigh/team_ws/install/apriltag_msgs/share/apriltag_msgs/package.dsv'
[2.279s] INFO:colcon.colcon_core.shell:Creating package script '/home/team100/roboracer_116_lehigh/team_ws/install/apriltag_msgs/share/apriltag_msgs/package.sh'
[2.280s] INFO:colcon.colcon_core.shell:Creating package script '/home/team100/roboracer_116_lehigh/team_ws/install/apriltag_msgs/share/apriltag_msgs/package.bash'
[2.282s] INFO:colcon.colcon_core.shell:Creating package script '/home/team100/roboracer_116_lehigh/team_ws/install/apriltag_msgs/share/apriltag_msgs/package.zsh'
[2.283s] Level 1:colcon.colcon_core.environment:create_file_with_runtime_dependencies(/home/team100/roboracer_116_lehigh/team_ws/install/apriltag_msgs/share/colcon-core/packages/apriltag_msgs)
[2.284s] INFO:colcon.colcon_ros.task.ament_cmake.build:Building ROS package in '/home/team100/roboracer_116_lehigh/team_ws/src/apriltag_ros' with build type 'ament_cmake'
[2.285s] INFO:colcon.colcon_cmake.task.cmake.build:Building CMake package in '/home/team100/roboracer_116_lehigh/team_ws/src/apriltag_ros'
[2.286s] INFO:colcon.colcon_core.shell:Skip shell extension 'powershell' for command environment: Not usable outside of PowerShell
[2.286s] DEBUG:colcon.colcon_core.shell:Skip shell extension 'dsv' for command environment
[2.319s] DEBUG:colcon.colcon_core.event_handler.log_command:Invoking command in '/home/team100/roboracer_116_lehigh/team_ws/build/apriltag_ros': CMAKE_PREFIX_PATH=/home/team100/roboracer_116_lehigh/team_ws/install/apriltag_msgs:/home/team100/roboracer_116_lehigh/team_ws/install/apriltag:/home/team100/roboracer_116_lehigh/team_ws/install/apriltag_ros:/home/team100/roboracer_116_lehigh/team_ws/install/e116:/opt/ros/humble LD_LIBRARY_PATH=/home/team100/roboracer_116_lehigh/team_ws/install/apriltag_msgs/lib:/home/team100/roboracer_116_lehigh/team_ws/install/apriltag/lib:/home/team100/roboracer_116_lehigh/team_ws/install/apriltag_ros/lib:/opt/ros/humble/opt/rviz_ogre_vendor/lib:/opt/ros/humble/lib/aarch64-linux-gnu:/opt/ros/humble/lib PYTHONPATH=/home/team100/roboracer_116_lehigh/team_ws/install/apriltag/lib/python3.10/site-packages:/home/team100/roboracer_116_lehigh/team_ws/install/e116/lib/python3.10/site-packages:/home/team100/roboracer_116_lehigh/team_ws/install/apriltag_msgs/local/lib/python3.10/dist-packages:/opt/ros/humble/lib/python3.10/site-packages:/opt/ros/humble/local/lib/python3.10/dist-packages /usr/bin/cmake --build /home/team100/roboracer_116_lehigh/team_ws/build/apriltag_ros -- -j6 -l6
[2.593s] DEBUG:colcon.colcon_core.event_handler.log_command:Invoked command in '/home/team100/roboracer_116_lehigh/team_ws/build/apriltag_ros' returned '0': CMAKE_PREFIX_PATH=/home/team100/roboracer_116_lehigh/team_ws/install/apriltag_msgs:/home/team100/roboracer_116_lehigh/team_ws/install/apriltag:/home/team100/roboracer_116_lehigh/team_ws/install/apriltag_ros:/home/team100/roboracer_116_lehigh/team_ws/install/e116:/opt/ros/humble LD_LIBRARY_PATH=/home/team100/roboracer_116_lehigh/team_ws/install/apriltag_msgs/lib:/home/team100/roboracer_116_lehigh/team_ws/install/apriltag/lib:/home/team100/roboracer_116_lehigh/team_ws/install/apriltag_ros/lib:/opt/ros/humble/opt/rviz_ogre_vendor/lib:/opt/ros/humble/lib/aarch64-linux-gnu:/opt/ros/humble/lib PYTHONPATH=/home/team100/roboracer_116_lehigh/team_ws/install/apriltag/lib/python3.10/site-packages:/home/team100/roboracer_116_lehigh/team_ws/install/e116/lib/python3.10/site-packages:/home/team100/roboracer_116_lehigh/team_ws/install/apriltag_msgs/local/lib/python3.10/dist-packages:/opt/ros/humble/lib/python3.10/site-packages:/opt/ros/humble/local/lib/python3.10/dist-packages /usr/bin/cmake --build /home/team100/roboracer_116_lehigh/team_ws/build/apriltag_ros -- -j6 -l6
[2.598s] DEBUG:colcon.colcon_core.event_handler.log_command:Invoking command in '/home/team100/roboracer_116_lehigh/team_ws/build/apriltag_ros': CMAKE_PREFIX_PATH=/home/team100/roboracer_116_lehigh/team_ws/install/apriltag_msgs:/home/team100/roboracer_116_lehigh/team_ws/install/apriltag:/home/team100/roboracer_116_lehigh/team_ws/install/apriltag_ros:/home/team100/roboracer_116_lehigh/team_ws/install/e116:/opt/ros/humble LD_LIBRARY_PATH=/home/team100/roboracer_116_lehigh/team_ws/install/apriltag_msgs/lib:/home/team100/roboracer_116_lehigh/team_ws/install/apriltag/lib:/home/team100/roboracer_116_lehigh/team_ws/install/apriltag_ros/lib:/opt/ros/humble/opt/rviz_ogre_vendor/lib:/opt/ros/humble/lib/aarch64-linux-gnu:/opt/ros/humble/lib PYTHONPATH=/home/team100/roboracer_116_lehigh/team_ws/install/apriltag/lib/python3.10/site-packages:/home/team100/roboracer_116_lehigh/team_ws/install/e116/lib/python3.10/site-packages:/home/team100/roboracer_116_lehigh/team_ws/install/apriltag_msgs/local/lib/python3.10/dist-packages:/opt/ros/humble/lib/python3.10/site-packages:/opt/ros/humble/local/lib/python3.10/dist-packages /usr/bin/cmake --install /home/team100/roboracer_116_lehigh/team_ws/build/apriltag_ros
[2.605s] DEBUG:colcon.colcon_core.event_handler.log_command:Invoking command in '/home/team100/roboracer_116_lehigh/team_ws/src/e116': PYTHONPATH=/home/team100/roboracer_116_lehigh/team_ws/build/e116/prefix_override:/usr/lib/python3/dist-packages/colcon_core/task/python/colcon_distutils_commands:/home/team100/roboracer_116_lehigh/team_ws/install/e116/lib/python3.10/site-packages:${PYTHONPATH} /usr/bin/python3 -W ignore:setup.py install is deprecated -W ignore:easy_install command is deprecated setup.py egg_info --egg-base ../../build/e116 build --build-base /home/team100/roboracer_116_lehigh/team_ws/build/e116/build install --record /home/team100/roboracer_116_lehigh/team_ws/build/e116/install.log --single-version-externally-managed install_data
[2.623s] Level 1:colcon.colcon_core.environment:create_environment_scripts_only(apriltag_ros)
[2.625s] Level 1:colcon.colcon_core.environment:checking '/home/team100/roboracer_116_lehigh/team_ws/install/apriltag_ros' for CMake module files
[2.626s] DEBUG:colcon.colcon_core.event_handler.log_command:Invoked command in '/home/team100/roboracer_116_lehigh/team_ws/build/apriltag_ros' returned '0': CMAKE_PREFIX_PATH=/home/team100/roboracer_116_lehigh/team_ws/install/apriltag_msgs:/home/team100/roboracer_116_lehigh/team_ws/install/apriltag:/home/team100/roboracer_116_lehigh/team_ws/install/apriltag_ros:/home/team100/roboracer_116_lehigh/team_ws/install/e116:/opt/ros/humble LD_LIBRARY_PATH=/home/team100/roboracer_116_lehigh/team_ws/install/apriltag_msgs/lib:/home/team100/roboracer_116_lehigh/team_ws/install/apriltag/lib:/home/team100/roboracer_116_lehigh/team_ws/install/apriltag_ros/lib:/opt/ros/humble/opt/rviz_ogre_vendor/lib:/opt/ros/humble/lib/aarch64-linux-gnu:/opt/ros/humble/lib PYTHONPATH=/home/team100/roboracer_116_lehigh/team_ws/install/apriltag/lib/python3.10/site-packages:/home/team100/roboracer_116_lehigh/team_ws/install/e116/lib/python3.10/site-packages:/home/team100/roboracer_116_lehigh/team_ws/install/apriltag_msgs/local/lib/python3.10/dist-packages:/opt/ros/humble/lib/python3.10/site-packages:/opt/ros/humble/local/lib/python3.10/dist-packages /usr/bin/cmake --install /home/team100/roboracer_116_lehigh/team_ws/build/apriltag_ros
[2.627s] Level 1:colcon.colcon_core.environment:checking '/home/team100/roboracer_116_lehigh/team_ws/install/apriltag_ros' for CMake config files
[2.627s] Level 1:colcon.colcon_core.shell:create_environment_hook('apriltag_ros', 'cmake_prefix_path')
[2.628s] INFO:colcon.colcon_core.shell:Creating environment hook '/home/team100/roboracer_116_lehigh/team_ws/install/apriltag_ros/share/apriltag_ros/hook/cmake_prefix_path.ps1'
[2.629s] INFO:colcon.colcon_core.shell:Creating environment descriptor '/home/team100/roboracer_116_lehigh/team_ws/install/apriltag_ros/share/apriltag_ros/hook/cmake_prefix_path.dsv'
[2.630s] INFO:colcon.colcon_core.shell:Creating environment hook '/home/team100/roboracer_116_lehigh/team_ws/install/apriltag_ros/share/apriltag_ros/hook/cmake_prefix_path.sh'
[2.632s] Level 1:colcon.colcon_core.environment:checking '/home/team100/roboracer_116_lehigh/team_ws/install/apriltag_ros/lib'
[2.632s] Level 1:colcon.colcon_core.shell:create_environment_hook('apriltag_ros', 'ld_library_path_lib')
[2.633s] INFO:colcon.colcon_core.shell:Creating environment hook '/home/team100/roboracer_116_lehigh/team_ws/install/apriltag_ros/share/apriltag_ros/hook/ld_library_path_lib.ps1'
[2.634s] INFO:colcon.colcon_core.shell:Creating environment descriptor '/home/team100/roboracer_116_lehigh/team_ws/install/apriltag_ros/share/apriltag_ros/hook/ld_library_path_lib.dsv'
[2.635s] INFO:colcon.colcon_core.shell:Creating environment hook '/home/team100/roboracer_116_lehigh/team_ws/install/apriltag_ros/share/apriltag_ros/hook/ld_library_path_lib.sh'
[2.637s] Level 1:colcon.colcon_core.environment:checking '/home/team100/roboracer_116_lehigh/team_ws/install/apriltag_ros/bin'
[2.637s] Level 1:colcon.colcon_core.environment:checking '/home/team100/roboracer_116_lehigh/team_ws/install/apriltag_ros/lib/pkgconfig/apriltag_ros.pc'
[2.637s] Level 1:colcon.colcon_core.environment:checking '/home/team100/roboracer_116_lehigh/team_ws/install/apriltag_ros/lib/python3.10/site-packages'
[2.638s] Level 1:colcon.colcon_core.environment:checking '/home/team100/roboracer_116_lehigh/team_ws/install/apriltag_ros/bin'
[2.639s] INFO:colcon.colcon_core.shell:Creating package script '/home/team100/roboracer_116_lehigh/team_ws/install/apriltag_ros/share/apriltag_ros/package.ps1'
[2.640s] INFO:colcon.colcon_core.shell:Creating package descriptor '/home/team100/roboracer_116_lehigh/team_ws/install/apriltag_ros/share/apriltag_ros/package.dsv'
[2.642s] INFO:colcon.colcon_core.shell:Creating package script '/home/team100/roboracer_116_lehigh/team_ws/install/apriltag_ros/share/apriltag_ros/package.sh'
[2.644s] INFO:colcon.colcon_core.shell:Creating package script '/home/team100/roboracer_116_lehigh/team_ws/install/apriltag_ros/share/apriltag_ros/package.bash'
[2.645s] INFO:colcon.colcon_core.shell:Creating package script '/home/team100/roboracer_116_lehigh/team_ws/install/apriltag_ros/share/apriltag_ros/package.zsh'
[2.646s] Level 1:colcon.colcon_core.environment:create_file_with_runtime_dependencies(/home/team100/roboracer_116_lehigh/team_ws/install/apriltag_ros/share/colcon-core/packages/apriltag_ros)
[2.648s] Level 1:colcon.colcon_core.environment:create_environment_scripts_only(apriltag_ros)
[2.649s] Level 1:colcon.colcon_core.environment:checking '/home/team100/roboracer_116_lehigh/team_ws/install/apriltag_ros' for CMake module files
[2.650s] Level 1:colcon.colcon_core.environment:checking '/home/team100/roboracer_116_lehigh/team_ws/install/apriltag_ros' for CMake config files
[2.651s] Level 1:colcon.colcon_core.shell:create_environment_hook('apriltag_ros', 'cmake_prefix_path')
[2.652s] INFO:colcon.colcon_core.shell:Creating environment hook '/home/team100/roboracer_116_lehigh/team_ws/install/apriltag_ros/share/apriltag_ros/hook/cmake_prefix_path.ps1'
[2.654s] INFO:colcon.colcon_core.shell:Creating environment descriptor '/home/team100/roboracer_116_lehigh/team_ws/install/apriltag_ros/share/apriltag_ros/hook/cmake_prefix_path.dsv'
[2.655s] INFO:colcon.colcon_core.shell:Creating environment hook '/home/team100/roboracer_116_lehigh/team_ws/install/apriltag_ros/share/apriltag_ros/hook/cmake_prefix_path.sh'
[2.657s] Level 1:colcon.colcon_core.environment:checking '/home/team100/roboracer_116_lehigh/team_ws/install/apriltag_ros/lib'
[2.657s] Level 1:colcon.colcon_core.shell:create_environment_hook('apriltag_ros', 'ld_library_path_lib')
[2.658s] INFO:colcon.colcon_core.shell:Creating environment hook '/home/team100/roboracer_116_lehigh/team_ws/install/apriltag_ros/share/apriltag_ros/hook/ld_library_path_lib.ps1'
[2.659s] INFO:colcon.colcon_core.shell:Creating environment descriptor '/home/team100/roboracer_116_lehigh/team_ws/install/apriltag_ros/share/apriltag_ros/hook/ld_library_path_lib.dsv'
[2.660s] INFO:colcon.colcon_core.shell:Creating environment hook '/home/team100/roboracer_116_lehigh/team_ws/install/apriltag_ros/share/apriltag_ros/hook/ld_library_path_lib.sh'
[2.661s] Level 1:colcon.colcon_core.environment:checking '/home/team100/roboracer_116_lehigh/team_ws/install/apriltag_ros/bin'
[2.661s] Level 1:colcon.colcon_core.environment:checking '/home/team100/roboracer_116_lehigh/team_ws/install/apriltag_ros/lib/pkgconfig/apriltag_ros.pc'
[2.662s] Level 1:colcon.colcon_core.environment:checking '/home/team100/roboracer_116_lehigh/team_ws/install/apriltag_ros/lib/python3.10/site-packages'
[2.663s] Level 1:colcon.colcon_core.environment:checking '/home/team100/roboracer_116_lehigh/team_ws/install/apriltag_ros/bin'
[2.663s] INFO:colcon.colcon_core.shell:Creating package script '/home/team100/roboracer_116_lehigh/team_ws/install/apriltag_ros/share/apriltag_ros/package.ps1'
[2.665s] INFO:colcon.colcon_core.shell:Creating package descriptor '/home/team100/roboracer_116_lehigh/team_ws/install/apriltag_ros/share/apriltag_ros/package.dsv'
[2.666s] INFO:colcon.colcon_core.shell:Creating package script '/home/team100/roboracer_116_lehigh/team_ws/install/apriltag_ros/share/apriltag_ros/package.sh'
[2.668s] INFO:colcon.colcon_core.shell:Creating package script '/home/team100/roboracer_116_lehigh/team_ws/install/apriltag_ros/share/apriltag_ros/package.bash'
[2.669s] INFO:colcon.colcon_core.shell:Creating package script '/home/team100/roboracer_116_lehigh/team_ws/install/apriltag_ros/share/apriltag_ros/package.zsh'
[2.670s] Level 1:colcon.colcon_core.environment:create_file_with_runtime_dependencies(/home/team100/roboracer_116_lehigh/team_ws/install/apriltag_ros/share/colcon-core/packages/apriltag_ros)
[3.357s] Level 1:colcon.colcon_core.environment:checking '/home/team100/roboracer_116_lehigh/team_ws/install/e116' for CMake module files
[3.358s] DEBUG:colcon.colcon_core.event_handler.log_command:Invoked command in '/home/team100/roboracer_116_lehigh/team_ws/src/e116' returned '0': PYTHONPATH=/home/team100/roboracer_116_lehigh/team_ws/build/e116/prefix_override:/usr/lib/python3/dist-packages/colcon_core/task/python/colcon_distutils_commands:/home/team100/roboracer_116_lehigh/team_ws/install/e116/lib/python3.10/site-packages:${PYTHONPATH} /usr/bin/python3 -W ignore:setup.py install is deprecated -W ignore:easy_install command is deprecated setup.py egg_info --egg-base ../../build/e116 build --build-base /home/team100/roboracer_116_lehigh/team_ws/build/e116/build install --record /home/team100/roboracer_116_lehigh/team_ws/build/e116/install.log --single-version-externally-managed install_data
[3.360s] Level 1:colcon.colcon_core.environment:checking '/home/team100/roboracer_116_lehigh/team_ws/install/e116' for CMake config files
[3.362s] Level 1:colcon.colcon_core.environment:checking '/home/team100/roboracer_116_lehigh/team_ws/install/e116/lib'
[3.362s] Level 1:colcon.colcon_core.environment:checking '/home/team100/roboracer_116_lehigh/team_ws/install/e116/bin'
[3.363s] Level 1:colcon.colcon_core.environment:checking '/home/team100/roboracer_116_lehigh/team_ws/install/e116/lib/pkgconfig/e116.pc'
[3.363s] Level 1:colcon.colcon_core.environment:checking '/home/team100/roboracer_116_lehigh/team_ws/install/e116/lib/python3.10/site-packages'
[3.364s] Level 1:colcon.colcon_core.shell:create_environment_hook('e116', 'pythonpath')
[3.364s] INFO:colcon.colcon_core.shell:Creating environment hook '/home/team100/roboracer_116_lehigh/team_ws/install/e116/share/e116/hook/pythonpath.ps1'
[3.366s] INFO:colcon.colcon_core.shell:Creating environment descriptor '/home/team100/roboracer_116_lehigh/team_ws/install/e116/share/e116/hook/pythonpath.dsv'
[3.368s] INFO:colcon.colcon_core.shell:Creating environment hook '/home/team100/roboracer_116_lehigh/team_ws/install/e116/share/e116/hook/pythonpath.sh'
[3.371s] Level 1:colcon.colcon_core.environment:checking '/home/team100/roboracer_116_lehigh/team_ws/install/e116/bin'
[3.371s] Level 1:colcon.colcon_core.environment:create_environment_scripts_only(e116)
[3.372s] INFO:colcon.colcon_core.shell:Creating package script '/home/team100/roboracer_116_lehigh/team_ws/install/e116/share/e116/package.ps1'
[3.373s] INFO:colcon.colcon_core.shell:Creating package descriptor '/home/team100/roboracer_116_lehigh/team_ws/install/e116/share/e116/package.dsv'
[3.374s] INFO:colcon.colcon_core.shell:Creating package script '/home/team100/roboracer_116_lehigh/team_ws/install/e116/share/e116/package.sh'
[3.376s] INFO:colcon.colcon_core.shell:Creating package script '/home/team100/roboracer_116_lehigh/team_ws/install/e116/share/e116/package.bash'
[3.377s] INFO:colcon.colcon_core.shell:Creating package script '/home/team100/roboracer_116_lehigh/team_ws/install/e116/share/e116/package.zsh'
[3.378s] Level 1:colcon.colcon_core.environment:create_file_with_runtime_dependencies(/home/team100/roboracer_116_lehigh/team_ws/install/e116/share/colcon-core/packages/e116)
[3.379s] DEBUG:colcon.colcon_parallel_executor.executor.parallel:closing loop
[3.380s] DEBUG:colcon.colcon_parallel_executor.executor.parallel:loop closed
[3.380s] DEBUG:colcon.colcon_parallel_executor.executor.parallel:run_until_complete finished with '0'
[3.381s] DEBUG:colcon.colcon_core.event_reactor:joining thread
[3.398s] INFO:colcon.colcon_core.plugin_system:Skipping extension 'colcon_notification.desktop_notification.terminal_notifier': Not used on non-Darwin systems
[3.398s] INFO:colcon.colcon_core.plugin_system:Skipping extension 'colcon_notification.desktop_notification.win32': Not used on non-Windows systems
[3.398s] INFO:colcon.colcon_notification.desktop_notification:Sending desktop notification using 'notify2'
[3.440s] DEBUG:colcon.colcon_core.event_reactor:joined thread
[3.441s] INFO:colcon.colcon_core.shell:Creating prefix script '/home/team100/roboracer_116_lehigh/team_ws/install/local_setup.ps1'
[3.444s] INFO:colcon.colcon_core.shell:Creating prefix util module '/home/team100/roboracer_116_lehigh/team_ws/install/_local_setup_util_ps1.py'
[3.449s] INFO:colcon.colcon_core.shell:Creating prefix chain script '/home/team100/roboracer_116_lehigh/team_ws/install/setup.ps1'
[3.452s] INFO:colcon.colcon_core.shell:Creating prefix script '/home/team100/roboracer_116_lehigh/team_ws/install/local_setup.sh'
[3.454s] INFO:colcon.colcon_core.shell:Creating prefix util module '/home/team100/roboracer_116_lehigh/team_ws/install/_local_setup_util_sh.py'
[3.456s] INFO:colcon.colcon_core.shell:Creating prefix chain script '/home/team100/roboracer_116_lehigh/team_ws/install/setup.sh'
[3.459s] INFO:colcon.colcon_core.shell:Creating prefix script '/home/team100/roboracer_116_lehigh/team_ws/install/local_setup.bash'
[3.461s] INFO:colcon.colcon_core.shell:Creating prefix chain script '/home/team100/roboracer_116_lehigh/team_ws/install/setup.bash'
[3.464s] INFO:colcon.colcon_core.shell:Creating prefix script '/home/team100/roboracer_116_lehigh/team_ws/install/local_setup.zsh'
[3.466s] INFO:colcon.colcon_core.shell:Creating prefix chain script '/home/team100/roboracer_116_lehigh/team_ws/install/setup.zsh'
