[0.038s] Invoking command in '/home/team100/roboracer_116_lehigh/team_ws/src/build/apriltag_msgs': CMAKE_PREFIX_PATH=${CMAKE_PREFIX_PATH}:/home/team100/roboracer_116_lehigh/team_ws/install/e116:/opt/ros/humble /usr/bin/cmake --build /home/team100/roboracer_116_lehigh/team_ws/src/build/apriltag_msgs -- -j6 -l6
[0.051s] [0mCMake Error: The current CMakeCache.txt directory /home/team100/roboracer_116_lehigh/team_ws/src/build/apriltag_msgs/CMakeCache.txt is different than the directory /home/team100/team_ws/src/build/apriltag_msgs where CMakeCache.txt was created. This may result in binaries being created in the wrong place. If you are not sure, reedit the CMakeCache.txt[0m
[0.092s] -- Found ament_cmake: 1.3.13 (/opt/ros/humble/share/ament_cmake/cmake)
[0.398s] -- Found rosidl_default_generators: 1.2.0 (/opt/ros/humble/share/rosidl_default_generators/cmake)
[0.405s] -- Using all available rosidl_typesupport_c: rosidl_typesupport_fastrtps_c;rosidl_typesupport_introspection_c
[0.418s] -- Found rosidl_adapter: 3.1.8 (/opt/ros/humble/share/rosidl_adapter/cmake)
[0.495s] -- Using all available rosidl_typesupport_cpp: rosidl_typesupport_fastrtps_cpp;rosidl_typesupport_introspection_cpp
[0.549s] -- Found std_msgs: 4.9.1 (/opt/ros/humble/share/std_msgs/cmake)
[1.300s] -- Found ament_cmake_ros: 0.10.0 (/opt/ros/humble/share/ament_cmake_ros/cmake)
[1.831s] -- Using all available rosidl_typesupport_c: rosidl_typesupport_fastrtps_c;rosidl_typesupport_introspection_c
[2.560s] -- Using all available rosidl_typesupport_cpp: rosidl_typesupport_fastrtps_cpp;rosidl_typesupport_introspection_cpp
[2.611s] -- Found python_cmake_module: 0.10.0 (/opt/ros/humble/share/python_cmake_module/cmake)
[2.663s] -- Using PYTHON_EXECUTABLE: /usr/bin/python3
[2.664s] -- Using PYTHON_INCLUDE_DIRS: /usr/include/python3.10
[2.664s] -- Using PYTHON_LIBRARIES: /usr/lib/aarch64-linux-gnu/libpython3.10.so
[2.753s] -- Found ament_lint_auto: 0.12.15 (/opt/ros/humble/share/ament_lint_auto/cmake)
[2.792s] -- Added test 'lint_cmake' to check CMake code style
[2.801s] -- Added test 'xmllint' to check XML markup files
[2.809s] -- Configuring done
[2.961s] -- Generating done
[2.992s] -- Build files have been written to: /home/team100/team_ws/src/build/apriltag_msgs
[3.057s] [35m[1mConsolidate compiler generated dependencies of target apriltag_msgs__rosidl_generator_c[0m
[3.080s] [  2%] Built target apriltag_msgs__cpp
[3.080s] [  8%] [32mBuilding C object CMakeFiles/apriltag_msgs__rosidl_generator_c.dir/rosidl_generator_c/apriltag_msgs/msg/detail/april_tag_detection_array__functions.c.o[0m
[3.080s] [  8%] [32mBuilding C object CMakeFiles/apriltag_msgs__rosidl_generator_c.dir/rosidl_generator_c/apriltag_msgs/msg/detail/april_tag_detection__functions.c.o[0m
[3.081s] [  8%] [32mBuilding C object CMakeFiles/apriltag_msgs__rosidl_generator_c.dir/rosidl_generator_c/apriltag_msgs/msg/detail/point__functions.c.o[0m
[3.111s] [  8%] Built target ament_cmake_python_copy_apriltag_msgs
[3.116s] [35m[1mConsolidate compiler generated dependencies of target apriltag_msgs__rosidl_typesupport_fastrtps_cpp[0m
[3.116s] [35m[1mConsolidate compiler generated dependencies of target apriltag_msgs__rosidl_typesupport_cpp[0m
[3.145s] [ 12%] [32mBuilding CXX object CMakeFiles/apriltag_msgs__rosidl_typesupport_fastrtps_cpp.dir/rosidl_typesupport_fastrtps_cpp/apriltag_msgs/msg/detail/dds_fastrtps/point__type_support.cpp.o[0m
[3.145s] [ 12%] [32mBuilding CXX object CMakeFiles/apriltag_msgs__rosidl_typesupport_cpp.dir/rosidl_typesupport_cpp/apriltag_msgs/msg/point__type_support.cpp.o[0m
[3.147s] [35m[1mConsolidate compiler generated dependencies of target apriltag_msgs__rosidl_typesupport_introspection_cpp[0m
[3.181s] [ 14%] [32mBuilding CXX object CMakeFiles/apriltag_msgs__rosidl_typesupport_introspection_cpp.dir/rosidl_typesupport_introspection_cpp/apriltag_msgs/msg/detail/point__type_support.cpp.o[0m
[3.190s] [ 17%] [32mBuilding CXX object CMakeFiles/apriltag_msgs__rosidl_typesupport_fastrtps_cpp.dir/rosidl_typesupport_fastrtps_cpp/apriltag_msgs/msg/detail/dds_fastrtps/april_tag_detection__type_support.cpp.o[0m
[3.203s] [ 19%] [32mBuilding CXX object CMakeFiles/apriltag_msgs__rosidl_typesupport_cpp.dir/rosidl_typesupport_cpp/apriltag_msgs/msg/april_tag_detection__type_support.cpp.o[0m
[3.211s] [ 21%] [32m[1mLinking C shared library libapriltag_msgs__rosidl_generator_c.so[0m
[3.303s] [ 23%] Built target apriltag_msgs__rosidl_generator_c
[3.814s] [ 25%] [32mBuilding CXX object CMakeFiles/apriltag_msgs__rosidl_typesupport_cpp.dir/rosidl_typesupport_cpp/apriltag_msgs/msg/april_tag_detection_array__type_support.cpp.o[0m
[3.836s] [ 27%] [32mBuilding CXX object CMakeFiles/apriltag_msgs__rosidl_typesupport_fastrtps_cpp.dir/rosidl_typesupport_fastrtps_cpp/apriltag_msgs/msg/detail/dds_fastrtps/april_tag_detection_array__type_support.cpp.o[0m
[3.947s] running egg_info
[3.950s] writing apriltag_msgs.egg-info/PKG-INFO
[3.952s] writing dependency_links to apriltag_msgs.egg-info/dependency_links.txt
[3.953s] writing top-level names to apriltag_msgs.egg-info/top_level.txt
[3.961s] reading manifest file 'apriltag_msgs.egg-info/SOURCES.txt'
[3.963s] writing manifest file 'apriltag_msgs.egg-info/SOURCES.txt'
[4.059s] [ 27%] Built target ament_cmake_python_build_apriltag_msgs_egg
[4.076s] [ 29%] [32mBuilding CXX object CMakeFiles/apriltag_msgs__rosidl_typesupport_introspection_cpp.dir/rosidl_typesupport_introspection_cpp/apriltag_msgs/msg/detail/april_tag_detection__type_support.cpp.o[0m
[4.078s] [ 31%] [32mBuilding CXX object CMakeFiles/apriltag_msgs__rosidl_typesupport_introspection_cpp.dir/rosidl_typesupport_introspection_cpp/apriltag_msgs/msg/detail/april_tag_detection_array__type_support.cpp.o[0m
[4.136s] [35m[1mConsolidate compiler generated dependencies of target apriltag_msgs__rosidl_typesupport_fastrtps_c[0m
[4.168s] [ 34%] [32mBuilding CXX object CMakeFiles/apriltag_msgs__rosidl_typesupport_fastrtps_c.dir/rosidl_typesupport_fastrtps_c/apriltag_msgs/msg/detail/point__type_support_c.cpp.o[0m
[4.225s] [ 36%] [32mBuilding CXX object CMakeFiles/apriltag_msgs__rosidl_typesupport_fastrtps_c.dir/rosidl_typesupport_fastrtps_c/apriltag_msgs/msg/detail/april_tag_detection__type_support_c.cpp.o[0m
[4.490s] [ 38%] [32m[1mLinking CXX shared library libapriltag_msgs__rosidl_typesupport_cpp.so[0m
[4.581s] [ 40%] Built target apriltag_msgs__rosidl_typesupport_cpp
[4.617s] [35m[1mConsolidate compiler generated dependencies of target apriltag_msgs__rosidl_typesupport_introspection_c[0m
[4.645s] [ 42%] [32mBuilding C object CMakeFiles/apriltag_msgs__rosidl_typesupport_introspection_c.dir/rosidl_typesupport_introspection_c/apriltag_msgs/msg/detail/point__type_support.c.o[0m
[4.730s] [ 44%] [32mBuilding C object CMakeFiles/apriltag_msgs__rosidl_typesupport_introspection_c.dir/rosidl_typesupport_introspection_c/apriltag_msgs/msg/detail/april_tag_detection__type_support.c.o[0m
[4.831s] [ 46%] [32mBuilding C object CMakeFiles/apriltag_msgs__rosidl_typesupport_introspection_c.dir/rosidl_typesupport_introspection_c/apriltag_msgs/msg/detail/april_tag_detection_array__type_support.c.o[0m
[4.926s] [ 51%] [32m[1mLinking CXX shared library libapriltag_msgs__rosidl_typesupport_fastrtps_cpp.so[0m
[4.927s] [ 51%] [32m[1mLinking C shared library libapriltag_msgs__rosidl_typesupport_introspection_c.so[0m
[4.992s] [ 53%] [32mBuilding CXX object CMakeFiles/apriltag_msgs__rosidl_typesupport_fastrtps_c.dir/rosidl_typesupport_fastrtps_c/apriltag_msgs/msg/detail/april_tag_detection_array__type_support_c.cpp.o[0m
[4.995s] [ 55%] Built target apriltag_msgs__rosidl_typesupport_introspection_c
[5.024s] [35m[1mConsolidate compiler generated dependencies of target apriltag_msgs__rosidl_typesupport_c[0m
[5.049s] [ 59%] [32mBuilding CXX object CMakeFiles/apriltag_msgs__rosidl_typesupport_c.dir/rosidl_typesupport_c/apriltag_msgs/msg/point__type_support.cpp.o[0m
[5.050s] [ 59%] [32mBuilding CXX object CMakeFiles/apriltag_msgs__rosidl_typesupport_c.dir/rosidl_typesupport_c/apriltag_msgs/msg/april_tag_detection__type_support.cpp.o[0m
[5.098s] [ 61%] Built target apriltag_msgs__rosidl_typesupport_fastrtps_cpp
[5.109s] [ 63%] [32mBuilding CXX object CMakeFiles/apriltag_msgs__rosidl_typesupport_c.dir/rosidl_typesupport_c/apriltag_msgs/msg/april_tag_detection_array__type_support.cpp.o[0m
[5.167s] [ 65%] [32m[1mLinking CXX shared library libapriltag_msgs__rosidl_typesupport_introspection_cpp.so[0m
[5.177s] [ 68%] [32m[1mLinking CXX shared library libapriltag_msgs__rosidl_typesupport_c.so[0m
[5.263s] [ 70%] Built target apriltag_msgs__rosidl_typesupport_c
[5.321s] [ 72%] Built target apriltag_msgs__rosidl_typesupport_introspection_cpp
[5.755s] [ 74%] [32m[1mLinking CXX shared library libapriltag_msgs__rosidl_typesupport_fastrtps_c.so[0m
[5.902s] [ 76%] Built target apriltag_msgs__rosidl_typesupport_fastrtps_c
[5.945s] [ 76%] Built target apriltag_msgs
[6.023s] [ 78%] Built target apriltag_msgs__py
[6.055s] [35m[1mConsolidate compiler generated dependencies of target apriltag_msgs__rosidl_generator_py[0m
[6.084s] [ 82%] [32mBuilding C object CMakeFiles/apriltag_msgs__rosidl_generator_py.dir/rosidl_generator_py/apriltag_msgs/msg/_april_tag_detection_array_s.c.o[0m
[6.084s] [ 82%] [32mBuilding C object CMakeFiles/apriltag_msgs__rosidl_generator_py.dir/rosidl_generator_py/apriltag_msgs/msg/_april_tag_detection_s.c.o[0m
[6.084s] [ 85%] [32mBuilding C object CMakeFiles/apriltag_msgs__rosidl_generator_py.dir/rosidl_generator_py/apriltag_msgs/msg/_point_s.c.o[0m
[6.334s] [ 87%] [32m[1mLinking C shared library rosidl_generator_py/apriltag_msgs/libapriltag_msgs__rosidl_generator_py.so[0m
[6.417s] [ 87%] Built target apriltag_msgs__rosidl_generator_py
[6.463s] [35m[1mConsolidate compiler generated dependencies of target apriltag_msgs__rosidl_typesupport_c__pyext[0m
[6.464s] [35m[1mConsolidate compiler generated dependencies of target apriltag_msgs__rosidl_typesupport_introspection_c__pyext[0m
[6.464s] [35m[1mConsolidate compiler generated dependencies of target apriltag_msgs__rosidl_typesupport_fastrtps_c__pyext[0m
[6.491s] [ 93%] [32mBuilding C object CMakeFiles/apriltag_msgs__rosidl_typesupport_c__pyext.dir/rosidl_generator_py/apriltag_msgs/_apriltag_msgs_s.ep.rosidl_typesupport_c.c.o[0m
[6.491s] [ 93%] [32mBuilding C object CMakeFiles/apriltag_msgs__rosidl_typesupport_introspection_c__pyext.dir/rosidl_generator_py/apriltag_msgs/_apriltag_msgs_s.ep.rosidl_typesupport_introspection_c.c.o[0m
[6.491s] [ 93%] [32mBuilding C object CMakeFiles/apriltag_msgs__rosidl_typesupport_fastrtps_c__pyext.dir/rosidl_generator_py/apriltag_msgs/_apriltag_msgs_s.ep.rosidl_typesupport_fastrtps_c.c.o[0m
[6.721s] [ 97%] [32m[1mLinking C shared library rosidl_generator_py/apriltag_msgs/apriltag_msgs_s__rosidl_typesupport_c.cpython-310-aarch64-linux-gnu.so[0m
[6.721s] [ 97%] [32m[1mLinking C shared library rosidl_generator_py/apriltag_msgs/apriltag_msgs_s__rosidl_typesupport_introspection_c.cpython-310-aarch64-linux-gnu.so[0m
[6.726s] [100%] [32m[1mLinking C shared library rosidl_generator_py/apriltag_msgs/apriltag_msgs_s__rosidl_typesupport_fastrtps_c.cpython-310-aarch64-linux-gnu.so[0m
[6.803s] [100%] Built target apriltag_msgs__rosidl_typesupport_introspection_c__pyext
[6.803s] [100%] Built target apriltag_msgs__rosidl_typesupport_c__pyext
[6.814s] [100%] Built target apriltag_msgs__rosidl_typesupport_fastrtps_c__pyext
[6.841s] Invoked command in '/home/team100/roboracer_116_lehigh/team_ws/src/build/apriltag_msgs' returned '0': CMAKE_PREFIX_PATH=${CMAKE_PREFIX_PATH}:/home/team100/roboracer_116_lehigh/team_ws/install/e116:/opt/ros/humble /usr/bin/cmake --build /home/team100/roboracer_116_lehigh/team_ws/src/build/apriltag_msgs -- -j6 -l6
[6.847s] Invoking command in '/home/team100/roboracer_116_lehigh/team_ws/src/build/apriltag_msgs': CMAKE_PREFIX_PATH=${CMAKE_PREFIX_PATH}:/home/team100/roboracer_116_lehigh/team_ws/install/e116:/opt/ros/humble /usr/bin/cmake --install /home/team100/roboracer_116_lehigh/team_ws/src/build/apriltag_msgs
[6.866s] -- Install configuration: ""
[6.866s] -- Up-to-date: /home/team100/team_ws/src/install/apriltag_msgs/share/ament_index/resource_index/rosidl_interfaces/apriltag_msgs
[6.867s] -- Up-to-date: /home/team100/team_ws/src/install/apriltag_msgs/include/apriltag_msgs/apriltag_msgs
[6.867s] -- Up-to-date: /home/team100/team_ws/src/install/apriltag_msgs/include/apriltag_msgs/apriltag_msgs/msg
[6.868s] -- Up-to-date: /home/team100/team_ws/src/install/apriltag_msgs/include/apriltag_msgs/apriltag_msgs/msg/detail
[6.868s] -- Up-to-date: /home/team100/team_ws/src/install/apriltag_msgs/include/apriltag_msgs/apriltag_msgs/msg/detail/april_tag_detection__functions.h
[6.868s] -- Up-to-date: /home/team100/team_ws/src/install/apriltag_msgs/include/apriltag_msgs/apriltag_msgs/msg/detail/april_tag_detection_array__struct.h
[6.869s] -- Up-to-date: /home/team100/team_ws/src/install/apriltag_msgs/include/apriltag_msgs/apriltag_msgs/msg/detail/april_tag_detection_array__type_support.h
[6.869s] -- Up-to-date: /home/team100/team_ws/src/install/apriltag_msgs/include/apriltag_msgs/apriltag_msgs/msg/detail/april_tag_detection__type_support.h
[6.869s] -- Up-to-date: /home/team100/team_ws/src/install/apriltag_msgs/include/apriltag_msgs/apriltag_msgs/msg/detail/april_tag_detection_array__functions.c
[6.870s] -- Up-to-date: /home/team100/team_ws/src/install/apriltag_msgs/include/apriltag_msgs/apriltag_msgs/msg/detail/point__type_support.h
[6.870s] -- Up-to-date: /home/team100/team_ws/src/install/apriltag_msgs/include/apriltag_msgs/apriltag_msgs/msg/detail/point__functions.h
[6.870s] -- Up-to-date: /home/team100/team_ws/src/install/apriltag_msgs/include/apriltag_msgs/apriltag_msgs/msg/detail/april_tag_detection__struct.h
[6.870s] -- Up-to-date: /home/team100/team_ws/src/install/apriltag_msgs/include/apriltag_msgs/apriltag_msgs/msg/detail/point__functions.c
[6.871s] -- Up-to-date: /home/team100/team_ws/src/install/apriltag_msgs/include/apriltag_msgs/apriltag_msgs/msg/detail/april_tag_detection_array__functions.h
[6.871s] -- Up-to-date: /home/team100/team_ws/src/install/apriltag_msgs/include/apriltag_msgs/apriltag_msgs/msg/detail/point__struct.h
[6.871s] -- Up-to-date: /home/team100/team_ws/src/install/apriltag_msgs/include/apriltag_msgs/apriltag_msgs/msg/detail/april_tag_detection__functions.c
[6.871s] -- Up-to-date: /home/team100/team_ws/src/install/apriltag_msgs/include/apriltag_msgs/apriltag_msgs/msg/point.h
[6.872s] -- Up-to-date: /home/team100/team_ws/src/install/apriltag_msgs/include/apriltag_msgs/apriltag_msgs/msg/april_tag_detection_array.h
[6.872s] -- Up-to-date: /home/team100/team_ws/src/install/apriltag_msgs/include/apriltag_msgs/apriltag_msgs/msg/april_tag_detection.h
[6.872s] -- Up-to-date: /home/team100/team_ws/src/install/apriltag_msgs/include/apriltag_msgs/apriltag_msgs/msg/rosidl_generator_c__visibility_control.h
[6.873s] -- Up-to-date: /home/team100/team_ws/src/install/apriltag_msgs/share/apriltag_msgs/environment/library_path.sh
[6.873s] -- Installing: /home/team100/team_ws/src/install/apriltag_msgs/share/apriltag_msgs/environment/library_path.dsv
[6.873s] -- Up-to-date: /home/team100/team_ws/src/install/apriltag_msgs/lib/libapriltag_msgs__rosidl_generator_c.so
[6.873s] -- Up-to-date: /home/team100/team_ws/src/install/apriltag_msgs/include/apriltag_msgs/apriltag_msgs
[6.874s] -- Up-to-date: /home/team100/team_ws/src/install/apriltag_msgs/include/apriltag_msgs/apriltag_msgs/msg
[6.874s] -- Up-to-date: /home/team100/team_ws/src/install/apriltag_msgs/include/apriltag_msgs/apriltag_msgs/msg/detail
[6.874s] -- Up-to-date: /home/team100/team_ws/src/install/apriltag_msgs/include/apriltag_msgs/apriltag_msgs/msg/detail/april_tag_detection_array__rosidl_typesupport_fastrtps_c.h
[6.875s] -- Up-to-date: /home/team100/team_ws/src/install/apriltag_msgs/include/apriltag_msgs/apriltag_msgs/msg/detail/april_tag_detection__rosidl_typesupport_fastrtps_c.h
[6.875s] -- Up-to-date: /home/team100/team_ws/src/install/apriltag_msgs/include/apriltag_msgs/apriltag_msgs/msg/detail/point__rosidl_typesupport_fastrtps_c.h
[6.875s] -- Up-to-date: /home/team100/team_ws/src/install/apriltag_msgs/include/apriltag_msgs/apriltag_msgs/msg/rosidl_typesupport_fastrtps_c__visibility_control.h
[6.875s] -- Up-to-date: /home/team100/team_ws/src/install/apriltag_msgs/lib/libapriltag_msgs__rosidl_typesupport_fastrtps_c.so
[6.876s] -- Up-to-date: /home/team100/team_ws/src/install/apriltag_msgs/include/apriltag_msgs/apriltag_msgs
[6.876s] -- Up-to-date: /home/team100/team_ws/src/install/apriltag_msgs/include/apriltag_msgs/apriltag_msgs/msg
[6.876s] -- Up-to-date: /home/team100/team_ws/src/install/apriltag_msgs/include/apriltag_msgs/apriltag_msgs/msg/detail
[6.876s] -- Up-to-date: /home/team100/team_ws/src/install/apriltag_msgs/include/apriltag_msgs/apriltag_msgs/msg/detail/point__type_support.c
[6.876s] -- Up-to-date: /home/team100/team_ws/src/install/apriltag_msgs/include/apriltag_msgs/apriltag_msgs/msg/detail/april_tag_detection_array__rosidl_typesupport_introspection_c.h
[6.877s] -- Up-to-date: /home/team100/team_ws/src/install/apriltag_msgs/include/apriltag_msgs/apriltag_msgs/msg/detail/april_tag_detection__rosidl_typesupport_introspection_c.h
[6.877s] -- Up-to-date: /home/team100/team_ws/src/install/apriltag_msgs/include/apriltag_msgs/apriltag_msgs/msg/detail/april_tag_detection__type_support.c
[6.878s] -- Up-to-date: /home/team100/team_ws/src/install/apriltag_msgs/include/apriltag_msgs/apriltag_msgs/msg/detail/point__rosidl_typesupport_introspection_c.h
[6.878s] -- Up-to-date: /home/team100/team_ws/src/install/apriltag_msgs/include/apriltag_msgs/apriltag_msgs/msg/detail/april_tag_detection_array__type_support.c
[6.878s] -- Up-to-date: /home/team100/team_ws/src/install/apriltag_msgs/include/apriltag_msgs/apriltag_msgs/msg/rosidl_typesupport_introspection_c__visibility_control.h
[6.879s] -- Up-to-date: /home/team100/team_ws/src/install/apriltag_msgs/lib/libapriltag_msgs__rosidl_typesupport_introspection_c.so
[6.879s] -- Up-to-date: /home/team100/team_ws/src/install/apriltag_msgs/lib/libapriltag_msgs__rosidl_typesupport_c.so
[6.879s] -- Up-to-date: /home/team100/team_ws/src/install/apriltag_msgs/include/apriltag_msgs/apriltag_msgs
[6.879s] -- Up-to-date: /home/team100/team_ws/src/install/apriltag_msgs/include/apriltag_msgs/apriltag_msgs/msg
[6.880s] -- Up-to-date: /home/team100/team_ws/src/install/apriltag_msgs/include/apriltag_msgs/apriltag_msgs/msg/april_tag_detection.hpp
[6.880s] -- Up-to-date: /home/team100/team_ws/src/install/apriltag_msgs/include/apriltag_msgs/apriltag_msgs/msg/detail
[6.880s] -- Up-to-date: /home/team100/team_ws/src/install/apriltag_msgs/include/apriltag_msgs/apriltag_msgs/msg/detail/april_tag_detection__struct.hpp
[6.880s] -- Up-to-date: /home/team100/team_ws/src/install/apriltag_msgs/include/apriltag_msgs/apriltag_msgs/msg/detail/point__builder.hpp
[6.881s] -- Up-to-date: /home/team100/team_ws/src/install/apriltag_msgs/include/apriltag_msgs/apriltag_msgs/msg/detail/april_tag_detection__traits.hpp
[6.881s] -- Up-to-date: /home/team100/team_ws/src/install/apriltag_msgs/include/apriltag_msgs/apriltag_msgs/msg/detail/point__type_support.hpp
[6.881s] -- Up-to-date: /home/team100/team_ws/src/install/apriltag_msgs/include/apriltag_msgs/apriltag_msgs/msg/detail/point__struct.hpp
[6.882s] -- Up-to-date: /home/team100/team_ws/src/install/apriltag_msgs/include/apriltag_msgs/apriltag_msgs/msg/detail/april_tag_detection__type_support.hpp
[6.882s] -- Up-to-date: /home/team100/team_ws/src/install/apriltag_msgs/include/apriltag_msgs/apriltag_msgs/msg/detail/april_tag_detection_array__builder.hpp
[6.882s] -- Up-to-date: /home/team100/team_ws/src/install/apriltag_msgs/include/apriltag_msgs/apriltag_msgs/msg/detail/april_tag_detection__builder.hpp
[6.882s] -- Up-to-date: /home/team100/team_ws/src/install/apriltag_msgs/include/apriltag_msgs/apriltag_msgs/msg/detail/april_tag_detection_array__traits.hpp
[6.883s] -- Up-to-date: /home/team100/team_ws/src/install/apriltag_msgs/include/apriltag_msgs/apriltag_msgs/msg/detail/point__traits.hpp
[6.883s] -- Up-to-date: /home/team100/team_ws/src/install/apriltag_msgs/include/apriltag_msgs/apriltag_msgs/msg/detail/april_tag_detection_array__type_support.hpp
[6.883s] -- Up-to-date: /home/team100/team_ws/src/install/apriltag_msgs/include/apriltag_msgs/apriltag_msgs/msg/detail/april_tag_detection_array__struct.hpp
[6.883s] -- Up-to-date: /home/team100/team_ws/src/install/apriltag_msgs/include/apriltag_msgs/apriltag_msgs/msg/point.hpp
[6.884s] -- Up-to-date: /home/team100/team_ws/src/install/apriltag_msgs/include/apriltag_msgs/apriltag_msgs/msg/rosidl_generator_cpp__visibility_control.hpp
[6.884s] -- Up-to-date: /home/team100/team_ws/src/install/apriltag_msgs/include/apriltag_msgs/apriltag_msgs/msg/april_tag_detection_array.hpp
[6.884s] -- Up-to-date: /home/team100/team_ws/src/install/apriltag_msgs/include/apriltag_msgs/apriltag_msgs
[6.884s] -- Up-to-date: /home/team100/team_ws/src/install/apriltag_msgs/include/apriltag_msgs/apriltag_msgs/msg
[6.885s] -- Up-to-date: /home/team100/team_ws/src/install/apriltag_msgs/include/apriltag_msgs/apriltag_msgs/msg/detail
[6.885s] -- Up-to-date: /home/team100/team_ws/src/install/apriltag_msgs/include/apriltag_msgs/apriltag_msgs/msg/detail/point__rosidl_typesupport_fastrtps_cpp.hpp
[6.885s] -- Up-to-date: /home/team100/team_ws/src/install/apriltag_msgs/include/apriltag_msgs/apriltag_msgs/msg/detail/april_tag_detection_array__rosidl_typesupport_fastrtps_cpp.hpp
[6.885s] -- Up-to-date: /home/team100/team_ws/src/install/apriltag_msgs/include/apriltag_msgs/apriltag_msgs/msg/detail/dds_fastrtps
[6.886s] -- Up-to-date: /home/team100/team_ws/src/install/apriltag_msgs/include/apriltag_msgs/apriltag_msgs/msg/detail/april_tag_detection__rosidl_typesupport_fastrtps_cpp.hpp
[6.886s] -- Up-to-date: /home/team100/team_ws/src/install/apriltag_msgs/include/apriltag_msgs/apriltag_msgs/msg/rosidl_typesupport_fastrtps_cpp__visibility_control.h
[6.886s] -- Up-to-date: /home/team100/team_ws/src/install/apriltag_msgs/lib/libapriltag_msgs__rosidl_typesupport_fastrtps_cpp.so
[6.886s] -- Up-to-date: /home/team100/team_ws/src/install/apriltag_msgs/include/apriltag_msgs/apriltag_msgs
[6.887s] -- Up-to-date: /home/team100/team_ws/src/install/apriltag_msgs/include/apriltag_msgs/apriltag_msgs/msg
[6.887s] -- Up-to-date: /home/team100/team_ws/src/install/apriltag_msgs/include/apriltag_msgs/apriltag_msgs/msg/detail
[6.887s] -- Up-to-date: /home/team100/team_ws/src/install/apriltag_msgs/include/apriltag_msgs/apriltag_msgs/msg/detail/april_tag_detection__type_support.cpp
[6.887s] -- Up-to-date: /home/team100/team_ws/src/install/apriltag_msgs/include/apriltag_msgs/apriltag_msgs/msg/detail/april_tag_detection__rosidl_typesupport_introspection_cpp.hpp
[6.888s] -- Up-to-date: /home/team100/team_ws/src/install/apriltag_msgs/include/apriltag_msgs/apriltag_msgs/msg/detail/april_tag_detection_array__type_support.cpp
[6.888s] -- Up-to-date: /home/team100/team_ws/src/install/apriltag_msgs/include/apriltag_msgs/apriltag_msgs/msg/detail/point__rosidl_typesupport_introspection_cpp.hpp
[6.888s] -- Up-to-date: /home/team100/team_ws/src/install/apriltag_msgs/include/apriltag_msgs/apriltag_msgs/msg/detail/april_tag_detection_array__rosidl_typesupport_introspection_cpp.hpp
[6.889s] -- Up-to-date: /home/team100/team_ws/src/install/apriltag_msgs/include/apriltag_msgs/apriltag_msgs/msg/detail/point__type_support.cpp
[6.889s] -- Up-to-date: /home/team100/team_ws/src/install/apriltag_msgs/lib/libapriltag_msgs__rosidl_typesupport_introspection_cpp.so
[6.889s] -- Up-to-date: /home/team100/team_ws/src/install/apriltag_msgs/lib/libapriltag_msgs__rosidl_typesupport_cpp.so
[6.889s] -- Up-to-date: /home/team100/team_ws/src/install/apriltag_msgs/share/apriltag_msgs/environment/pythonpath.sh
[6.890s] -- Installing: /home/team100/team_ws/src/install/apriltag_msgs/share/apriltag_msgs/environment/pythonpath.dsv
[6.890s] -- Up-to-date: /home/team100/team_ws/src/install/apriltag_msgs/local/lib/python3.10/dist-packages/apriltag_msgs-2.0.1-py3.10.egg-info
[6.891s] -- Installing: /home/team100/team_ws/src/install/apriltag_msgs/local/lib/python3.10/dist-packages/apriltag_msgs-2.0.1-py3.10.egg-info/top_level.txt
[6.891s] -- Installing: /home/team100/team_ws/src/install/apriltag_msgs/local/lib/python3.10/dist-packages/apriltag_msgs-2.0.1-py3.10.egg-info/dependency_links.txt
[6.891s] -- Installing: /home/team100/team_ws/src/install/apriltag_msgs/local/lib/python3.10/dist-packages/apriltag_msgs-2.0.1-py3.10.egg-info/SOURCES.txt
[6.891s] -- Installing: /home/team100/team_ws/src/install/apriltag_msgs/local/lib/python3.10/dist-packages/apriltag_msgs-2.0.1-py3.10.egg-info/PKG-INFO
[6.891s] -- Up-to-date: /home/team100/team_ws/src/install/apriltag_msgs/local/lib/python3.10/dist-packages/apriltag_msgs
[6.892s] -- Up-to-date: /home/team100/team_ws/src/install/apriltag_msgs/local/lib/python3.10/dist-packages/apriltag_msgs/apriltag_msgs_s__rosidl_typesupport_c.cpython-310-aarch64-linux-gnu.so
[6.892s] -- Up-to-date: /home/team100/team_ws/src/install/apriltag_msgs/local/lib/python3.10/dist-packages/apriltag_msgs/libapriltag_msgs__rosidl_generator_py.so
[6.892s] -- Up-to-date: /home/team100/team_ws/src/install/apriltag_msgs/local/lib/python3.10/dist-packages/apriltag_msgs/_apriltag_msgs_s.ep.rosidl_typesupport_fastrtps_c.c
[6.892s] -- Installing: /home/team100/team_ws/src/install/apriltag_msgs/local/lib/python3.10/dist-packages/apriltag_msgs/__init__.py
[6.893s] -- Up-to-date: /home/team100/team_ws/src/install/apriltag_msgs/local/lib/python3.10/dist-packages/apriltag_msgs/_apriltag_msgs_s.ep.rosidl_typesupport_introspection_c.c
[6.893s] -- Up-to-date: /home/team100/team_ws/src/install/apriltag_msgs/local/lib/python3.10/dist-packages/apriltag_msgs/_apriltag_msgs_s.ep.rosidl_typesupport_c.c
[6.893s] -- Up-to-date: /home/team100/team_ws/src/install/apriltag_msgs/local/lib/python3.10/dist-packages/apriltag_msgs/msg
[6.893s] -- Up-to-date: /home/team100/team_ws/src/install/apriltag_msgs/local/lib/python3.10/dist-packages/apriltag_msgs/msg/_point.py
[6.893s] -- Up-to-date: /home/team100/team_ws/src/install/apriltag_msgs/local/lib/python3.10/dist-packages/apriltag_msgs/msg/_april_tag_detection_s.c
[6.894s] -- Up-to-date: /home/team100/team_ws/src/install/apriltag_msgs/local/lib/python3.10/dist-packages/apriltag_msgs/msg/__init__.py
[6.894s] -- Up-to-date: /home/team100/team_ws/src/install/apriltag_msgs/local/lib/python3.10/dist-packages/apriltag_msgs/msg/_point_s.c
[6.894s] -- Up-to-date: /home/team100/team_ws/src/install/apriltag_msgs/local/lib/python3.10/dist-packages/apriltag_msgs/msg/_april_tag_detection.py
[6.894s] -- Up-to-date: /home/team100/team_ws/src/install/apriltag_msgs/local/lib/python3.10/dist-packages/apriltag_msgs/msg/_april_tag_detection_array_s.c
[6.895s] -- Up-to-date: /home/team100/team_ws/src/install/apriltag_msgs/local/lib/python3.10/dist-packages/apriltag_msgs/msg/_april_tag_detection_array.py
[6.895s] -- Up-to-date: /home/team100/team_ws/src/install/apriltag_msgs/local/lib/python3.10/dist-packages/apriltag_msgs/apriltag_msgs_s__rosidl_typesupport_introspection_c.cpython-310-aarch64-linux-gnu.so
[6.895s] -- Up-to-date: /home/team100/team_ws/src/install/apriltag_msgs/local/lib/python3.10/dist-packages/apriltag_msgs/apriltag_msgs_s__rosidl_typesupport_fastrtps_c.cpython-310-aarch64-linux-gnu.so
[6.971s] Listing '/home/team100/team_ws/src/install/apriltag_msgs/local/lib/python3.10/dist-packages/apriltag_msgs'...
[6.971s] Compiling '/home/team100/team_ws/src/install/apriltag_msgs/local/lib/python3.10/dist-packages/apriltag_msgs/__init__.py'...
[6.971s] Listing '/home/team100/team_ws/src/install/apriltag_msgs/local/lib/python3.10/dist-packages/apriltag_msgs/msg'...
[6.984s] -- Up-to-date: /home/team100/team_ws/src/install/apriltag_msgs/local/lib/python3.10/dist-packages/apriltag_msgs/apriltag_msgs_s__rosidl_typesupport_fastrtps_c.cpython-310-aarch64-linux-gnu.so
[6.986s] -- Up-to-date: /home/team100/team_ws/src/install/apriltag_msgs/local/lib/python3.10/dist-packages/apriltag_msgs/apriltag_msgs_s__rosidl_typesupport_introspection_c.cpython-310-aarch64-linux-gnu.so
[6.987s] -- Up-to-date: /home/team100/team_ws/src/install/apriltag_msgs/local/lib/python3.10/dist-packages/apriltag_msgs/apriltag_msgs_s__rosidl_typesupport_c.cpython-310-aarch64-linux-gnu.so
[6.989s] -- Up-to-date: /home/team100/team_ws/src/install/apriltag_msgs/lib/libapriltag_msgs__rosidl_generator_py.so
[6.990s] -- Up-to-date: /home/team100/team_ws/src/install/apriltag_msgs/share/apriltag_msgs/msg/Point.idl
[6.991s] -- Up-to-date: /home/team100/team_ws/src/install/apriltag_msgs/share/apriltag_msgs/msg/AprilTagDetection.idl
[6.991s] -- Up-to-date: /home/team100/team_ws/src/install/apriltag_msgs/share/apriltag_msgs/msg/AprilTagDetectionArray.idl
[6.991s] -- Up-to-date: /home/team100/team_ws/src/install/apriltag_msgs/share/apriltag_msgs/msg/Point.msg
[6.991s] -- Up-to-date: /home/team100/team_ws/src/install/apriltag_msgs/share/apriltag_msgs/msg/AprilTagDetection.msg
[6.992s] -- Up-to-date: /home/team100/team_ws/src/install/apriltag_msgs/share/apriltag_msgs/msg/AprilTagDetectionArray.msg
[6.992s] -- Up-to-date: /home/team100/team_ws/src/install/apriltag_msgs/share/ament_index/resource_index/package_run_dependencies/apriltag_msgs
[6.992s] -- Installing: /home/team100/team_ws/src/install/apriltag_msgs/share/ament_index/resource_index/parent_prefix_path/apriltag_msgs
[6.993s] -- Up-to-date: /home/team100/team_ws/src/install/apriltag_msgs/share/apriltag_msgs/environment/ament_prefix_path.sh
[6.993s] -- Installing: /home/team100/team_ws/src/install/apriltag_msgs/share/apriltag_msgs/environment/ament_prefix_path.dsv
[6.994s] -- Up-to-date: /home/team100/team_ws/src/install/apriltag_msgs/share/apriltag_msgs/environment/path.sh
[6.994s] -- Installing: /home/team100/team_ws/src/install/apriltag_msgs/share/apriltag_msgs/environment/path.dsv
[6.994s] -- Up-to-date: /home/team100/team_ws/src/install/apriltag_msgs/share/apriltag_msgs/local_setup.bash
[6.995s] -- Up-to-date: /home/team100/team_ws/src/install/apriltag_msgs/share/apriltag_msgs/local_setup.sh
[6.995s] -- Up-to-date: /home/team100/team_ws/src/install/apriltag_msgs/share/apriltag_msgs/local_setup.zsh
[6.995s] -- Installing: /home/team100/team_ws/src/install/apriltag_msgs/share/apriltag_msgs/local_setup.dsv
[6.996s] -- Installing: /home/team100/team_ws/src/install/apriltag_msgs/share/apriltag_msgs/package.dsv
[6.997s] -- Up-to-date: /home/team100/team_ws/src/install/apriltag_msgs/share/ament_index/resource_index/packages/apriltag_msgs
[6.998s] -- Up-to-date: /home/team100/team_ws/src/install/apriltag_msgs/share/apriltag_msgs/cmake/export_apriltag_msgs__rosidl_generator_cExport.cmake
[6.998s] -- Up-to-date: /home/team100/team_ws/src/install/apriltag_msgs/share/apriltag_msgs/cmake/export_apriltag_msgs__rosidl_generator_cExport-noconfig.cmake
[6.999s] -- Up-to-date: /home/team100/team_ws/src/install/apriltag_msgs/share/apriltag_msgs/cmake/export_apriltag_msgs__rosidl_typesupport_fastrtps_cExport.cmake
[6.999s] -- Up-to-date: /home/team100/team_ws/src/install/apriltag_msgs/share/apriltag_msgs/cmake/export_apriltag_msgs__rosidl_typesupport_fastrtps_cExport-noconfig.cmake
[7.000s] -- Up-to-date: /home/team100/team_ws/src/install/apriltag_msgs/share/apriltag_msgs/cmake/apriltag_msgs__rosidl_typesupport_introspection_cExport.cmake
[7.000s] -- Up-to-date: /home/team100/team_ws/src/install/apriltag_msgs/share/apriltag_msgs/cmake/apriltag_msgs__rosidl_typesupport_introspection_cExport-noconfig.cmake
[7.001s] -- Up-to-date: /home/team100/team_ws/src/install/apriltag_msgs/share/apriltag_msgs/cmake/apriltag_msgs__rosidl_typesupport_cExport.cmake
[7.001s] -- Up-to-date: /home/team100/team_ws/src/install/apriltag_msgs/share/apriltag_msgs/cmake/apriltag_msgs__rosidl_typesupport_cExport-noconfig.cmake
[7.002s] -- Up-to-date: /home/team100/team_ws/src/install/apriltag_msgs/share/apriltag_msgs/cmake/export_apriltag_msgs__rosidl_generator_cppExport.cmake
[7.002s] -- Up-to-date: /home/team100/team_ws/src/install/apriltag_msgs/share/apriltag_msgs/cmake/export_apriltag_msgs__rosidl_typesupport_fastrtps_cppExport.cmake
[7.003s] -- Up-to-date: /home/team100/team_ws/src/install/apriltag_msgs/share/apriltag_msgs/cmake/export_apriltag_msgs__rosidl_typesupport_fastrtps_cppExport-noconfig.cmake
[7.003s] -- Up-to-date: /home/team100/team_ws/src/install/apriltag_msgs/share/apriltag_msgs/cmake/apriltag_msgs__rosidl_typesupport_introspection_cppExport.cmake
[7.004s] -- Up-to-date: /home/team100/team_ws/src/install/apriltag_msgs/share/apriltag_msgs/cmake/apriltag_msgs__rosidl_typesupport_introspection_cppExport-noconfig.cmake
[7.004s] -- Up-to-date: /home/team100/team_ws/src/install/apriltag_msgs/share/apriltag_msgs/cmake/apriltag_msgs__rosidl_typesupport_cppExport.cmake
[7.005s] -- Up-to-date: /home/team100/team_ws/src/install/apriltag_msgs/share/apriltag_msgs/cmake/apriltag_msgs__rosidl_typesupport_cppExport-noconfig.cmake
[7.005s] -- Up-to-date: /home/team100/team_ws/src/install/apriltag_msgs/share/apriltag_msgs/cmake/export_apriltag_msgs__rosidl_generator_pyExport.cmake
[7.005s] -- Up-to-date: /home/team100/team_ws/src/install/apriltag_msgs/share/apriltag_msgs/cmake/export_apriltag_msgs__rosidl_generator_pyExport-noconfig.cmake
[7.006s] -- Up-to-date: /home/team100/team_ws/src/install/apriltag_msgs/share/apriltag_msgs/cmake/rosidl_cmake-extras.cmake
[7.006s] -- Up-to-date: /home/team100/team_ws/src/install/apriltag_msgs/share/apriltag_msgs/cmake/ament_cmake_export_dependencies-extras.cmake
[7.006s] -- Up-to-date: /home/team100/team_ws/src/install/apriltag_msgs/share/apriltag_msgs/cmake/ament_cmake_export_include_directories-extras.cmake
[7.007s] -- Up-to-date: /home/team100/team_ws/src/install/apriltag_msgs/share/apriltag_msgs/cmake/ament_cmake_export_libraries-extras.cmake
[7.007s] -- Up-to-date: /home/team100/team_ws/src/install/apriltag_msgs/share/apriltag_msgs/cmake/ament_cmake_export_targets-extras.cmake
[7.007s] -- Up-to-date: /home/team100/team_ws/src/install/apriltag_msgs/share/apriltag_msgs/cmake/rosidl_cmake_export_typesupport_targets-extras.cmake
[7.008s] -- Up-to-date: /home/team100/team_ws/src/install/apriltag_msgs/share/apriltag_msgs/cmake/rosidl_cmake_export_typesupport_libraries-extras.cmake
[7.008s] -- Up-to-date: /home/team100/team_ws/src/install/apriltag_msgs/share/apriltag_msgs/cmake/apriltag_msgsConfig.cmake
[7.008s] -- Up-to-date: /home/team100/team_ws/src/install/apriltag_msgs/share/apriltag_msgs/cmake/apriltag_msgsConfig-version.cmake
[7.008s] -- Up-to-date: /home/team100/team_ws/src/install/apriltag_msgs/share/apriltag_msgs/package.xml
[7.016s] Invoked command in '/home/team100/roboracer_116_lehigh/team_ws/src/build/apriltag_msgs' returned '0': CMAKE_PREFIX_PATH=${CMAKE_PREFIX_PATH}:/home/team100/roboracer_116_lehigh/team_ws/install/e116:/opt/ros/humble /usr/bin/cmake --install /home/team100/roboracer_116_lehigh/team_ws/src/build/apriltag_msgs
