[2.473s] Invoking command in '/home/team100/roboracer_116_lehigh/team_ws/src/e116': PYTHONPATH=/home/team100/roboracer_116_lehigh/team_ws/build/e116/prefix_override:/usr/lib/python3/dist-packages/colcon_core/task/python/colcon_distutils_commands:/home/team100/roboracer_116_lehigh/team_ws/install/e116/lib/python3.10/site-packages:${PYTHONPATH} /usr/bin/python3 -W ignore:setup.py install is deprecated -W ignore:easy_install command is deprecated setup.py egg_info --egg-base ../../build/e116 build --build-base /home/team100/roboracer_116_lehigh/team_ws/build/e116/build install --record /home/team100/roboracer_116_lehigh/team_ws/build/e116/install.log --single-version-externally-managed install_data
[3.074s] running egg_info
[3.074s] writing ../../build/e116/e116.egg-info/PKG-INFO
[3.075s] writing dependency_links to ../../build/e116/e116.egg-info/dependency_links.txt
[3.076s] writing entry points to ../../build/e116/e116.egg-info/entry_points.txt
[3.076s] writing requirements to ../../build/e116/e116.egg-info/requires.txt
[3.076s] writing top-level names to ../../build/e116/e116.egg-info/top_level.txt
[3.081s] reading manifest file '../../build/e116/e116.egg-info/SOURCES.txt'
[3.084s] writing manifest file '../../build/e116/e116.egg-info/SOURCES.txt'
[3.084s] running build
[3.084s] running build_py
[3.087s] copying e116/gap_follow.py -> /home/team100/roboracer_116_lehigh/team_ws/build/e116/build/lib/e116
[3.088s] running install
[3.089s] running install_lib
[3.095s] copying /home/team100/roboracer_116_lehigh/team_ws/build/e116/build/lib/e116/gap_follow.py -> /home/team100/roboracer_116_lehigh/team_ws/install/e116/lib/python3.10/site-packages/e116
[3.096s] byte-compiling /home/team100/roboracer_116_lehigh/team_ws/install/e116/lib/python3.10/site-packages/e116/gap_follow.py to gap_follow.cpython-310.pyc
[3.099s] running install_data
[3.099s] running install_egg_info
[3.104s] removing '/home/team100/roboracer_116_lehigh/team_ws/install/e116/lib/python3.10/site-packages/e116-0.0.0-py3.10.egg-info' (and everything under it)
[3.104s] Copying ../../build/e116/e116.egg-info to /home/team100/roboracer_116_lehigh/team_ws/install/e116/lib/python3.10/site-packages/e116-0.0.0-py3.10.egg-info
[3.110s] running install_scripts
[3.156s] Installing e116_OLED script to /home/team100/roboracer_116_lehigh/team_ws/install/e116/lib/e116
[3.156s] Installing e116_racecar script to /home/team100/roboracer_116_lehigh/team_ws/install/e116/lib/e116
[3.157s] Installing gap_follow script to /home/team100/roboracer_116_lehigh/team_ws/install/e116/lib/e116
[3.157s] Installing keyJoy script to /home/team100/roboracer_116_lehigh/team_ws/install/e116/lib/e116
[3.158s] Installing keyJoyTerminal script to /home/team100/roboracer_116_lehigh/team_ws/install/e116/lib/e116
[3.159s] writing list of installed files to '/home/team100/roboracer_116_lehigh/team_ws/build/e116/install.log'
[3.235s] Invoked command in '/home/team100/roboracer_116_lehigh/team_ws/src/e116' returned '0': PYTHONPATH=/home/team100/roboracer_116_lehigh/team_ws/build/e116/prefix_override:/usr/lib/python3/dist-packages/colcon_core/task/python/colcon_distutils_commands:/home/team100/roboracer_116_lehigh/team_ws/install/e116/lib/python3.10/site-packages:${PYTHONPATH} /usr/bin/python3 -W ignore:setup.py install is deprecated -W ignore:easy_install command is deprecated setup.py egg_info --egg-base ../../build/e116 build --build-base /home/team100/roboracer_116_lehigh/team_ws/build/e116/build install --record /home/team100/roboracer_116_lehigh/team_ws/build/e116/install.log --single-version-externally-managed install_data
