/home/team100/team_ws/install/e116/lib/python3.10/site-packages/e116/__init__.py
/home/team100/team_ws/install/e116/lib/python3.10/site-packages/e116/keyJoy.py
/home/team100/team_ws/install/e116/lib/python3.10/site-packages/e116/e116_OLED.py
/home/team100/team_ws/install/e116/lib/python3.10/site-packages/e116/gap_follow.py
/home/team100/team_ws/install/e116/lib/python3.10/site-packages/e116/keyJoyTerminal.py
/home/team100/team_ws/install/e116/lib/python3.10/site-packages/e116/e116_racecar.py
/home/team100/team_ws/install/e116/lib/python3.10/site-packages/e116/__pycache__/__init__.cpython-310.pyc
/home/team100/team_ws/install/e116/lib/python3.10/site-packages/e116/__pycache__/keyJoy.cpython-310.pyc
/home/team100/team_ws/install/e116/lib/python3.10/site-packages/e116/__pycache__/e116_OLED.cpython-310.pyc
/home/team100/team_ws/install/e116/lib/python3.10/site-packages/e116/__pycache__/gap_follow.cpython-310.pyc
/home/team100/team_ws/install/e116/lib/python3.10/site-packages/e116/__pycache__/keyJoyTerminal.cpython-310.pyc
/home/team100/team_ws/install/e116/lib/python3.10/site-packages/e116/__pycache__/e116_racecar.cpython-310.pyc
/home/team100/team_ws/install/e116/share/ament_index/resource_index/packages/e116
/home/team100/team_ws/install/e116/share/e116/package.xml
/home/team100/team_ws/install/e116/share/e116/launch/teleop.launch.py
/home/team100/team_ws/install/e116/share/e116/launch/e116race.launch.py
/home/team100/team_ws/install/e116/share/e116/config/e116.yaml
/home/team100/team_ws/install/e116/lib/python3.10/site-packages/e116-0.0.0-py3.10.egg-info/zip-safe
/home/team100/team_ws/install/e116/lib/python3.10/site-packages/e116-0.0.0-py3.10.egg-info/top_level.txt
/home/team100/team_ws/install/e116/lib/python3.10/site-packages/e116-0.0.0-py3.10.egg-info/entry_points.txt
/home/team100/team_ws/install/e116/lib/python3.10/site-packages/e116-0.0.0-py3.10.egg-info/dependency_links.txt
/home/team100/team_ws/install/e116/lib/python3.10/site-packages/e116-0.0.0-py3.10.egg-info/SOURCES.txt
/home/team100/team_ws/install/e116/lib/python3.10/site-packages/e116-0.0.0-py3.10.egg-info/PKG-INFO
/home/team100/team_ws/install/e116/lib/python3.10/site-packages/e116-0.0.0-py3.10.egg-info/requires.txt
/home/team100/team_ws/install/e116/lib/e116/e116_OLED
/home/team100/team_ws/install/e116/lib/e116/e116_racecar
/home/team100/team_ws/install/e116/lib/e116/gap_follow
/home/team100/team_ws/install/e116/lib/e116/keyJoy
