[1.434s] Invoking command in '/home/team100/team_ws/build/e116': PYTHONPATH=/home/team100/team_ws/build/e116/prefix_override:/usr/lib/python3/dist-packages/colcon_core/task/python/colcon_distutils_commands:/home/team100/team_ws/install/e116/lib/python3.10/site-packages:${PYTHONPATH} /usr/bin/python3 -W ignore:setup.py install is deprecated -W ignore:easy_install command is deprecated setup.py develop --editable --build-directory /home/team100/team_ws/build/e116/build --no-deps symlink_data
[2.052s] running develop
[2.438s] running egg_info
[2.439s] creating e116.egg-info
[2.439s] writing e116.egg-info/PKG-INFO
[2.440s] writing dependency_links to e116.egg-info/dependency_links.txt
[2.440s] writing entry points to e116.egg-info/entry_points.txt
[2.441s] writing requirements to e116.egg-info/requires.txt
[2.441s] writing top-level names to e116.egg-info/top_level.txt
[2.442s] writing manifest file 'e116.egg-info/SOURCES.txt'
[2.446s] reading manifest file 'e116.egg-info/SOURCES.txt'
[2.447s] writing manifest file 'e116.egg-info/SOURCES.txt'
[2.451s] running build_ext
[2.452s] Creating /home/team100/team_ws/install/e116/lib/python3.10/site-packages/e116.egg-link (link to .)
[2.454s] Installing e116_racecar script to /home/team100/team_ws/install/e116/lib/e116
[2.454s] Installing keyJoy script to /home/team100/team_ws/install/e116/lib/e116
[2.455s] Installing keyJoyTerminal script to /home/team100/team_ws/install/e116/lib/e116
[2.456s] 
[2.456s] Installed /home/team100/team_ws/build/e116
[2.456s] running symlink_data
[2.456s] creating /home/team100/team_ws/install/e116/share/ament_index
[2.456s] creating /home/team100/team_ws/install/e116/share/ament_index/resource_index
[2.456s] creating /home/team100/team_ws/install/e116/share/ament_index/resource_index/packages
[2.457s] symbolically linking /home/team100/team_ws/build/e116/resource/e116 -> /home/team100/team_ws/install/e116/share/ament_index/resource_index/packages
[2.457s] symbolically linking /home/team100/team_ws/build/e116/package.xml -> /home/team100/team_ws/install/e116/share/e116
[2.457s] creating /home/team100/team_ws/install/e116/share/e116/launch
[2.457s] symbolically linking /home/team100/team_ws/build/e116/launch/teleop.launch.py -> /home/team100/team_ws/install/e116/share/e116/launch
[2.457s] symbolically linking /home/team100/team_ws/build/e116/launch/teleop_terminal.launch.py -> /home/team100/team_ws/install/e116/share/e116/launch
[2.458s] creating /home/team100/team_ws/install/e116/share/e116/config
[2.458s] symbolically linking /home/team100/team_ws/build/e116/config/e116.yaml -> /home/team100/team_ws/install/e116/share/e116/config
[2.557s] Invoked command in '/home/team100/team_ws/build/e116' returned '0': PYTHONPATH=/home/team100/team_ws/build/e116/prefix_override:/usr/lib/python3/dist-packages/colcon_core/task/python/colcon_distutils_commands:/home/team100/team_ws/install/e116/lib/python3.10/site-packages:${PYTHONPATH} /usr/bin/python3 -W ignore:setup.py install is deprecated -W ignore:easy_install command is deprecated setup.py develop --editable --build-directory /home/team100/team_ws/build/e116/build --no-deps symlink_data
