[2.059s] Invoking command in '/home/team100/team_ws/src/e116': PYTHONPATH=/home/team100/team_ws/src/build/e116/prefix_override:/usr/lib/python3/dist-packages/colcon_core/task/python/colcon_distutils_commands:/home/team100/team_ws/src/install/e116/lib/python3.10/site-packages:${PYTHONPATH} /usr/bin/python3 -W ignore:setup.py install is deprecated -W ignore:easy_install command is deprecated setup.py egg_info --egg-base ../build/e116 build --build-base /home/team100/team_ws/src/build/e116/build install --record /home/team100/team_ws/src/build/e116/install.log --single-version-externally-managed install_data
[2.608s] running egg_info
[2.609s] creating ../build/e116/e116.egg-info
[2.609s] writing ../build/e116/e116.egg-info/PKG-INFO
[2.610s] writing dependency_links to ../build/e116/e116.egg-info/dependency_links.txt
[2.610s] writing entry points to ../build/e116/e116.egg-info/entry_points.txt
[2.610s] writing requirements to ../build/e116/e116.egg-info/requires.txt
[2.611s] writing top-level names to ../build/e116/e116.egg-info/top_level.txt
[2.611s] writing manifest file '../build/e116/e116.egg-info/SOURCES.txt'
[2.617s] reading manifest file '../build/e116/e116.egg-info/SOURCES.txt'
[2.619s] writing manifest file '../build/e116/e116.egg-info/SOURCES.txt'
[2.619s] running build
[2.619s] running build_py
[2.619s] creating /home/team100/team_ws/src/build/e116/build
[2.620s] creating /home/team100/team_ws/src/build/e116/build/lib
[2.620s] creating /home/team100/team_ws/src/build/e116/build/lib/e116
[2.620s] copying e116/__init__.py -> /home/team100/team_ws/src/build/e116/build/lib/e116
[2.620s] copying e116/keyJoy.py -> /home/team100/team_ws/src/build/e116/build/lib/e116
[2.621s] copying e116/e116_racecar.py -> /home/team100/team_ws/src/build/e116/build/lib/e116
[2.622s] running install
[2.622s] running install_lib
[2.624s] creating /home/team100/team_ws/src/install/e116/lib/python3.10/site-packages/e116
[2.624s] copying /home/team100/team_ws/src/build/e116/build/lib/e116/__init__.py -> /home/team100/team_ws/src/install/e116/lib/python3.10/site-packages/e116
[2.624s] copying /home/team100/team_ws/src/build/e116/build/lib/e116/keyJoy.py -> /home/team100/team_ws/src/install/e116/lib/python3.10/site-packages/e116
[2.625s] copying /home/team100/team_ws/src/build/e116/build/lib/e116/e116_racecar.py -> /home/team100/team_ws/src/install/e116/lib/python3.10/site-packages/e116
[2.628s] byte-compiling /home/team100/team_ws/src/install/e116/lib/python3.10/site-packages/e116/__init__.py to __init__.cpython-310.pyc
[2.629s] byte-compiling /home/team100/team_ws/src/install/e116/lib/python3.10/site-packages/e116/keyJoy.py to keyJoy.cpython-310.pyc
[2.630s] byte-compiling /home/team100/team_ws/src/install/e116/lib/python3.10/site-packages/e116/e116_racecar.py to e116_racecar.cpython-310.pyc
[2.632s] running install_data
[2.632s] creating /home/team100/team_ws/src/install/e116/share/ament_index
[2.633s] creating /home/team100/team_ws/src/install/e116/share/ament_index/resource_index
[2.633s] creating /home/team100/team_ws/src/install/e116/share/ament_index/resource_index/packages
[2.633s] copying resource/e116 -> /home/team100/team_ws/src/install/e116/share/ament_index/resource_index/packages
[2.633s] copying package.xml -> /home/team100/team_ws/src/install/e116/share/e116
[2.633s] creating /home/team100/team_ws/src/install/e116/share/e116/launch
[2.634s] copying launch/teleop.launch.py -> /home/team100/team_ws/src/install/e116/share/e116/launch
[2.653s] creating /home/team100/team_ws/src/install/e116/share/e116/config
[2.654s] copying config/e116.yaml -> /home/team100/team_ws/src/install/e116/share/e116/config
[2.654s] running install_egg_info
[2.658s] Copying ../build/e116/e116.egg-info to /home/team100/team_ws/src/install/e116/lib/python3.10/site-packages/e116-0.0.1-py3.10.egg-info
[2.660s] running install_scripts
[2.704s] Installing e116_racecar script to /home/team100/team_ws/src/install/e116/lib/e116
[2.705s] Installing keyJoy script to /home/team100/team_ws/src/install/e116/lib/e116
[2.705s] writing list of installed files to '/home/team100/team_ws/src/build/e116/install.log'
[2.773s] Invoked command in '/home/team100/team_ws/src/e116' returned '0': PYTHONPATH=/home/team100/team_ws/src/build/e116/prefix_override:/usr/lib/python3/dist-packages/colcon_core/task/python/colcon_distutils_commands:/home/team100/team_ws/src/install/e116/lib/python3.10/site-packages:${PYTHONPATH} /usr/bin/python3 -W ignore:setup.py install is deprecated -W ignore:easy_install command is deprecated setup.py egg_info --egg-base ../build/e116 build --build-base /home/team100/team_ws/src/build/e116/build install --record /home/team100/team_ws/src/build/e116/install.log --single-version-externally-managed install_data
