[0.030s] Invoking command in '/home/team100/team_ws/build/apriltag_ros': CMAKE_PREFIX_PATH=/home/team100/team_ws/install/apriltag_msgs:/home/team100/team_ws/install/apriltag:/home/team100/team_ws/install/apriltag_ros:/home/team100/team_ws/install/e116:/opt/ros/humble LD_LIBRARY_PATH=/home/team100/team_ws/install/apriltag_msgs/lib:/home/team100/team_ws/install/apriltag/lib:/home/team100/team_ws/install/apriltag_ros/lib:/opt/ros/humble/opt/rviz_ogre_vendor/lib:/opt/ros/humble/lib/aarch64-linux-gnu:/opt/ros/humble/lib PYTHONPATH=/home/team100/team_ws/install/apriltag/lib/python3.10/site-packages:/home/team100/team_ws/install/e116/lib/python3.10/site-packages:/home/team100/team_ws/install/apriltag_msgs/local/lib/python3.10/dist-packages:/opt/ros/humble/lib/python3.10/site-packages:/opt/ros/humble/local/lib/python3.10/dist-packages /usr/bin/cmake --build /home/team100/team_ws/build/apriltag_ros -- -j6 -l6
[0.175s] [ 20%] Built target conversion
[0.178s] [ 40%] Built target tags
[0.186s] [ 60%] Built target apriltag_node
[0.242s] [ 80%] Built target pose_estimation
[0.307s] [100%] Built target AprilTagNode
[0.335s] Invoked command in '/home/team100/team_ws/build/apriltag_ros' returned '0': CMAKE_PREFIX_PATH=/home/team100/team_ws/install/apriltag_msgs:/home/team100/team_ws/install/apriltag:/home/team100/team_ws/install/apriltag_ros:/home/team100/team_ws/install/e116:/opt/ros/humble LD_LIBRARY_PATH=/home/team100/team_ws/install/apriltag_msgs/lib:/home/team100/team_ws/install/apriltag/lib:/home/team100/team_ws/install/apriltag_ros/lib:/opt/ros/humble/opt/rviz_ogre_vendor/lib:/opt/ros/humble/lib/aarch64-linux-gnu:/opt/ros/humble/lib PYTHONPATH=/home/team100/team_ws/install/apriltag/lib/python3.10/site-packages:/home/team100/team_ws/install/e116/lib/python3.10/site-packages:/home/team100/team_ws/install/apriltag_msgs/local/lib/python3.10/dist-packages:/opt/ros/humble/lib/python3.10/site-packages:/opt/ros/humble/local/lib/python3.10/dist-packages /usr/bin/cmake --build /home/team100/team_ws/build/apriltag_ros -- -j6 -l6
[0.336s] Invoking command in '/home/team100/team_ws/build/apriltag_ros': CMAKE_PREFIX_PATH=/home/team100/team_ws/install/apriltag_msgs:/home/team100/team_ws/install/apriltag:/home/team100/team_ws/install/apriltag_ros:/home/team100/team_ws/install/e116:/opt/ros/humble LD_LIBRARY_PATH=/home/team100/team_ws/install/apriltag_msgs/lib:/home/team100/team_ws/install/apriltag/lib:/home/team100/team_ws/install/apriltag_ros/lib:/opt/ros/humble/opt/rviz_ogre_vendor/lib:/opt/ros/humble/lib/aarch64-linux-gnu:/opt/ros/humble/lib PYTHONPATH=/home/team100/team_ws/install/apriltag/lib/python3.10/site-packages:/home/team100/team_ws/install/e116/lib/python3.10/site-packages:/home/team100/team_ws/install/apriltag_msgs/local/lib/python3.10/dist-packages:/opt/ros/humble/lib/python3.10/site-packages:/opt/ros/humble/local/lib/python3.10/dist-packages /usr/bin/cmake --install /home/team100/team_ws/build/apriltag_ros
[0.355s] -- Install configuration: ""
[0.357s] -- Execute custom install script
[0.358s] -- Up-to-date symlink: /home/team100/team_ws/install/apriltag_ros/lib/apriltag_ros/apriltag_node
[0.359s] -- Up-to-date symlink: /home/team100/team_ws/install/apriltag_ros/share/apriltag_ros/environment/library_path.sh
[0.360s] -- Up-to-date symlink: /home/team100/team_ws/install/apriltag_ros/share/apriltag_ros/environment/library_path.dsv
[0.361s] -- Up-to-date symlink: /home/team100/team_ws/install/apriltag_ros/lib/libAprilTagNode.so
[0.362s] -- Up-to-date symlink: /home/team100/team_ws/install/apriltag_ros/share/apriltag_ros/cfg/tags_36h11.yaml
[0.364s] -- Up-to-date symlink: /home/team100/team_ws/install/apriltag_ros/share/apriltag_ros/launch/camera_36h11.launch.yml
[0.364s] -- Up-to-date symlink: /home/team100/team_ws/install/apriltag_ros/share/apriltag_ros/launch/rs2camera_tag.launch.yml
[0.366s] -- Up-to-date symlink: /home/team100/team_ws/install/apriltag_ros/share/ament_index/resource_index/package_run_dependencies/apriltag_ros
[0.367s] -- Up-to-date symlink: /home/team100/team_ws/install/apriltag_ros/share/ament_index/resource_index/parent_prefix_path/apriltag_ros
[0.368s] -- Up-to-date symlink: /home/team100/team_ws/install/apriltag_ros/share/apriltag_ros/environment/ament_prefix_path.sh
[0.369s] -- Up-to-date symlink: /home/team100/team_ws/install/apriltag_ros/share/apriltag_ros/environment/ament_prefix_path.dsv
[0.370s] -- Up-to-date symlink: /home/team100/team_ws/install/apriltag_ros/share/apriltag_ros/environment/path.sh
[0.371s] -- Up-to-date symlink: /home/team100/team_ws/install/apriltag_ros/share/apriltag_ros/environment/path.dsv
[0.372s] -- Up-to-date symlink: /home/team100/team_ws/install/apriltag_ros/share/apriltag_ros/local_setup.bash
[0.373s] -- Up-to-date symlink: /home/team100/team_ws/install/apriltag_ros/share/apriltag_ros/local_setup.sh
[0.374s] -- Up-to-date symlink: /home/team100/team_ws/install/apriltag_ros/share/apriltag_ros/local_setup.zsh
[0.375s] -- Up-to-date symlink: /home/team100/team_ws/install/apriltag_ros/share/apriltag_ros/local_setup.dsv
[0.375s] -- Symlinking: /home/team100/team_ws/install/apriltag_ros/share/apriltag_ros/package.dsv
[0.404s] -- Up-to-date symlink: /home/team100/team_ws/install/apriltag_ros/share/ament_index/resource_index/packages/apriltag_ros
[0.404s] -- Up-to-date symlink: /home/team100/team_ws/install/apriltag_ros/share/ament_index/resource_index/rclcpp_components/apriltag_ros
[0.405s] -- Up-to-date symlink: /home/team100/team_ws/install/apriltag_ros/share/apriltag_ros/cmake/apriltag_rosConfig.cmake
[0.405s] -- Up-to-date symlink: /home/team100/team_ws/install/apriltag_ros/share/apriltag_ros/cmake/apriltag_rosConfig-version.cmake
[0.408s] -- Up-to-date symlink: /home/team100/team_ws/install/apriltag_ros/share/apriltag_ros/package.xml
[0.418s] Invoked command in '/home/team100/team_ws/build/apriltag_ros' returned '0': CMAKE_PREFIX_PATH=/home/team100/team_ws/install/apriltag_msgs:/home/team100/team_ws/install/apriltag:/home/team100/team_ws/install/apriltag_ros:/home/team100/team_ws/install/e116:/opt/ros/humble LD_LIBRARY_PATH=/home/team100/team_ws/install/apriltag_msgs/lib:/home/team100/team_ws/install/apriltag/lib:/home/team100/team_ws/install/apriltag_ros/lib:/opt/ros/humble/opt/rviz_ogre_vendor/lib:/opt/ros/humble/lib/aarch64-linux-gnu:/opt/ros/humble/lib PYTHONPATH=/home/team100/team_ws/install/apriltag/lib/python3.10/site-packages:/home/team100/team_ws/install/e116/lib/python3.10/site-packages:/home/team100/team_ws/install/apriltag_msgs/local/lib/python3.10/dist-packages:/opt/ros/humble/lib/python3.10/site-packages:/opt/ros/humble/local/lib/python3.10/dist-packages /usr/bin/cmake --install /home/team100/team_ws/build/apriltag_ros
